#
# There is insufficient memory for the Java Runtime Environment to continue.
# Native memory allocation (malloc) failed to allocate 354944 bytes for Chunk::new
# Possible reasons:
#   The system is out of physical RAM or swap space
#   The process is running with CompressedOops enabled, and the Java Heap may be blocking the growth of the native heap
# Possible solutions:
#   Reduce memory load on the system
#   Increase physical memory or swap space
#   Check if swap backing store is full
#   Decrease Java heap size (-Xmx/-Xms)
#   Decrease number of Java threads
#   Decrease Java thread stack sizes (-Xss)
#   Set larger code cache with -XX:ReservedCodeCacheSize=
#   JVM is running with Unscaled Compressed Oops mode in which the Java heap is
#     placed in the first 4GB address space. The Java Heap base address is the
#     maximum limit for the native heap growth. Please use -XX:HeapBaseMinAddress
#     to set the Java Heap base and to place the Java Heap above 4GB virtual address.
# This output file may be truncated or incomplete.
#
#  Out of Memory Error (allocation.cpp:389), pid=9992, tid=0x0000000000001134
#
# JRE version: OpenJDK Runtime Environment (8.0_212-b04) (build 1.8.0_212-release-1586-b04)
# Java VM: OpenJDK 64-Bit Server VM (25.212-b04 mixed mode windows-amd64 compressed oops)
# Failed to write core dump. Minidumps are not enabled by default on client versions of Windows
#

---------------  T H R E A D  ---------------

Current thread (0x000000001632d800):  JavaThread "C2 CompilerThread1" daemon [_thread_in_native, id=4404, stack(0x0000000017a80000,0x0000000017b80000)]

Stack: [0x0000000017a80000,0x0000000017b80000]
[error occurred during error reporting (printing stack bounds), id 0xc0000005]

Native frames: (J=compiled Java code, j=interpreted, Vv=VM code, C=native code)


Current CompileTask:
C2: 837697 18901   !   4       com.sun.tools.javac.file.JavacFileManager::listContainer (94 bytes)


---------------  P R O C E S S  ---------------

Java Threads: ( => current thread )
  0x000000001c666000 JavaThread "Cache worker for Java compile cache (C:\Users\basker\Desktop\supermarket\.gradle\5.6.4\javaCompile)" [_thread_blocked, id=804, stack(0x0000000031840000,0x0000000031940000)]
  0x000000001c669000 JavaThread "WorkerExecutor Queue Thread 5" [_thread_blocked, id=10528, stack(0x0000000031740000,0x0000000031840000)]
  0x000000001c66c000 JavaThread "WorkerExecutor Queue Thread 4" [_thread_blocked, id=10652, stack(0x0000000031640000,0x0000000031740000)]
  0x000000001c66b800 JavaThread "stdout" [_thread_in_native, id=8236, stack(0x0000000031540000,0x0000000031640000)]
  0x000000001c66d000 JavaThread "stderr" [_thread_in_native, id=11148, stack(0x0000000031440000,0x0000000031540000)]
  0x000000001c66a800 JavaThread "stdout" [_thread_in_native, id=2880, stack(0x0000000031340000,0x0000000031440000)]
  0x000000001c668800 JavaThread "stderr" [_thread_in_native, id=10352, stack(0x0000000031240000,0x0000000031340000)]
  0x000000001c661000 JavaThread "stdout" [_thread_in_native, id=9736, stack(0x0000000031140000,0x0000000031240000)]
  0x000000001c667800 JavaThread "stderr" [_thread_in_native, id=9580, stack(0x0000000031040000,0x0000000031140000)]
  0x000000001c665800 JavaThread "pool-9-thread-1" [_thread_blocked, id=188, stack(0x0000000030e40000,0x0000000030f40000)]
  0x000000001c65e000 JavaThread "WorkerExecutor Queue Thread 2" [_thread_blocked, id=572, stack(0x0000000030d40000,0x0000000030e40000)]
  0x000000001c664800 JavaThread "Cache worker for execution history cache (C:\Users\basker\Desktop\supermarket\.gradle\5.6.4\executionHistory)" [_thread_blocked, id=5384, stack(0x0000000030b40000,0x0000000030c40000)]
  0x000000001c65f800 JavaThread "Execution worker for ':' Thread 3" [_thread_blocked, id=5500, stack(0x0000000030a40000,0x0000000030b40000)]
  0x000000001c662800 JavaThread "Execution worker for ':' Thread 2" [_thread_blocked, id=6016, stack(0x0000000030940000,0x0000000030a40000)]
  0x000000001c65e800 JavaThread "Execution worker for ':'" [_thread_in_native, id=9628, stack(0x0000000030840000,0x0000000030940000)]
  0x000000001c660000 JavaThread "Cache worker for file content cache (C:\Users\basker\Desktop\supermarket\.gradle\5.6.4\fileContent)" [_thread_blocked, id=1812, stack(0x0000000030740000,0x0000000030840000)]
  0x000000001c663000 JavaThread "Cache worker for Build Output Cleanup Cache (C:\Users\basker\Desktop\supermarket\.gradle\buildOutputCleanup)" [_thread_blocked, id=5644, stack(0x0000000030640000,0x0000000030740000)]
  0x000000001ec34000 JavaThread "Build operations Thread 4" [_thread_blocked, id=3220, stack(0x0000000030540000,0x0000000030640000)]
  0x000000001ec33800 JavaThread "Build operations Thread 3" [_thread_blocked, id=1884, stack(0x0000000030440000,0x0000000030540000)]
  0x000000001ec32000 JavaThread "Build operations Thread 2" [_thread_blocked, id=10856, stack(0x0000000030340000,0x0000000030440000)]
  0x000000001ec31000 JavaThread "Build operations" [_thread_blocked, id=9832, stack(0x0000000030240000,0x0000000030340000)]
  0x000000001ec32800 JavaThread "Cache worker for cache directory md-rule (C:\Users\basker\.gradle\caches\5.6.4\md-rule)" [_thread_blocked, id=9348, stack(0x0000000030140000,0x0000000030240000)]
  0x000000001ec2f800 JavaThread "Cache worker for cache directory md-supplier (C:\Users\basker\.gradle\caches\5.6.4\md-supplier)" [_thread_blocked, id=3156, stack(0x0000000030040000,0x0000000030140000)]
  0x000000001ec30800 JavaThread "Cache worker for file hash cache (C:\Users\basker\Desktop\supermarket\.gradle\5.6.4\fileHashes)" [_thread_blocked, id=5868, stack(0x000000002ff40000,0x0000000030040000)]
  0x000000001ec28800 JavaThread "Thread-84" [_thread_blocked, id=3200, stack(0x000000002fe40000,0x000000002ff40000)]
  0x000000001ec27000 JavaThread "Stdin handler" [_thread_blocked, id=6952, stack(0x000000002fd40000,0x000000002fe40000)]
  0x000000001ec2d000 JavaThread "Asynchronous log dispatcher for DefaultDaemonConnection: socket connection from /127.0.0.1:52232 to /127.0.0.1:52285" [_thread_blocked, id=8188, stack(0x000000002fc40000,0x000000002fd40000)]
  0x000000001ec25800 JavaThread "Daemon worker Thread 4" [_thread_blocked, id=7812, stack(0x000000002fb40000,0x000000002fc40000)]
  0x000000001ec26800 JavaThread "Cancel handler" [_thread_blocked, id=9904, stack(0x000000002fa40000,0x000000002fb40000)]
  0x000000001ec2c800 JavaThread "Handler for socket connection from /127.0.0.1:52232 to /127.0.0.1:52285" [_thread_in_native, id=9072, stack(0x000000002f940000,0x000000002fa40000)]
  0x000000001ec25000 JavaThread "Daemon Thread 4" [_thread_blocked, id=10156, stack(0x000000002f840000,0x000000002f940000)]
  0x000000001ec28000 JavaThread "Cache worker for Java compile cache (C:\Users\basker\.gradle\caches\5.6.4\javaCompile)" [_thread_blocked, id=2780, stack(0x00000000296d0000,0x00000000297d0000)]
  0x000000001d4c5800 JavaThread "Cache worker for file content cache (C:\Users\basker\.gradle\caches\5.6.4\fileContent)" [_thread_blocked, id=9424, stack(0x00000000234c0000,0x00000000235c0000)]
  0x000000001d4c0000 JavaThread "Memory manager" [_thread_blocked, id=532, stack(0x00000000233c0000,0x00000000234c0000)]
  0x0000000019ea3800 JavaThread "Cache worker for execution history cache (C:\Users\basker\.gradle\caches\5.6.4\executionHistory)" [_thread_blocked, id=8508, stack(0x0000000020190000,0x0000000020290000)]
  0x0000000019e9d800 JavaThread "Cache worker for journal cache (C:\Users\basker\.gradle\caches\journal-1)" [_thread_blocked, id=1168, stack(0x000000001c0a0000,0x000000001c1a0000)]
  0x0000000019ea4800 JavaThread "File lock request listener" [_thread_in_native, id=10144, stack(0x000000001bfa0000,0x000000001c0a0000)]
  0x0000000019df4000 JavaThread "Cache worker for file hash cache (C:\Users\basker\.gradle\caches\5.6.4\fileHashes)" [_thread_blocked, id=8584, stack(0x000000001bca0000,0x000000001bda0000)]
  0x0000000019d33000 JavaThread "Daemon periodic checks" [_thread_blocked, id=7632, stack(0x000000001b2a0000,0x000000001b3a0000)]
  0x0000000019d2b800 JavaThread "Incoming local TCP Connector on port 52232" [_thread_in_native, id=4788, stack(0x000000001b060000,0x000000001b160000)]
  0x0000000019bf1000 JavaThread "Daemon health stats" [_thread_blocked, id=11180, stack(0x000000001aa20000,0x000000001ab20000)]
  0x0000000017ca1800 JavaThread "Service Thread" daemon [_thread_blocked, id=3964, stack(0x0000000018080000,0x0000000018180000)]
  0x0000000016333800 JavaThread "C1 CompilerThread2" daemon [_thread_blocked, id=6460, stack(0x0000000017b80000,0x0000000017c80000)]
=>0x000000001632d800 JavaThread "C2 CompilerThread1" daemon [_thread_in_native, id=4404, stack(0x0000000017a80000,0x0000000017b80000)]
  0x000000001632a000 JavaThread "C2 CompilerThread0" daemon [_thread_in_native, id=8956, stack(0x0000000017980000,0x0000000017a80000)]
  0x0000000016338000 JavaThread "Attach Listener" daemon [_thread_blocked, id=9268, stack(0x0000000017880000,0x0000000017980000)]
  0x0000000016336800 JavaThread "Signal Dispatcher" daemon [_thread_blocked, id=10932, stack(0x0000000017780000,0x0000000017880000)]
  0x00000000028dd000 JavaThread "Finalizer" daemon [_thread_blocked, id=2848, stack(0x0000000017580000,0x0000000017680000)]
  0x0000000016319000 JavaThread "Reference Handler" daemon [_thread_blocked, id=9528, stack(0x0000000017480000,0x0000000017580000)]
  0x00000000029be000 JavaThread "main" [_thread_blocked, id=10340, stack(0x0000000002660000,0x0000000002760000)]

Other Threads:
  0x00000000162f6800 VMThread [stack: 0x0000000017380000,0x0000000017480000] [id=7328]
  0x0000000017ca3000 WatcherThread [stack: 0x0000000018180000,0x0000000018280000] [id=2944]

VM state:not at safepoint (normal execution)

VM Mutex/Monitor currently owned by a thread: None

heap address: 0x00000000a0000000, size: 1536 MB, Compressed Oops mode: 32-bit
Narrow klass base: 0x0000000000000000, Narrow klass shift: 3
Compressed class space size: 1073741824 Address: 0x0000000100000000

Heap:
 PSYoungGen      total 207360K, used 167736K [0x00000000e0000000, 0x00000000f0b00000, 0x0000000100000000)
  eden space 162304K, 90% used [0x00000000e0000000,0x00000000e8f24fa0,0x00000000e9e80000)
  from space 45056K, 46% used [0x00000000e9e80000,0x00000000eb329060,0x00000000eca80000)
  to   space 43520K, 0% used [0x00000000ee080000,0x00000000ee080000,0x00000000f0b00000)
 ParOldGen       total 160256K, used 101802K [0x00000000a0000000, 0x00000000a9c80000, 0x00000000e0000000)
  object space 160256K, 63% used [0x00000000a0000000,0x00000000a636ab30,0x00000000a9c80000)
 Metaspace       used 90538K, capacity 94338K, committed 94464K, reserved 1130496K
  class space    used 11747K, capacity 12492K, committed 12544K, reserved 1048576K

Card table byte_map: [0x0000000011d80000,0x0000000012090000] byte_map_base: 0x0000000011880000

Marking Bits: (ParMarkBitMap*) 0x000000006c149f30
 Begin Bits: [0x0000000012690000, 0x0000000013e90000)
 End Bits:   [0x0000000013e90000, 0x0000000015690000)

Polling page: 0x0000000000d60000

CodeCache: size=245760Kb used=50902Kb max_used=50902Kb free=194857Kb
 bounds [0x00000000029c0000, 0x0000000005bc0000, 0x00000000119c0000]
 total_blobs=16126 nmethods=15247 adapters=789
 compilation: enabled

Compilation events (10 events):
Event: 837.478 Thread 0x0000000016333800 18925       3       java.util.RegularEnumSet::isEmpty (15 bytes)
Event: 837.478 Thread 0x0000000016333800 nmethod 18925 0x0000000005bab0d0 code [0x0000000005bab220, 0x0000000005bab3d0]
Event: 837.486 Thread 0x0000000016333800 18927   !   3       java.util.EnumSet::clone (18 bytes)
Event: 837.486 Thread 0x0000000016333800 nmethod 18927 0x0000000005bab450 code [0x0000000005bab5e0, 0x0000000005bab938]
Event: 837.489 Thread 0x0000000016333800 18928       3       java.util.EnumSet::copyOf (81 bytes)
Event: 837.490 Thread 0x0000000016333800 nmethod 18928 0x0000000005baba90 code [0x0000000005babce0, 0x0000000005bacbe8]
Event: 837.522 Thread 0x0000000016333800 18929       3       com.sun.tools.javac.comp.Check::checkNonCyclic (8 bytes)
Event: 837.523 Thread 0x0000000016333800 nmethod 18929 0x0000000005bad090 code [0x0000000005bad200, 0x0000000005bad388]
Event: 837.526 Thread 0x0000000016333800 18930       1       com.sun.tools.javac.tree.JCTree$JCClassDecl::getImplementsClause (5 bytes)
Event: 837.527 Thread 0x0000000016333800 nmethod 18930 0x0000000005bad450 code [0x0000000005bad5a0, 0x0000000005bad6b0]

GC Heap History (10 events):
Event: 338.481 GC heap before
{Heap before GC invocations=29 (full 3):
 PSYoungGen      total 161792K, used 158837K [0x00000000e0000000, 0x00000000ed580000, 0x0000000100000000)
  eden space 132608K, 100% used [0x00000000e0000000,0x00000000e8180000,0x00000000e8180000)
  from space 29184K, 89% used [0x00000000e8180000,0x00000000e9b1d758,0x00000000e9e00000)
  to   space 32768K, 0% used [0x00000000eb580000,0x00000000eb580000,0x00000000ed580000)
 ParOldGen       total 84992K, used 60605K [0x00000000a0000000, 0x00000000a5300000, 0x00000000e0000000)
  object space 84992K, 71% used [0x00000000a0000000,0x00000000a3b2f688,0x00000000a5300000)
 Metaspace       used 86068K, capacity 89730K, committed 89856K, reserved 1126400K
  class space    used 11223K, capacity 11974K, committed 12032K, reserved 1048576K
Event: 338.559 GC heap after
Heap after GC invocations=29 (full 3):
 PSYoungGen      total 171520K, used 32747K [0x00000000e0000000, 0x00000000ef800000, 0x0000000100000000)
  eden space 138752K, 0% used [0x00000000e0000000,0x00000000e0000000,0x00000000e8780000)
  from space 32768K, 99% used [0x00000000eb580000,0x00000000ed57aee8,0x00000000ed580000)
  to   space 47104K, 0% used [0x00000000e8780000,0x00000000e8780000,0x00000000eb580000)
 ParOldGen       total 84992K, used 84943K [0x00000000a0000000, 0x00000000a5300000, 0x00000000e0000000)
  object space 84992K, 99% used [0x00000000a0000000,0x00000000a52f3d40,0x00000000a5300000)
 Metaspace       used 86068K, capacity 89730K, committed 89856K, reserved 1126400K
  class space    used 11223K, capacity 11974K, committed 12032K, reserved 1048576K
}
Event: 338.559 GC heap before
{Heap before GC invocations=30 (full 4):
 PSYoungGen      total 171520K, used 32747K [0x00000000e0000000, 0x00000000ef800000, 0x0000000100000000)
  eden space 138752K, 0% used [0x00000000e0000000,0x00000000e0000000,0x00000000e8780000)
  from space 32768K, 99% used [0x00000000eb580000,0x00000000ed57aee8,0x00000000ed580000)
  to   space 47104K, 0% used [0x00000000e8780000,0x00000000e8780000,0x00000000eb580000)
 ParOldGen       total 84992K, used 84943K [0x00000000a0000000, 0x00000000a5300000, 0x00000000e0000000)
  object space 84992K, 99% used [0x00000000a0000000,0x00000000a52f3d40,0x00000000a5300000)
 Metaspace       used 86068K, capacity 89730K, committed 89856K, reserved 1126400K
  class space    used 11223K, capacity 11974K, committed 12032K, reserved 1048576K
Event: 339.243 GC heap after
Heap after GC invocations=30 (full 4):
 PSYoungGen      total 171520K, used 13275K [0x00000000e0000000, 0x00000000ef800000, 0x0000000100000000)
  eden space 138752K, 0% used [0x00000000e0000000,0x00000000e0000000,0x00000000e8780000)
  from space 32768K, 40% used [0x00000000eb580000,0x00000000ec276df0,0x00000000ed580000)
  to   space 47104K, 0% used [0x00000000e8780000,0x00000000e8780000,0x00000000eb580000)
 ParOldGen       total 160256K, used 84816K [0x00000000a0000000, 0x00000000a9c80000, 0x00000000e0000000)
  object space 160256K, 52% used [0x00000000a0000000,0x00000000a52d4380,0x00000000a9c80000)
 Metaspace       used 85825K, capacity 89082K, committed 89856K, reserved 1126400K
  class space    used 11140K, capacity 11828K, committed 12032K, reserved 1048576K
}
Event: 508.866 GC heap before
{Heap before GC invocations=31 (full 4):
 PSYoungGen      total 171520K, used 152027K [0x00000000e0000000, 0x00000000ef800000, 0x0000000100000000)
  eden space 138752K, 100% used [0x00000000e0000000,0x00000000e8780000,0x00000000e8780000)
  from space 32768K, 40% used [0x00000000eb580000,0x00000000ec276df0,0x00000000ed580000)
  to   space 47104K, 0% used [0x00000000e8780000,0x00000000e8780000,0x00000000eb580000)
 ParOldGen       total 160256K, used 84816K [0x00000000a0000000, 0x00000000a9c80000, 0x00000000e0000000)
  object space 160256K, 52% used [0x00000000a0000000,0x00000000a52d4380,0x00000000a9c80000)
 Metaspace       used 89125K, capacity 92730K, committed 92800K, reserved 1130496K
  class space    used 11634K, capacity 12358K, committed 12416K, reserved 1048576K
Event: 508.923 GC heap after
Heap after GC invocations=31 (full 4):
 PSYoungGen      total 185856K, used 28014K [0x00000000e0000000, 0x00000000efd80000, 0x0000000100000000)
  eden space 138752K, 0% used [0x00000000e0000000,0x00000000e0000000,0x00000000e8780000)
  from space 47104K, 59% used [0x00000000e8780000,0x00000000ea2db9b8,0x00000000eb580000)
  to   space 47616K, 0% used [0x00000000ecf00000,0x00000000ecf00000,0x00000000efd80000)
 ParOldGen       total 160256K, used 84840K [0x00000000a0000000, 0x00000000a9c80000, 0x00000000e0000000)
  object space 160256K, 52% used [0x00000000a0000000,0x00000000a52da380,0x00000000a9c80000)
 Metaspace       used 89125K, capacity 92730K, committed 92800K, reserved 1130496K
  class space    used 11634K, capacity 12358K, committed 12416K, reserved 1048576K
}
Event: 532.325 GC heap before
{Heap before GC invocations=32 (full 4):
 PSYoungGen      total 185856K, used 166766K [0x00000000e0000000, 0x00000000efd80000, 0x0000000100000000)
  eden space 138752K, 100% used [0x00000000e0000000,0x00000000e8780000,0x00000000e8780000)
  from space 47104K, 59% used [0x00000000e8780000,0x00000000ea2db9b8,0x00000000eb580000)
  to   space 47616K, 0% used [0x00000000ecf00000,0x00000000ecf00000,0x00000000efd80000)
 ParOldGen       total 160256K, used 84840K [0x00000000a0000000, 0x00000000a9c80000, 0x00000000e0000000)
  object space 160256K, 52% used [0x00000000a0000000,0x00000000a52da380,0x00000000a9c80000)
 Metaspace       used 89345K, capacity 93036K, committed 93184K, reserved 1130496K
  class space    used 11663K, capacity 12431K, committed 12544K, reserved 1048576K
Event: 532.421 GC heap after
Heap after GC invocations=32 (full 4):
 PSYoungGen      total 202752K, used 16972K [0x00000000e0000000, 0x00000000ef680000, 0x0000000100000000)
  eden space 162304K, 0% used [0x00000000e0000000,0x00000000e0000000,0x00000000e9e80000)
  from space 40448K, 41% used [0x00000000ecf00000,0x00000000edf93378,0x00000000ef680000)
  to   space 45056K, 0% used [0x00000000e9e80000,0x00000000e9e80000,0x00000000eca80000)
 ParOldGen       total 160256K, used 98189K [0x00000000a0000000, 0x00000000a9c80000, 0x00000000e0000000)
  object space 160256K, 61% used [0x00000000a0000000,0x00000000a5fe3408,0x00000000a9c80000)
 Metaspace       used 89345K, capacity 93036K, committed 93184K, reserved 1130496K
  class space    used 11663K, capacity 12431K, committed 12544K, reserved 1048576K
}
Event: 805.764 GC heap before
{Heap before GC invocations=33 (full 4):
 PSYoungGen      total 202752K, used 179276K [0x00000000e0000000, 0x00000000ef680000, 0x0000000100000000)
  eden space 162304K, 100% used [0x00000000e0000000,0x00000000e9e80000,0x00000000e9e80000)
  from space 40448K, 41% used [0x00000000ecf00000,0x00000000edf93378,0x00000000ef680000)
  to   space 45056K, 0% used [0x00000000e9e80000,0x00000000e9e80000,0x00000000eca80000)
 ParOldGen       total 160256K, used 98189K [0x00000000a0000000, 0x00000000a9c80000, 0x00000000e0000000)
  object space 160256K, 61% used [0x00000000a0000000,0x00000000a5fe3408,0x00000000a9c80000)
 Metaspace       used 89794K, capacity 93490K, committed 93696K, reserved 1130496K
  class space    used 11682K, capacity 12452K, committed 12544K, reserved 1048576K
Event: 805.831 GC heap after
Heap after GC invocations=33 (full 4):
 PSYoungGen      total 207360K, used 21156K [0x00000000e0000000, 0x00000000f0b00000, 0x0000000100000000)
  eden space 162304K, 0% used [0x00000000e0000000,0x00000000e0000000,0x00000000e9e80000)
  from space 45056K, 46% used [0x00000000e9e80000,0x00000000eb329060,0x00000000eca80000)
  to   space 43520K, 0% used [0x00000000ee080000,0x00000000ee080000,0x00000000f0b00000)
 ParOldGen       total 160256K, used 101802K [0x00000000a0000000, 0x00000000a9c80000, 0x00000000e0000000)
  object space 160256K, 63% used [0x00000000a0000000,0x00000000a636ab30,0x00000000a9c80000)
 Metaspace       used 89794K, capacity 93490K, committed 93696K, reserved 1130496K
  class space    used 11682K, capacity 12452K, committed 12544K, reserved 1048576K
}

Deoptimization events (10 events):
Event: 836.793 Thread 0x000000001c65e800 Uncommon trap: reason=speculate_class_check action=maybe_recompile pc=0x00000000047a8c08 method=com.sun.tools.javac.file.JavacFileManager.inferBinaryName(Ljavax/tools/JavaFileManager$Location;Ljavax/tools/JavaFileObject;)Ljava/lang/String; @ 23
Event: 836.793 Thread 0x000000001c65e800 Uncommon trap: reason=speculate_class_check action=maybe_recompile pc=0x00000000047a8c08 method=com.sun.tools.javac.file.JavacFileManager.inferBinaryName(Ljavax/tools/JavaFileManager$Location;Ljavax/tools/JavaFileObject;)Ljava/lang/String; @ 23
Event: 836.794 Thread 0x000000001c65e800 Uncommon trap: reason=speculate_class_check action=maybe_recompile pc=0x00000000047ab660 method=com.sun.tools.javac.file.JavacFileManager.inferBinaryName(Ljavax/tools/JavaFileManager$Location;Ljavax/tools/JavaFileObject;)Ljava/lang/String; @ 23
Event: 836.794 Thread 0x000000001c65e800 Uncommon trap: reason=speculate_class_check action=maybe_recompile pc=0x00000000047ab660 method=com.sun.tools.javac.file.JavacFileManager.inferBinaryName(Ljavax/tools/JavaFileManager$Location;Ljavax/tools/JavaFileObject;)Ljava/lang/String; @ 23
Event: 836.795 Thread 0x000000001c65e800 Uncommon trap: reason=speculate_class_check action=maybe_recompile pc=0x0000000005b439e4 method=com.sun.tools.javac.code.Scope.enter(Lcom/sun/tools/javac/code/Symbol;Lcom/sun/tools/javac/code/Scope;)V @ 5
Event: 836.795 Thread 0x000000001c65e800 Uncommon trap: reason=speculate_class_check action=maybe_recompile pc=0x0000000005b439e4 method=com.sun.tools.javac.code.Scope.enter(Lcom/sun/tools/javac/code/Symbol;Lcom/sun/tools/javac/code/Scope;)V @ 5
Event: 836.795 Thread 0x000000001c65e800 Uncommon trap: reason=speculate_class_check action=maybe_recompile pc=0x0000000005b439e4 method=com.sun.tools.javac.code.Scope.enter(Lcom/sun/tools/javac/code/Symbol;Lcom/sun/tools/javac/code/Scope;)V @ 5
Event: 836.795 Thread 0x000000001c65e800 Uncommon trap: reason=speculate_class_check action=maybe_recompile pc=0x0000000005b439e4 method=com.sun.tools.javac.code.Scope.enter(Lcom/sun/tools/javac/code/Symbol;Lcom/sun/tools/javac/code/Scope;)V @ 5
Event: 836.805 Thread 0x000000001c65e800 Uncommon trap: reason=speculate_class_check action=maybe_recompile pc=0x00000000047adbe4 method=com.sun.tools.javac.file.JavacFileManager.inferBinaryName(Ljavax/tools/JavaFileManager$Location;Ljavax/tools/JavaFileObject;)Ljava/lang/String; @ 23
Event: 836.805 Thread 0x000000001c65e800 Uncommon trap: reason=speculate_class_check action=maybe_recompile pc=0x00000000047adbe4 method=com.sun.tools.javac.file.JavacFileManager.inferBinaryName(Ljavax/tools/JavaFileManager$Location;Ljavax/tools/JavaFileObject;)Ljava/lang/String; @ 23

Classes redefined (0 events):
No events

Internal exceptions (10 events):
Event: 342.337 Thread 0x000000001d4b9800 Exception <a 'java/lang/NoSuchMethodError': <clinit>> (0x00000000e5aa6ad0) thrown at [D:\src\AOSP-openjdk-cygwin\jdk8u\hotspot\src\share\vm\prims\jni.cpp, line 1614]
Event: 506.469 Thread 0x000000001c660000 Implicit null exception at 0x0000000005481f9e to 0x00000000054825b5
Event: 506.470 Thread 0x000000001c660000 Implicit null exception at 0x00000000054b82a2 to 0x00000000054b92c9
Event: 511.505 Thread 0x000000001c66b800 Exception <a 'java/lang/NoSuchMethodError': java.lang.Object.lambda$comparingByKey$bbdbfea9$1(Ljava/util/Map$Entry;Ljava/util/Map$Entry;)I> (0x00000000e29440d8) thrown at [D:\src\AOSP-openjdk-cygwin\jdk8u\hotspot\src\share\vm\interpreter\linkResolver.cpp,
Event: 511.774 Thread 0x000000001c66b800 Implicit null exception at 0x00000000036aed5e to 0x00000000036aeee1
Event: 532.021 Thread 0x000000001ec25800 Exception <a 'sun/nio/fs/WindowsException'> (0x00000000e6de4160) thrown at [D:\src\AOSP-openjdk-cygwin\jdk8u\hotspot\src\share\vm\prims\jni.cpp, line 710]
Event: 532.021 Thread 0x000000001ec25800 Exception <a 'sun/nio/fs/WindowsException'> (0x00000000e6de4608) thrown at [D:\src\AOSP-openjdk-cygwin\jdk8u\hotspot\src\share\vm\prims\jni.cpp, line 710]
Event: 805.349 Thread 0x000000001c65e800 Implicit null exception at 0x00000000043748d4 to 0x0000000004374cf1
Event: 830.692 Thread 0x000000001c65e000 Exception <a 'sun/nio/fs/WindowsException'> (0x00000000e40bc530) thrown at [D:\src\AOSP-openjdk-cygwin\jdk8u\hotspot\src\share\vm\prims\jni.cpp, line 710]
Event: 830.692 Thread 0x000000001c65e000 Exception <a 'sun/nio/fs/WindowsException'> (0x00000000e40bc9d8) thrown at [D:\src\AOSP-openjdk-cygwin\jdk8u\hotspot\src\share\vm\prims\jni.cpp, line 710]

Events (10 events):
Event: 836.795 Thread 0x000000001c65e800 DEOPT UNPACKING pc=0x0000000002a0557b sp=0x000000003093ab10 mode 2
Event: 836.795 Thread 0x000000001c65e800 Uncommon trap: trap_request=0xffffff76 fr.pc=0x0000000005b439e4
Event: 836.795 Thread 0x000000001c65e800 DEOPT PACKING pc=0x0000000005b439e4 sp=0x000000003093ab90
Event: 836.796 Thread 0x000000001c65e800 DEOPT UNPACKING pc=0x0000000002a0557b sp=0x000000003093ab10 mode 2
Event: 836.805 Thread 0x000000001c65e800 Uncommon trap: trap_request=0xffffff76 fr.pc=0x00000000047adbe4
Event: 836.805 Thread 0x000000001c65e800 DEOPT PACKING pc=0x00000000047adbe4 sp=0x000000003093a9c0
Event: 836.805 Thread 0x000000001c65e800 DEOPT UNPACKING pc=0x0000000002a0557b sp=0x000000003093a9b0 mode 2
Event: 836.805 Thread 0x000000001c65e800 Uncommon trap: trap_request=0xffffff76 fr.pc=0x00000000047adbe4
Event: 836.805 Thread 0x000000001c65e800 DEOPT PACKING pc=0x00000000047adbe4 sp=0x000000003093a8a0
Event: 836.805 Thread 0x000000001c65e800 DEOPT UNPACKING pc=0x0000000002a0557b sp=0x000000003093a890 mode 2


Dynamic libraries:
0x00007ff736be0000 - 0x00007ff736c11000 	C:\Program Files\Android\Android Studio\jre\bin\java.exe
0x00007ff9502f0000 - 0x00007ff9504dd000 	C:\WINDOWS\SYSTEM32\ntdll.dll
0x00007ff945800000 - 0x00007ff945813000 	C:\Program Files\AVG\Antivirus\aswhook.dll
0x00007ff94e220000 - 0x00007ff94e2d3000 	C:\WINDOWS\System32\KERNEL32.DLL
0x00007ff94c8b0000 - 0x00007ff94cb43000 	C:\WINDOWS\System32\KERNELBASE.dll
0x00007ff94e350000 - 0x00007ff94e3f3000 	C:\WINDOWS\System32\ADVAPI32.dll
0x00007ff94e400000 - 0x00007ff94e49e000 	C:\WINDOWS\System32\msvcrt.dll
0x00007ff94e4a0000 - 0x00007ff94e53e000 	C:\WINDOWS\System32\sechost.dll
0x00007ff94ff70000 - 0x00007ff950092000 	C:\WINDOWS\System32\RPCRT4.dll
0x00007ff94e540000 - 0x00007ff94e6d7000 	C:\WINDOWS\System32\USER32.dll
0x00007ff94c6f0000 - 0x00007ff94c710000 	C:\WINDOWS\System32\win32u.dll
0x00007ff94e2e0000 - 0x00007ff94e309000 	C:\WINDOWS\System32\GDI32.dll
0x00007ff94c710000 - 0x00007ff94c8a9000 	C:\WINDOWS\System32\gdi32full.dll
0x00007ff94d470000 - 0x00007ff94d510000 	C:\WINDOWS\System32\msvcp_win.dll
0x00007ff94c3b0000 - 0x00007ff94c4aa000 	C:\WINDOWS\System32\ucrtbase.dll
0x00007ff93a010000 - 0x00007ff93a289000 	C:\WINDOWS\WinSxS\amd64_microsoft.windows.common-controls_6595b64144ccf1df_6.0.17763.973_none_05b245900721eb81\COMCTL32.dll
0x00007ff94ddc0000 - 0x00007ff94e0ec000 	C:\WINDOWS\System32\combase.dll
0x00007ff94cba0000 - 0x00007ff94cc1e000 	C:\WINDOWS\System32\bcryptPrimitives.dll
0x00007ff94d990000 - 0x00007ff94d9be000 	C:\WINDOWS\System32\IMM32.DLL
0x000000006b7c0000 - 0x000000006b892000 	C:\Program Files\Android\Android Studio\jre\jre\bin\msvcr100.dll
0x000000006b980000 - 0x000000006c1c6000 	C:\Program Files\Android\Android Studio\jre\jre\bin\server\jvm.dll
0x00007ff94e340000 - 0x00007ff94e348000 	C:\WINDOWS\System32\PSAPI.DLL
0x00007ff93e560000 - 0x00007ff93e569000 	C:\WINDOWS\SYSTEM32\WSOCK32.dll
0x00007ff94db70000 - 0x00007ff94dbdd000 	C:\WINDOWS\System32\WS2_32.dll
0x00007ff94a190000 - 0x00007ff94a1b4000 	C:\WINDOWS\SYSTEM32\WINMM.dll
0x00007ff94ae70000 - 0x00007ff94ae7a000 	C:\WINDOWS\SYSTEM32\VERSION.dll
0x00007ff949e00000 - 0x00007ff949e2d000 	C:\WINDOWS\SYSTEM32\WINMMBASE.dll
0x00007ff94cb50000 - 0x00007ff94cb9a000 	C:\WINDOWS\System32\cfgmgr32.dll
0x00007ff94aeb0000 - 0x00007ff94aebf000 	C:\Program Files\Android\Android Studio\jre\jre\bin\verify.dll
0x00007ff942d00000 - 0x00007ff942d29000 	C:\Program Files\Android\Android Studio\jre\jre\bin\java.dll
0x00007ff942c10000 - 0x00007ff942c26000 	C:\Program Files\Android\Android Studio\jre\jre\bin\zip.dll
0x00007ff94e6e0000 - 0x00007ff94fbd4000 	C:\WINDOWS\System32\SHELL32.dll
0x00007ff94dc40000 - 0x00007ff94dce8000 	C:\WINDOWS\System32\shcore.dll
0x00007ff94cc20000 - 0x00007ff94d36d000 	C:\WINDOWS\System32\windows.storage.dll
0x00007ff94c2e0000 - 0x00007ff94c304000 	C:\WINDOWS\System32\profapi.dll
0x00007ff94c310000 - 0x00007ff94c36d000 	C:\WINDOWS\System32\powrprof.dll
0x00007ff94dbe0000 - 0x00007ff94dc32000 	C:\WINDOWS\System32\shlwapi.dll
0x00007ff94c390000 - 0x00007ff94c3a1000 	C:\WINDOWS\System32\kernel.appcore.dll
0x00007ff94d370000 - 0x00007ff94d387000 	C:\WINDOWS\System32\cryptsp.dll
0x00007ff93fc20000 - 0x00007ff93fc3a000 	C:\Program Files\Android\Android Studio\jre\jre\bin\net.dll
0x00007ff940230000 - 0x00007ff940407000 	C:\WINDOWS\SYSTEM32\urlmon.dll
0x00007ff9407d0000 - 0x00007ff940a78000 	C:\WINDOWS\SYSTEM32\iertutil.dll
0x00007ff94bcc0000 - 0x00007ff94bccc000 	C:\WINDOWS\SYSTEM32\CRYPTBASE.DLL
0x00007ff94baf0000 - 0x00007ff94bb57000 	C:\WINDOWS\system32\mswsock.dll
0x00007ff93b9a0000 - 0x00007ff93b9b3000 	C:\Program Files\Android\Android Studio\jre\jre\bin\nio.dll
0x00007ff93b860000 - 0x00007ff93b886000 	C:\Users\basker\.gradle\native\30\windows-amd64\native-platform.dll
0x00007ff943080000 - 0x00007ff94308d000 	C:\Program Files\Android\Android Studio\jre\jre\bin\management.dll
0x00007ff94b670000 - 0x00007ff94b6a3000 	C:\WINDOWS\system32\rsaenh.dll
0x00007ff94d390000 - 0x00007ff94d3b6000 	C:\WINDOWS\System32\bcrypt.dll
0x00007ff94c1e0000 - 0x00007ff94c208000 	C:\WINDOWS\SYSTEM32\USERENV.dll
0x00007ff94b810000 - 0x00007ff94b84d000 	C:\WINDOWS\SYSTEM32\IPHLPAPI.DLL
0x00007ff9502b0000 - 0x00007ff9502b8000 	C:\WINDOWS\System32\NSI.dll
0x00007ff9435a0000 - 0x00007ff9435b6000 	C:\WINDOWS\SYSTEM32\dhcpcsvc6.DLL
0x00007ff943c40000 - 0x00007ff943c5c000 	C:\WINDOWS\SYSTEM32\dhcpcsvc.DLL
0x00007ff94b850000 - 0x00007ff94b916000 	C:\WINDOWS\SYSTEM32\DNSAPI.dll

VM Arguments:
jvm_args: -Xmx1536m -Dfile.encoding=windows-1252 -Duser.country=US -Duser.language=en -Duser.variant 
java_command: org.gradle.launcher.daemon.bootstrap.GradleDaemon 5.6.4
java_class_path (initial): C:\Users\basker\.gradle\wrapper\dists\gradle-5.6.4-all\ankdp27end7byghfw1q2sw75f\gradle-5.6.4\lib\gradle-launcher-5.6.4.jar
Launcher Type: SUN_STANDARD

Environment Variables:
PATH=C:\Program Files (x86)\Common Files\Oracle\Java\javapath;C:\Program Files (x86)\NVIDIA Corporation\PhysX\Common;C:\Program Files (x86)\Intel\iCLS Client\;C:\Program Files\Intel\iCLS Client\;C:\WINDOWS\system32;C:\WINDOWS;C:\WINDOWS\System32\Wbem;C:\WINDOWS\System32\WindowsPowerShell\v1.0\;C:\Program Files\Intel\Intel(R) Management Engine Components\DAL;C:\Program Files\Intel\Intel(R) Management Engine Components\IPT;C:\Program Files (x86)\Intel\Intel(R) Management Engine Components\DAL;C:\Program Files (x86)\Intel\Intel(R) Management Engine Components\IPT;C:\Program Files (x86)\Intel\OpenCL SDK\2.0\bin\x86;C:\Program Files (x86)\Intel\OpenCL SDK\2.0\bin\x64;C:\Program Files\Lenovo\Bluetooth Software\;C:\Program Files\Lenovo\Bluetooth Software\syswow64;C:\WINDOWS\System32\OpenSSH\;C:\Program Files\nodejs\;C:\Users\basker\AppData\Local\Android\Sdk\platforms;C:\Users\basker\AppData\Local\Android\Sdk\platform-tools;C:\Users\basker\.gradle\wrapper\dists\gradle-5.6.4-all\ankdp27end7byghfw1q2sw75f\gradle-5.6.4\bin;C:\Program Files\Git\cmd;C:\Program Files\MySQL\MySQL Shell 8.0\bin\;C:\Users\basker\AppData\Local\Microsoft\WindowsApps;C:\Users\basker\AppData\Roaming\npm;C:\Users\basker\AppData\Local\Programs\Microsoft VS Code\bin;C:\Users\basker\.gradle\wrapper\dists\gradle-5.6.4-all\ankdp27end7byghfw1q2sw75f\gradle-5.6.4\bin;
USERNAME=basker
OS=Windows_NT
PROCESSOR_IDENTIFIER=Intel64 Family 6 Model 58 Stepping 9, GenuineIntel



---------------  S Y S T E M  ---------------

OS: Windows 10.0 , 64 bit Build 17763 (10.0.17763.475)

CPU:total 4 (initial active 4) (2 cores per cpu, 2 threads per core) family 6 model 58 stepping 9, cmov, cx8, fxsr, mmx, sse, sse2, sse3, ssse3, sse4.1, sse4.2, popcnt, avx, aes, clmul, erms, ht, tsc, tscinvbit, tscinv

Memory: 4k page, physical 4056852k(385784k free), swap 5481236k(3024k free)

vm_info: OpenJDK 64-Bit Server VM (25.212-b04) for windows-amd64 JRE (1.8.0_212-release-1586-b04), built by "builder" with MS VC++ 10.0 (VS2010)

time: Tue Jul 28 02:15:38 2020
timezone: India Standard Time
elapsed time: 837 seconds (0d 0h 13m 57s)

