#
# There is insufficient memory for the Java Runtime Environment to continue.
# Native memory allocation (malloc) failed to allocate 1048576 bytes for AllocateHeap
# Possible reasons:
#   The system is out of physical RAM or swap space
#   The process is running with CompressedOops enabled, and the Java Heap may be blocking the growth of the native heap
# Possible solutions:
#   Reduce memory load on the system
#   Increase physical memory or swap space
#   Check if swap backing store is full
#   Decrease Java heap size (-Xmx/-Xms)
#   Decrease number of Java threads
#   Decrease Java thread stack sizes (-Xss)
#   Set larger code cache with -XX:ReservedCodeCacheSize=
#   JVM is running with Unscaled Compressed Oops mode in which the Java heap is
#     placed in the first 4GB address space. The Java Heap base address is the
#     maximum limit for the native heap growth. Please use -XX:HeapBaseMinAddress
#     to set the Java Heap base and to place the Java Heap above 4GB virtual address.
# This output file may be truncated or incomplete.
#
#  Out of Memory Error (memory/allocation.inline.hpp:61), pid=10020, tid=0x00000000000017e4
#
# JRE version:  (8.0_212-b04) (build )
# Java VM: OpenJDK 64-Bit Server VM (25.212-b04 mixed mode windows-amd64 compressed oops)
# Failed to write core dump. Minidumps are not enabled by default on client versions of Windows
#

---------------  T H R E A D  ---------------

Current thread (0x00000000027ee800):  JavaThread "Unknown thread" [_thread_in_vm, id=6116, stack(0x0000000002810000,0x0000000002910000)]

Stack: [0x0000000002810000,0x0000000002910000]
[error occurred during error reporting (printing stack bounds), id 0xc0000005]

Native frames: (J=compiled Java code, j=interpreted, Vv=VM code, C=native code)


---------------  P R O C E S S  ---------------

Java Threads: ( => current thread )

Other Threads:

=>0x00000000027ee800 (exited) JavaThread "Unknown thread" [_thread_in_vm, id=6116, stack(0x0000000002810000,0x0000000002910000)]

VM state:not at safepoint (normal execution)

VM Mutex/Monitor currently owned by a thread: None

heap address: 0x00000000c2000000, size: 992 MB, Compressed Oops mode: 32-bit
Narrow klass base: 0x0000000000000000, Narrow klass shift: 3
Compressed class space size: 1073741824 Address: 0x0000000100000000

Heap:
 PSYoungGen      total 18432K, used 317K [0x00000000eb580000, 0x00000000eca00000, 0x0000000100000000)
  eden space 15872K, 2% used [0x00000000eb580000,0x00000000eb5cf5d0,0x00000000ec500000)
  from space 2560K, 0% used [0x00000000ec780000,0x00000000ec780000,0x00000000eca00000)
  to   space 2560K, 0% used [0x00000000ec500000,0x00000000ec500000,0x00000000ec780000)
 ParOldGen       total 42496K, used 0K [0x00000000c2000000, 0x00000000c4980000, 0x00000000eb580000)
  object space 42496K, 0% used [0x00000000c2000000,0x00000000c2000000,0x00000000c4980000)
 Metaspace       used 778K, capacity 4480K, committed 4480K, reserved 1056768K
  class space    used 74K, capacity 384K, committed 384K, reserved 1048576K

Card table byte_map: [0x0000000011dd0000,0x0000000011fd0000] byte_map_base: 0x00000000117c0000

Marking Bits: (ParMarkBitMap*) 0x0000000056119f30
 Begin Bits: [0x0000000012520000, 0x00000000134a0000)
 End Bits:   [0x00000000134a0000, 0x0000000014420000)

Polling page: 0x00000000027a0000

CodeCache: size=245760Kb used=328Kb max_used=328Kb free=245431Kb
 bounds [0x0000000002a10000, 0x0000000002c80000, 0x0000000011a10000]
 total_blobs=57 nmethods=0 adapters=38
 compilation: enabled

Compilation events (0 events):
No events

GC Heap History (0 events):
No events

Deoptimization events (0 events):
No events

Classes redefined (0 events):
No events

Internal exceptions (0 events):
No events

Events (10 events):
Event: 0.100 loading class java/lang/Short
Event: 0.100 loading class java/lang/Short done
Event: 0.100 loading class java/lang/Integer
Event: 0.101 loading class java/lang/Integer done
Event: 0.101 loading class java/lang/Long
Event: 0.101 loading class java/lang/Long done
Event: 0.103 loading class java/lang/NullPointerException
Event: 0.103 loading class java/lang/NullPointerException done
Event: 0.103 loading class java/lang/ArithmeticException
Event: 0.103 loading class java/lang/ArithmeticException done


Dynamic libraries:
0x00007ff7fe3e0000 - 0x00007ff7fe411000 	C:\Program Files\Android\Android Studio\jre\jre\bin\java.exe
0x00007fff0cd80000 - 0x00007fff0cf70000 	C:\WINDOWS\SYSTEM32\ntdll.dll
0x00007fff08760000 - 0x00007fff08772000 	C:\Program Files\AVG\Antivirus\aswhook.dll
0x00007fff0b2c0000 - 0x00007fff0b372000 	C:\WINDOWS\System32\KERNEL32.DLL
0x00007fff09f90000 - 0x00007fff0a235000 	C:\WINDOWS\System32\KERNELBASE.dll
0x00007fff0af90000 - 0x00007fff0b033000 	C:\WINDOWS\System32\ADVAPI32.dll
0x00007fff0b450000 - 0x00007fff0b4ee000 	C:\WINDOWS\System32\msvcrt.dll
0x00007fff0cb60000 - 0x00007fff0cbf7000 	C:\WINDOWS\System32\sechost.dll
0x00007fff0b720000 - 0x00007fff0b840000 	C:\WINDOWS\System32\RPCRT4.dll
0x00007fff0b870000 - 0x00007fff0ba05000 	C:\WINDOWS\System32\USER32.dll
0x00007fff0ac40000 - 0x00007fff0ac61000 	C:\WINDOWS\System32\win32u.dll
0x00007fff0ca40000 - 0x00007fff0ca66000 	C:\WINDOWS\System32\GDI32.dll
0x00007fff0a240000 - 0x00007fff0a3d6000 	C:\WINDOWS\System32\gdi32full.dll
0x00007fff0ac70000 - 0x00007fff0ad0e000 	C:\WINDOWS\System32\msvcp_win.dll
0x00007fff0ad30000 - 0x00007fff0ae2a000 	C:\WINDOWS\System32\ucrtbase.dll
0x00007ffef6b10000 - 0x00007ffef6d94000 	C:\WINDOWS\WinSxS\amd64_microsoft.windows.common-controls_6595b64144ccf1df_6.0.18362.1082_none_9e8193e1e45b25c1\COMCTL32.dll
0x00007fff0c570000 - 0x00007fff0c8a5000 	C:\WINDOWS\System32\combase.dll
0x00007fff09eb0000 - 0x00007fff09f30000 	C:\WINDOWS\System32\bcryptPrimitives.dll
0x00007fff0b840000 - 0x00007fff0b86e000 	C:\WINDOWS\System32\IMM32.DLL
0x0000000055790000 - 0x0000000055862000 	C:\Program Files\Android\Android Studio\jre\jre\bin\msvcr100.dll
0x0000000055950000 - 0x0000000056196000 	C:\Program Files\Android\Android Studio\jre\jre\bin\server\jvm.dll
0x00007fff0ca70000 - 0x00007fff0ca78000 	C:\WINDOWS\System32\PSAPI.DLL
0x00007ffefba00000 - 0x00007ffefba09000 	C:\WINDOWS\SYSTEM32\WSOCK32.dll
0x00007fff0caf0000 - 0x00007fff0cb5f000 	C:\WINDOWS\System32\WS2_32.dll
0x00007fff06730000 - 0x00007fff06754000 	C:\WINDOWS\SYSTEM32\WINMM.dll
0x00007fff08740000 - 0x00007fff0874a000 	C:\WINDOWS\SYSTEM32\VERSION.dll
0x00007fff06700000 - 0x00007fff0672d000 	C:\WINDOWS\SYSTEM32\WINMMBASE.dll
0x00007fff09e60000 - 0x00007fff09eaa000 	C:\WINDOWS\System32\cfgmgr32.dll
0x00007fff08820000 - 0x00007fff0882f000 	C:\Program Files\Android\Android Studio\jre\jre\bin\verify.dll
0x00007fff03da0000 - 0x00007fff03dc9000 	C:\Program Files\Android\Android Studio\jre\jre\bin\java.dll
0x00007fff061e0000 - 0x00007fff061f6000 	C:\Program Files\Android\Android Studio\jre\jre\bin\zip.dll

VM Arguments:
java_command: org.jetbrains.git4idea.http.GitAskPassApp Username for 'https://github.com': 
java_class_path (initial): C:/Program Files/Android/Android Studio/plugins/git4idea/lib/git4idea-rt.jar;C:/Program Files/Android/Android Studio/lib/xmlrpc-2.0.1.jar;C:/Program Files/Android/Android Studio/lib/commons-codec-1.13.jar;C:/Program Files/Android/Android Studio/lib/util.jar
Launcher Type: SUN_STANDARD

Environment Variables:
PATH=C:\Program Files\Git\mingw64\libexec\git-core;C:\Program Files\Git\mingw64\libexec\git-core;C:\Program Files\Git\mingw64\bin;C:\Program Files\Git\usr\bin;C:\Users\basker\bin;C:\Program Files (x86)\Common Files\Oracle\Java\javapath;C:\Program Files (x86)\NVIDIA Corporation\PhysX\Common;C:\Program Files (x86)\Intel\iCLS Client;C:\Program Files\Intel\iCLS Client;C:\WINDOWS\system32;C:\WINDOWS;C:\WINDOWS\System32\Wbem;C:\WINDOWS\System32\WindowsPowerShell\v1.0;C:\Program Files\Intel\Intel(R) Management Engine Components\DAL;C:\Program Files\Intel\Intel(R) Management Engine Components\IPT;C:\Program Files (x86)\Intel\Intel(R) Management Engine Components\DAL;C:\Program Files (x86)\Intel\Intel(R) Management Engine Components\IPT;C:\Program Files (x86)\Intel\OpenCL SDK\2.0\bin\x86;C:\Program Files (x86)\Intel\OpenCL SDK\2.0\bin\x64;C:\Program Files\Lenovo\Bluetooth Software;C:\Program Files\Lenovo\Bluetooth Software\syswow64;C:\WINDOWS\System32\OpenSSH;C:\Program Files\nodejs;C:\Users\basker\AppData\Local\Android\Sdk\platforms;C:\Users\basker\AppData\Local\Android\Sdk\platform-tools;C:\Users\basker\.gradle\wrapper\dists\gradle-5.6.4-all\ankdp27end7byghfw1q2sw75f\gradle-5.6.4\bin;C:\Program Files\Git\cmd;C:\Program Files\MySQL\MySQL Shell 8.0\bin;C:\Users\basker\AppData\Local\Microsoft\WindowsApps;C:\Users\basker\AppData\Roaming\npm;C:\Users\basker\AppData\Local\Programs\Microsoft VS Code\bin;C:\Users\basker\.gradle\wrapper\dists\gradle-5.6.4-all\ankdp27end7byghfw1q2sw75f\gradle-5.6.4\bin
USERNAME=basker
DISPLAY=:0.0
OS=Windows_NT
PROCESSOR_IDENTIFIER=Intel64 Family 6 Model 58 Stepping 9, GenuineIntel



---------------  S Y S T E M  ---------------

OS: Windows 10.0 , 64 bit Build 18362 (10.0.18362.1082)

CPU:total 4 (initial active 4) (2 cores per cpu, 2 threads per core) family 6 model 58 stepping 9, cmov, cx8, fxsr, mmx, sse, sse2, sse3, ssse3, sse4.1, sse4.2, popcnt, avx, aes, clmul, erms, ht, tsc, tscinvbit, tscinv

Memory: 4k page, physical 4056852k(391732k free), swap 5481236k(5640k free)

vm_info: OpenJDK 64-Bit Server VM (25.212-b04) for windows-amd64 JRE (1.8.0_212-release-1586-b04), built by "builder" with MS VC++ 10.0 (VS2010)

time: Fri Oct 02 14:27:01 2020
timezone: India Standard Time
elapsed time: 0 seconds (0d 0h 0m 0s)

