#
# There is insufficient memory for the Java Runtime Environment to continue.
# Native memory allocation (malloc) failed to allocate 715536 bytes for Chunk::new
# Possible reasons:
#   The system is out of physical RAM or swap space
#   The process is running with CompressedOops enabled, and the Java Heap may be blocking the growth of the native heap
# Possible solutions:
#   Reduce memory load on the system
#   Increase physical memory or swap space
#   Check if swap backing store is full
#   Decrease Java heap size (-Xmx/-Xms)
#   Decrease number of Java threads
#   Decrease Java thread stack sizes (-Xss)
#   Set larger code cache with -XX:ReservedCodeCacheSize=
#   JVM is running with Unscaled Compressed Oops mode in which the Java heap is
#     placed in the first 4GB address space. The Java Heap base address is the
#     maximum limit for the native heap growth. Please use -XX:HeapBaseMinAddress
#     to set the Java Heap base and to place the Java Heap above 4GB virtual address.
# This output file may be truncated or incomplete.
#
#  Out of Memory Error (allocation.cpp:389), pid=9196, tid=0x0000000000001bec
#
# JRE version: OpenJDK Runtime Environment (8.0_212-b04) (build 1.8.0_212-release-1586-b04)
# Java VM: OpenJDK 64-Bit Server VM (25.212-b04 mixed mode windows-amd64 compressed oops)
# Failed to write core dump. Minidumps are not enabled by default on client versions of Windows
#

---------------  T H R E A D  ---------------

Current thread (0x0000000016272000):  JavaThread "C2 CompilerThread1" daemon [_thread_in_native, id=7148, stack(0x00000000179c0000,0x0000000017ac0000)]

Stack: [0x00000000179c0000,0x0000000017ac0000]
[error occurred during error reporting (printing stack bounds), id 0xc0000005]

Native frames: (J=compiled Java code, j=interpreted, Vv=VM code, C=native code)


Current CompileTask:
C2:10801887 27391 %     4       com.android.tools.r8.ir.optimize.h::n @ 845 (1076 bytes)


---------------  P R O C E S S  ---------------

Java Threads: ( => current thread )
  0x000000002701c800 JavaThread "WorkerExecutor Queue Thread 5" [_thread_blocked, id=9772, stack(0x000000007a720000,0x000000007a820000)]
  0x0000000027013000 JavaThread "WorkerExecutor Queue Thread 4" [_thread_blocked, id=1620, stack(0x000000007a620000,0x000000007a720000)]
  0x000000002701a000 JavaThread "WorkerExecutor Queue Thread 3" [_thread_blocked, id=10772, stack(0x000000007a520000,0x000000007a620000)]
  0x0000000027019800 JavaThread "Cache worker for Java compile cache (C:\Users\basker\Desktop\supermarket\.gradle\5.6.4\javaCompile)" [_thread_blocked, id=8336, stack(0x000000007a420000,0x000000007a520000)]
  0x0000000027018800 JavaThread "stdout" [_thread_in_native, id=8240, stack(0x000000007a320000,0x000000007a420000)]
  0x0000000027011800 JavaThread "stderr" [_thread_in_native, id=10188, stack(0x000000007a220000,0x000000007a320000)]
  0x0000000027017000 JavaThread "pool-105-thread-1" [_thread_blocked, id=8616, stack(0x000000007a120000,0x000000007a220000)]
  0x0000000027016000 JavaThread "WorkerExecutor Queue Thread 2" [_thread_in_Java, id=11084, stack(0x000000007a020000,0x000000007a120000)]
  0x0000000027015800 JavaThread "WorkerExecutor Queue" [_thread_in_vm, id=10260, stack(0x0000000079f20000,0x000000007a020000)]
  0x0000000027014800 JavaThread "Cache worker for execution history cache (C:\Users\basker\Desktop\supermarket\.gradle\5.6.4\executionHistory)" [_thread_blocked, id=3024, stack(0x0000000079e20000,0x0000000079f20000)]
  0x000000001a92b800 JavaThread "Execution worker for ':' Thread 3" [_thread_blocked, id=4956, stack(0x0000000079d20000,0x0000000079e20000)]
  0x000000001a92a800 JavaThread "Execution worker for ':' Thread 2" [_thread_blocked, id=9720, stack(0x0000000079c20000,0x0000000079d20000)]
  0x000000001a930000 JavaThread "Execution worker for ':'" [_thread_blocked, id=2700, stack(0x0000000079b20000,0x0000000079c20000)]
  0x000000001a92f000 JavaThread "Cache worker for file content cache (C:\Users\basker\Desktop\supermarket\.gradle\5.6.4\fileContent)" [_thread_blocked, id=10336, stack(0x0000000079a20000,0x0000000079b20000)]
  0x000000001a92c000 JavaThread "Cache worker for Build Output Cleanup Cache (C:\Users\basker\Desktop\supermarket\.gradle\buildOutputCleanup)" [_thread_blocked, id=1672, stack(0x0000000079920000,0x0000000079a20000)]
  0x000000001a92e800 JavaThread "Build operations Thread 4" [_thread_blocked, id=1632, stack(0x0000000079820000,0x0000000079920000)]
  0x000000001a92d800 JavaThread "Build operations Thread 3" [_thread_blocked, id=11080, stack(0x0000000079720000,0x0000000079820000)]
  0x000000001a923000 JavaThread "Build operations Thread 2" [_thread_blocked, id=6424, stack(0x0000000079620000,0x0000000079720000)]
  0x000000001a92a000 JavaThread "Build operations" [_thread_blocked, id=1676, stack(0x0000000079520000,0x0000000079620000)]
  0x000000001a922800 JavaThread "Cache worker for cache directory md-rule (C:\Users\basker\.gradle\caches\5.6.4\md-rule)" [_thread_blocked, id=5624, stack(0x0000000079420000,0x0000000079520000)]
  0x000000001a929000 JavaThread "Cache worker for cache directory md-supplier (C:\Users\basker\.gradle\caches\5.6.4\md-supplier)" [_thread_blocked, id=920, stack(0x0000000079320000,0x0000000079420000)]
  0x000000001a927000 JavaThread "Cache worker for file hash cache (C:\Users\basker\Desktop\supermarket\.gradle\5.6.4\fileHashes)" [_thread_blocked, id=4568, stack(0x0000000079220000,0x0000000079320000)]
  0x000000001a921800 JavaThread "Thread-924" [_thread_blocked, id=7456, stack(0x0000000079120000,0x0000000079220000)]
  0x000000001a926000 JavaThread "Asynchronous log dispatcher for DefaultDaemonConnection: socket connection from /127.0.0.1:51322 to /127.0.0.1:52475" [_thread_blocked, id=8096, stack(0x0000000078f20000,0x0000000079020000)]
  0x000000001a925800 JavaThread "Daemon worker Thread 27" [_thread_blocked, id=7232, stack(0x0000000078e20000,0x0000000078f20000)]
  0x000000001a924800 JavaThread "Cancel handler" [_thread_blocked, id=3884, stack(0x0000000078d20000,0x0000000078e20000)]
  0x000000001a928800 JavaThread "Handler for socket connection from /127.0.0.1:51322 to /127.0.0.1:52475" [_thread_in_native, id=11076, stack(0x0000000078c20000,0x0000000078d20000)]
  0x000000001a921000 JavaThread "Daemon Thread 27" [_thread_blocked, id=8548, stack(0x0000000078b20000,0x0000000078c20000)]
  0x0000000018c88800 JavaThread "Cache worker for Java compile cache (C:\Users\basker\.gradle\caches\5.6.4\javaCompile)" [_thread_blocked, id=9568, stack(0x0000000029040000,0x0000000029140000)]
  0x000000001d6d6800 JavaThread "Cache worker for file content cache (C:\Users\basker\.gradle\caches\5.6.4\fileContent)" [_thread_blocked, id=10600, stack(0x0000000023000000,0x0000000023100000)]
  0x000000001d6dc800 JavaThread "Memory manager" [_thread_blocked, id=7784, stack(0x0000000022f00000,0x0000000023000000)]
  0x000000001d6d8000 JavaThread "Cache worker for execution history cache (C:\Users\basker\.gradle\caches\5.6.4\executionHistory)" [_thread_blocked, id=9296, stack(0x0000000020ab0000,0x0000000020bb0000)]
  0x0000000019b75800 JavaThread "Cache worker for journal cache (C:\Users\basker\.gradle\caches\journal-1)" [_thread_blocked, id=5872, stack(0x000000001bfe0000,0x000000001c0e0000)]
  0x0000000019b74000 JavaThread "File lock request listener" [_thread_in_native, id=2244, stack(0x000000001bee0000,0x000000001bfe0000)]
  0x0000000019b73800 JavaThread "Cache worker for file hash cache (C:\Users\basker\.gradle\caches\5.6.4\fileHashes)" [_thread_blocked, id=7504, stack(0x000000001bde0000,0x000000001bee0000)]
  0x0000000019a72800 JavaThread "Daemon periodic checks" [_thread_blocked, id=8232, stack(0x000000001b1e0000,0x000000001b2e0000)]
  0x0000000019a7d800 JavaThread "Incoming local TCP Connector on port 51322" [_thread_in_native, id=6924, stack(0x000000001afa0000,0x000000001b0a0000)]
  0x00000000199bb000 JavaThread "Daemon health stats" [_thread_blocked, id=7712, stack(0x000000001a960000,0x000000001aa60000)]
  0x0000000017be3000 JavaThread "Service Thread" daemon [_thread_blocked, id=1208, stack(0x0000000017fc0000,0x00000000180c0000)]
  0x000000001627a000 JavaThread "C1 CompilerThread2" daemon [_thread_in_vm, id=9436, stack(0x0000000017ac0000,0x0000000017bc0000)]
=>0x0000000016272000 JavaThread "C2 CompilerThread1" daemon [_thread_in_native, id=7148, stack(0x00000000179c0000,0x0000000017ac0000)]
  0x000000001626e800 JavaThread "C2 CompilerThread0" daemon [_thread_in_native, id=5128, stack(0x00000000178c0000,0x00000000179c0000)]
  0x000000001626c800 JavaThread "Attach Listener" daemon [_thread_blocked, id=11228, stack(0x00000000177c0000,0x00000000178c0000)]
  0x0000000016279000 JavaThread "Signal Dispatcher" daemon [_thread_blocked, id=4632, stack(0x00000000176c0000,0x00000000177c0000)]
  0x00000000028fd000 JavaThread "Finalizer" daemon [_thread_blocked, id=10840, stack(0x00000000174c0000,0x00000000175c0000)]
  0x0000000016259000 JavaThread "Reference Handler" daemon [_thread_blocked, id=7568, stack(0x00000000173c0000,0x00000000174c0000)]
  0x0000000000ebe000 JavaThread "main" [_thread_blocked, id=10604, stack(0x0000000002700000,0x0000000002800000)]

Other Threads:
  0x0000000016236800 VMThread [stack: 0x00000000172c0000,0x00000000173c0000] [id=9628]
  0x0000000017be4800 WatcherThread [stack: 0x00000000180c0000,0x00000000181c0000] [id=7540]

VM state:not at safepoint (normal execution)

VM Mutex/Monitor currently owned by a thread: None

heap address: 0x00000000a0000000, size: 1536 MB, Compressed Oops mode: 32-bit
Narrow klass base: 0x0000000000000000, Narrow klass shift: 3
Compressed class space size: 1073741824 Address: 0x0000000100000000

Heap:
 PSYoungGen      total 215552K, used 31501K [0x00000000e0000000, 0x00000000ef500000, 0x0000000100000000)
  eden space 194048K, 5% used [0x00000000e0000000,0x00000000e09c3c08,0x00000000ebd80000)
  from space 21504K, 99% used [0x00000000ed700000,0x00000000eebffbc8,0x00000000eec00000)
  to   space 26112K, 0% used [0x00000000ebd80000,0x00000000ebd80000,0x00000000ed700000)
 ParOldGen       total 123392K, used 58215K [0x00000000a0000000, 0x00000000a7880000, 0x00000000e0000000)
  object space 123392K, 47% used [0x00000000a0000000,0x00000000a38d9d00,0x00000000a7880000)
 Metaspace       used 97568K, capacity 104210K, committed 104384K, reserved 1140736K
  class space    used 12389K, capacity 13460K, committed 13528K, reserved 1048576K

Card table byte_map: [0x0000000011cc0000,0x0000000011fd0000] byte_map_base: 0x00000000117c0000

Marking Bits: (ParMarkBitMap*) 0x0000000051199f30
 Begin Bits: [0x00000000125d0000, 0x0000000013dd0000)
 End Bits:   [0x0000000013dd0000, 0x00000000155d0000)

Polling page: 0x0000000000c30000

CodeCache: size=245760Kb used=73320Kb max_used=75261Kb free=172439Kb
 bounds [0x0000000002900000, 0x0000000007320000, 0x0000000011900000]
 total_blobs=21413 nmethods=20507 adapters=815
 compilation: enabled

Compilation events (10 events):
Event: 10801.383 Thread 0x000000001627a000 nmethod 27409 0x0000000005ddb950 code [0x0000000005ddc140, 0x0000000005dde9f8]
Event: 10801.383 Thread 0x000000001627a000 27429       2       com.android.tools.r8.u.b.T::b (1128 bytes)
Event: 10801.391 Thread 0x000000001627a000 nmethod 27429 0x0000000005e17a90 code [0x0000000005e18080, 0x0000000005e1a478]
Event: 10801.391 Thread 0x000000001627a000 27440       2       com.android.tools.r8.ir.regalloc.LinearScanRegisterAllocator::a (1756 bytes)
Event: 10801.673 Thread 0x000000001627a000 nmethod 27440 0x0000000005212910 code [0x0000000005213520, 0x0000000005217df8]
Event: 10801.675 Thread 0x000000001627a000 27406       2       com.android.tools.r8.ir.regalloc.LinearScanRegisterAllocator::a (264 bytes)
Event: 10801.678 Thread 0x000000001627a000 nmethod 27406 0x000000000642d610 code [0x000000000642d860, 0x000000000642e218]
Event: 10801.681 Thread 0x000000001627a000 27437       2       com.android.tools.r8.u.c.J::a (1423 bytes)
Event: 10801.695 Thread 0x000000001627a000 nmethod 27437 0x0000000003526f10 code [0x00000000035278a0, 0x000000000352b448]
Event: 10801.698 Thread 0x000000001627a000 27430       2       com.android.tools.r8.u.d.N::a (911 bytes)

GC Heap History (10 events):
Event: 9146.758 GC heap before
{Heap before GC invocations=94 (full 4):
 PSYoungGen      total 202752K, used 191929K [0x00000000e0000000, 0x00000000ee100000, 0x0000000100000000)
  eden space 180736K, 100% used [0x00000000e0000000,0x00000000eb080000,0x00000000eb080000)
  from space 22016K, 50% used [0x00000000eb080000,0x00000000ebb6e628,0x00000000ec600000)
  to   space 22016K, 0% used [0x00000000ecb80000,0x00000000ecb80000,0x00000000ee100000)
 ParOldGen       total 123392K, used 52643K [0x00000000a0000000, 0x00000000a7880000, 0x00000000e0000000)
  object space 123392K, 42% used [0x00000000a0000000,0x00000000a3368cd0,0x00000000a7880000)
 Metaspace       used 97311K, capacity 103894K, committed 104128K, reserved 1140736K
  class space    used 12371K, capacity 13440K, committed 13528K, reserved 1048576K
Event: 9146.765 GC heap after
Heap after GC invocations=94 (full 4):
 PSYoungGen      total 206336K, used 8193K [0x00000000e0000000, 0x00000000ee000000, 0x0000000100000000)
  eden space 185344K, 0% used [0x00000000e0000000,0x00000000e0000000,0x00000000eb500000)
  from space 20992K, 39% used [0x00000000ecb80000,0x00000000ed3804e0,0x00000000ee000000)
  to   space 22016K, 0% used [0x00000000eb500000,0x00000000eb500000,0x00000000eca80000)
 ParOldGen       total 123392K, used 52667K [0x00000000a0000000, 0x00000000a7880000, 0x00000000e0000000)
  object space 123392K, 42% used [0x00000000a0000000,0x00000000a336ecd0,0x00000000a7880000)
 Metaspace       used 97311K, capacity 103894K, committed 104128K, reserved 1140736K
  class space    used 12371K, capacity 13440K, committed 13528K, reserved 1048576K
}
Event: 9151.059 GC heap before
{Heap before GC invocations=95 (full 4):
 PSYoungGen      total 206336K, used 193537K [0x00000000e0000000, 0x00000000ee000000, 0x0000000100000000)
  eden space 185344K, 100% used [0x00000000e0000000,0x00000000eb500000,0x00000000eb500000)
  from space 20992K, 39% used [0x00000000ecb80000,0x00000000ed3804e0,0x00000000ee000000)
  to   space 22016K, 0% used [0x00000000eb500000,0x00000000eb500000,0x00000000eca80000)
 ParOldGen       total 123392K, used 52667K [0x00000000a0000000, 0x00000000a7880000, 0x00000000e0000000)
  object space 123392K, 42% used [0x00000000a0000000,0x00000000a336ecd0,0x00000000a7880000)
 Metaspace       used 97359K, capacity 103894K, committed 104128K, reserved 1140736K
  class space    used 12372K, capacity 13440K, committed 13528K, reserved 1048576K
Event: 9151.105 GC heap after
Heap after GC invocations=95 (full 4):
 PSYoungGen      total 207360K, used 13761K [0x00000000e0000000, 0x00000000ee800000, 0x0000000100000000)
  eden space 185344K, 0% used [0x00000000e0000000,0x00000000e0000000,0x00000000eb500000)
  from space 22016K, 62% used [0x00000000eb500000,0x00000000ec270550,0x00000000eca80000)
  to   space 21504K, 0% used [0x00000000ed300000,0x00000000ed300000,0x00000000ee800000)
 ParOldGen       total 123392K, used 52699K [0x00000000a0000000, 0x00000000a7880000, 0x00000000e0000000)
  object space 123392K, 42% used [0x00000000a0000000,0x00000000a3376cd0,0x00000000a7880000)
 Metaspace       used 97359K, capacity 103894K, committed 104128K, reserved 1140736K
  class space    used 12372K, capacity 13440K, committed 13528K, reserved 1048576K
}
Event: 9921.099 GC heap before
{Heap before GC invocations=96 (full 4):
 PSYoungGen      total 207360K, used 199105K [0x00000000e0000000, 0x00000000ee800000, 0x0000000100000000)
  eden space 185344K, 100% used [0x00000000e0000000,0x00000000eb500000,0x00000000eb500000)
  from space 22016K, 62% used [0x00000000eb500000,0x00000000ec270550,0x00000000eca80000)
  to   space 21504K, 0% used [0x00000000ed300000,0x00000000ed300000,0x00000000ee800000)
 ParOldGen       total 123392K, used 52699K [0x00000000a0000000, 0x00000000a7880000, 0x00000000e0000000)
  object space 123392K, 42% used [0x00000000a0000000,0x00000000a3376cd0,0x00000000a7880000)
 Metaspace       used 97497K, capacity 104044K, committed 104128K, reserved 1140736K
  class space    used 12383K, capacity 13453K, committed 13528K, reserved 1048576K
Event: 9921.113 GC heap after
Heap after GC invocations=96 (full 4):
 PSYoungGen      total 211968K, used 6640K [0x00000000e0000000, 0x00000000ee600000, 0x0000000100000000)
  eden space 192512K, 0% used [0x00000000e0000000,0x00000000e0000000,0x00000000ebc00000)
  from space 19456K, 34% used [0x00000000ed300000,0x00000000ed97c010,0x00000000ee600000)
  to   space 21504K, 0% used [0x00000000ebc00000,0x00000000ebc00000,0x00000000ed100000)
 ParOldGen       total 123392K, used 52731K [0x00000000a0000000, 0x00000000a7880000, 0x00000000e0000000)
  object space 123392K, 42% used [0x00000000a0000000,0x00000000a337ecd0,0x00000000a7880000)
 Metaspace       used 97497K, capacity 104044K, committed 104128K, reserved 1140736K
  class space    used 12383K, capacity 13453K, committed 13528K, reserved 1048576K
}
Event: 10738.904 GC heap before
{Heap before GC invocations=97 (full 4):
 PSYoungGen      total 211968K, used 199147K [0x00000000e0000000, 0x00000000ee600000, 0x0000000100000000)
  eden space 192512K, 99% used [0x00000000e0000000,0x00000000ebbfee60,0x00000000ebc00000)
  from space 19456K, 34% used [0x00000000ed300000,0x00000000ed97c010,0x00000000ee600000)
  to   space 21504K, 0% used [0x00000000ebc00000,0x00000000ebc00000,0x00000000ed100000)
 ParOldGen       total 123392K, used 52731K [0x00000000a0000000, 0x00000000a7880000, 0x00000000e0000000)
  object space 123392K, 42% used [0x00000000a0000000,0x00000000a337ecd0,0x00000000a7880000)
 Metaspace       used 97528K, capacity 104116K, committed 104384K, reserved 1140736K
  class space    used 12386K, capacity 13455K, committed 13528K, reserved 1048576K
Event: 10739.345 GC heap after
Heap after GC invocations=97 (full 4):
 PSYoungGen      total 214016K, used 7280K [0x00000000e0000000, 0x00000000eec00000, 0x0000000100000000)
  eden space 192512K, 0% used [0x00000000e0000000,0x00000000e0000000,0x00000000ebc00000)
  from space 21504K, 33% used [0x00000000ebc00000,0x00000000ec31c030,0x00000000ed100000)
  to   space 21504K, 0% used [0x00000000ed700000,0x00000000ed700000,0x00000000eec00000)
 ParOldGen       total 123392K, used 52763K [0x00000000a0000000, 0x00000000a7880000, 0x00000000e0000000)
  object space 123392K, 42% used [0x00000000a0000000,0x00000000a3386cd0,0x00000000a7880000)
 Metaspace       used 97528K, capacity 104116K, committed 104384K, reserved 1140736K
  class space    used 12386K, capacity 13455K, committed 13528K, reserved 1048576K
}
Event: 10801.449 GC heap before
{Heap before GC invocations=98 (full 4):
 PSYoungGen      total 214016K, used 199792K [0x00000000e0000000, 0x00000000eec00000, 0x0000000100000000)
  eden space 192512K, 100% used [0x00000000e0000000,0x00000000ebc00000,0x00000000ebc00000)
  from space 21504K, 33% used [0x00000000ebc00000,0x00000000ec31c030,0x00000000ed100000)
  to   space 21504K, 0% used [0x00000000ed700000,0x00000000ed700000,0x00000000eec00000)
 ParOldGen       total 123392K, used 52763K [0x00000000a0000000, 0x00000000a7880000, 0x00000000e0000000)
  object space 123392K, 42% used [0x00000000a0000000,0x00000000a3386cd0,0x00000000a7880000)
 Metaspace       used 97568K, capacity 104210K, committed 104384K, reserved 1140736K
  class space    used 12389K, capacity 13460K, committed 13528K, reserved 1048576K
Event: 10801.583 GC heap after
Heap after GC invocations=98 (full 4):
 PSYoungGen      total 215552K, used 21502K [0x00000000e0000000, 0x00000000ef500000, 0x0000000100000000)
  eden space 194048K, 0% used [0x00000000e0000000,0x00000000e0000000,0x00000000ebd80000)
  from space 21504K, 99% used [0x00000000ed700000,0x00000000eebffbc8,0x00000000eec00000)
  to   space 26112K, 0% used [0x00000000ebd80000,0x00000000ebd80000,0x00000000ed700000)
 ParOldGen       total 123392K, used 58215K [0x00000000a0000000, 0x00000000a7880000, 0x00000000e0000000)
  object space 123392K, 47% used [0x00000000a0000000,0x00000000a38d9d00,0x00000000a7880000)
 Metaspace       used 97568K, capacity 104210K, committed 104384K, reserved 1140736K
  class space    used 12389K, capacity 13460K, committed 13528K, reserved 1048576K
}

Deoptimization events (10 events):
Event: 9922.033 Thread 0x000000001a928800 Uncommon trap: reason=class_check action=maybe_recompile pc=0x000000000567b1f0 method=com.sun.org.apache.xerces.internal.dom.ElementNSImpl.getNamespaceURI()Ljava/lang/String; @ 8
Event: 9922.033 Thread 0x000000001a928800 Uncommon trap: reason=class_check action=maybe_recompile pc=0x000000000567b1f0 method=com.sun.org.apache.xerces.internal.dom.ElementNSImpl.getNamespaceURI()Ljava/lang/String; @ 8
Event: 9922.033 Thread 0x000000001a928800 Uncommon trap: reason=predicate action=maybe_recompile pc=0x0000000006526ea8 method=com.android.ide.common.resources.DataFile.addItems(Ljava/lang/Iterable;)V @ 16
Event: 9922.813 Thread 0x000000001a927000 Uncommon trap: reason=unstable_if action=reinterpret pc=0x0000000003f1f758 method=org.gradle.internal.execution.history.changes.PreviousSuccessChanges.accept(Lorg/gradle/internal/execution/history/changes/ChangeVisitor;)Z @ 4
Event: 9922.942 Thread 0x000000001a927000 Uncommon trap: reason=unstable_if action=reinterpret pc=0x0000000004ce9264 method=java.lang.ref.SoftReference.get()Ljava/lang/Object; @ 6
Event: 9925.735 Thread 0x000000001a927000 Uncommon trap: reason=class_check action=maybe_recompile pc=0x00000000039a5ed0 method=java.util.Formatter$FixedString.print(Ljava/lang/Object;Ljava/util/Locale;)V @ 11
Event: 9925.735 Thread 0x000000001a927000 Uncommon trap: reason=class_check action=maybe_recompile pc=0x00000000039a5ed0 method=java.util.Formatter$FixedString.print(Ljava/lang/Object;Ljava/util/Locale;)V @ 11
Event: 9925.736 Thread 0x000000001a927000 Uncommon trap: reason=unstable_if action=reinterpret pc=0x0000000002e14e74 method=org.gradle.execution.plan.DefaultExecutionPlan.nodeComplete(Lorg/gradle/execution/plan/Node;)V @ 15
Event: 9925.741 Thread 0x000000001a927000 Uncommon trap: reason=bimorphic action=maybe_recompile pc=0x000000000687bd94 method=org.gradle.internal.logging.text.AbstractLineChoppingStyledTextOutput$StateContext.flushLineText()V @ 110
Event: 9925.742 Thread 0x000000001a927000 Uncommon trap: reason=bimorphic action=maybe_recompile pc=0x000000000687bd94 method=org.gradle.internal.logging.text.AbstractLineChoppingStyledTextOutput$StateContext.flushLineText()V @ 110

Classes redefined (0 events):
No events

Internal exceptions (10 events):
Event: 9151.135 Thread 0x0000000027011800 Exception <a 'sun/nio/fs/WindowsException'> (0x00000000e00ee0d8) thrown at [D:\src\AOSP-openjdk-cygwin\jdk8u\hotspot\src\share\vm\prims\jni.cpp, line 710]
Event: 9880.661 Thread 0x0000000027014800 Exception <a 'java/io/IOException'> (0x00000000e7f93d58) thrown at [D:\src\AOSP-openjdk-cygwin\jdk8u\hotspot\src\share\vm\prims\jni.cpp, line 710]
Event: 9880.924 Thread 0x000000001a921800 Exception <a 'java/lang/NoSuchMethodError': <clinit>> (0x00000000e7550898) thrown at [D:\src\AOSP-openjdk-cygwin\jdk8u\hotspot\src\share\vm\prims\jni.cpp, line 1614]
Event: 9880.931 Thread 0x000000001a921800 Exception <a 'java/lang/NoSuchMethodError': <clinit>> (0x00000000e8256470) thrown at [D:\src\AOSP-openjdk-cygwin\jdk8u\hotspot\src\share\vm\prims\jni.cpp, line 1614]
Event: 9880.967 Thread 0x000000001a927000 Exception <a 'sun/nio/fs/WindowsException'> (0x00000000e8283408) thrown at [D:\src\AOSP-openjdk-cygwin\jdk8u\hotspot\src\share\vm\prims\jni.cpp, line 710]
Event: 9922.942 Thread 0x000000001a927000 Implicit null exception at 0x0000000004ce3ac4 to 0x0000000004ce923f
Event: 9925.725 Thread 0x000000001a923000 Exception <a 'java/io/IOException'> (0x00000000e64c01a8) thrown at [D:\src\AOSP-openjdk-cygwin\jdk8u\hotspot\src\share\vm\prims\jni.cpp, line 710]
Event: 9925.740 Thread 0x000000001a927000 Exception <a 'sun/nio/fs/WindowsException'> (0x00000000e66de870) thrown at [D:\src\AOSP-openjdk-cygwin\jdk8u\hotspot\src\share\vm\prims\jni.cpp, line 710]
Event: 10788.108 Thread 0x0000000027015800 Exception <a 'sun/nio/fs/WindowsException'> (0x00000000e1e85850) thrown at [D:\src\AOSP-openjdk-cygwin\jdk8u\hotspot\src\share\vm\prims\jni.cpp, line 710]
Event: 10788.108 Thread 0x0000000027015800 Exception <a 'sun/nio/fs/WindowsException'> (0x00000000e1e85cf8) thrown at [D:\src\AOSP-openjdk-cygwin\jdk8u\hotspot\src\share\vm\prims\jni.cpp, line 710]

Events (10 events):
Event: 10801.585 Executing VM operation: RevokeBias done
Event: 10801.644 Thread 0x0000000027016000 DEOPT PACKING pc=0x000000000490b712 sp=0x000000007a11d9a0
Event: 10801.655 Thread 0x0000000027016000 DEOPT UNPACKING pc=0x00000000029475d0 sp=0x000000007a11d760 mode 0
Event: 10801.674 Thread 0x000000001627a000 flushing nmethod 0x0000000002b51b50
Event: 10801.674 Thread 0x000000001627a000 flushing nmethod 0x0000000002b52990
Event: 10801.678 Thread 0x000000001627a000 flushing nmethod 0x0000000002d0ca10
Event: 10801.680 Thread 0x000000001627a000 flushing nmethod 0x0000000002eabe50
Event: 10801.696 Thread 0x000000001627a000 flushing nmethod 0x0000000002fad7d0
Event: 10801.709 Thread 0x0000000027016000 DEOPT PACKING pc=0x0000000004851d62 sp=0x000000007a11d4a0
Event: 10801.709 Thread 0x0000000027016000 DEOPT UNPACKING pc=0x00000000029475d0 sp=0x000000007a11d388 mode 0


Dynamic libraries:
0x00007ff7bf710000 - 0x00007ff7bf741000 	C:\Program Files\Android\Android Studio\jre\bin\java.exe
0x00007ff8df110000 - 0x00007ff8df2fd000 	C:\WINDOWS\SYSTEM32\ntdll.dll
0x00007ff8d17f0000 - 0x00007ff8d1803000 	C:\Program Files\AVG\Antivirus\aswhook.dll
0x00007ff8deb10000 - 0x00007ff8debc3000 	C:\WINDOWS\System32\KERNEL32.DLL
0x00007ff8dbf10000 - 0x00007ff8dc1a3000 	C:\WINDOWS\System32\KERNELBASE.dll
0x00007ff8deef0000 - 0x00007ff8def93000 	C:\WINDOWS\System32\ADVAPI32.dll
0x00007ff8dc8f0000 - 0x00007ff8dc98e000 	C:\WINDOWS\System32\msvcrt.dll
0x00007ff8dcf70000 - 0x00007ff8dd00e000 	C:\WINDOWS\System32\sechost.dll
0x00007ff8dd1d0000 - 0x00007ff8dd2f2000 	C:\WINDOWS\System32\RPCRT4.dll
0x00007ff8dd470000 - 0x00007ff8dd607000 	C:\WINDOWS\System32\USER32.dll
0x00007ff8db370000 - 0x00007ff8db390000 	C:\WINDOWS\System32\win32u.dll
0x00007ff8dee10000 - 0x00007ff8dee39000 	C:\WINDOWS\System32\GDI32.dll
0x00007ff8dbb90000 - 0x00007ff8dbd29000 	C:\WINDOWS\System32\gdi32full.dll
0x00007ff8db2b0000 - 0x00007ff8db350000 	C:\WINDOWS\System32\msvcp_win.dll
0x00007ff8dc230000 - 0x00007ff8dc32a000 	C:\WINDOWS\System32\ucrtbase.dll
0x00007ff8c68c0000 - 0x00007ff8c6b39000 	C:\WINDOWS\WinSxS\amd64_microsoft.windows.common-controls_6595b64144ccf1df_6.0.17763.973_none_05b245900721eb81\COMCTL32.dll
0x00007ff8dc5b0000 - 0x00007ff8dc8dc000 	C:\WINDOWS\System32\combase.dll
0x00007ff8dc1b0000 - 0x00007ff8dc22e000 	C:\WINDOWS\System32\bcryptPrimitives.dll
0x00007ff8df000000 - 0x00007ff8df02e000 	C:\WINDOWS\System32\IMM32.DLL
0x00000000507c0000 - 0x0000000050892000 	C:\Program Files\Android\Android Studio\jre\jre\bin\msvcr100.dll
0x00000000509d0000 - 0x0000000051216000 	C:\Program Files\Android\Android Studio\jre\jre\bin\server\jvm.dll
0x00007ff8dc8e0000 - 0x00007ff8dc8e8000 	C:\WINDOWS\System32\PSAPI.DLL
0x00007ff8cd1a0000 - 0x00007ff8cd1a9000 	C:\WINDOWS\SYSTEM32\WSOCK32.dll
0x00007ff8dec30000 - 0x00007ff8dec9d000 	C:\WINDOWS\System32\WS2_32.dll
0x00007ff8d9250000 - 0x00007ff8d9274000 	C:\WINDOWS\SYSTEM32\WINMM.dll
0x00007ff8d28f0000 - 0x00007ff8d28fa000 	C:\WINDOWS\SYSTEM32\VERSION.dll
0x00007ff8d9220000 - 0x00007ff8d924d000 	C:\WINDOWS\SYSTEM32\WINMMBASE.dll
0x00007ff8dbb40000 - 0x00007ff8dbb8a000 	C:\WINDOWS\System32\cfgmgr32.dll
0x00007ff8d18e0000 - 0x00007ff8d18ef000 	C:\Program Files\Android\Android Studio\jre\jre\bin\verify.dll
0x00007ff8ceac0000 - 0x00007ff8ceae9000 	C:\Program Files\Android\Android Studio\jre\jre\bin\java.dll
0x00007ff8cf430000 - 0x00007ff8cf446000 	C:\Program Files\Android\Android Studio\jre\jre\bin\zip.dll
0x00007ff8dd610000 - 0x00007ff8deb04000 	C:\WINDOWS\System32\SHELL32.dll
0x00007ff8dee40000 - 0x00007ff8deee8000 	C:\WINDOWS\System32\shcore.dll
0x00007ff8db3f0000 - 0x00007ff8dbb3d000 	C:\WINDOWS\System32\windows.storage.dll
0x00007ff8db120000 - 0x00007ff8db144000 	C:\WINDOWS\System32\profapi.dll
0x00007ff8db170000 - 0x00007ff8db1cd000 	C:\WINDOWS\System32\powrprof.dll
0x00007ff8dd070000 - 0x00007ff8dd0c2000 	C:\WINDOWS\System32\shlwapi.dll
0x00007ff8db150000 - 0x00007ff8db161000 	C:\WINDOWS\System32\kernel.appcore.dll
0x00007ff8db350000 - 0x00007ff8db367000 	C:\WINDOWS\System32\cryptsp.dll
0x00007ff8cde60000 - 0x00007ff8cde7a000 	C:\Program Files\Android\Android Studio\jre\jre\bin\net.dll
0x00007ff8cf5f0000 - 0x00007ff8cf7c7000 	C:\WINDOWS\SYSTEM32\urlmon.dll
0x00007ff8cf980000 - 0x00007ff8cfc28000 	C:\WINDOWS\SYSTEM32\iertutil.dll
0x00007ff8daae0000 - 0x00007ff8daaec000 	C:\WINDOWS\SYSTEM32\CRYPTBASE.DLL
0x00007ff8da910000 - 0x00007ff8da977000 	C:\WINDOWS\system32\mswsock.dll
0x00007ff8ca650000 - 0x00007ff8ca663000 	C:\Program Files\Android\Android Studio\jre\jre\bin\nio.dll
0x00007ff8c4670000 - 0x00007ff8c4696000 	C:\Users\basker\.gradle\native\30\windows-amd64\native-platform.dll
0x00007ff8cf4c0000 - 0x00007ff8cf4cd000 	C:\Program Files\Android\Android Studio\jre\jre\bin\management.dll
0x00007ff8da490000 - 0x00007ff8da4c3000 	C:\WINDOWS\system32\rsaenh.dll
0x00007ff8db1d0000 - 0x00007ff8db1f6000 	C:\WINDOWS\System32\bcrypt.dll
0x00007ff8db000000 - 0x00007ff8db028000 	C:\WINDOWS\SYSTEM32\USERENV.dll
0x00007ff8da630000 - 0x00007ff8da66d000 	C:\WINDOWS\SYSTEM32\IPHLPAPI.DLL
0x00007ff8dd440000 - 0x00007ff8dd448000 	C:\WINDOWS\System32\NSI.dll
0x00007ff8d4770000 - 0x00007ff8d4786000 	C:\WINDOWS\SYSTEM32\dhcpcsvc6.DLL
0x00007ff8d47d0000 - 0x00007ff8d47ec000 	C:\WINDOWS\SYSTEM32\dhcpcsvc.DLL
0x00007ff8da670000 - 0x00007ff8da736000 	C:\WINDOWS\SYSTEM32\DNSAPI.dll
0x00007ff8be740000 - 0x00007ff8be764000 	C:\Program Files\Android\Android Studio\jre\jre\bin\sunec.dll
0x00007ff8cd960000 - 0x00007ff8cd96a000 	C:\Windows\System32\rasadhlp.dll
0x00007ff8cdfd0000 - 0x00007ff8ce049000 	C:\WINDOWS\System32\fwpuclnt.dll
0x00007ff8cf530000 - 0x00007ff8cf53b000 	C:\Program Files\Android\Android Studio\jre\jre\bin\sunmscapi.dll
0x00007ff8dbd30000 - 0x00007ff8dbf0c000 	C:\WINDOWS\System32\CRYPT32.dll
0x00007ff8db100000 - 0x00007ff8db112000 	C:\WINDOWS\System32\MSASN1.dll

VM Arguments:
jvm_args: -Xmx1536m -Dfile.encoding=windows-1252 -Duser.country=US -Duser.language=en -Duser.variant 
java_command: org.gradle.launcher.daemon.bootstrap.GradleDaemon 5.6.4
java_class_path (initial): C:\Users\basker\.gradle\wrapper\dists\gradle-5.6.4-all\ankdp27end7byghfw1q2sw75f\gradle-5.6.4\lib\gradle-launcher-5.6.4.jar
Launcher Type: SUN_STANDARD

Environment Variables:
PATH=C:\Program Files (x86)\Common Files\Oracle\Java\javapath;C:\Program Files (x86)\NVIDIA Corporation\PhysX\Common;C:\Program Files (x86)\Intel\iCLS Client\;C:\Program Files\Intel\iCLS Client\;C:\WINDOWS\system32;C:\WINDOWS;C:\WINDOWS\System32\Wbem;C:\WINDOWS\System32\WindowsPowerShell\v1.0\;C:\Program Files\Intel\Intel(R) Management Engine Components\DAL;C:\Program Files\Intel\Intel(R) Management Engine Components\IPT;C:\Program Files (x86)\Intel\Intel(R) Management Engine Components\DAL;C:\Program Files (x86)\Intel\Intel(R) Management Engine Components\IPT;C:\Program Files (x86)\Intel\OpenCL SDK\2.0\bin\x86;C:\Program Files (x86)\Intel\OpenCL SDK\2.0\bin\x64;C:\Program Files\Lenovo\Bluetooth Software\;C:\Program Files\Lenovo\Bluetooth Software\syswow64;C:\WINDOWS\System32\OpenSSH\;C:\Program Files\nodejs\;C:\Users\basker\AppData\Local\Android\Sdk\platforms;C:\Users\basker\AppData\Local\Android\Sdk\platform-tools;C:\Users\basker\.gradle\wrapper\dists\gradle-5.6.4-all\ankdp27end7byghfw1q2sw75f\gradle-5.6.4\bin;C:\Program Files\Git\cmd;C:\Program Files\MySQL\MySQL Shell 8.0\bin\;C:\Users\basker\AppData\Local\Microsoft\WindowsApps;C:\Users\basker\AppData\Roaming\npm;C:\Users\basker\AppData\Local\Programs\Microsoft VS Code\bin;C:\Users\basker\.gradle\wrapper\dists\gradle-5.6.4-all\ankdp27end7byghfw1q2sw75f\gradle-5.6.4\bin;
USERNAME=basker
OS=Windows_NT
PROCESSOR_IDENTIFIER=Intel64 Family 6 Model 58 Stepping 9, GenuineIntel



---------------  S Y S T E M  ---------------

OS: Windows 10.0 , 64 bit Build 17763 (10.0.17763.475)

CPU:total 4 (initial active 4) (2 cores per cpu, 2 threads per core) family 6 model 58 stepping 9, cmov, cx8, fxsr, mmx, sse, sse2, sse3, ssse3, sse4.1, sse4.2, popcnt, avx, aes, clmul, erms, ht, tsc, tscinvbit, tscinv

Memory: 4k page, physical 4056852k(513364k free), swap 5481236k(4364k free)

vm_info: OpenJDK 64-Bit Server VM (25.212-b04) for windows-amd64 JRE (1.8.0_212-release-1586-b04), built by "builder" with MS VC++ 10.0 (VS2010)

time: Sun Jul 26 14:49:01 2020
timezone: India Standard Time
elapsed time: 10802 seconds (0d 3h 0m 2s)

