#
# There is insufficient memory for the Java Runtime Environment to continue.
# Native memory allocation (malloc) failed to allocate 1094896 bytes for Chunk::new
# Possible reasons:
#   The system is out of physical RAM or swap space
#   The process is running with CompressedOops enabled, and the Java Heap may be blocking the growth of the native heap
# Possible solutions:
#   Reduce memory load on the system
#   Increase physical memory or swap space
#   Check if swap backing store is full
#   Decrease Java heap size (-Xmx/-Xms)
#   Decrease number of Java threads
#   Decrease Java thread stack sizes (-Xss)
#   Set larger code cache with -XX:ReservedCodeCacheSize=
#   JVM is running with Unscaled Compressed Oops mode in which the Java heap is
#     placed in the first 4GB address space. The Java Heap base address is the
#     maximum limit for the native heap growth. Please use -XX:HeapBaseMinAddress
#     to set the Java Heap base and to place the Java Heap above 4GB virtual address.
# This output file may be truncated or incomplete.
#
#  Out of Memory Error (allocation.cpp:389), pid=8172, tid=0x0000000000001c64
#
# JRE version: OpenJDK Runtime Environment (8.0_212-b04) (build 1.8.0_212-release-1586-b04)
# Java VM: OpenJDK 64-Bit Server VM (25.212-b04 mixed mode windows-amd64 compressed oops)
# Failed to write core dump. Minidumps are not enabled by default on client versions of Windows
#

---------------  T H R E A D  ---------------

Current thread (0x0000000015d3a800):  JavaThread "C2 CompilerThread1" daemon [_thread_in_native, id=7268, stack(0x00000000174a0000,0x00000000175a0000)]

Stack: [0x00000000174a0000,0x00000000175a0000]
[error occurred during error reporting (printing stack bounds), id 0xc0000005]

Native frames: (J=compiled Java code, j=interpreted, Vv=VM code, C=native code)


Current CompileTask:
C2:2678857 23040       4       com.android.ide.common.resources.NodeUtils::duplicateNode (315 bytes)


---------------  P R O C E S S  ---------------

Java Threads: ( => current thread )
  0x0000000020277000 JavaThread "MarlinRenderer Disposer" daemon [_thread_blocked, id=7520, stack(0x0000000029830000,0x0000000029930000)]
  0x0000000020272800 JavaThread "Java2D Disposer" daemon [_thread_blocked, id=5508, stack(0x0000000028f30000,0x0000000029030000)]
  0x0000000020271000 JavaThread "WorkerExecutor Queue Thread 5" [_thread_blocked, id=2328, stack(0x0000000028e30000,0x0000000028f30000)]
  0x000000001d2fe000 JavaThread "WorkerExecutor Queue Thread 4" [_thread_blocked, id=5856, stack(0x0000000023620000,0x0000000023720000)]
  0x000000001d2fd800 JavaThread "WorkerExecutor Queue Thread 3" [_thread_blocked, id=9136, stack(0x00000000232b0000,0x00000000233b0000)]
  0x000000001d300800 JavaThread "WorkerExecutor Queue Thread 2" [_thread_blocked, id=5556, stack(0x00000000231b0000,0x00000000232b0000)]
  0x000000001d2ff800 JavaThread "WorkerExecutor Queue" [_thread_blocked, id=1216, stack(0x0000000022eb0000,0x0000000022fb0000)]
  0x000000001d2f3800 JavaThread "Cache worker for execution history cache (C:\Users\basker\Desktop\supermarket\.gradle\5.6.4\executionHistory)" [_thread_blocked, id=8544, stack(0x0000000022db0000,0x0000000022eb0000)]
  0x000000001d2fa800 JavaThread "Execution worker for ':' Thread 3" [_thread_blocked, id=7756, stack(0x0000000022cb0000,0x0000000022db0000)]
  0x000000001d2f6800 JavaThread "Execution worker for ':' Thread 2" [_thread_in_native, id=9244, stack(0x0000000022bb0000,0x0000000022cb0000)]
  0x000000001d2f6000 JavaThread "Execution worker for ':'" [_thread_blocked, id=8964, stack(0x0000000022ab0000,0x0000000022bb0000)]
  0x000000001d2f9000 JavaThread "Cache worker for file content cache (C:\Users\basker\Desktop\supermarket\.gradle\5.6.4\fileContent)" [_thread_blocked, id=1124, stack(0x00000000229b0000,0x0000000022ab0000)]
  0x000000001d2f5000 JavaThread "Cache worker for Build Output Cleanup Cache (C:\Users\basker\Desktop\supermarket\.gradle\buildOutputCleanup)" [_thread_blocked, id=2832, stack(0x00000000224b0000,0x00000000225b0000)]
  0x000000001832b000 JavaThread "Build operations Thread 4" [_thread_blocked, id=8496, stack(0x0000000021d40000,0x0000000021e40000)]
  0x000000001832c800 JavaThread "Build operations Thread 3" [_thread_blocked, id=864, stack(0x0000000021a40000,0x0000000021b40000)]
  0x000000001832a800 JavaThread "Build operations Thread 2" [_thread_blocked, id=232, stack(0x00000000203c0000,0x00000000204c0000)]
  0x0000000018327800 JavaThread "Build operations" [_thread_blocked, id=9256, stack(0x000000001f230000,0x000000001f330000)]
  0x0000000018329800 JavaThread "Cache worker for cache directory md-rule (C:\Users\basker\.gradle\caches\5.6.4\md-rule)" [_thread_blocked, id=3816, stack(0x000000001f130000,0x000000001f230000)]
  0x0000000018329000 JavaThread "Cache worker for cache directory md-supplier (C:\Users\basker\.gradle\caches\5.6.4\md-supplier)" [_thread_blocked, id=3692, stack(0x000000001f030000,0x000000001f130000)]
  0x000000001831f000 JavaThread "Cache worker for file hash cache (C:\Users\basker\Desktop\supermarket\.gradle\5.6.4\fileHashes)" [_thread_blocked, id=2100, stack(0x000000001cf90000,0x000000001d090000)]
  0x0000000018321800 JavaThread "Thread-107" [_thread_blocked, id=2444, stack(0x000000001ce90000,0x000000001cf90000)]
  0x0000000018322000 JavaThread "Stdin handler" [_thread_blocked, id=9336, stack(0x000000001b5c0000,0x000000001b6c0000)]
  0x0000000018326000 JavaThread "Asynchronous log dispatcher for DefaultDaemonConnection: socket connection from /127.0.0.1:54325 to /127.0.0.1:54520" [_thread_blocked, id=8548, stack(0x000000001b3c0000,0x000000001b4c0000)]
  0x0000000018325000 JavaThread "Cancel handler" [_thread_blocked, id=5448, stack(0x000000001b1c0000,0x000000001b2c0000)]
  0x0000000018324800 JavaThread "Handler for socket connection from /127.0.0.1:54325 to /127.0.0.1:54520" [_thread_in_native, id=7852, stack(0x000000001aec0000,0x000000001afc0000)]
  0x0000000020273000 JavaThread "Daemon worker Thread 4" [_thread_blocked, id=9716, stack(0x000000001b2c0000,0x000000001b3c0000)]
  0x0000000020276000 JavaThread "Daemon Thread 4" [_thread_blocked, id=9120, stack(0x000000001adc0000,0x000000001aec0000)]
  0x000000001d2f4800 JavaThread "Cache worker for Java compile cache (C:\Users\basker\.gradle\caches\5.6.4\javaCompile)" [_thread_blocked, id=8016, stack(0x000000001b4c0000,0x000000001b5c0000)]
  0x000000001832d800 JavaThread "Cache worker for file content cache (C:\Users\basker\.gradle\caches\5.6.4\fileContent)" [_thread_blocked, id=7844, stack(0x00000000216c0000,0x00000000217c0000)]
  0x000000001832e000 JavaThread "Memory manager" [_thread_blocked, id=4752, stack(0x0000000020fa0000,0x00000000210a0000)]
  0x0000000018323000 JavaThread "Cache worker for execution history cache (C:\Users\basker\.gradle\caches\5.6.4\executionHistory)" [_thread_blocked, id=5444, stack(0x000000001ef30000,0x000000001f030000)]
  0x0000000015d40000 JavaThread "Cache worker for journal cache (C:\Users\basker\.gradle\caches\journal-1)" [_thread_blocked, id=2092, stack(0x000000001bac0000,0x000000001bbc0000)]
  0x0000000015d3a000 JavaThread "File lock request listener" [_thread_in_native, id=9532, stack(0x000000001b9c0000,0x000000001bac0000)]
  0x0000000015d3c800 JavaThread "Cache worker for file hash cache (C:\Users\basker\.gradle\caches\5.6.4\fileHashes)" [_thread_blocked, id=6432, stack(0x000000001b8c0000,0x000000001b9c0000)]
  0x00000000189f7000 JavaThread "Daemon periodic checks" [_thread_blocked, id=8260, stack(0x000000001acc0000,0x000000001adc0000)]
  0x00000000189fc800 JavaThread "Incoming local TCP Connector on port 54325" [_thread_in_native, id=540, stack(0x000000001aa80000,0x000000001ab80000)]
  0x00000000194a0000 JavaThread "Daemon health stats" [_thread_blocked, id=1420, stack(0x000000001a440000,0x000000001a540000)]
  0x0000000015d34000 JavaThread "Service Thread" daemon [_thread_blocked, id=6492, stack(0x0000000017aa0000,0x0000000017ba0000)]
  0x0000000015d3e800 JavaThread "C1 CompilerThread2" daemon [_thread_blocked, id=2340, stack(0x00000000175a0000,0x00000000176a0000)]
=>0x0000000015d3a800 JavaThread "C2 CompilerThread1" daemon [_thread_in_native, id=7268, stack(0x00000000174a0000,0x00000000175a0000)]
  0x0000000015d29000 JavaThread "C2 CompilerThread0" daemon [_thread_blocked, id=2980, stack(0x00000000173a0000,0x00000000174a0000)]
  0x0000000015d36800 JavaThread "Attach Listener" daemon [_thread_blocked, id=3660, stack(0x00000000172a0000,0x00000000173a0000)]
  0x0000000015d35800 JavaThread "Signal Dispatcher" daemon [_thread_blocked, id=2136, stack(0x00000000171a0000,0x00000000172a0000)]
  0x00000000023bb800 JavaThread "Finalizer" daemon [_thread_blocked, id=2032, stack(0x0000000016fa0000,0x00000000170a0000)]
  0x0000000015d19000 JavaThread "Reference Handler" daemon [_thread_blocked, id=7812, stack(0x0000000016ea0000,0x0000000016fa0000)]
  0x00000000022be000 JavaThread "main" [_thread_blocked, id=9576, stack(0x0000000002110000,0x0000000002210000)]

Other Threads:
  0x0000000015cf6800 VMThread [stack: 0x0000000016da0000,0x0000000016ea0000] [id=4584]
  0x0000000015d8e800 WatcherThread [stack: 0x0000000017ba0000,0x0000000017ca0000] [id=5464]

VM state:not at safepoint (normal execution)

VM Mutex/Monitor currently owned by a thread: None

OutOfMemory and StackOverflow Exception counts:
OutOfMemoryError java_heap_errors=6

heap address: 0x00000000a0000000, size: 1536 MB, Compressed Oops mode: 32-bit
Narrow klass base: 0x0000000000000000, Narrow klass shift: 3
Compressed class space size: 1073741824 Address: 0x0000000100000000

Heap:
 PSYoungGen      total 252416K, used 171506K [0x00000000e0000000, 0x00000000f5000000, 0x0000000100000000)
  eden space 174592K, 83% used [0x00000000e0000000,0x00000000e8e68ab0,0x00000000eaa80000)
  from space 77824K, 32% used [0x00000000eaa80000,0x00000000ec3940b0,0x00000000ef680000)
  to   space 74752K, 0% used [0x00000000f0700000,0x00000000f0700000,0x00000000f5000000)
 ParOldGen       total 248320K, used 196900K [0x00000000a0000000, 0x00000000af280000, 0x00000000e0000000)
  object space 248320K, 79% used [0x00000000a0000000,0x00000000ac0493a0,0x00000000af280000)
 Metaspace       used 93565K, capacity 97464K, committed 97664K, reserved 1134592K
  class space    used 11849K, capacity 12611K, committed 12672K, reserved 1048576K

Card table byte_map: [0x0000000011780000,0x0000000011a90000] byte_map_base: 0x0000000011280000

Marking Bits: (ParMarkBitMap*) 0x0000000055c09f30
 Begin Bits: [0x0000000012090000, 0x0000000013890000)
 End Bits:   [0x0000000013890000, 0x0000000015090000)

Polling page: 0x00000000007e0000

CodeCache: size=245760Kb used=63389Kb max_used=63389Kb free=182370Kb
 bounds [0x00000000023c0000, 0x00000000061f0000, 0x00000000113c0000]
 total_blobs=19083 nmethods=18097 adapters=895
 compilation: enabled

Compilation events (10 events):
Event: 2678.739 Thread 0x0000000015d3e800 23060       3       com.android.build.gradle.internal.aapt.WorkerExecutorResourceCompilationService::getExtension (29 bytes)
Event: 2678.739 Thread 0x0000000015d3e800 nmethod 23060 0x00000000061ecb90 code [0x00000000061ecd80, 0x00000000061ed248]
Event: 2678.754 Thread 0x0000000015d3e800 23061       3       kotlin.comparisons.ComparisonsKt__ComparisonsKt$compareBy$1::compare (10 bytes)
Event: 2678.755 Thread 0x0000000015d3e800 nmethod 23061 0x00000000061c9fd0 code [0x00000000061ca140, 0x00000000061ca328]
Event: 2678.755 Thread 0x0000000015d3e800 23062       3       kotlin.comparisons.ComparisonsKt__ComparisonsKt::access$compareValuesByImpl (7 bytes)
Event: 2678.755 Thread 0x0000000015d3e800 nmethod 23062 0x00000000061ed4d0 code [0x00000000061ed640, 0x00000000061ed7a8]
Event: 2678.755 Thread 0x0000000015d3e800 23063       3       java.lang.Long::compareTo (9 bytes)
Event: 2678.756 Thread 0x0000000015d3e800 nmethod 23063 0x00000000061ed850 code [0x00000000061ed9c0, 0x00000000061ede10]
Event: 2678.784 Thread 0x0000000015d3e800 23064       3       kotlin.comparisons.ComparisonsKt__ComparisonsKt::compareValuesByImpl$ComparisonsKt__ComparisonsKt (73 bytes)
Event: 2678.785 Thread 0x0000000015d3e800 nmethod 23064 0x00000000061edf50 code [0x00000000061ee120, 0x00000000061ee908]

GC Heap History (10 events):
Event: 2425.109 GC heap before
{Heap before GC invocations=46 (full 5):
 PSYoungGen      total 197120K, used 179938K [0x00000000e0000000, 0x00000000ef780000, 0x0000000100000000)
  eden space 145920K, 100% used [0x00000000e0000000,0x00000000e8e80000,0x00000000e8e80000)
  from space 51200K, 66% used [0x00000000ec280000,0x00000000ee3b8b00,0x00000000ef480000)
  to   space 53248K, 0% used [0x00000000e8e80000,0x00000000e8e80000,0x00000000ec280000)
 ParOldGen       total 248320K, used 142359K [0x00000000a0000000, 0x00000000af280000, 0x00000000e0000000)
  object space 248320K, 57% used [0x00000000a0000000,0x00000000a8b05e18,0x00000000af280000)
 Metaspace       used 89209K, capacity 92686K, committed 92928K, reserved 1130496K
  class space    used 11476K, capacity 12182K, committed 12288K, reserved 1048576K
Event: 2425.311 GC heap after
Heap after GC invocations=46 (full 5):
 PSYoungGen      total 199168K, used 53231K [0x00000000e0000000, 0x00000000f3100000, 0x0000000100000000)
  eden space 145920K, 0% used [0x00000000e0000000,0x00000000e0000000,0x00000000e8e80000)
  from space 53248K, 99% used [0x00000000e8e80000,0x00000000ec27bdd0,0x00000000ec280000)
  to   space 72704K, 0% used [0x00000000eea00000,0x00000000eea00000,0x00000000f3100000)
 ParOldGen       total 248320K, used 171236K [0x00000000a0000000, 0x00000000af280000, 0x00000000e0000000)
  object space 248320K, 68% used [0x00000000a0000000,0x00000000aa7391e8,0x00000000af280000)
 Metaspace       used 89209K, capacity 92686K, committed 92928K, reserved 1130496K
  class space    used 11476K, capacity 12182K, committed 12288K, reserved 1048576K
}
Event: 2426.894 GC heap before
{Heap before GC invocations=47 (full 5):
 PSYoungGen      total 199168K, used 191140K [0x00000000e0000000, 0x00000000f3100000, 0x0000000100000000)
  eden space 145920K, 94% used [0x00000000e0000000,0x00000000e86ad2f0,0x00000000e8e80000)
  from space 53248K, 99% used [0x00000000e8e80000,0x00000000ec27bdd0,0x00000000ec280000)
  to   space 72704K, 0% used [0x00000000eea00000,0x00000000eea00000,0x00000000f3100000)
 ParOldGen       total 248320K, used 171236K [0x00000000a0000000, 0x00000000af280000, 0x00000000e0000000)
  object space 248320K, 68% used [0x00000000a0000000,0x00000000aa7391e8,0x00000000af280000)
 Metaspace       used 89215K, capacity 92686K, committed 92928K, reserved 1130496K
  class space    used 11476K, capacity 12182K, committed 12288K, reserved 1048576K
Event: 2427.026 GC heap after
Heap after GC invocations=47 (full 5):
 PSYoungGen      total 228352K, used 70172K [0x00000000e0000000, 0x00000000f4800000, 0x0000000100000000)
  eden space 155648K, 0% used [0x00000000e0000000,0x00000000e0000000,0x00000000e9800000)
  from space 72704K, 96% used [0x00000000eea00000,0x00000000f2e87190,0x00000000f3100000)
  to   space 83968K, 0% used [0x00000000e9800000,0x00000000e9800000,0x00000000eea00000)
 ParOldGen       total 248320K, used 172441K [0x00000000a0000000, 0x00000000af280000, 0x00000000e0000000)
  object space 248320K, 69% used [0x00000000a0000000,0x00000000aa866598,0x00000000af280000)
 Metaspace       used 89215K, capacity 92686K, committed 92928K, reserved 1130496K
  class space    used 11476K, capacity 12182K, committed 12288K, reserved 1048576K
}
Event: 2574.100 GC heap before
{Heap before GC invocations=48 (full 5):
 PSYoungGen      total 228352K, used 225820K [0x00000000e0000000, 0x00000000f4800000, 0x0000000100000000)
  eden space 155648K, 100% used [0x00000000e0000000,0x00000000e9800000,0x00000000e9800000)
  from space 72704K, 96% used [0x00000000eea00000,0x00000000f2e87190,0x00000000f3100000)
  to   space 83968K, 0% used [0x00000000e9800000,0x00000000e9800000,0x00000000eea00000)
 ParOldGen       total 248320K, used 172441K [0x00000000a0000000, 0x00000000af280000, 0x00000000e0000000)
  object space 248320K, 69% used [0x00000000a0000000,0x00000000aa866598,0x00000000af280000)
 Metaspace       used 89775K, capacity 93492K, committed 93696K, reserved 1130496K
  class space    used 11532K, capacity 12279K, committed 12288K, reserved 1048576K
Event: 2574.196 GC heap after
Heap after GC invocations=48 (full 5):
 PSYoungGen      total 239616K, used 37925K [0x00000000e0000000, 0x00000000f4b00000, 0x0000000100000000)
  eden space 155648K, 0% used [0x00000000e0000000,0x00000000e0000000,0x00000000e9800000)
  from space 83968K, 45% used [0x00000000e9800000,0x00000000ebd094d0,0x00000000eea00000)
  to   space 80896K, 0% used [0x00000000efc00000,0x00000000efc00000,0x00000000f4b00000)
 ParOldGen       total 248320K, used 174741K [0x00000000a0000000, 0x00000000af280000, 0x00000000e0000000)
  object space 248320K, 70% used [0x00000000a0000000,0x00000000aaaa5770,0x00000000af280000)
 Metaspace       used 89775K, capacity 93492K, committed 93696K, reserved 1130496K
  class space    used 11532K, capacity 12279K, committed 12288K, reserved 1048576K
}
Event: 2663.630 GC heap before
{Heap before GC invocations=49 (full 5):
 PSYoungGen      total 239616K, used 193573K [0x00000000e0000000, 0x00000000f4b00000, 0x0000000100000000)
  eden space 155648K, 100% used [0x00000000e0000000,0x00000000e9800000,0x00000000e9800000)
  from space 83968K, 45% used [0x00000000e9800000,0x00000000ebd094d0,0x00000000eea00000)
  to   space 80896K, 0% used [0x00000000efc00000,0x00000000efc00000,0x00000000f4b00000)
 ParOldGen       total 248320K, used 174741K [0x00000000a0000000, 0x00000000af280000, 0x00000000e0000000)
  object space 248320K, 70% used [0x00000000a0000000,0x00000000aaaa5770,0x00000000af280000)
 Metaspace       used 90282K, capacity 94028K, committed 94336K, reserved 1130496K
  class space    used 11564K, capacity 12313K, committed 12416K, reserved 1048576K
Event: 2663.691 GC heap after
Heap after GC invocations=49 (full 5):
 PSYoungGen      total 246784K, used 37045K [0x00000000e0000000, 0x00000000f4280000, 0x0000000100000000)
  eden space 174592K, 0% used [0x00000000e0000000,0x00000000e0000000,0x00000000eaa80000)
  from space 72192K, 51% used [0x00000000efc00000,0x00000000f202d4c0,0x00000000f4280000)
  to   space 77824K, 0% used [0x00000000eaa80000,0x00000000eaa80000,0x00000000ef680000)
 ParOldGen       total 248320K, used 175105K [0x00000000a0000000, 0x00000000af280000, 0x00000000e0000000)
  object space 248320K, 70% used [0x00000000a0000000,0x00000000aab004a8,0x00000000af280000)
 Metaspace       used 90282K, capacity 94028K, committed 94336K, reserved 1130496K
  class space    used 11564K, capacity 12313K, committed 12416K, reserved 1048576K
}
Event: 2672.667 GC heap before
{Heap before GC invocations=50 (full 5):
 PSYoungGen      total 246784K, used 211637K [0x00000000e0000000, 0x00000000f4280000, 0x0000000100000000)
  eden space 174592K, 100% used [0x00000000e0000000,0x00000000eaa80000,0x00000000eaa80000)
  from space 72192K, 51% used [0x00000000efc00000,0x00000000f202d4c0,0x00000000f4280000)
  to   space 77824K, 0% used [0x00000000eaa80000,0x00000000eaa80000,0x00000000ef680000)
 ParOldGen       total 248320K, used 175105K [0x00000000a0000000, 0x00000000af280000, 0x00000000e0000000)
  object space 248320K, 70% used [0x00000000a0000000,0x00000000aab004a8,0x00000000af280000)
 Metaspace       used 91036K, capacity 94960K, committed 95104K, reserved 1132544K
  class space    used 11611K, capacity 12379K, committed 12416K, reserved 1048576K
Event: 2672.753 GC heap after
Heap after GC invocations=50 (full 5):
 PSYoungGen      total 252416K, used 25680K [0x00000000e0000000, 0x00000000f5000000, 0x0000000100000000)
  eden space 174592K, 0% used [0x00000000e0000000,0x00000000e0000000,0x00000000eaa80000)
  from space 77824K, 32% used [0x00000000eaa80000,0x00000000ec3940b0,0x00000000ef680000)
  to   space 74752K, 0% used [0x00000000f0700000,0x00000000f0700000,0x00000000f5000000)
 ParOldGen       total 248320K, used 196900K [0x00000000a0000000, 0x00000000af280000, 0x00000000e0000000)
  object space 248320K, 79% used [0x00000000a0000000,0x00000000ac0493a0,0x00000000af280000)
 Metaspace       used 91036K, capacity 94960K, committed 95104K, reserved 1132544K
  class space    used 11611K, capacity 12379K, committed 12416K, reserved 1048576K
}

Deoptimization events (10 events):
Event: 2675.941 Thread 0x000000001d2f6000 Uncommon trap: reason=class_check action=maybe_recompile pc=0x0000000002cb09ec method=org.gradle.internal.resources.DefaultResourceLockCoordinationService$DefaultResourceLockState.releaseLocks()V @ 37
Event: 2676.006 Thread 0x000000001d2f6000 Uncommon trap: reason=class_check action=maybe_recompile pc=0x0000000002cb09ec method=org.gradle.internal.resources.DefaultResourceLockCoordinationService$DefaultResourceLockState.releaseLocks()V @ 37
Event: 2678.504 Thread 0x000000001d2f6800 Uncommon trap: reason=class_check action=maybe_recompile pc=0x00000000054abb48 method=com.android.ide.common.resources.NodeUtils.duplicateNode(Lorg/w3c/dom/Document;Lorg/w3c/dom/Node;)Lorg/w3c/dom/Node; @ 1
Event: 2678.504 Thread 0x000000001d2f6800 Uncommon trap: reason=class_check action=maybe_recompile pc=0x00000000054abb48 method=com.android.ide.common.resources.NodeUtils.duplicateNode(Lorg/w3c/dom/Document;Lorg/w3c/dom/Node;)Lorg/w3c/dom/Node; @ 1
Event: 2678.504 Thread 0x000000001d2f6800 Uncommon trap: reason=class_check action=maybe_recompile pc=0x00000000054abb48 method=com.android.ide.common.resources.NodeUtils.duplicateNode(Lorg/w3c/dom/Document;Lorg/w3c/dom/Node;)Lorg/w3c/dom/Node; @ 1
Event: 2678.504 Thread 0x000000001d2f6800 Uncommon trap: reason=class_check action=maybe_recompile pc=0x00000000054abb48 method=com.android.ide.common.resources.NodeUtils.duplicateNode(Lorg/w3c/dom/Document;Lorg/w3c/dom/Node;)Lorg/w3c/dom/Node; @ 1
Event: 2678.673 Thread 0x000000001d2f6800 Uncommon trap: reason=class_check action=maybe_recompile pc=0x0000000003c33200 method=kotlin.comparisons.ComparisonsKt__ComparisonsKt.compareValues(Ljava/lang/Comparable;Ljava/lang/Comparable;)I @ 21
Event: 2678.673 Thread 0x000000001d2f6800 Uncommon trap: reason=class_check action=maybe_recompile pc=0x0000000003c33200 method=kotlin.comparisons.ComparisonsKt__ComparisonsKt.compareValues(Ljava/lang/Comparable;Ljava/lang/Comparable;)I @ 21
Event: 2678.674 Thread 0x000000001d2f6800 Uncommon trap: reason=class_check action=maybe_recompile pc=0x0000000003c33200 method=kotlin.comparisons.ComparisonsKt__ComparisonsKt.compareValues(Ljava/lang/Comparable;Ljava/lang/Comparable;)I @ 21
Event: 2678.674 Thread 0x000000001d2f6800 Uncommon trap: reason=class_check action=maybe_recompile pc=0x0000000003c33200 method=kotlin.comparisons.ComparisonsKt__ComparisonsKt.compareValues(Ljava/lang/Comparable;Ljava/lang/Comparable;)I @ 21

Classes redefined (0 events):
No events

Internal exceptions (10 events):
Event: 2672.501 Thread 0x000000001d2f6800 Exception <a 'java/lang/NoSuchMethodError': <clinit>> (0x00000000ea365158) thrown at [D:\src\AOSP-openjdk-cygwin\jdk8u\hotspot\src\share\vm\prims\jni.cpp, line 1614]
Event: 2672.501 Thread 0x000000001d2f6800 Exception <a 'java/lang/NoSuchMethodError': <clinit>> (0x00000000ea3685f0) thrown at [D:\src\AOSP-openjdk-cygwin\jdk8u\hotspot\src\share\vm\prims\jni.cpp, line 1614]
Event: 2672.502 Thread 0x000000001d2f6800 Exception <a 'java/lang/NoSuchMethodError': <clinit>> (0x00000000ea37fc38) thrown at [D:\src\AOSP-openjdk-cygwin\jdk8u\hotspot\src\share\vm\prims\jni.cpp, line 1614]
Event: 2672.502 Thread 0x000000001d2f6800 Exception <a 'java/lang/NoSuchMethodError': <clinit>> (0x00000000ea3955b0) thrown at [D:\src\AOSP-openjdk-cygwin\jdk8u\hotspot\src\share\vm\prims\jni.cpp, line 1614]
Event: 2672.504 Thread 0x000000001d2f6800 Exception <a 'java/lang/NoSuchMethodError': <clinit>> (0x00000000ea3b2cc0) thrown at [D:\src\AOSP-openjdk-cygwin\jdk8u\hotspot\src\share\vm\prims\jni.cpp, line 1614]
Event: 2672.504 Thread 0x000000001d2f6800 Exception <a 'java/lang/NoSuchMethodError': <clinit>> (0x00000000ea3c61a0) thrown at [D:\src\AOSP-openjdk-cygwin\jdk8u\hotspot\src\share\vm\prims\jni.cpp, line 1614]
Event: 2672.954 Thread 0x000000001d2f6800 Implicit null exception at 0x00000000054cee4f to 0x00000000054d2725
Event: 2672.986 Thread 0x000000001d2f6800 Implicit null exception at 0x0000000005dc19fd to 0x0000000005dc1ef5
Event: 2673.418 Thread 0x000000001d300800 Exception <a 'java/io/FileNotFoundException'> (0x00000000e0497570) thrown at [D:\src\AOSP-openjdk-cygwin\jdk8u\hotspot\src\share\vm\prims\jni.cpp, line 710]
Event: 2674.331 Thread 0x000000001d300800 Exception <a 'java/io/FileNotFoundException'> (0x00000000e1594428) thrown at [D:\src\AOSP-openjdk-cygwin\jdk8u\hotspot\src\share\vm\prims\jni.cpp, line 710]

Events (10 events):
Event: 2678.673 Thread 0x000000001d2f6800 DEOPT UNPACKING pc=0x000000000240557b sp=0x0000000022cab9a0 mode 2
Event: 2678.673 Thread 0x000000001d2f6800 Uncommon trap: trap_request=0xffffffde fr.pc=0x0000000003c33200
Event: 2678.673 Thread 0x000000001d2f6800 DEOPT PACKING pc=0x0000000003c33200 sp=0x0000000022cab9f0
Event: 2678.673 Thread 0x000000001d2f6800 DEOPT UNPACKING pc=0x000000000240557b sp=0x0000000022cab9a0 mode 2
Event: 2678.674 Thread 0x000000001d2f6800 Uncommon trap: trap_request=0xffffffde fr.pc=0x0000000003c33200
Event: 2678.674 Thread 0x000000001d2f6800 DEOPT PACKING pc=0x0000000003c33200 sp=0x0000000022cab9f0
Event: 2678.674 Thread 0x000000001d2f6800 DEOPT UNPACKING pc=0x000000000240557b sp=0x0000000022cab9a0 mode 2
Event: 2678.674 Thread 0x000000001d2f6800 Uncommon trap: trap_request=0xffffffde fr.pc=0x0000000003c33200
Event: 2678.674 Thread 0x000000001d2f6800 DEOPT PACKING pc=0x0000000003c33200 sp=0x0000000022cab9f0
Event: 2678.674 Thread 0x000000001d2f6800 DEOPT UNPACKING pc=0x000000000240557b sp=0x0000000022cab9a0 mode 2


Dynamic libraries:
0x00007ff739c80000 - 0x00007ff739cb1000 	C:\Program Files\Android\Android Studio\jre\bin\java.exe
0x00007ffa53820000 - 0x00007ffa53a10000 	C:\WINDOWS\SYSTEM32\ntdll.dll
0x00007ffa4c8c0000 - 0x00007ffa4c8d2000 	C:\Program Files\AVG\Antivirus\aswhook.dll
0x00007ffa51f90000 - 0x00007ffa52042000 	C:\WINDOWS\System32\KERNEL32.DLL
0x00007ffa513c0000 - 0x00007ffa51665000 	C:\WINDOWS\System32\KERNELBASE.dll
0x00007ffa52300000 - 0x00007ffa523a3000 	C:\WINDOWS\System32\ADVAPI32.dll
0x00007ffa52610000 - 0x00007ffa526ae000 	C:\WINDOWS\System32\msvcrt.dll
0x00007ffa52050000 - 0x00007ffa520e7000 	C:\WINDOWS\System32\sechost.dll
0x00007ffa524f0000 - 0x00007ffa52610000 	C:\WINDOWS\System32\RPCRT4.dll
0x00007ffa52cd0000 - 0x00007ffa52e64000 	C:\WINDOWS\System32\USER32.dll
0x00007ffa511a0000 - 0x00007ffa511c1000 	C:\WINDOWS\System32\win32u.dll
0x00007ffa52890000 - 0x00007ffa528b6000 	C:\WINDOWS\System32\GDI32.dll
0x00007ffa51000000 - 0x00007ffa51196000 	C:\WINDOWS\System32\gdi32full.dll
0x00007ffa51320000 - 0x00007ffa513be000 	C:\WINDOWS\System32\msvcp_win.dll
0x00007ffa517d0000 - 0x00007ffa518ca000 	C:\WINDOWS\System32\ucrtbase.dll
0x00007ffa37d80000 - 0x00007ffa38004000 	C:\WINDOWS\WinSxS\amd64_microsoft.windows.common-controls_6595b64144ccf1df_6.0.18362.1139_none_9e7bf2d3e4605ac6\COMCTL32.dll
0x00007ffa52920000 - 0x00007ffa52c55000 	C:\WINDOWS\System32\combase.dll
0x00007ffa507b0000 - 0x00007ffa50830000 	C:\WINDOWS\System32\bcryptPrimitives.dll
0x00007ffa518d0000 - 0x00007ffa518fe000 	C:\WINDOWS\System32\IMM32.DLL
0x0000000055360000 - 0x0000000055432000 	C:\Program Files\Android\Android Studio\jre\jre\bin\msvcr100.dll
0x0000000055440000 - 0x0000000055c86000 	C:\Program Files\Android\Android Studio\jre\jre\bin\server\jvm.dll
0x00007ffa51b10000 - 0x00007ffa51b18000 	C:\WINDOWS\System32\PSAPI.DLL
0x00007ffa427b0000 - 0x00007ffa427b9000 	C:\WINDOWS\SYSTEM32\WSOCK32.dll
0x00007ffa526b0000 - 0x00007ffa5271f000 	C:\WINDOWS\System32\WS2_32.dll
0x00007ffa4e800000 - 0x00007ffa4e824000 	C:\WINDOWS\SYSTEM32\WINMM.dll
0x00007ffa491b0000 - 0x00007ffa491ba000 	C:\WINDOWS\SYSTEM32\VERSION.dll
0x00007ffa4e7d0000 - 0x00007ffa4e7fd000 	C:\WINDOWS\SYSTEM32\WINMMBASE.dll
0x00007ffa51780000 - 0x00007ffa517ca000 	C:\WINDOWS\System32\cfgmgr32.dll
0x00007ffa4d980000 - 0x00007ffa4d98f000 	C:\Program Files\Android\Android Studio\jre\jre\bin\verify.dll
0x00007ffa48f50000 - 0x00007ffa48f79000 	C:\Program Files\Android\Android Studio\jre\jre\bin\java.dll
0x00007ffa48860000 - 0x00007ffa48876000 	C:\Program Files\Android\Android Studio\jre\jre\bin\zip.dll
0x00007ffa52f00000 - 0x00007ffa535e7000 	C:\WINDOWS\System32\SHELL32.dll
0x00007ffa53730000 - 0x00007ffa537d9000 	C:\WINDOWS\System32\shcore.dll
0x00007ffa50850000 - 0x00007ffa50fd0000 	C:\WINDOWS\System32\windows.storage.dll
0x00007ffa50740000 - 0x00007ffa50763000 	C:\WINDOWS\System32\profapi.dll
0x00007ffa506f0000 - 0x00007ffa5073a000 	C:\WINDOWS\System32\powrprof.dll
0x00007ffa506e0000 - 0x00007ffa506f0000 	C:\WINDOWS\System32\UMPDC.dll
0x00007ffa51900000 - 0x00007ffa51952000 	C:\WINDOWS\System32\shlwapi.dll
0x00007ffa50790000 - 0x00007ffa507a1000 	C:\WINDOWS\System32\kernel.appcore.dll
0x00007ffa50830000 - 0x00007ffa50847000 	C:\WINDOWS\System32\cryptsp.dll
0x00007ffa46c60000 - 0x00007ffa46c7a000 	C:\Program Files\Android\Android Studio\jre\jre\bin\net.dll
0x00007ffa49cb0000 - 0x00007ffa49e86000 	C:\WINDOWS\SYSTEM32\urlmon.dll
0x00007ffa45720000 - 0x00007ffa459c7000 	C:\WINDOWS\SYSTEM32\iertutil.dll
0x00007ffa500a0000 - 0x00007ffa500ac000 	C:\WINDOWS\SYSTEM32\CRYPTBASE.DLL
0x00007ffa4fed0000 - 0x00007ffa4ff37000 	C:\WINDOWS\system32\mswsock.dll
0x00007ffa46c40000 - 0x00007ffa46c53000 	C:\Program Files\Android\Android Studio\jre\jre\bin\nio.dll
0x00007ffa38850000 - 0x00007ffa38876000 	C:\Users\basker\.gradle\native\30\windows-amd64\native-platform.dll
0x00007ffa49c30000 - 0x00007ffa49c3d000 	C:\Program Files\Android\Android Studio\jre\jre\bin\management.dll
0x00007ffa4fa40000 - 0x00007ffa4fa73000 	C:\WINDOWS\system32\rsaenh.dll
0x00007ffa50fd0000 - 0x00007ffa50ff6000 	C:\WINDOWS\System32\bcrypt.dll
0x00007ffa505c0000 - 0x00007ffa505e5000 	C:\WINDOWS\SYSTEM32\USERENV.dll
0x00007ffa4fbe0000 - 0x00007ffa4fc1a000 	C:\WINDOWS\SYSTEM32\IPHLPAPI.DLL
0x00007ffa52c60000 - 0x00007ffa52c68000 	C:\WINDOWS\System32\NSI.dll
0x00007ffa4b370000 - 0x00007ffa4b386000 	C:\WINDOWS\SYSTEM32\dhcpcsvc6.DLL
0x00007ffa4b3b0000 - 0x00007ffa4b3cc000 	C:\WINDOWS\SYSTEM32\dhcpcsvc.DLL
0x00007ffa4fc20000 - 0x00007ffa4fceb000 	C:\WINDOWS\SYSTEM32\DNSAPI.dll
0x00007ffa3e600000 - 0x00007ffa3e79c000 	C:\Program Files\Android\Android Studio\jre\jre\bin\awt.dll
0x00007ffa52720000 - 0x00007ffa527e5000 	C:\WINDOWS\System32\OLEAUT32.dll
0x00007ffa4ea40000 - 0x00007ffa4ea6d000 	C:\WINDOWS\SYSTEM32\dwmapi.dll
0x00007ffa4cac0000 - 0x00007ffa4d080000 	C:\WINDOWS\SYSTEM32\d2d1.dll
0x00007ffa4e740000 - 0x00007ffa4e7cf000 	C:\WINDOWS\SYSTEM32\apphelp.dll
0x00007ffa4e950000 - 0x00007ffa4e9e9000 	C:\WINDOWS\system32\uxtheme.dll

VM Arguments:
jvm_args: -Xmx1536m -Dfile.encoding=windows-1252 -Duser.country=US -Duser.language=en -Duser.variant 
java_command: org.gradle.launcher.daemon.bootstrap.GradleDaemon 5.6.4
java_class_path (initial): C:\Users\basker\.gradle\wrapper\dists\gradle-5.6.4-all\ankdp27end7byghfw1q2sw75f\gradle-5.6.4\lib\gradle-launcher-5.6.4.jar
Launcher Type: SUN_STANDARD

Environment Variables:
PATH=C:\Program Files (x86)\Common Files\Oracle\Java\javapath;C:\Program Files (x86)\NVIDIA Corporation\PhysX\Common;C:\Program Files (x86)\Intel\iCLS Client\;C:\Program Files\Intel\iCLS Client\;C:\WINDOWS\system32;C:\WINDOWS;C:\WINDOWS\System32\Wbem;C:\WINDOWS\System32\WindowsPowerShell\v1.0\;C:\Program Files\Intel\Intel(R) Management Engine Components\DAL;C:\Program Files\Intel\Intel(R) Management Engine Components\IPT;C:\Program Files (x86)\Intel\Intel(R) Management Engine Components\DAL;C:\Program Files (x86)\Intel\Intel(R) Management Engine Components\IPT;C:\Program Files (x86)\Intel\OpenCL SDK\2.0\bin\x86;C:\Program Files (x86)\Intel\OpenCL SDK\2.0\bin\x64;C:\Program Files\Lenovo\Bluetooth Software\;C:\Program Files\Lenovo\Bluetooth Software\syswow64;C:\WINDOWS\System32\OpenSSH\;C:\Program Files\nodejs\;C:\Users\basker\AppData\Local\Android\Sdk\platforms;C:\Users\basker\AppData\Local\Android\Sdk\platform-tools;C:\Users\basker\.gradle\wrapper\dists\gradle-5.6.4-all\ankdp27end7byghfw1q2sw75f\gradle-5.6.4\bin;C:\Program Files\Git\cmd;C:\Program Files\MySQL\MySQL Shell 8.0\bin\;C:\Users\basker\AppData\Local\Microsoft\WindowsApps;C:\Users\basker\AppData\Roaming\npm;C:\Users\basker\AppData\Local\Programs\Microsoft VS Code\bin;C:\Users\basker\.gradle\wrapper\dists\gradle-5.6.4-all\ankdp27end7byghfw1q2sw75f\gradle-5.6.4\bin;
USERNAME=basker
OS=Windows_NT
PROCESSOR_IDENTIFIER=Intel64 Family 6 Model 58 Stepping 9, GenuineIntel



---------------  S Y S T E M  ---------------

OS: Windows 10.0 , 64 bit Build 18362 (10.0.18362.1110)

CPU:total 4 (initial active 4) (2 cores per cpu, 2 threads per core) family 6 model 58 stepping 9, cmov, cx8, fxsr, mmx, sse, sse2, sse3, ssse3, sse4.1, sse4.2, popcnt, avx, aes, clmul, erms, ht, tsc, tscinvbit, tscinv

Memory: 4k page, physical 4056852k(728560k free), swap 5481236k(5380k free)

vm_info: OpenJDK 64-Bit Server VM (25.212-b04) for windows-amd64 JRE (1.8.0_212-release-1586-b04), built by "builder" with MS VC++ 10.0 (VS2010)

time: Sat Oct 17 22:20:35 2020
timezone: India Standard Time
elapsed time: 2678 seconds (0d 0h 44m 38s)

