#
# There is insufficient memory for the Java Runtime Environment to continue.
# Native memory allocation (malloc) failed to allocate 1262368 bytes for Chunk::new
# Possible reasons:
#   The system is out of physical RAM or swap space
#   The process is running with CompressedOops enabled, and the Java Heap may be blocking the growth of the native heap
# Possible solutions:
#   Reduce memory load on the system
#   Increase physical memory or swap space
#   Check if swap backing store is full
#   Decrease Java heap size (-Xmx/-Xms)
#   Decrease number of Java threads
#   Decrease Java thread stack sizes (-Xss)
#   Set larger code cache with -XX:ReservedCodeCacheSize=
#   JVM is running with Unscaled Compressed Oops mode in which the Java heap is
#     placed in the first 4GB address space. The Java Heap base address is the
#     maximum limit for the native heap growth. Please use -XX:HeapBaseMinAddress
#     to set the Java Heap base and to place the Java Heap above 4GB virtual address.
# This output file may be truncated or incomplete.
#
#  Out of Memory Error (allocation.cpp:389), pid=5732, tid=0x0000000000002870
#
# JRE version: OpenJDK Runtime Environment (8.0_212-b04) (build 1.8.0_212-release-1586-b04)
# Java VM: OpenJDK 64-Bit Server VM (25.212-b04 mixed mode windows-amd64 compressed oops)
# Failed to write core dump. Minidumps are not enabled by default on client versions of Windows
#

---------------  T H R E A D  ---------------

Current thread (0x000000001679c800):  JavaThread "C2 CompilerThread1" daemon [_thread_in_native, id=10352, stack(0x0000000017f10000,0x0000000018010000)]

Stack: [0x0000000017f10000,0x0000000018010000]
[error occurred during error reporting (printing stack bounds), id 0xc0000005]

Native frames: (J=compiled Java code, j=interpreted, Vv=VM code, C=native code)


Current CompileTask:
C2:3365501 25261 %     4       com.android.tools.r8.ir.regalloc.LinearScanRegisterAllocator::a @ 2115 (3993 bytes)


---------------  P R O C E S S  ---------------

Java Threads: ( => current thread )
  0x000000001c314800 JavaThread "WorkerExecutor Queue Thread 5" [_thread_blocked, id=4152, stack(0x0000000030870000,0x0000000030970000)]
  0x000000001c313000 JavaThread "ForkJoinPool.commonPool-worker-0" daemon [_thread_blocked, id=3176, stack(0x0000000030770000,0x0000000030870000)]
  0x000000001c311800 JavaThread "ForkJoinPool.commonPool-worker-3" daemon [_thread_blocked, id=13344, stack(0x0000000030670000,0x0000000030770000)]
  0x000000001c310000 JavaThread "ForkJoinPool.commonPool-worker-2" daemon [_thread_blocked, id=10432, stack(0x0000000030570000,0x0000000030670000)]
  0x000000001c308800 JavaThread "Cache worker for Java compile cache (C:\Users\basker\Desktop\supermarket\.gradle\5.6.4\javaCompile)" [_thread_blocked, id=5056, stack(0x0000000030470000,0x0000000030570000)]
  0x000000001c307800 JavaThread "Cache worker for Java compile cache (C:\Users\basker\.gradle\caches\5.6.4\javaCompile)" [_thread_blocked, id=7604, stack(0x0000000030370000,0x0000000030470000)]
  0x000000001c30b000 JavaThread "WorkerExecutor Queue Thread 4" [_thread_in_native, id=7732, stack(0x0000000030270000,0x0000000030370000)]
  0x000000001c30b800 JavaThread "WorkerExecutor Queue Thread 3" [_thread_in_native, id=10528, stack(0x0000000030170000,0x0000000030270000)]
  0x000000001c307000 JavaThread "WorkerExecutor Queue Thread 2" [_thread_blocked, id=2432, stack(0x0000000030070000,0x0000000030170000)]
  0x000000001c25c800 JavaThread "stdout" [_thread_in_native, id=1676, stack(0x000000002ff70000,0x0000000030070000)]
  0x000000001c25a000 JavaThread "stdout" [_thread_in_native, id=6720, stack(0x000000002fe70000,0x000000002ff70000)]
  0x000000001c25b800 JavaThread "stderr" [_thread_in_native, id=4980, stack(0x000000002fd70000,0x000000002fe70000)]
  0x000000001c257000 JavaThread "stdout" [_thread_in_native, id=13276, stack(0x000000002fc70000,0x000000002fd70000)]
  0x000000001c25b000 JavaThread "stderr" [_thread_in_native, id=8232, stack(0x000000002fb70000,0x000000002fc70000)]
  0x000000001c259000 JavaThread "stderr" [_thread_in_native, id=12624, stack(0x000000002fa70000,0x000000002fb70000)]
  0x000000001c256000 JavaThread "stdout" [_thread_in_native, id=13380, stack(0x000000002f970000,0x000000002fa70000)]
  0x000000001c257800 JavaThread "stderr" [_thread_in_native, id=9136, stack(0x000000002f870000,0x000000002f970000)]
  0x000000001c258800 JavaThread "pool-40-thread-1" [_thread_blocked, id=8312, stack(0x000000002f770000,0x000000002f870000)]
  0x0000000019339800 JavaThread "WorkerExecutor Queue" [_thread_blocked, id=7004, stack(0x000000002e470000,0x000000002e570000)]
  0x0000000019339000 JavaThread "Cache worker for execution history cache (C:\Users\basker\Desktop\supermarket\.gradle\5.6.4\executionHistory)" [_thread_blocked, id=8484, stack(0x000000002e370000,0x000000002e470000)]
  0x000000001b849000 JavaThread "Execution worker for ':' Thread 3" [_thread_in_native, id=6068, stack(0x000000002e270000,0x000000002e370000)]
  0x000000001b848000 JavaThread "Execution worker for ':' Thread 2" [_thread_blocked, id=2340, stack(0x000000002e170000,0x000000002e270000)]
  0x000000001b847800 JavaThread "Execution worker for ':'" [_thread_blocked, id=14228, stack(0x000000002e070000,0x000000002e170000)]
  0x000000001b83d000 JavaThread "Cache worker for file content cache (C:\Users\basker\Desktop\supermarket\.gradle\5.6.4\fileContent)" [_thread_blocked, id=7616, stack(0x000000002df70000,0x000000002e070000)]
  0x000000001b83f000 JavaThread "Cache worker for Build Output Cleanup Cache (C:\Users\basker\Desktop\supermarket\.gradle\buildOutputCleanup)" [_thread_blocked, id=8668, stack(0x000000002de70000,0x000000002df70000)]
  0x000000001b843800 JavaThread "Build operations Thread 4" [_thread_blocked, id=11372, stack(0x000000002dd70000,0x000000002de70000)]
  0x000000001b842000 JavaThread "Build operations Thread 3" [_thread_blocked, id=5820, stack(0x000000002dc70000,0x000000002dd70000)]
  0x000000001b841800 JavaThread "Build operations Thread 2" [_thread_blocked, id=8488, stack(0x000000002db70000,0x000000002dc70000)]
  0x000000001c716800 JavaThread "Build operations" [_thread_blocked, id=14032, stack(0x000000002da70000,0x000000002db70000)]
  0x000000001c715000 JavaThread "Cache worker for cache directory md-rule (C:\Users\basker\.gradle\caches\5.6.4\md-rule)" [_thread_blocked, id=13056, stack(0x000000002d970000,0x000000002da70000)]
  0x000000001c70b800 JavaThread "Cache worker for cache directory md-supplier (C:\Users\basker\.gradle\caches\5.6.4\md-supplier)" [_thread_blocked, id=7208, stack(0x000000002d870000,0x000000002d970000)]
  0x000000001c70b000 JavaThread "Cache worker for file hash cache (C:\Users\basker\Desktop\supermarket\.gradle\5.6.4\fileHashes)" [_thread_blocked, id=13828, stack(0x000000002d770000,0x000000002d870000)]
  0x000000001c712000 JavaThread "Thread-77" [_thread_blocked, id=13476, stack(0x000000002d670000,0x000000002d770000)]
  0x000000001c70f800 JavaThread "Asynchronous log dispatcher for DefaultDaemonConnection: socket connection from /127.0.0.1:62119 to /127.0.0.1:62738" [_thread_blocked, id=4752, stack(0x000000002d470000,0x000000002d570000)]
  0x000000001c707000 JavaThread "Daemon worker Thread 4" [_thread_in_Java, id=10160, stack(0x000000002d370000,0x000000002d470000)]
  0x000000001c70e000 JavaThread "Cancel handler" [_thread_blocked, id=532, stack(0x000000002d270000,0x000000002d370000)]
  0x000000001c709800 JavaThread "Handler for socket connection from /127.0.0.1:62119 to /127.0.0.1:62738" [_thread_in_native, id=12116, stack(0x000000002d170000,0x000000002d270000)]
  0x000000001c708800 JavaThread "Daemon Thread 4" [_thread_blocked, id=12432, stack(0x000000002d070000,0x000000002d170000)]
  0x000000001b83c000 JavaThread "Cache worker for file content cache (C:\Users\basker\.gradle\caches\5.6.4\fileContent)" [_thread_blocked, id=11120, stack(0x0000000022310000,0x0000000022410000)]
  0x000000001b83b800 JavaThread "Memory manager" [_thread_blocked, id=364, stack(0x0000000022210000,0x0000000022310000)]
  0x000000001933a800 JavaThread "Cache worker for execution history cache (C:\Users\basker\.gradle\caches\5.6.4\executionHistory)" [_thread_blocked, id=14156, stack(0x0000000020810000,0x0000000020910000)]
  0x00000000196c1800 JavaThread "Cache worker for journal cache (C:\Users\basker\.gradle\caches\journal-1)" [_thread_blocked, id=11764, stack(0x000000001b560000,0x000000001b660000)]
  0x00000000182ac800 JavaThread "File lock request listener" [_thread_in_native, id=2460, stack(0x000000001b460000,0x000000001b560000)]
  0x0000000018ace000 JavaThread "Cache worker for file hash cache (C:\Users\basker\.gradle\caches\5.6.4\fileHashes)" [_thread_blocked, id=11284, stack(0x000000001b360000,0x000000001b460000)]
  0x0000000018d06800 JavaThread "Daemon periodic checks" [_thread_blocked, id=9932, stack(0x000000001a760000,0x000000001a860000)]
  0x0000000018d06000 JavaThread "Incoming local TCP Connector on port 62119" [_thread_in_native, id=14064, stack(0x000000001a520000,0x000000001a620000)]
  0x0000000019089800 JavaThread "Daemon health stats" [_thread_blocked, id=12524, stack(0x0000000019ee0000,0x0000000019fe0000)]
  0x0000000018139000 JavaThread "Service Thread" daemon [_thread_blocked, id=1892, stack(0x0000000018510000,0x0000000018610000)]
  0x00000000167eb800 JavaThread "C1 CompilerThread2" daemon [_thread_blocked, id=192, stack(0x0000000018010000,0x0000000018110000)]
=>0x000000001679c800 JavaThread "C2 CompilerThread1" daemon [_thread_in_native, id=10352, stack(0x0000000017f10000,0x0000000018010000)]
  0x0000000016799000 JavaThread "C2 CompilerThread0" daemon [_thread_in_native, id=7804, stack(0x0000000017e10000,0x0000000017f10000)]
  0x00000000167a6800 JavaThread "Attach Listener" daemon [_thread_blocked, id=13288, stack(0x0000000017d10000,0x0000000017e10000)]
  0x00000000167a5800 JavaThread "Signal Dispatcher" daemon [_thread_blocked, id=11832, stack(0x0000000017c10000,0x0000000017d10000)]
  0x0000000002e2b800 JavaThread "Finalizer" daemon [_thread_blocked, id=3612, stack(0x0000000017a10000,0x0000000017b10000)]
  0x0000000016789000 JavaThread "Reference Handler" daemon [_thread_blocked, id=10024, stack(0x0000000017910000,0x0000000017a10000)]
  0x0000000002d2e000 JavaThread "main" [_thread_blocked, id=7268, stack(0x0000000002be0000,0x0000000002ce0000)]

Other Threads:
  0x0000000016766800 VMThread [stack: 0x0000000017810000,0x0000000017910000] [id=11908]
  0x00000000167fd800 WatcherThread [stack: 0x0000000018610000,0x0000000018710000] [id=3036]

VM state:not at safepoint (normal execution)

VM Mutex/Monitor currently owned by a thread:  ([mutex/lock_event])
[0x0000000002d2d4f0] Safepoint_lock - owner thread: 0x0000000016766800
[0x0000000002d2daf0] Threads_lock - owner thread: 0x0000000016766800
[0x0000000002d2d570] Heap_lock - owner thread: 0x000000001c30b000

heap address: 0x00000000a0000000, size: 1536 MB, Compressed Oops mode: 32-bit
Narrow klass base: 0x0000000000000000, Narrow klass shift: 3
Compressed class space size: 1073741824 Address: 0x0000000100000000

Heap:
 PSYoungGen      total 422400K, used 411465K [0x00000000e0000000, 0x00000000fc000000, 0x0000000100000000)
  eden space 393216K, 100% used [0x00000000e0000000,0x00000000f8000000,0x00000000f8000000)
  from space 29184K, 62% used [0x00000000fa380000,0x00000000fb552428,0x00000000fc000000)
  to   space 32768K, 0% used [0x00000000f8000000,0x00000000f8000000,0x00000000fa000000)
 ParOldGen       total 168448K, used 111497K [0x00000000a0000000, 0x00000000aa480000, 0x00000000e0000000)
  object space 168448K, 66% used [0x00000000a0000000,0x00000000a6ce25a0,0x00000000aa480000)
 Metaspace       used 130394K, capacity 137142K, committed 137432K, reserved 1169408K
  class space    used 16761K, capacity 18059K, committed 18136K, reserved 1048576K

Card table byte_map: [0x00000000121f0000,0x0000000012500000] byte_map_base: 0x0000000011cf0000

Marking Bits: (ParMarkBitMap*) 0x000000006c9f9f30
 Begin Bits: [0x0000000012b00000, 0x0000000014300000)
 End Bits:   [0x0000000014300000, 0x0000000015b00000)

Polling page: 0x0000000002b90000

CodeCache: size=245760Kb used=76780Kb max_used=76780Kb free=168979Kb
 bounds [0x0000000002e30000, 0x0000000007990000, 0x0000000011e30000]
 total_blobs=22704 nmethods=21771 adapters=842
 compilation: enabled

Compilation events (10 events):
Event: 3365.356 Thread 0x00000000167eb800 26305       2       com.android.tools.r8.code.x::a (1 bytes)
Event: 3365.357 Thread 0x00000000167eb800 nmethod 26305 0x0000000007970a90 code [0x0000000007970be0, 0x0000000007970d30]
Event: 3365.380 Thread 0x00000000167eb800 26308       2       com.android.build.gradle.internal.profile.TaskProfilingRecord$Companion::getClock (4 bytes)
Event: 3365.381 Thread 0x00000000167eb800 nmethod 26308 0x0000000007970dd0 code [0x0000000007970f20, 0x0000000007971070]
Event: 3365.381 Thread 0x00000000167eb800 26309       2       com.android.build.gradle.internal.profile.TaskProfilingRecord::access$getClock$cp (4 bytes)
Event: 3365.381 Thread 0x00000000167eb800 nmethod 26309 0x0000000007971110 code [0x0000000007971260, 0x0000000007971390]
Event: 3365.387 Thread 0x00000000167eb800 26310       2       com.android.tools.r8.code.e2::<init> (6 bytes)
Event: 3365.388 Thread 0x00000000167eb800 nmethod 26310 0x0000000007971410 code [0x0000000007971580, 0x00000000079716e8]
Event: 3365.420 Thread 0x00000000167eb800 26311       2       com.android.tools.r8.v.a.a.a.h.d::<init> (5 bytes)
Event: 3365.420 Thread 0x00000000167eb800 nmethod 26311 0x0000000007971790 code [0x00000000079718e0, 0x0000000007971a30]

GC Heap History (10 events):
Event: 3340.640 GC heap before
{Heap before GC invocations=63 (full 5):
 PSYoungGen      total 390656K, used 380436K [0x00000000e0000000, 0x00000000fc380000, 0x0000000100000000)
  eden space 359424K, 100% used [0x00000000e0000000,0x00000000f5f00000,0x00000000f5f00000)
  from space 31232K, 67% used [0x00000000f5f00000,0x00000000f7385340,0x00000000f7d80000)
  to   space 32768K, 0% used [0x00000000fa380000,0x00000000fa380000,0x00000000fc380000)
 ParOldGen       total 168448K, used 85066K [0x00000000a0000000, 0x00000000aa480000, 0x00000000e0000000)
  object space 168448K, 50% used [0x00000000a0000000,0x00000000a53128c8,0x00000000aa480000)
 Metaspace       used 114098K, capacity 119490K, committed 119768K, reserved 1153024K
  class space    used 14679K, capacity 15753K, committed 15832K, reserved 1048576K
Event: 3340.798 GC heap after
Heap after GC invocations=63 (full 5):
 PSYoungGen      total 422400K, used 16979K [0x00000000e0000000, 0x00000000fc000000, 0x0000000100000000)
  eden space 393216K, 0% used [0x00000000e0000000,0x00000000e0000000,0x00000000f8000000)
  from space 29184K, 58% used [0x00000000fa380000,0x00000000fb414f88,0x00000000fc000000)
  to   space 32768K, 0% used [0x00000000f8000000,0x00000000f8000000,0x00000000fa000000)
 ParOldGen       total 168448K, used 98970K [0x00000000a0000000, 0x00000000aa480000, 0x00000000e0000000)
  object space 168448K, 58% used [0x00000000a0000000,0x00000000a60a6be8,0x00000000aa480000)
 Metaspace       used 114098K, capacity 119490K, committed 119768K, reserved 1153024K
  class space    used 14679K, capacity 15753K, committed 15832K, reserved 1048576K
}
Event: 3354.983 GC heap before
{Heap before GC invocations=64 (full 5):
 PSYoungGen      total 422400K, used 410195K [0x00000000e0000000, 0x00000000fc000000, 0x0000000100000000)
  eden space 393216K, 100% used [0x00000000e0000000,0x00000000f8000000,0x00000000f8000000)
  from space 29184K, 58% used [0x00000000fa380000,0x00000000fb414f88,0x00000000fc000000)
  to   space 32768K, 0% used [0x00000000f8000000,0x00000000f8000000,0x00000000fa000000)
 ParOldGen       total 168448K, used 98970K [0x00000000a0000000, 0x00000000aa480000, 0x00000000e0000000)
  object space 168448K, 58% used [0x00000000a0000000,0x00000000a60a6be8,0x00000000aa480000)
 Metaspace       used 128557K, capacity 135050K, committed 135128K, reserved 1167360K
  class space    used 16612K, capacity 17865K, committed 17880K, reserved 1048576K
Event: 3355.050 GC heap after
Heap after GC invocations=64 (full 5):
 PSYoungGen      total 425984K, used 26866K [0x00000000e0000000, 0x00000000fc000000, 0x0000000100000000)
  eden space 393216K, 0% used [0x00000000e0000000,0x00000000e0000000,0x00000000f8000000)
  from space 32768K, 81% used [0x00000000f8000000,0x00000000f9a3c8a8,0x00000000fa000000)
  to   space 29184K, 0% used [0x00000000fa380000,0x00000000fa380000,0x00000000fc000000)
 ParOldGen       total 168448K, used 98986K [0x00000000a0000000, 0x00000000aa480000, 0x00000000e0000000)
  object space 168448K, 58% used [0x00000000a0000000,0x00000000a60aabe8,0x00000000aa480000)
 Metaspace       used 128557K, capacity 135050K, committed 135128K, reserved 1167360K
  class space    used 16612K, capacity 17865K, committed 17880K, reserved 1048576K
}
Event: 3358.543 GC heap before
{Heap before GC invocations=65 (full 5):
 PSYoungGen      total 425984K, used 420082K [0x00000000e0000000, 0x00000000fc000000, 0x0000000100000000)
  eden space 393216K, 100% used [0x00000000e0000000,0x00000000f8000000,0x00000000f8000000)
  from space 32768K, 81% used [0x00000000f8000000,0x00000000f9a3c8a8,0x00000000fa000000)
  to   space 29184K, 0% used [0x00000000fa380000,0x00000000fa380000,0x00000000fc000000)
 ParOldGen       total 168448K, used 98986K [0x00000000a0000000, 0x00000000aa480000, 0x00000000e0000000)
  object space 168448K, 58% used [0x00000000a0000000,0x00000000a60aabe8,0x00000000aa480000)
 Metaspace       used 129606K, capacity 136262K, committed 136536K, reserved 1167360K
  class space    used 16698K, capacity 17965K, committed 18008K, reserved 1048576K
Event: 3358.595 GC heap after
Heap after GC invocations=65 (full 5):
 PSYoungGen      total 422400K, used 22857K [0x00000000e0000000, 0x00000000fc000000, 0x0000000100000000)
  eden space 393216K, 0% used [0x00000000e0000000,0x00000000e0000000,0x00000000f8000000)
  from space 29184K, 78% used [0x00000000fa380000,0x00000000fb9d2420,0x00000000fc000000)
  to   space 32768K, 0% used [0x00000000f8000000,0x00000000f8000000,0x00000000fa000000)
 ParOldGen       total 168448K, used 98994K [0x00000000a0000000, 0x00000000aa480000, 0x00000000e0000000)
  object space 168448K, 58% used [0x00000000a0000000,0x00000000a60acbe8,0x00000000aa480000)
 Metaspace       used 129606K, capacity 136262K, committed 136536K, reserved 1167360K
  class space    used 16698K, capacity 17965K, committed 18008K, reserved 1048576K
}
Event: 3360.810 GC heap before
{Heap before GC invocations=66 (full 5):
 PSYoungGen      total 422400K, used 416073K [0x00000000e0000000, 0x00000000fc000000, 0x0000000100000000)
  eden space 393216K, 100% used [0x00000000e0000000,0x00000000f8000000,0x00000000f8000000)
  from space 29184K, 78% used [0x00000000fa380000,0x00000000fb9d2420,0x00000000fc000000)
  to   space 32768K, 0% used [0x00000000f8000000,0x00000000f8000000,0x00000000fa000000)
 ParOldGen       total 168448K, used 98994K [0x00000000a0000000, 0x00000000aa480000, 0x00000000e0000000)
  object space 168448K, 58% used [0x00000000a0000000,0x00000000a60acbe8,0x00000000aa480000)
 Metaspace       used 129759K, capacity 136446K, committed 136536K, reserved 1167360K
  class space    used 16705K, capacity 18001K, committed 18008K, reserved 1048576K
Event: 3360.996 GC heap after
Heap after GC invocations=66 (full 5):
 PSYoungGen      total 425984K, used 14484K [0x00000000e0000000, 0x00000000fc000000, 0x0000000100000000)
  eden space 393216K, 0% used [0x00000000e0000000,0x00000000e0000000,0x00000000f8000000)
  from space 32768K, 44% used [0x00000000f8000000,0x00000000f8e25350,0x00000000fa000000)
  to   space 29184K, 0% used [0x00000000fa380000,0x00000000fa380000,0x00000000fc000000)
 ParOldGen       total 168448K, used 106182K [0x00000000a0000000, 0x00000000aa480000, 0x00000000e0000000)
  object space 168448K, 63% used [0x00000000a0000000,0x00000000a67b1ac8,0x00000000aa480000)
 Metaspace       used 129759K, capacity 136446K, committed 136536K, reserved 1167360K
  class space    used 16705K, capacity 18001K, committed 18008K, reserved 1048576K
}
Event: 3363.249 GC heap before
{Heap before GC invocations=67 (full 5):
 PSYoungGen      total 425984K, used 407700K [0x00000000e0000000, 0x00000000fc000000, 0x0000000100000000)
  eden space 393216K, 100% used [0x00000000e0000000,0x00000000f8000000,0x00000000f8000000)
  from space 32768K, 44% used [0x00000000f8000000,0x00000000f8e25350,0x00000000fa000000)
  to   space 29184K, 0% used [0x00000000fa380000,0x00000000fa380000,0x00000000fc000000)
 ParOldGen       total 168448K, used 106182K [0x00000000a0000000, 0x00000000aa480000, 0x00000000e0000000)
  object space 168448K, 63% used [0x00000000a0000000,0x00000000a67b1ac8,0x00000000aa480000)
 Metaspace       used 129981K, capacity 136632K, committed 136920K, reserved 1167360K
  class space    used 16722K, capacity 18010K, committed 18136K, reserved 1048576K
Event: 3363.291 GC heap after
Heap after GC invocations=67 (full 5):
 PSYoungGen      total 422400K, used 18249K [0x00000000e0000000, 0x00000000fc000000, 0x0000000100000000)
  eden space 393216K, 0% used [0x00000000e0000000,0x00000000e0000000,0x00000000f8000000)
  from space 29184K, 62% used [0x00000000fa380000,0x00000000fb552428,0x00000000fc000000)
  to   space 32768K, 0% used [0x00000000f8000000,0x00000000f8000000,0x00000000fa000000)
 ParOldGen       total 168448K, used 111497K [0x00000000a0000000, 0x00000000aa480000, 0x00000000e0000000)
  object space 168448K, 66% used [0x00000000a0000000,0x00000000a6ce25a0,0x00000000aa480000)
 Metaspace       used 129981K, capacity 136632K, committed 136920K, reserved 1167360K
  class space    used 16722K, capacity 18010K, committed 18136K, reserved 1048576K
}

Deoptimization events (10 events):
Event: 3365.147 Thread 0x000000001b849000 Uncommon trap: reason=array_check action=maybe_recompile pc=0x000000000668b9a4 method=java.util.TimSort.mergeHi(IIII)V @ 282
Event: 3365.371 Thread 0x000000001c30b800 Uncommon trap: reason=unstable_if action=reinterpret pc=0x0000000005f2f6dc method=java.util.zip.ZipOutputStream.putNextEntry(Ljava/util/zip/ZipEntry;)V @ 92
Event: 3365.371 Thread 0x000000001c30b800 Uncommon trap: reason=class_check action=maybe_recompile pc=0x0000000004118074 method=java.util.zip.ZipOutputStream.writeInt(J)V @ 14
Event: 3365.388 Thread 0x000000001c30b800 Uncommon trap: reason=class_check action=maybe_recompile pc=0x0000000006488d34 method=java.util.zip.ZipOutputStream.writeShort(I)V @ 13
Event: 3365.389 Thread 0x000000001c30b800 Uncommon trap: reason=class_check action=maybe_recompile pc=0x000000000413a3bc method=java.util.zip.ZipOutputStream.writeShort(I)V @ 13
Event: 3365.389 Thread 0x000000001c30b800 Uncommon trap: reason=class_check action=maybe_recompile pc=0x000000000413a3bc method=java.util.zip.ZipOutputStream.writeShort(I)V @ 13
Event: 3365.389 Thread 0x000000001c30b800 Uncommon trap: reason=class_check action=maybe_recompile pc=0x0000000004118074 method=java.util.zip.ZipOutputStream.writeInt(J)V @ 14
Event: 3365.389 Thread 0x000000001c30b800 Uncommon trap: reason=class_check action=maybe_recompile pc=0x0000000004118074 method=java.util.zip.ZipOutputStream.writeInt(J)V @ 14
Event: 3365.389 Thread 0x000000001c30b800 Uncommon trap: reason=class_check action=maybe_recompile pc=0x0000000004118074 method=java.util.zip.ZipOutputStream.writeInt(J)V @ 14
Event: 3365.391 Thread 0x000000001c30b800 Uncommon trap: reason=class_check action=maybe_recompile pc=0x000000000413a3bc method=java.util.zip.ZipOutputStream.writeShort(I)V @ 13

Classes redefined (0 events):
No events

Internal exceptions (10 events):
Event: 3362.277 Thread 0x000000001b848000 Exception <a 'sun/nio/fs/WindowsException'> (0x00000000e7d250b0) thrown at [D:\src\AOSP-openjdk-cygwin\jdk8u\hotspot\src\share\vm\prims\jni.cpp, line 710]
Event: 3362.473 Thread 0x000000001b848000 Exception <a 'sun/nio/fs/WindowsException'> (0x00000000e7dc16c0) thrown at [D:\src\AOSP-openjdk-cygwin\jdk8u\hotspot\src\share\vm\prims\jni.cpp, line 710]
Event: 3362.635 Thread 0x000000001b848000 Exception <a 'sun/nio/fs/WindowsException'> (0x00000000f08ec1b0) thrown at [D:\src\AOSP-openjdk-cygwin\jdk8u\hotspot\src\share\vm\prims\jni.cpp, line 710]
Event: 3362.719 Thread 0x000000001b847800 Exception <a 'sun/nio/fs/WindowsException'> (0x00000000f15d5868) thrown at [D:\src\AOSP-openjdk-cygwin\jdk8u\hotspot\src\share\vm\prims\jni.cpp, line 710]
Event: 3362.873 Thread 0x000000001c707000 Exception <a 'sun/nio/fs/WindowsException'> (0x00000000f36b4d48) thrown at [D:\src\AOSP-openjdk-cygwin\jdk8u\hotspot\src\share\vm\prims\jni.cpp, line 710]
Event: 3363.773 Thread 0x000000001b848000 Exception <a 'java/lang/NoSuchMethodError': <clinit>> (0x00000000e33d0290) thrown at [D:\src\AOSP-openjdk-cygwin\jdk8u\hotspot\src\share\vm\prims\jni.cpp, line 1614]
Event: 3364.194 Thread 0x000000001b847800 Exception <a 'sun/nio/fs/WindowsException'> (0x00000000ea1c3058) thrown at [D:\src\AOSP-openjdk-cygwin\jdk8u\hotspot\src\share\vm\prims\jni.cpp, line 710]
Event: 3364.394 Thread 0x000000001b847800 Exception <a 'java/lang/NoSuchMethodError': <clinit>> (0x00000000ea23fd10) thrown at [D:\src\AOSP-openjdk-cygwin\jdk8u\hotspot\src\share\vm\prims\jni.cpp, line 1614]
Event: 3364.398 Thread 0x000000001b847800 Exception <a 'java/lang/NoSuchMethodError': <clinit>> (0x00000000ea254850) thrown at [D:\src\AOSP-openjdk-cygwin\jdk8u\hotspot\src\share\vm\prims\jni.cpp, line 1614]
Event: 3365.378 Thread 0x000000001b849000 Exception <a 'sun/nio/fs/WindowsException'> (0x00000000f4b2b7e0) thrown at [D:\src\AOSP-openjdk-cygwin\jdk8u\hotspot\src\share\vm\prims\jni.cpp, line 710]

Events (10 events):
Event: 3365.389 Thread 0x000000001c30b800 DEOPT UNPACKING pc=0x0000000002e7557b sp=0x000000003026dad8 mode 2
Event: 3365.391 Thread 0x000000001c30b800 Uncommon trap: trap_request=0xffffffde fr.pc=0x000000000413a3bc
Event: 3365.391 Thread 0x000000001c30b800 DEOPT PACKING pc=0x000000000413a3bc sp=0x000000003026db10
Event: 3365.391 Thread 0x000000001c30b800 DEOPT UNPACKING pc=0x0000000002e7557b sp=0x000000003026dae8 mode 2
Event: 3365.399 Thread 0x000000001c707000 DEOPT PACKING pc=0x000000000718938d sp=0x000000002d467ef0
Event: 3365.399 Thread 0x000000001c707000 DEOPT UNPACKING pc=0x0000000002e775d0 sp=0x000000002d467f60 mode 0
Event: 3365.413 Thread 0x000000001c30b000 DEOPT PACKING pc=0x00000000046d2e44 sp=0x000000003036da90
Event: 3365.413 Thread 0x000000001c30b000 DEOPT UNPACKING pc=0x0000000002e775d0 sp=0x000000003036d7c0 mode 0
Event: 3365.421 Thread 0x000000001c707000 DEOPT PACKING pc=0x00000000070badf8 sp=0x000000002d4682e0
Event: 3365.421 Thread 0x000000001c707000 DEOPT UNPACKING pc=0x0000000002e775d0 sp=0x000000002d468200 mode 0


Dynamic libraries:
0x00007ff733e50000 - 0x00007ff733e81000 	C:\Program Files\Android\Android Studio\jre\bin\java.exe
0x00007fffbe330000 - 0x00007fffbe51d000 	C:\WINDOWS\SYSTEM32\ntdll.dll
0x00007fffad1f0000 - 0x00007fffad203000 	C:\Program Files\AVG\Antivirus\aswhook.dll
0x00007fffbbd60000 - 0x00007fffbbe13000 	C:\WINDOWS\System32\KERNEL32.DLL
0x00007fffbaf80000 - 0x00007fffbb213000 	C:\WINDOWS\System32\KERNELBASE.dll
0x00007fffbc2d0000 - 0x00007fffbc373000 	C:\WINDOWS\System32\ADVAPI32.dll
0x00007fffbb550000 - 0x00007fffbb5ee000 	C:\WINDOWS\System32\msvcrt.dll
0x00007fffbdd30000 - 0x00007fffbddce000 	C:\WINDOWS\System32\sechost.dll
0x00007fffbdbc0000 - 0x00007fffbdce2000 	C:\WINDOWS\System32\RPCRT4.dll
0x00007fffbddd0000 - 0x00007fffbdf67000 	C:\WINDOWS\System32\USER32.dll
0x00007fffba650000 - 0x00007fffba670000 	C:\WINDOWS\System32\win32u.dll
0x00007fffbb5f0000 - 0x00007fffbb619000 	C:\WINDOWS\System32\GDI32.dll
0x00007fffbade0000 - 0x00007fffbaf79000 	C:\WINDOWS\System32\gdi32full.dll
0x00007fffbb4b0000 - 0x00007fffbb550000 	C:\WINDOWS\System32\msvcp_win.dll
0x00007fffba4d0000 - 0x00007fffba5ca000 	C:\WINDOWS\System32\ucrtbase.dll
0x00007fffa6800000 - 0x00007fffa6a79000 	C:\WINDOWS\WinSxS\amd64_microsoft.windows.common-controls_6595b64144ccf1df_6.0.17763.973_none_05b245900721eb81\COMCTL32.dll
0x00007fffbd890000 - 0x00007fffbdbbc000 	C:\WINDOWS\System32\combase.dll
0x00007fffba5d0000 - 0x00007fffba64e000 	C:\WINDOWS\System32\bcryptPrimitives.dll
0x00007fffbdd00000 - 0x00007fffbdd2e000 	C:\WINDOWS\System32\IMM32.DLL
0x000000006c070000 - 0x000000006c142000 	C:\Program Files\Android\Android Studio\jre\jre\bin\msvcr100.dll
0x000000006c230000 - 0x000000006ca76000 	C:\Program Files\Android\Android Studio\jre\jre\bin\server\jvm.dll
0x00007fffbc380000 - 0x00007fffbc388000 	C:\WINDOWS\System32\PSAPI.DLL
0x00007fffacc80000 - 0x00007fffacc89000 	C:\WINDOWS\SYSTEM32\WSOCK32.dll
0x00007fffbe1f0000 - 0x00007fffbe25d000 	C:\WINDOWS\System32\WS2_32.dll
0x00007fffb7f10000 - 0x00007fffb7f34000 	C:\WINDOWS\SYSTEM32\WINMM.dll
0x00007fffb1aa0000 - 0x00007fffb1aaa000 	C:\WINDOWS\SYSTEM32\VERSION.dll
0x00007fffb7d10000 - 0x00007fffb7d3d000 	C:\WINDOWS\SYSTEM32\WINMMBASE.dll
0x00007fffba450000 - 0x00007fffba49a000 	C:\WINDOWS\System32\cfgmgr32.dll
0x00007fffb1460000 - 0x00007fffb146f000 	C:\Program Files\Android\Android Studio\jre\jre\bin\verify.dll
0x00007fffa7a60000 - 0x00007fffa7a89000 	C:\Program Files\Android\Android Studio\jre\jre\bin\java.dll
0x00007fffa3bb0000 - 0x00007fffa3bc6000 	C:\Program Files\Android\Android Studio\jre\jre\bin\zip.dll
0x00007fffbc390000 - 0x00007fffbd884000 	C:\WINDOWS\System32\SHELL32.dll
0x00007fffbdfd0000 - 0x00007fffbe078000 	C:\WINDOWS\System32\shcore.dll
0x00007fffba690000 - 0x00007fffbaddd000 	C:\WINDOWS\System32\windows.storage.dll
0x00007fffba340000 - 0x00007fffba364000 	C:\WINDOWS\System32\profapi.dll
0x00007fffba370000 - 0x00007fffba3cd000 	C:\WINDOWS\System32\powrprof.dll
0x00007fffbc210000 - 0x00007fffbc262000 	C:\WINDOWS\System32\shlwapi.dll
0x00007fffba320000 - 0x00007fffba331000 	C:\WINDOWS\System32\kernel.appcore.dll
0x00007fffba670000 - 0x00007fffba687000 	C:\WINDOWS\System32\cryptsp.dll
0x00007fffa3b90000 - 0x00007fffa3baa000 	C:\Program Files\Android\Android Studio\jre\jre\bin\net.dll
0x00007fffae2b0000 - 0x00007fffae487000 	C:\WINDOWS\SYSTEM32\urlmon.dll
0x00007fffae6b0000 - 0x00007fffae958000 	C:\WINDOWS\SYSTEM32\iertutil.dll
0x00007fffb9d60000 - 0x00007fffb9d6c000 	C:\WINDOWS\SYSTEM32\CRYPTBASE.DLL
0x00007fffb9b90000 - 0x00007fffb9bf7000 	C:\WINDOWS\system32\mswsock.dll
0x00007fffa2f70000 - 0x00007fffa2f83000 	C:\Program Files\Android\Android Studio\jre\jre\bin\nio.dll
0x00007fff96ee0000 - 0x00007fff96f06000 	C:\Users\basker\.gradle\native\30\windows-amd64\native-platform.dll
0x00007fffaff90000 - 0x00007fffaff9d000 	C:\Program Files\Android\Android Studio\jre\jre\bin\management.dll
0x00007fffb96b0000 - 0x00007fffb96e3000 	C:\WINDOWS\system32\rsaenh.dll
0x00007fffba4a0000 - 0x00007fffba4c6000 	C:\WINDOWS\System32\bcrypt.dll
0x00007fffba220000 - 0x00007fffba248000 	C:\WINDOWS\SYSTEM32\USERENV.dll
0x00007fffb9850000 - 0x00007fffb988d000 	C:\WINDOWS\SYSTEM32\IPHLPAPI.DLL
0x00007fffbdcf0000 - 0x00007fffbdcf8000 	C:\WINDOWS\System32\NSI.dll
0x00007fffb1520000 - 0x00007fffb1536000 	C:\WINDOWS\SYSTEM32\dhcpcsvc6.DLL
0x00007fffb1640000 - 0x00007fffb165c000 	C:\WINDOWS\SYSTEM32\dhcpcsvc.DLL
0x00007fffb9890000 - 0x00007fffb9956000 	C:\WINDOWS\SYSTEM32\DNSAPI.dll
0x00007fffa8460000 - 0x00007fffa8484000 	C:\Program Files\Android\Android Studio\jre\jre\bin\sunec.dll
0x00007fffb1380000 - 0x00007fffb138a000 	C:\Windows\System32\rasadhlp.dll
0x00007fffb0330000 - 0x00007fffb03a9000 	C:\WINDOWS\System32\fwpuclnt.dll
0x00007fffb83f0000 - 0x00007fffb83fb000 	C:\Program Files\Android\Android Studio\jre\jre\bin\sunmscapi.dll
0x00007fffbb220000 - 0x00007fffbb3fc000 	C:\WINDOWS\System32\CRYPT32.dll
0x00007fffba3d0000 - 0x00007fffba3e2000 	C:\WINDOWS\System32\MSASN1.dll
0x00007fffb9390000 - 0x00007fffb93c1000 	C:\WINDOWS\SYSTEM32\ntmarta.dll
0x00007fffb8580000 - 0x00007fffb860c000 	C:\WINDOWS\system32\apphelp.dll

VM Arguments:
jvm_args: -Xmx1536m -Dfile.encoding=windows-1252 -Duser.country=US -Duser.language=en -Duser.variant 
java_command: org.gradle.launcher.daemon.bootstrap.GradleDaemon 5.6.4
java_class_path (initial): C:\Users\basker\.gradle\wrapper\dists\gradle-5.6.4-all\ankdp27end7byghfw1q2sw75f\gradle-5.6.4\lib\gradle-launcher-5.6.4.jar
Launcher Type: SUN_STANDARD

Environment Variables:
PATH=C:\Program Files (x86)\Common Files\Oracle\Java\javapath;C:\Program Files (x86)\NVIDIA Corporation\PhysX\Common;C:\Program Files (x86)\Intel\iCLS Client\;C:\Program Files\Intel\iCLS Client\;C:\WINDOWS\system32;C:\WINDOWS;C:\WINDOWS\System32\Wbem;C:\WINDOWS\System32\WindowsPowerShell\v1.0\;C:\Program Files\Intel\Intel(R) Management Engine Components\DAL;C:\Program Files\Intel\Intel(R) Management Engine Components\IPT;C:\Program Files (x86)\Intel\Intel(R) Management Engine Components\DAL;C:\Program Files (x86)\Intel\Intel(R) Management Engine Components\IPT;C:\Program Files (x86)\Intel\OpenCL SDK\2.0\bin\x86;C:\Program Files (x86)\Intel\OpenCL SDK\2.0\bin\x64;C:\Program Files\Lenovo\Bluetooth Software\;C:\Program Files\Lenovo\Bluetooth Software\syswow64;C:\WINDOWS\System32\OpenSSH\;C:\Program Files\nodejs\;C:\Users\basker\AppData\Local\Android\Sdk\platforms;C:\Users\basker\AppData\Local\Android\Sdk\platform-tools;C:\Users\basker\.gradle\wrapper\dists\gradle-5.6.4-all\ankdp27end7byghfw1q2sw75f\gradle-5.6.4\bin;C:\Program Files\Git\cmd;C:\Program Files\MySQL\MySQL Shell 8.0\bin\;C:\Users\basker\AppData\Local\Microsoft\WindowsApps;C:\Users\basker\AppData\Roaming\npm;C:\Users\basker\AppData\Local\Programs\Microsoft VS Code\bin;C:\Users\basker\.gradle\wrapper\dists\gradle-5.6.4-all\ankdp27end7byghfw1q2sw75f\gradle-5.6.4\bin;
USERNAME=basker
OS=Windows_NT
PROCESSOR_IDENTIFIER=Intel64 Family 6 Model 58 Stepping 9, GenuineIntel



---------------  S Y S T E M  ---------------

OS: Windows 10.0 , 64 bit Build 17763 (10.0.17763.475)

CPU:total 4 (initial active 4) (2 cores per cpu, 2 threads per core) family 6 model 58 stepping 9, cmov, cx8, fxsr, mmx, sse, sse2, sse3, ssse3, sse4.1, sse4.2, popcnt, avx, aes, clmul, erms, ht, tsc, tscinvbit, tscinv

Memory: 4k page, physical 4056852k(476040k free), swap 5481236k(5236k free)

vm_info: OpenJDK 64-Bit Server VM (25.212-b04) for windows-amd64 JRE (1.8.0_212-release-1586-b04), built by "builder" with MS VC++ 10.0 (VS2010)

time: Sat Jul 25 13:20:21 2020
timezone: India Standard Time
elapsed time: 3365 seconds (0d 0h 56m 5s)

