#
# There is insufficient memory for the Java Runtime Environment to continue.
# Native memory allocation (malloc) failed to allocate 1133792 bytes for Chunk::new
# Possible reasons:
#   The system is out of physical RAM or swap space
#   The process is running with CompressedOops enabled, and the Java Heap may be blocking the growth of the native heap
# Possible solutions:
#   Reduce memory load on the system
#   Increase physical memory or swap space
#   Check if swap backing store is full
#   Decrease Java heap size (-Xmx/-Xms)
#   Decrease number of Java threads
#   Decrease Java thread stack sizes (-Xss)
#   Set larger code cache with -XX:ReservedCodeCacheSize=
#   JVM is running with Unscaled Compressed Oops mode in which the Java heap is
#     placed in the first 4GB address space. The Java Heap base address is the
#     maximum limit for the native heap growth. Please use -XX:HeapBaseMinAddress
#     to set the Java Heap base and to place the Java Heap above 4GB virtual address.
# This output file may be truncated or incomplete.
#
#  Out of Memory Error (allocation.cpp:389), pid=8064, tid=0x0000000000002308
#
# JRE version: OpenJDK Runtime Environment (8.0_212-b04) (build 1.8.0_212-release-1586-b04)
# Java VM: OpenJDK 64-Bit Server VM (25.212-b04 mixed mode windows-amd64 compressed oops)
# Failed to write core dump. Minidumps are not enabled by default on client versions of Windows
#

---------------  T H R E A D  ---------------

Current thread (0x00000000169ae800):  JavaThread "C2 CompilerThread0" daemon [_thread_in_native, id=8968, stack(0x0000000018010000,0x0000000018110000)]

Stack: [0x0000000018010000,0x0000000018110000]
[error occurred during error reporting (printing stack bounds), id 0xc0000005]

Native frames: (J=compiled Java code, j=interpreted, Vv=VM code, C=native code)


Current CompileTask:
C2:1414510 23810       4       com.sun.tools.javac.comp.Attr::visitApply (814 bytes)


---------------  P R O C E S S  ---------------

Java Threads: ( => current thread )
  0x00000000249ae000 JavaThread "Cache worker for Java compile cache (C:\Users\basker\Desktop\supermarket\.gradle\5.6.4\javaCompile)" [_thread_blocked, id=9616, stack(0x0000000026070000,0x0000000026170000)]
  0x00000000249aa800 JavaThread "Cache worker for execution history cache (C:\Users\basker\Desktop\supermarket\.gradle\5.6.4\executionHistory)" [_thread_blocked, id=2532, stack(0x0000000025970000,0x0000000025a70000)]
  0x00000000249b0800 JavaThread "Execution worker for ':' Thread 3" [_thread_blocked, id=2792, stack(0x0000000025f70000,0x0000000026070000)]
  0x00000000249af000 JavaThread "Execution worker for ':' Thread 2" [_thread_blocked, id=3844, stack(0x0000000025bb0000,0x0000000025cb0000)]
  0x00000000249a3000 JavaThread "Execution worker for ':'" [_thread_blocked, id=5332, stack(0x0000000025ab0000,0x0000000025bb0000)]
  0x00000000249a9800 JavaThread "Cache worker for file content cache (C:\Users\basker\Desktop\supermarket\.gradle\5.6.4\fileContent)" [_thread_blocked, id=8856, stack(0x0000000025870000,0x0000000025970000)]
  0x00000000249a2000 JavaThread "Cache worker for Build Output Cleanup Cache (C:\Users\basker\Desktop\supermarket\.gradle\buildOutputCleanup)" [_thread_blocked, id=4900, stack(0x0000000024630000,0x0000000024730000)]
  0x00000000249a6000 JavaThread "Build operations Thread 4" [_thread_blocked, id=236, stack(0x00000000237f0000,0x00000000238f0000)]
  0x00000000249a9000 JavaThread "Build operations Thread 3" [_thread_blocked, id=9280, stack(0x0000000023220000,0x0000000023320000)]
  0x00000000249a3800 JavaThread "Build operations Thread 2" [_thread_blocked, id=7968, stack(0x0000000022b20000,0x0000000022c20000)]
  0x00000000249a7800 JavaThread "Build operations" [_thread_blocked, id=9608, stack(0x0000000022420000,0x0000000022520000)]
  0x00000000249a5000 JavaThread "Cache worker for cache directory md-rule (C:\Users\basker\.gradle\caches\5.6.4\md-rule)" [_thread_blocked, id=8988, stack(0x0000000022320000,0x0000000022420000)]
  0x00000000249a1800 JavaThread "Cache worker for cache directory md-supplier (C:\Users\basker\.gradle\caches\5.6.4\md-supplier)" [_thread_blocked, id=7976, stack(0x00000000211e0000,0x00000000212e0000)]
  0x00000000249a6800 JavaThread "Cache worker for file hash cache (C:\Users\basker\Desktop\supermarket\.gradle\5.6.4\fileHashes)" [_thread_blocked, id=1984, stack(0x0000000020a70000,0x0000000020b70000)]
  0x00000000249a8000 JavaThread "Thread-97" [_thread_blocked, id=8948, stack(0x000000001efd0000,0x000000001f0d0000)]
  0x000000001ab55800 JavaThread "Stdin handler" [_thread_blocked, id=2612, stack(0x000000001ecd0000,0x000000001edd0000)]
  0x000000001ab54000 JavaThread "Asynchronous log dispatcher for DefaultDaemonConnection: socket connection from /127.0.0.1:51739 to /127.0.0.1:51846" [_thread_blocked, id=8056, stack(0x000000001c230000,0x000000001c330000)]
  0x000000001ab4c800 JavaThread "Daemon worker Thread 4" [_thread_in_Java, id=3512, stack(0x000000001c030000,0x000000001c130000)]
  0x000000001ab51000 JavaThread "Cancel handler" [_thread_blocked, id=9396, stack(0x000000001bf30000,0x000000001c030000)]
  0x000000001ab50000 JavaThread "Handler for socket connection from /127.0.0.1:51739 to /127.0.0.1:51846" [_thread_in_native, id=3076, stack(0x000000001be30000,0x000000001bf30000)]
  0x000000001ab51800 JavaThread "Daemon Thread 4" [_thread_blocked, id=3504, stack(0x000000001bb30000,0x000000001bc30000)]
  0x0000000021cf6800 JavaThread "Cache worker for Java compile cache (C:\Users\basker\.gradle\caches\5.6.4\javaCompile)" [_thread_blocked, id=7088, stack(0x000000001c130000,0x000000001c230000)]
  0x000000001ab4e000 JavaThread "Cache worker for file content cache (C:\Users\basker\.gradle\caches\5.6.4\fileContent)" [_thread_blocked, id=3808, stack(0x0000000024730000,0x0000000024830000)]
  0x0000000019b2c000 JavaThread "Memory manager" [_thread_blocked, id=7356, stack(0x0000000023930000,0x0000000023a30000)]
  0x0000000019b29000 JavaThread "Cache worker for execution history cache (C:\Users\basker\.gradle\caches\5.6.4\executionHistory)" [_thread_blocked, id=9564, stack(0x0000000020770000,0x0000000020870000)]
  0x000000001a6a3000 JavaThread "Cache worker for journal cache (C:\Users\basker\.gradle\caches\journal-1)" [_thread_blocked, id=7656, stack(0x000000001c730000,0x000000001c830000)]
  0x000000001a6a4800 JavaThread "File lock request listener" [_thread_in_native, id=7452, stack(0x000000001c630000,0x000000001c730000)]
  0x000000001a6a1000 JavaThread "Cache worker for file hash cache (C:\Users\basker\.gradle\caches\5.6.4\fileHashes)" [_thread_blocked, id=7696, stack(0x000000001c530000,0x000000001c630000)]
  0x000000001a329800 JavaThread "Daemon periodic checks" [_thread_blocked, id=4644, stack(0x000000001b930000,0x000000001ba30000)]
  0x0000000018995000 JavaThread "Incoming local TCP Connector on port 51739" [_thread_in_native, id=6272, stack(0x000000001b6f0000,0x000000001b7f0000)]
  0x000000001a22a000 JavaThread "Daemon health stats" [_thread_blocked, id=6120, stack(0x000000001b0b0000,0x000000001b1b0000)]
  0x0000000018330800 JavaThread "Service Thread" daemon [_thread_blocked, id=2924, stack(0x0000000018710000,0x0000000018810000)]
  0x00000000169ba000 JavaThread "C1 CompilerThread2" daemon [_thread_blocked, id=4256, stack(0x0000000018210000,0x0000000018310000)]
  0x00000000169b2800 JavaThread "C2 CompilerThread1" daemon [_thread_in_native, id=2504, stack(0x0000000018110000,0x0000000018210000)]
=>0x00000000169ae800 JavaThread "C2 CompilerThread0" daemon [_thread_in_native, id=8968, stack(0x0000000018010000,0x0000000018110000)]
  0x00000000169ac800 JavaThread "Attach Listener" daemon [_thread_blocked, id=7404, stack(0x0000000017f10000,0x0000000018010000)]
  0x00000000169ab800 JavaThread "Signal Dispatcher" daemon [_thread_blocked, id=6092, stack(0x0000000017e10000,0x0000000017f10000)]
  0x000000000303d000 JavaThread "Finalizer" daemon [_thread_blocked, id=7612, stack(0x0000000017c10000,0x0000000017d10000)]
  0x0000000016999000 JavaThread "Reference Handler" daemon [_thread_blocked, id=9812, stack(0x0000000017b10000,0x0000000017c10000)]
  0x0000000002f3e000 JavaThread "main" [_thread_blocked, id=8304, stack(0x0000000002e10000,0x0000000002f10000)]

Other Threads:
  0x0000000016976800 VMThread [stack: 0x0000000017a10000,0x0000000017b10000] [id=5312]
  0x0000000016a0e000 WatcherThread [stack: 0x0000000018810000,0x0000000018910000] [id=4372]

VM state:not at safepoint (normal execution)

VM Mutex/Monitor currently owned by a thread: None

heap address: 0x00000000a0000000, size: 1536 MB, Compressed Oops mode: 32-bit
Narrow klass base: 0x0000000000000000, Narrow klass shift: 3
Compressed class space size: 1073741824 Address: 0x0000000100000000

Heap:
 PSYoungGen      total 284160K, used 53701K [0x00000000e0000000, 0x00000000f6f80000, 0x0000000100000000)
  eden space 196096K, 13% used [0x00000000e0000000,0x00000000e192eb90,0x00000000ebf80000)
  from space 88064K, 31% used [0x00000000ebf80000,0x00000000edac2ba8,0x00000000f1580000)
  to   space 82944K, 0% used [0x00000000f1e80000,0x00000000f1e80000,0x00000000f6f80000)
 ParOldGen       total 202240K, used 70558K [0x00000000a0000000, 0x00000000ac580000, 0x00000000e0000000)
  object space 202240K, 34% used [0x00000000a0000000,0x00000000a44e7a60,0x00000000ac580000)
 Metaspace       used 98598K, capacity 103416K, committed 103552K, reserved 1138688K
  class space    used 12639K, capacity 13602K, committed 13696K, reserved 1048576K

Card table byte_map: [0x0000000012400000,0x0000000012710000] byte_map_base: 0x0000000011f00000

Marking Bits: (ParMarkBitMap*) 0x0000000064cf9f30
 Begin Bits: [0x0000000012d10000, 0x0000000014510000)
 End Bits:   [0x0000000014510000, 0x0000000015d10000)

Polling page: 0x00000000015a0000

CodeCache: size=245760Kb used=66892Kb max_used=66892Kb free=178867Kb
 bounds [0x0000000003040000, 0x00000000071f0000, 0x0000000012040000]
 total_blobs=19524 nmethods=18639 adapters=797
 compilation: enabled

Compilation events (10 events):
Event: 1414.351 Thread 0x00000000169ba000 23871       3       com.sun.tools.javac.tree.JCTree$JCLiteral::setType (8 bytes)
Event: 1414.351 Thread 0x00000000169ba000 nmethod 23871 0x00000000071ca5d0 code [0x00000000071ca740, 0x00000000071ca970]
Event: 1414.352 Thread 0x00000000169ba000 23872       3       com.sun.tools.javac.comp.Lower::makeLit (21 bytes)
Event: 1414.353 Thread 0x00000000169ba000 nmethod 23872 0x00000000071d4fd0 code [0x00000000071d5180, 0x00000000071d5858]
Event: 1414.354 Thread 0x00000000169ba000 23873       3       com.sun.tools.javac.comp.Lower::addPrunedInfo (50 bytes)
Event: 1414.355 Thread 0x00000000169ba000 nmethod 23873 0x00000000071d5c10 code [0x00000000071d5de0, 0x00000000071d66f8]
Event: 1414.355 Thread 0x00000000169ba000 23874       3       com.sun.tools.javac.comp.Lower$FreeVarCollector::addFreeVars (50 bytes)
Event: 1414.356 Thread 0x00000000169ba000 nmethod 23874 0x00000000071d6b10 code [0x00000000071d6cc0, 0x00000000071d7338]
Event: 1414.357 Thread 0x00000000169ba000 23876       3       com.sun.tools.javac.comp.Lower::visitUnary (254 bytes)
Event: 1414.360 Thread 0x00000000169ba000 nmethod 23876 0x00000000071d7550 code [0x00000000071d78e0, 0x00000000071d9628]

GC Heap History (10 events):
Event: 613.882 GC heap before
{Heap before GC invocations=36 (full 4):
 PSYoungGen      total 220160K, used 217122K [0x00000000e0000000, 0x00000000f5700000, 0x0000000100000000)
  eden space 149504K, 100% used [0x00000000e0000000,0x00000000e9200000,0x00000000e9200000)
  from space 70656K, 95% used [0x00000000e9200000,0x00000000ed408800,0x00000000ed700000)
  to   space 80896K, 0% used [0x00000000f0800000,0x00000000f0800000,0x00000000f5700000)
 ParOldGen       total 195584K, used 116770K [0x00000000a0000000, 0x00000000abf00000, 0x00000000e0000000)
  object space 195584K, 59% used [0x00000000a0000000,0x00000000a7208aa8,0x00000000abf00000)
 Metaspace       used 96192K, capacity 100748K, committed 100864K, reserved 1136640K
  class space    used 12348K, capacity 13276K, committed 13312K, reserved 1048576K
Event: 614.058 GC heap after
Heap after GC invocations=36 (full 4):
 PSYoungGen      total 261120K, used 70010K [0x00000000e0000000, 0x00000000f6980000, 0x0000000100000000)
  eden space 180224K, 0% used [0x00000000e0000000,0x00000000e0000000,0x00000000eb000000)
  from space 80896K, 86% used [0x00000000f0800000,0x00000000f4c5eae0,0x00000000f5700000)
  to   space 90112K, 0% used [0x00000000eb000000,0x00000000eb000000,0x00000000f0800000)
 ParOldGen       total 195584K, used 130500K [0x00000000a0000000, 0x00000000abf00000, 0x00000000e0000000)
  object space 195584K, 66% used [0x00000000a0000000,0x00000000a7f71248,0x00000000abf00000)
 Metaspace       used 96192K, capacity 100748K, committed 100864K, reserved 1136640K
  class space    used 12348K, capacity 13276K, committed 13312K, reserved 1048576K
}
Event: 619.768 GC heap before
{Heap before GC invocations=37 (full 4):
 PSYoungGen      total 261120K, used 250234K [0x00000000e0000000, 0x00000000f6980000, 0x0000000100000000)
  eden space 180224K, 100% used [0x00000000e0000000,0x00000000eb000000,0x00000000eb000000)
  from space 80896K, 86% used [0x00000000f0800000,0x00000000f4c5eae0,0x00000000f5700000)
  to   space 90112K, 0% used [0x00000000eb000000,0x00000000eb000000,0x00000000f0800000)
 ParOldGen       total 195584K, used 130500K [0x00000000a0000000, 0x00000000abf00000, 0x00000000e0000000)
  object space 195584K, 66% used [0x00000000a0000000,0x00000000a7f71248,0x00000000abf00000)
 Metaspace       used 96386K, capacity 100940K, committed 101120K, reserved 1136640K
  class space    used 12348K, capacity 13276K, committed 13312K, reserved 1048576K
Event: 619.992 GC heap after
Heap after GC invocations=37 (full 4):
 PSYoungGen      total 270336K, used 1728K [0x00000000e0000000, 0x00000000f8780000, 0x0000000100000000)
  eden space 180224K, 0% used [0x00000000e0000000,0x00000000e0000000,0x00000000eb000000)
  from space 90112K, 1% used [0x00000000eb000000,0x00000000eb1b0000,0x00000000f0800000)
  to   space 90624K, 0% used [0x00000000f2f00000,0x00000000f2f00000,0x00000000f8780000)
 ParOldGen       total 195584K, used 178047K [0x00000000a0000000, 0x00000000abf00000, 0x00000000e0000000)
  object space 195584K, 91% used [0x00000000a0000000,0x00000000aaddfe60,0x00000000abf00000)
 Metaspace       used 96386K, capacity 100940K, committed 101120K, reserved 1136640K
  class space    used 12348K, capacity 13276K, committed 13312K, reserved 1048576K
}
Event: 620.082 GC heap before
{Heap before GC invocations=38 (full 5):
 PSYoungGen      total 270336K, used 1728K [0x00000000e0000000, 0x00000000f8780000, 0x0000000100000000)
  eden space 180224K, 0% used [0x00000000e0000000,0x00000000e0000000,0x00000000eb000000)
  from space 90112K, 1% used [0x00000000eb000000,0x00000000eb1b0000,0x00000000f0800000)
  to   space 90624K, 0% used [0x00000000f2f00000,0x00000000f2f00000,0x00000000f8780000)
 ParOldGen       total 195584K, used 178047K [0x00000000a0000000, 0x00000000abf00000, 0x00000000e0000000)
  object space 195584K, 91% used [0x00000000a0000000,0x00000000aaddfe60,0x00000000abf00000)
 Metaspace       used 96386K, capacity 100940K, committed 101120K, reserved 1136640K
  class space    used 12348K, capacity 13276K, committed 13312K, reserved 1048576K
Event: 635.311 GC heap after
Heap after GC invocations=38 (full 5):
 PSYoungGen      total 270336K, used 0K [0x00000000e0000000, 0x00000000f8780000, 0x0000000100000000)
  eden space 180224K, 0% used [0x00000000e0000000,0x00000000e0000000,0x00000000eb000000)
  from space 90112K, 0% used [0x00000000eb000000,0x00000000eb000000,0x00000000f0800000)
  to   space 90624K, 0% used [0x00000000f2f00000,0x00000000f2f00000,0x00000000f8780000)
 ParOldGen       total 202240K, used 70542K [0x00000000a0000000, 0x00000000ac580000, 0x00000000e0000000)
  object space 202240K, 34% used [0x00000000a0000000,0x00000000a44e3a60,0x00000000ac580000)
 Metaspace       used 96369K, capacity 100888K, committed 101120K, reserved 1136640K
  class space    used 12342K, capacity 13266K, committed 13312K, reserved 1048576K
}
Event: 773.144 GC heap before
{Heap before GC invocations=39 (full 5):
 PSYoungGen      total 270336K, used 180224K [0x00000000e0000000, 0x00000000f8780000, 0x0000000100000000)
  eden space 180224K, 100% used [0x00000000e0000000,0x00000000eb000000,0x00000000eb000000)
  from space 90112K, 0% used [0x00000000eb000000,0x00000000eb000000,0x00000000f0800000)
  to   space 90624K, 0% used [0x00000000f2f00000,0x00000000f2f00000,0x00000000f8780000)
 ParOldGen       total 202240K, used 70542K [0x00000000a0000000, 0x00000000ac580000, 0x00000000e0000000)
  object space 202240K, 34% used [0x00000000a0000000,0x00000000a44e3a60,0x00000000ac580000)
 Metaspace       used 98085K, capacity 102762K, committed 102912K, reserved 1138688K
  class space    used 12600K, capacity 13553K, committed 13568K, reserved 1048576K
Event: 773.158 GC heap after
Heap after GC invocations=39 (full 5):
 PSYoungGen      total 258048K, used 12582K [0x00000000e0000000, 0x00000000f6b80000, 0x0000000100000000)
  eden space 196096K, 0% used [0x00000000e0000000,0x00000000e0000000,0x00000000ebf80000)
  from space 61952K, 20% used [0x00000000f2f00000,0x00000000f3b49950,0x00000000f6b80000)
  to   space 88064K, 0% used [0x00000000ebf80000,0x00000000ebf80000,0x00000000f1580000)
 ParOldGen       total 202240K, used 70550K [0x00000000a0000000, 0x00000000ac580000, 0x00000000e0000000)
  object space 202240K, 34% used [0x00000000a0000000,0x00000000a44e5a60,0x00000000ac580000)
 Metaspace       used 98085K, capacity 102762K, committed 102912K, reserved 1138688K
  class space    used 12600K, capacity 13553K, committed 13568K, reserved 1048576K
}
Event: 1413.490 GC heap before
{Heap before GC invocations=40 (full 5):
 PSYoungGen      total 258048K, used 208678K [0x00000000e0000000, 0x00000000f6b80000, 0x0000000100000000)
  eden space 196096K, 100% used [0x00000000e0000000,0x00000000ebf80000,0x00000000ebf80000)
  from space 61952K, 20% used [0x00000000f2f00000,0x00000000f3b49950,0x00000000f6b80000)
  to   space 88064K, 0% used [0x00000000ebf80000,0x00000000ebf80000,0x00000000f1580000)
 ParOldGen       total 202240K, used 70550K [0x00000000a0000000, 0x00000000ac580000, 0x00000000e0000000)
  object space 202240K, 34% used [0x00000000a0000000,0x00000000a44e5a60,0x00000000ac580000)
 Metaspace       used 98538K, capacity 103352K, committed 103552K, reserved 1138688K
  class space    used 12639K, capacity 13602K, committed 13696K, reserved 1048576K
Event: 1413.649 GC heap after
Heap after GC invocations=40 (full 5):
 PSYoungGen      total 284160K, used 27914K [0x00000000e0000000, 0x00000000f6f80000, 0x0000000100000000)
  eden space 196096K, 0% used [0x00000000e0000000,0x00000000e0000000,0x00000000ebf80000)
  from space 88064K, 31% used [0x00000000ebf80000,0x00000000edac2ba8,0x00000000f1580000)
  to   space 82944K, 0% used [0x00000000f1e80000,0x00000000f1e80000,0x00000000f6f80000)
 ParOldGen       total 202240K, used 70558K [0x00000000a0000000, 0x00000000ac580000, 0x00000000e0000000)
  object space 202240K, 34% used [0x00000000a0000000,0x00000000a44e7a60,0x00000000ac580000)
 Metaspace       used 98538K, capacity 103352K, committed 103552K, reserved 1138688K
  class space    used 12639K, capacity 13602K, committed 13696K, reserved 1048576K
}

Deoptimization events (10 events):
Event: 1390.372 Thread 0x000000001ab4c800 Uncommon trap: reason=class_check action=maybe_recompile pc=0x00000000065afc20 method=java.util.Spliterators$ArraySpliterator.tryAdvance(Ljava/util/function/Consumer;)Z @ 49
Event: 1393.362 Thread 0x000000001ab4c800 Uncommon trap: reason=bimorphic action=maybe_recompile pc=0x0000000006d72874 method=java.util.Collection.removeIf(Ljava/util/function/Predicate;)Z @ 8
Event: 1394.271 Thread 0x000000001ab4c800 Uncommon trap: reason=bimorphic action=maybe_recompile pc=0x0000000006d72874 method=java.util.Collection.removeIf(Ljava/util/function/Predicate;)Z @ 8
Event: 1402.625 Thread 0x00000000249b0800 Uncommon trap: reason=unstable_if action=reinterpret pc=0x00000000057b5b9c method=com.google.common.cache.LongAdder.add(J)V @ 95
Event: 1403.429 Thread 0x000000001ab4c800 Uncommon trap: reason=bimorphic action=maybe_recompile pc=0x0000000003403198 method=java.util.stream.SortedOps$SizedRefSortingSink.end()V @ 25
Event: 1404.296 Thread 0x000000001ab4c800 Uncommon trap: reason=unstable_if action=reinterpret pc=0x00000000050e5204 method=org.objectweb.asm.ClassReader.readField(Lorg/objectweb/asm/ClassVisitor;Lorg/objectweb/asm/Context;I)I @ 115
Event: 1405.288 Thread 0x000000001ab4c800 Uncommon trap: reason=predicate action=maybe_recompile pc=0x000000000632c49c method=org.objectweb.asm.ClassReader.readCode(Lorg/objectweb/asm/MethodVisitor;Lorg/objectweb/asm/Context;I)V @ 1420
Event: 1413.482 Thread 0x000000001ab4c800 Uncommon trap: reason=unstable_if action=reinterpret pc=0x000000000671cb50 method=com.sun.tools.javac.jvm.ClassReader.readMethod()Lcom/sun/tools/javac/code/Symbol$MethodSymbol; @ 109
Event: 1413.652 Thread 0x000000001ab4c800 Uncommon trap: reason=null_check action=make_not_entrant pc=0x00000000055bdd70 method=com.sun.tools.javac.util.UnsharedNameTable.fromUtf([BII)Lcom/sun/tools/javac/util/Name; @ 50
Event: 1413.979 Thread 0x000000001ab4c800 Uncommon trap: reason=class_check action=maybe_recompile pc=0x0000000005f2d6e4 method=com.sun.tools.javac.jvm.Pool.makePoolValue(Ljava/lang/Object;)Ljava/lang/Object; @ 58

Classes redefined (0 events):
No events

Internal exceptions (10 events):
Event: 637.979 Thread 0x000000001ab4d000 Exception <a 'sun/nio/fs/WindowsException'> (0x00000000e3546dd0) thrown at [D:\src\AOSP-openjdk-cygwin\jdk8u\hotspot\src\share\vm\prims\jni.cpp, line 710]
Event: 653.247 Thread 0x00000000249ac800 Exception <a 'java/lang/NoSuchMethodError': <clinit>> (0x00000000e8250d98) thrown at [D:\src\AOSP-openjdk-cygwin\jdk8u\hotspot\src\share\vm\prims\jni.cpp, line 1614]
Event: 653.247 Thread 0x00000000249ac800 Exception <a 'java/lang/NoSuchMethodError': <clinit>> (0x00000000e82555f8) thrown at [D:\src\AOSP-openjdk-cygwin\jdk8u\hotspot\src\share\vm\prims\jni.cpp, line 1614]
Event: 653.248 Thread 0x00000000249ac800 Exception <a 'java/lang/NoSuchMethodError': <clinit>> (0x00000000e8264210) thrown at [D:\src\AOSP-openjdk-cygwin\jdk8u\hotspot\src\share\vm\prims\jni.cpp, line 1614]
Event: 653.249 Thread 0x00000000249ac800 Exception <a 'java/lang/NoSuchMethodError': <clinit>> (0x00000000e8275d48) thrown at [D:\src\AOSP-openjdk-cygwin\jdk8u\hotspot\src\share\vm\prims\jni.cpp, line 1614]
Event: 655.068 Thread 0x0000000021ce8000 Exception <a 'sun/nio/fs/WindowsException'> (0x00000000e86997d8) thrown at [D:\src\AOSP-openjdk-cygwin\jdk8u\hotspot\src\share\vm\prims\jni.cpp, line 710]
Event: 655.068 Thread 0x0000000021ce8000 Exception <a 'sun/nio/fs/WindowsException'> (0x00000000e8699c80) thrown at [D:\src\AOSP-openjdk-cygwin\jdk8u\hotspot\src\share\vm\prims\jni.cpp, line 710]
Event: 655.078 Thread 0x0000000021ce8000 Exception <a 'java/lang/NoSuchMethodError': java.lang.Object.lambda$static$0(Lcom/android/apksig/util/RunnablesProvider;)V> (0x00000000e86f0660) thrown at [D:\src\AOSP-openjdk-cygwin\jdk8u\hotspot\src\share\vm\interpreter\linkResolver.cpp, line 620]
Event: 682.798 Thread 0x00000000249a3800 Exception <a 'sun/nio/fs/WindowsException'> (0x00000000eaae43e0) thrown at [D:\src\AOSP-openjdk-cygwin\jdk8u\hotspot\src\share\vm\prims\jni.cpp, line 710]
Event: 1413.652 Thread 0x000000001ab4c800 Implicit null exception at 0x00000000055bd635 to 0x00000000055bdd29

Events (10 events):
Event: 1413.489 Executing VM operation: ParallelGCFailedAllocation
Event: 1413.649 Executing VM operation: ParallelGCFailedAllocation done
Event: 1413.652 Thread 0x000000001ab4c800 Uncommon trap: trap_request=0xfffffff4 fr.pc=0x00000000055bdd70
Event: 1413.652 Thread 0x000000001ab4c800 DEOPT PACKING pc=0x00000000055bdd70 sp=0x000000001c127c10
Event: 1413.652 Thread 0x000000001ab4c800 DEOPT UNPACKING pc=0x000000000308557b sp=0x000000001c127bc0 mode 2
Event: 1413.978 Thread 0x000000001ab4c800 Uncommon trap: trap_request=0xffffffde fr.pc=0x0000000005f2d6e4
Event: 1413.979 Thread 0x000000001ab4c800 DEOPT PACKING pc=0x0000000005f2d6e4 sp=0x000000001c127dc0
Event: 1413.979 Thread 0x000000001ab4c800 DEOPT UNPACKING pc=0x000000000308557b sp=0x000000001c127d50 mode 2
Event: 1413.985 Executing VM operation: ForceSafepoint
Event: 1414.002 Executing VM operation: ForceSafepoint done


Dynamic libraries:
0x00007ff788dd0000 - 0x00007ff788e01000 	C:\Program Files\Android\Android Studio\jre\bin\java.exe
0x00007fffe29e0000 - 0x00007fffe2bd0000 	C:\WINDOWS\SYSTEM32\ntdll.dll
0x00007fffcb120000 - 0x00007fffcb132000 	C:\Program Files\AVG\Antivirus\aswhook.dll
0x00007fffe1730000 - 0x00007fffe17e2000 	C:\WINDOWS\System32\KERNEL32.DLL
0x00007fffe0480000 - 0x00007fffe0725000 	C:\WINDOWS\System32\KERNELBASE.dll
0x00007fffe1170000 - 0x00007fffe1213000 	C:\WINDOWS\System32\ADVAPI32.dll
0x00007fffe0f20000 - 0x00007fffe0fbe000 	C:\WINDOWS\System32\msvcrt.dll
0x00007fffe1870000 - 0x00007fffe1907000 	C:\WINDOWS\System32\sechost.dll
0x00007fffe1530000 - 0x00007fffe1650000 	C:\WINDOWS\System32\RPCRT4.dll
0x00007fffe2610000 - 0x00007fffe27a4000 	C:\WINDOWS\System32\USER32.dll
0x00007fffe0920000 - 0x00007fffe0941000 	C:\WINDOWS\System32\win32u.dll
0x00007fffe2970000 - 0x00007fffe2996000 	C:\WINDOWS\System32\GDI32.dll
0x00007fffdf9c0000 - 0x00007fffdfb56000 	C:\WINDOWS\System32\gdi32full.dll
0x00007fffe0880000 - 0x00007fffe091e000 	C:\WINDOWS\System32\msvcp_win.dll
0x00007fffdfb60000 - 0x00007fffdfc5a000 	C:\WINDOWS\System32\ucrtbase.dll
0x00007fffde640000 - 0x00007fffde8c4000 	C:\WINDOWS\WinSxS\amd64_microsoft.windows.common-controls_6595b64144ccf1df_6.0.18362.1139_none_9e7bf2d3e4605ac6\COMCTL32.dll
0x00007fffe22d0000 - 0x00007fffe2605000 	C:\WINDOWS\System32\combase.dll
0x00007fffe03e0000 - 0x00007fffe0460000 	C:\WINDOWS\System32\bcryptPrimitives.dll
0x00007fffe1650000 - 0x00007fffe167e000 	C:\WINDOWS\System32\IMM32.DLL
0x0000000064450000 - 0x0000000064522000 	C:\Program Files\Android\Android Studio\jre\jre\bin\msvcr100.dll
0x0000000064530000 - 0x0000000064d76000 	C:\Program Files\Android\Android Studio\jre\jre\bin\server\jvm.dll
0x00007fffe2890000 - 0x00007fffe2898000 	C:\WINDOWS\System32\PSAPI.DLL
0x00007fffd4930000 - 0x00007fffd4939000 	C:\WINDOWS\SYSTEM32\WSOCK32.dll
0x00007fffe1360000 - 0x00007fffe13cf000 	C:\WINDOWS\System32\WS2_32.dll
0x00007fffdcc70000 - 0x00007fffdcc94000 	C:\WINDOWS\SYSTEM32\WINMM.dll
0x00007fffddd20000 - 0x00007fffddd2a000 	C:\WINDOWS\SYSTEM32\VERSION.dll
0x00007fffdcc40000 - 0x00007fffdcc6d000 	C:\WINDOWS\SYSTEM32\WINMMBASE.dll
0x00007fffdf970000 - 0x00007fffdf9ba000 	C:\WINDOWS\System32\cfgmgr32.dll
0x00007fffdef30000 - 0x00007fffdef3f000 	C:\Program Files\Android\Android Studio\jre\jre\bin\verify.dll
0x00007fffdba70000 - 0x00007fffdba99000 	C:\Program Files\Android\Android Studio\jre\jre\bin\java.dll
0x00007fffdddc0000 - 0x00007fffdddd6000 	C:\Program Files\Android\Android Studio\jre\jre\bin\zip.dll
0x00007fffe1be0000 - 0x00007fffe22c7000 	C:\WINDOWS\System32\SHELL32.dll
0x00007fffe1b30000 - 0x00007fffe1bd9000 	C:\WINDOWS\System32\shcore.dll
0x00007fffdfc60000 - 0x00007fffe03e0000 	C:\WINDOWS\System32\windows.storage.dll
0x00007fffdf900000 - 0x00007fffdf923000 	C:\WINDOWS\System32\profapi.dll
0x00007fffdf8b0000 - 0x00007fffdf8fa000 	C:\WINDOWS\System32\powrprof.dll
0x00007fffdf8a0000 - 0x00007fffdf8b0000 	C:\WINDOWS\System32\UMPDC.dll
0x00007fffe27b0000 - 0x00007fffe2802000 	C:\WINDOWS\System32\shlwapi.dll
0x00007fffdf930000 - 0x00007fffdf941000 	C:\WINDOWS\System32\kernel.appcore.dll
0x00007fffe0460000 - 0x00007fffe0477000 	C:\WINDOWS\System32\cryptsp.dll
0x00007fffdb9e0000 - 0x00007fffdb9fa000 	C:\Program Files\Android\Android Studio\jre\jre\bin\net.dll
0x00007fffd08e0000 - 0x00007fffd0ab6000 	C:\WINDOWS\SYSTEM32\urlmon.dll
0x00007fffd0be0000 - 0x00007fffd0e87000 	C:\WINDOWS\SYSTEM32\iertutil.dll
0x00007fffdf680000 - 0x00007fffdf68c000 	C:\WINDOWS\SYSTEM32\CRYPTBASE.DLL
0x00007fffdecc0000 - 0x00007fffded27000 	C:\WINDOWS\system32\mswsock.dll
0x00007fffdb9c0000 - 0x00007fffdb9d3000 	C:\Program Files\Android\Android Studio\jre\jre\bin\nio.dll
0x00007fffd6dd0000 - 0x00007fffd6df6000 	C:\Users\basker\.gradle\native\30\windows-amd64\native-platform.dll
0x00007fffdeed0000 - 0x00007fffdeedd000 	C:\Program Files\Android\Android Studio\jre\jre\bin\management.dll
0x00007fffde5a0000 - 0x00007fffde5d3000 	C:\WINDOWS\system32\rsaenh.dll
0x00007fffe09b0000 - 0x00007fffe09d6000 	C:\WINDOWS\System32\bcrypt.dll
0x00007fffdf780000 - 0x00007fffdf7a5000 	C:\WINDOWS\SYSTEM32\USERENV.dll
0x00007fffde9d0000 - 0x00007fffdea0a000 	C:\WINDOWS\SYSTEM32\IPHLPAPI.DLL
0x00007fffe0f00000 - 0x00007fffe0f08000 	C:\WINDOWS\System32\NSI.dll
0x00007fffd6320000 - 0x00007fffd6336000 	C:\WINDOWS\SYSTEM32\dhcpcsvc6.DLL
0x00007fffd6460000 - 0x00007fffd647c000 	C:\WINDOWS\SYSTEM32\dhcpcsvc.DLL
0x00007fffdea10000 - 0x00007fffdeadb000 	C:\WINDOWS\SYSTEM32\DNSAPI.dll

VM Arguments:
jvm_args: -Xmx1536m -Dfile.encoding=windows-1252 -Duser.country=US -Duser.language=en -Duser.variant 
java_command: org.gradle.launcher.daemon.bootstrap.GradleDaemon 5.6.4
java_class_path (initial): C:\Users\basker\.gradle\wrapper\dists\gradle-5.6.4-all\ankdp27end7byghfw1q2sw75f\gradle-5.6.4\lib\gradle-launcher-5.6.4.jar
Launcher Type: SUN_STANDARD

Environment Variables:
PATH=C:\Program Files (x86)\Common Files\Oracle\Java\javapath;C:\Program Files (x86)\NVIDIA Corporation\PhysX\Common;C:\Program Files (x86)\Intel\iCLS Client\;C:\Program Files\Intel\iCLS Client\;C:\WINDOWS\system32;C:\WINDOWS;C:\WINDOWS\System32\Wbem;C:\WINDOWS\System32\WindowsPowerShell\v1.0\;C:\Program Files\Intel\Intel(R) Management Engine Components\DAL;C:\Program Files\Intel\Intel(R) Management Engine Components\IPT;C:\Program Files (x86)\Intel\Intel(R) Management Engine Components\DAL;C:\Program Files (x86)\Intel\Intel(R) Management Engine Components\IPT;C:\Program Files (x86)\Intel\OpenCL SDK\2.0\bin\x86;C:\Program Files (x86)\Intel\OpenCL SDK\2.0\bin\x64;C:\Program Files\Lenovo\Bluetooth Software\;C:\Program Files\Lenovo\Bluetooth Software\syswow64;C:\WINDOWS\System32\OpenSSH\;C:\Program Files\nodejs\;C:\Users\basker\AppData\Local\Android\Sdk\platforms;C:\Users\basker\AppData\Local\Android\Sdk\platform-tools;C:\Users\basker\.gradle\wrapper\dists\gradle-5.6.4-all\ankdp27end7byghfw1q2sw75f\gradle-5.6.4\bin;C:\Program Files\Git\cmd;C:\Program Files\MySQL\MySQL Shell 8.0\bin\;C:\Users\basker\AppData\Local\Microsoft\WindowsApps;C:\Users\basker\AppData\Roaming\npm;C:\Users\basker\AppData\Local\Programs\Microsoft VS Code\bin;C:\Users\basker\.gradle\wrapper\dists\gradle-5.6.4-all\ankdp27end7byghfw1q2sw75f\gradle-5.6.4\bin;
USERNAME=basker
OS=Windows_NT
PROCESSOR_IDENTIFIER=Intel64 Family 6 Model 58 Stepping 9, GenuineIntel



---------------  S Y S T E M  ---------------

OS: Windows 10.0 , 64 bit Build 18362 (10.0.18362.1110)

CPU:total 4 (initial active 4) (2 cores per cpu, 2 threads per core) family 6 model 58 stepping 9, cmov, cx8, fxsr, mmx, sse, sse2, sse3, ssse3, sse4.1, sse4.2, popcnt, avx, aes, clmul, erms, ht, tsc, tscinvbit, tscinv

Memory: 4k page, physical 4056852k(330800k free), swap 5481236k(1380k free)

vm_info: OpenJDK 64-Bit Server VM (25.212-b04) for windows-amd64 JRE (1.8.0_212-release-1586-b04), built by "builder" with MS VC++ 10.0 (VS2010)

time: Fri Oct 23 00:27:07 2020
timezone: India Standard Time
elapsed time: 1414 seconds (0d 0h 23m 34s)

