#
# There is insufficient memory for the Java Runtime Environment to continue.
# Native memory allocation (malloc) failed to allocate 556896 bytes for Chunk::new
# Possible reasons:
#   The system is out of physical RAM or swap space
#   The process is running with CompressedOops enabled, and the Java Heap may be blocking the growth of the native heap
# Possible solutions:
#   Reduce memory load on the system
#   Increase physical memory or swap space
#   Check if swap backing store is full
#   Decrease Java heap size (-Xmx/-Xms)
#   Decrease number of Java threads
#   Decrease Java thread stack sizes (-Xss)
#   Set larger code cache with -XX:ReservedCodeCacheSize=
#   JVM is running with Unscaled Compressed Oops mode in which the Java heap is
#     placed in the first 4GB address space. The Java Heap base address is the
#     maximum limit for the native heap growth. Please use -XX:HeapBaseMinAddress
#     to set the Java Heap base and to place the Java Heap above 4GB virtual address.
# This output file may be truncated or incomplete.
#
#  Out of Memory Error (allocation.cpp:389), pid=5424, tid=0x0000000000002a5c
#
# JRE version: OpenJDK Runtime Environment (8.0_212-b04) (build 1.8.0_212-release-1586-b04)
# Java VM: OpenJDK 64-Bit Server VM (25.212-b04 mixed mode windows-amd64 compressed oops)
# Failed to write core dump. Minidumps are not enabled by default on client versions of Windows
#

---------------  T H R E A D  ---------------

Current thread (0x000000001625d800):  JavaThread "C2 CompilerThread1" daemon [_thread_in_native, id=10844, stack(0x00000000179a0000,0x0000000017aa0000)]

Stack: [0x00000000179a0000,0x0000000017aa0000]
[error occurred during error reporting (printing stack bounds), id 0xc0000005]

Native frames: (J=compiled Java code, j=interpreted, Vv=VM code, C=native code)


Current CompileTask:
C2:2987163 20685       4       org.objectweb.asm.ClassReader::readField (667 bytes)


---------------  P R O C E S S  ---------------

Java Threads: ( => current thread )
  0x000000001923d000 JavaThread "WorkerExecutor Queue Thread 3" [_thread_blocked, id=6708, stack(0x00000000389e0000,0x0000000038ae0000)]
  0x0000000019238000 JavaThread "stdout" [_thread_in_native, id=6076, stack(0x00000000388e0000,0x00000000389e0000)]
  0x0000000019237000 JavaThread "stderr" [_thread_in_native, id=7228, stack(0x00000000387e0000,0x00000000388e0000)]
  0x000000001923c800 JavaThread "stdout" [_thread_in_native, id=6008, stack(0x00000000386e0000,0x00000000387e0000)]
  0x0000000017dd5800 JavaThread "stderr" [_thread_in_native, id=2960, stack(0x00000000385e0000,0x00000000386e0000)]
  0x0000000017dd7000 JavaThread "pool-20-thread-1" [_thread_blocked, id=7468, stack(0x00000000384e0000,0x00000000385e0000)]
  0x0000000017dd3800 JavaThread "WorkerExecutor Queue Thread 2" [_thread_blocked, id=1384, stack(0x00000000383e0000,0x00000000384e0000)]
  0x0000000017dd5000 JavaThread "WorkerExecutor Queue" [_thread_blocked, id=5376, stack(0x00000000382e0000,0x00000000383e0000)]
  0x0000000017dcc800 JavaThread "Cache worker for execution history cache (C:\Users\basker\Desktop\supermarket\.gradle\5.6.4\executionHistory)" [_thread_blocked, id=5976, stack(0x00000000381e0000,0x00000000382e0000)]
  0x0000000017dcc000 JavaThread "Execution worker for ':' Thread 3" [_thread_blocked, id=5468, stack(0x00000000380e0000,0x00000000381e0000)]
  0x0000000017dd2800 JavaThread "Execution worker for ':' Thread 2" [_thread_in_native, id=7996, stack(0x0000000037fe0000,0x00000000380e0000)]
  0x0000000017dca800 JavaThread "Execution worker for ':'" [_thread_blocked, id=8436, stack(0x0000000037ee0000,0x0000000037fe0000)]
  0x0000000017dcf800 JavaThread "Cache worker for file content cache (C:\Users\basker\Desktop\supermarket\.gradle\5.6.4\fileContent)" [_thread_blocked, id=1312, stack(0x0000000037de0000,0x0000000037ee0000)]
  0x0000000017dc8000 JavaThread "Cache worker for Build Output Cleanup Cache (C:\Users\basker\Desktop\supermarket\.gradle\buildOutputCleanup)" [_thread_blocked, id=4428, stack(0x0000000037ce0000,0x0000000037de0000)]
  0x0000000017dce000 JavaThread "Build operations Thread 4" [_thread_blocked, id=7044, stack(0x0000000037be0000,0x0000000037ce0000)]
  0x0000000017dc9000 JavaThread "Build operations Thread 3" [_thread_blocked, id=6244, stack(0x0000000037ae0000,0x0000000037be0000)]
  0x000000001f585800 JavaThread "Build operations Thread 2" [_thread_blocked, id=2096, stack(0x00000000379e0000,0x0000000037ae0000)]
  0x000000001f585000 JavaThread "Build operations" [_thread_blocked, id=6792, stack(0x00000000378e0000,0x00000000379e0000)]
  0x000000001f584000 JavaThread "Cache worker for cache directory md-rule (C:\Users\basker\.gradle\caches\5.6.4\md-rule)" [_thread_blocked, id=8020, stack(0x00000000377e0000,0x00000000378e0000)]
  0x000000001f58a800 JavaThread "Cache worker for cache directory md-supplier (C:\Users\basker\.gradle\caches\5.6.4\md-supplier)" [_thread_blocked, id=9576, stack(0x00000000376e0000,0x00000000377e0000)]
  0x000000001f588000 JavaThread "Cache worker for file hash cache (C:\Users\basker\Desktop\supermarket\.gradle\5.6.4\fileHashes)" [_thread_blocked, id=5084, stack(0x00000000375e0000,0x00000000376e0000)]
  0x000000001f588800 JavaThread "Thread-178" [_thread_blocked, id=8552, stack(0x00000000374e0000,0x00000000375e0000)]
  0x000000001f586800 JavaThread "Stdin handler" [_thread_blocked, id=9116, stack(0x00000000373e0000,0x00000000374e0000)]
  0x000000001f57c000 JavaThread "Asynchronous log dispatcher for DefaultDaemonConnection: socket connection from /127.0.0.1:52128 to /127.0.0.1:52611" [_thread_blocked, id=9180, stack(0x00000000372e0000,0x00000000373e0000)]
  0x000000001f582800 JavaThread "Daemon worker Thread 6" [_thread_blocked, id=2500, stack(0x00000000371e0000,0x00000000372e0000)]
  0x000000001f57e000 JavaThread "Cancel handler" [_thread_blocked, id=4424, stack(0x00000000370e0000,0x00000000371e0000)]
  0x000000001f57d800 JavaThread "Handler for socket connection from /127.0.0.1:52128 to /127.0.0.1:52611" [_thread_in_native, id=9556, stack(0x0000000036fe0000,0x00000000370e0000)]
  0x000000001f582000 JavaThread "Daemon Thread 6" [_thread_blocked, id=6428, stack(0x0000000036ee0000,0x0000000036fe0000)]
  0x000000001f57f000 JavaThread "Cache worker for Java compile cache (C:\Users\basker\.gradle\caches\5.6.4\javaCompile)" [_thread_blocked, id=8404, stack(0x000000002b010000,0x000000002b110000)]
  0x0000000017dd0800 JavaThread "Cache worker for file content cache (C:\Users\basker\.gradle\caches\5.6.4\fileContent)" [_thread_blocked, id=1536, stack(0x0000000025ed0000,0x0000000025fd0000)]
  0x0000000017dd4000 JavaThread "Memory manager" [_thread_blocked, id=1980, stack(0x00000000231b0000,0x00000000232b0000)]
  0x0000000017dc9800 JavaThread "Cache worker for execution history cache (C:\Users\basker\.gradle\caches\5.6.4\executionHistory)" [_thread_blocked, id=2348, stack(0x0000000020af0000,0x0000000020bf0000)]
  0x000000001a07b800 JavaThread "Cache worker for journal cache (C:\Users\basker\.gradle\caches\journal-1)" [_thread_blocked, id=5332, stack(0x000000001bfc0000,0x000000001c0c0000)]
  0x000000001a07c000 JavaThread "File lock request listener" [_thread_in_native, id=2648, stack(0x000000001bec0000,0x000000001bfc0000)]
  0x000000001a07e800 JavaThread "Cache worker for file hash cache (C:\Users\basker\.gradle\caches\5.6.4\fileHashes)" [_thread_blocked, id=908, stack(0x000000001bdc0000,0x000000001bec0000)]
  0x0000000019d3a800 JavaThread "Daemon periodic checks" [_thread_blocked, id=4416, stack(0x000000001b1c0000,0x000000001b2c0000)]
  0x0000000019d38800 JavaThread "Incoming local TCP Connector on port 52128" [_thread_in_native, id=6212, stack(0x000000001af80000,0x000000001b080000)]
  0x0000000019c42800 JavaThread "Daemon health stats" [_thread_blocked, id=7964, stack(0x000000001a940000,0x000000001aa40000)]
  0x0000000017abf000 JavaThread "Service Thread" daemon [_thread_blocked, id=3060, stack(0x0000000017fa0000,0x00000000180a0000)]
  0x0000000017aa0800 JavaThread "C1 CompilerThread2" daemon [_thread_in_native, id=6932, stack(0x0000000017ea0000,0x0000000017fa0000)]
=>0x000000001625d800 JavaThread "C2 CompilerThread1" daemon [_thread_in_native, id=10844, stack(0x00000000179a0000,0x0000000017aa0000)]
  0x000000001623a000 JavaThread "C2 CompilerThread0" daemon [_thread_blocked, id=6804, stack(0x00000000178a0000,0x00000000179a0000)]
  0x0000000016248000 JavaThread "Attach Listener" daemon [_thread_blocked, id=6640, stack(0x00000000177a0000,0x00000000178a0000)]
  0x0000000016246800 JavaThread "Signal Dispatcher" daemon [_thread_blocked, id=4100, stack(0x00000000176a0000,0x00000000177a0000)]
  0x00000000028cd000 JavaThread "Finalizer" daemon [_thread_blocked, id=4180, stack(0x00000000174a0000,0x00000000175a0000)]
  0x0000000016229000 JavaThread "Reference Handler" daemon [_thread_blocked, id=6096, stack(0x00000000173a0000,0x00000000174a0000)]
  0x00000000026ce000 JavaThread "main" [_thread_blocked, id=6912, stack(0x00000000026d0000,0x00000000027d0000)]

Other Threads:
  0x0000000016206000 VMThread [stack: 0x00000000172a0000,0x00000000173a0000] [id=6156]
  0x0000000017ac0800 WatcherThread [stack: 0x00000000180a0000,0x00000000181a0000] [id=11192]

VM state:not at safepoint (normal execution)

VM Mutex/Monitor currently owned by a thread: None

heap address: 0x00000000a0000000, size: 1536 MB, Compressed Oops mode: 32-bit
Narrow klass base: 0x0000000000000000, Narrow klass shift: 3
Compressed class space size: 1073741824 Address: 0x0000000100000000

Heap:
 PSYoungGen      total 291840K, used 248316K [0x00000000e0000000, 0x00000000f3400000, 0x0000000100000000)
  eden space 268288K, 84% used [0x00000000e0000000,0x00000000edc5e790,0x00000000f0600000)
  from space 23552K, 96% used [0x00000000f0600000,0x00000000f1c20a50,0x00000000f1d00000)
  to   space 19968K, 0% used [0x00000000f2080000,0x00000000f2080000,0x00000000f3400000)
 ParOldGen       total 127488K, used 67758K [0x00000000a0000000, 0x00000000a7c80000, 0x00000000e0000000)
  object space 127488K, 53% used [0x00000000a0000000,0x00000000a422ba48,0x00000000a7c80000)
 Metaspace       used 95990K, capacity 100956K, committed 101120K, reserved 1136640K
  class space    used 12459K, capacity 13452K, committed 13568K, reserved 1048576K

Card table byte_map: [0x0000000011c90000,0x0000000011fa0000] byte_map_base: 0x0000000011790000

Marking Bits: (ParMarkBitMap*) 0x0000000065ba9f30
 Begin Bits: [0x00000000125a0000, 0x0000000013da0000)
 End Bits:   [0x0000000013da0000, 0x00000000155a0000)

Polling page: 0x0000000000e20000

CodeCache: size=245760Kb used=57918Kb max_used=57918Kb free=187841Kb
 bounds [0x00000000028d0000, 0x00000000061c0000, 0x00000000118d0000]
 total_blobs=17311 nmethods=16428 adapters=795
 compilation: enabled

Compilation events (10 events):
Event: 2987.054 Thread 0x0000000017aa0800 20690       3       org.gradle.api.internal.tasks.compile.MethodStubbingApiMemberAdapter::visit (31 bytes)
Event: 2987.055 Thread 0x0000000017aa0800 nmethod 20690 0x0000000003e74c90 code [0x0000000003e74e20, 0x0000000003e751d8]
Event: 2987.055 Thread 0x0000000017aa0800 20691       3       org.gradle.api.internal.tasks.compile.MethodStubbingApiMemberAdapter::generateUnsupportedOperationExceptionMethod (74 bytes)
Event: 2987.055 Thread 0x0000000017aa0800 nmethod 20691 0x0000000004801e10 code [0x0000000004802000, 0x0000000004802888]
Event: 2987.055 Thread 0x0000000017aa0800 20692       3       com.google.common.collect.RegularImmutableSortedSet::copyIntoArray (10 bytes)
Event: 2987.056 Thread 0x0000000017aa0800 nmethod 20692 0x00000000043bb050 code [0x00000000043bb1c0, 0x00000000043bb3e8]
Event: 2987.056 Thread 0x0000000017aa0800 20693       3       org.gradle.api.internal.tasks.compile.MethodStubbingApiMemberAdapter::visitMethod (69 bytes)
Event: 2987.056 Thread 0x0000000017aa0800 nmethod 20693 0x0000000003b36390 code [0x0000000003b36560, 0x0000000003b36bb8]
Event: 2987.071 Thread 0x000000001623a000 nmethod 20682 0x00000000061b99d0 code [0x00000000061b9e60, 0x00000000061bc608]
Event: 2987.071 Thread 0x000000001623a000 20684 %     4       org.objectweb.asm.ClassReader::<init> @ 110 (371 bytes)

GC Heap History (10 events):
Event: 1859.325 GC heap before
{Heap before GC invocations=27 (full 4):
 PSYoungGen      total 245248K, used 11186K [0x00000000e0000000, 0x00000000f2600000, 0x0000000100000000)
  eden space 219648K, 0% used [0x00000000e0000000,0x00000000e0000000,0x00000000ed680000)
  from space 25600K, 43% used [0x00000000ed680000,0x00000000ee16c908,0x00000000eef80000)
  to   space 24576K, 0% used [0x00000000f0e00000,0x00000000f0e00000,0x00000000f2600000)
 ParOldGen       total 72192K, used 69998K [0x00000000a0000000, 0x00000000a4680000, 0x00000000e0000000)
  object space 72192K, 96% used [0x00000000a0000000,0x00000000a445ba28,0x00000000a4680000)
 Metaspace       used 93752K, capacity 98448K, committed 98496K, reserved 1134592K
  class space    used 12330K, capacity 13296K, committed 13312K, reserved 1048576K
Event: 1859.669 GC heap after
Heap after GC invocations=27 (full 4):
 PSYoungGen      total 245248K, used 0K [0x00000000e0000000, 0x00000000f2600000, 0x0000000100000000)
  eden space 219648K, 0% used [0x00000000e0000000,0x00000000e0000000,0x00000000ed680000)
  from space 25600K, 0% used [0x00000000ed680000,0x00000000ed680000,0x00000000eef80000)
  to   space 24576K, 0% used [0x00000000f0e00000,0x00000000f0e00000,0x00000000f2600000)
 ParOldGen       total 127488K, used 67726K [0x00000000a0000000, 0x00000000a7c80000, 0x00000000e0000000)
  object space 127488K, 53% used [0x00000000a0000000,0x00000000a4223a48,0x00000000a7c80000)
 Metaspace       used 93446K, capacity 97618K, committed 98496K, reserved 1134592K
  class space    used 12226K, capacity 13113K, committed 13312K, reserved 1048576K
}
Event: 1945.750 GC heap before
{Heap before GC invocations=28 (full 4):
 PSYoungGen      total 245248K, used 219648K [0x00000000e0000000, 0x00000000f2600000, 0x0000000100000000)
  eden space 219648K, 100% used [0x00000000e0000000,0x00000000ed680000,0x00000000ed680000)
  from space 25600K, 0% used [0x00000000ed680000,0x00000000ed680000,0x00000000eef80000)
  to   space 24576K, 0% used [0x00000000f0e00000,0x00000000f0e00000,0x00000000f2600000)
 ParOldGen       total 127488K, used 67726K [0x00000000a0000000, 0x00000000a7c80000, 0x00000000e0000000)
  object space 127488K, 53% used [0x00000000a0000000,0x00000000a4223a48,0x00000000a7c80000)
 Metaspace       used 94482K, capacity 98808K, committed 99392K, reserved 1134592K
  class space    used 12348K, capacity 13250K, committed 13440K, reserved 1048576K
Event: 1945.768 GC heap after
Heap after GC invocations=28 (full 4):
 PSYoungGen      total 271360K, used 8511K [0x00000000e0000000, 0x00000000f2280000, 0x0000000100000000)
  eden space 250368K, 0% used [0x00000000e0000000,0x00000000e0000000,0x00000000ef480000)
  from space 20992K, 40% used [0x00000000f0e00000,0x00000000f164fdd0,0x00000000f2280000)
  to   space 23552K, 0% used [0x00000000ef480000,0x00000000ef480000,0x00000000f0b80000)
 ParOldGen       total 127488K, used 67734K [0x00000000a0000000, 0x00000000a7c80000, 0x00000000e0000000)
  object space 127488K, 53% used [0x00000000a0000000,0x00000000a4225a48,0x00000000a7c80000)
 Metaspace       used 94482K, capacity 98808K, committed 99392K, reserved 1134592K
  class space    used 12348K, capacity 13250K, committed 13440K, reserved 1048576K
}
Event: 2067.073 GC heap before
{Heap before GC invocations=29 (full 4):
 PSYoungGen      total 271360K, used 258879K [0x00000000e0000000, 0x00000000f2280000, 0x0000000100000000)
  eden space 250368K, 100% used [0x00000000e0000000,0x00000000ef480000,0x00000000ef480000)
  from space 20992K, 40% used [0x00000000f0e00000,0x00000000f164fdd0,0x00000000f2280000)
  to   space 23552K, 0% used [0x00000000ef480000,0x00000000ef480000,0x00000000f0b80000)
 ParOldGen       total 127488K, used 67734K [0x00000000a0000000, 0x00000000a7c80000, 0x00000000e0000000)
  object space 127488K, 53% used [0x00000000a0000000,0x00000000a4225a48,0x00000000a7c80000)
 Metaspace       used 95047K, capacity 99702K, committed 99968K, reserved 1136640K
  class space    used 12386K, capacity 13321K, committed 13440K, reserved 1048576K
Event: 2067.093 GC heap after
Heap after GC invocations=29 (full 4):
 PSYoungGen      total 273920K, used 11784K [0x00000000e0000000, 0x00000000f3700000, 0x0000000100000000)
  eden space 250368K, 0% used [0x00000000e0000000,0x00000000e0000000,0x00000000ef480000)
  from space 23552K, 50% used [0x00000000ef480000,0x00000000f00022b8,0x00000000f0b80000)
  to   space 23040K, 0% used [0x00000000f2080000,0x00000000f2080000,0x00000000f3700000)
 ParOldGen       total 127488K, used 67742K [0x00000000a0000000, 0x00000000a7c80000, 0x00000000e0000000)
  object space 127488K, 53% used [0x00000000a0000000,0x00000000a4227a48,0x00000000a7c80000)
 Metaspace       used 95047K, capacity 99702K, committed 99968K, reserved 1136640K
  class space    used 12386K, capacity 13321K, committed 13440K, reserved 1048576K
}
Event: 2181.188 GC heap before
{Heap before GC invocations=30 (full 4):
 PSYoungGen      total 273920K, used 262152K [0x00000000e0000000, 0x00000000f3700000, 0x0000000100000000)
  eden space 250368K, 100% used [0x00000000e0000000,0x00000000ef480000,0x00000000ef480000)
  from space 23552K, 50% used [0x00000000ef480000,0x00000000f00022b8,0x00000000f0b80000)
  to   space 23040K, 0% used [0x00000000f2080000,0x00000000f2080000,0x00000000f3700000)
 ParOldGen       total 127488K, used 67742K [0x00000000a0000000, 0x00000000a7c80000, 0x00000000e0000000)
  object space 127488K, 53% used [0x00000000a0000000,0x00000000a4227a48,0x00000000a7c80000)
 Metaspace       used 95383K, capacity 100110K, committed 100224K, reserved 1136640K
  class space    used 12406K, capacity 13355K, committed 13440K, reserved 1048576K
Event: 2181.217 GC heap after
Heap after GC invocations=30 (full 4):
 PSYoungGen      total 288256K, used 14865K [0x00000000e0000000, 0x00000000f3400000, 0x0000000100000000)
  eden space 268288K, 0% used [0x00000000e0000000,0x00000000e0000000,0x00000000f0600000)
  from space 19968K, 74% used [0x00000000f2080000,0x00000000f2f04510,0x00000000f3400000)
  to   space 23552K, 0% used [0x00000000f0600000,0x00000000f0600000,0x00000000f1d00000)
 ParOldGen       total 127488K, used 67750K [0x00000000a0000000, 0x00000000a7c80000, 0x00000000e0000000)
  object space 127488K, 53% used [0x00000000a0000000,0x00000000a4229a48,0x00000000a7c80000)
 Metaspace       used 95383K, capacity 100110K, committed 100224K, reserved 1136640K
  class space    used 12406K, capacity 13355K, committed 13440K, reserved 1048576K
}
Event: 2465.154 GC heap before
{Heap before GC invocations=31 (full 4):
 PSYoungGen      total 288256K, used 283153K [0x00000000e0000000, 0x00000000f3400000, 0x0000000100000000)
  eden space 268288K, 100% used [0x00000000e0000000,0x00000000f0600000,0x00000000f0600000)
  from space 19968K, 74% used [0x00000000f2080000,0x00000000f2f04510,0x00000000f3400000)
  to   space 23552K, 0% used [0x00000000f0600000,0x00000000f0600000,0x00000000f1d00000)
 ParOldGen       total 127488K, used 67750K [0x00000000a0000000, 0x00000000a7c80000, 0x00000000e0000000)
  object space 127488K, 53% used [0x00000000a0000000,0x00000000a4229a48,0x00000000a7c80000)
 Metaspace       used 95638K, capacity 100452K, committed 100736K, reserved 1136640K
  class space    used 12425K, capacity 13390K, committed 13440K, reserved 1048576K
Event: 2465.663 GC heap after
Heap after GC invocations=31 (full 4):
 PSYoungGen      total 291840K, used 22658K [0x00000000e0000000, 0x00000000f3400000, 0x0000000100000000)
  eden space 268288K, 0% used [0x00000000e0000000,0x00000000e0000000,0x00000000f0600000)
  from space 23552K, 96% used [0x00000000f0600000,0x00000000f1c20a50,0x00000000f1d00000)
  to   space 19968K, 0% used [0x00000000f2080000,0x00000000f2080000,0x00000000f3400000)
 ParOldGen       total 127488K, used 67758K [0x00000000a0000000, 0x00000000a7c80000, 0x00000000e0000000)
  object space 127488K, 53% used [0x00000000a0000000,0x00000000a422ba48,0x00000000a7c80000)
 Metaspace       used 95638K, capacity 100452K, committed 100736K, reserved 1136640K
  class space    used 12425K, capacity 13390K, committed 13440K, reserved 1048576K
}

Deoptimization events (10 events):
Event: 2201.622 Thread 0x0000000017dcc800 Uncommon trap: reason=array_check action=maybe_recompile pc=0x00000000037d079c method=com.google.common.collect.RegularImmutableMap.fromEntryArray(I[Ljava/util/Map$Entry;)Lcom/google/common/collect/ImmutableMap; @ 157
Event: 2201.623 Thread 0x0000000017dcc800 Uncommon trap: reason=array_check action=maybe_recompile pc=0x00000000037d079c method=com.google.common.collect.RegularImmutableMap.fromEntryArray(I[Ljava/util/Map$Entry;)Lcom/google/common/collect/ImmutableMap; @ 157
Event: 2204.127 Thread 0x0000000017dcf800 Uncommon trap: reason=speculate_class_check action=maybe_recompile pc=0x0000000005de8b18 method=sun.nio.ch.IOUtil.writeFromNativeBuffer(Ljava/io/FileDescriptor;Ljava/nio/ByteBuffer;JLsun/nio/ch/NativeDispatcher;)I @ 100
Event: 2963.521 Thread 0x0000000017dca800 Uncommon trap: reason=unstable_if action=reinterpret pc=0x0000000003e79f38 method=org.gradle.internal.time.MonotonicClock.syncIsDue(JJJ)Z @ 19
Event: 2966.598 Thread 0x0000000017dd2800 Uncommon trap: reason=unstable_if action=reinterpret pc=0x0000000005db15ec method=com.sun.org.apache.xerces.internal.impl.XMLNSDocumentScannerImpl.scanAttribute(Lcom/sun/org/apache/xerces/internal/util/XMLAttributesImpl;)V @ 688
Event: 2966.598 Thread 0x0000000017dd2800 Uncommon trap: reason=unstable_if action=reinterpret pc=0x0000000005dc59d0 method=com.sun.org.apache.xerces.internal.impl.XMLNSDocumentScannerImpl.scanStartElement()Z @ 694
Event: 2966.854 Thread 0x0000000017dd2800 Uncommon trap: reason=class_check action=maybe_recompile pc=0x000000000471e980 method=kotlin.comparisons.ComparisonsKt__ComparisonsKt.compareValues(Ljava/lang/Comparable;Ljava/lang/Comparable;)I @ 21
Event: 2967.049 Thread 0x0000000017dcc000 Uncommon trap: reason=unstable_if action=reinterpret pc=0x00000000061551c4 method=org.gradle.execution.plan.DefaultExecutionPlan.selectNext(Lorg/gradle/internal/work/WorkerLeaseRegistry$WorkerLease;Lorg/gradle/internal/resources/ResourceLockState;)Lorg/gr
Event: 2967.136 Thread 0x0000000017dca800 Uncommon trap: reason=unstable_if action=reinterpret pc=0x0000000005decf50 method=org.gradle.execution.plan.DefaultExecutionPlan.allDependenciesComplete(Lorg/gradle/execution/plan/Node;)Z @ 10
Event: 2967.136 Thread 0x0000000017dcc000 Uncommon trap: reason=unstable_if action=reinterpret pc=0x0000000006132f40 method=org.gradle.execution.plan.DefaultExecutionPlan.selectNext(Lorg/gradle/internal/work/WorkerLeaseRegistry$WorkerLease;Lorg/gradle/internal/resources/ResourceLockState;)Lorg/gr

Classes redefined (0 events):
No events

Internal exceptions (10 events):
Event: 2063.548 Thread 0x0000000019238000 Implicit null exception at 0x00000000043b259f to 0x00000000043b26cd
Event: 2068.528 Thread 0x0000000017dd5800 Implicit null exception at 0x0000000005d9da10 to 0x0000000005d9e635
Event: 2093.554 Thread 0x0000000017dd3800 Exception <a 'sun/nio/fs/WindowsException'> (0x00000000e5f95468) thrown at [D:\src\AOSP-openjdk-cygwin\jdk8u\hotspot\src\share\vm\prims\jni.cpp, line 710]
Event: 2093.554 Thread 0x0000000017dd3800 Exception <a 'sun/nio/fs/WindowsException'> (0x00000000e5f95910) thrown at [D:\src\AOSP-openjdk-cygwin\jdk8u\hotspot\src\share\vm\prims\jni.cpp, line 710]
Event: 2202.292 Thread 0x0000000017dcc800 Exception <a 'sun/nio/fs/WindowsException'> (0x00000000e28b5258) thrown at [D:\src\AOSP-openjdk-cygwin\jdk8u\hotspot\src\share\vm\prims\jni.cpp, line 710]
Event: 2202.292 Thread 0x0000000017dcc800 Exception <a 'sun/nio/fs/WindowsException'> (0x00000000e28b5700) thrown at [D:\src\AOSP-openjdk-cygwin\jdk8u\hotspot\src\share\vm\prims\jni.cpp, line 710]
Event: 2464.826 Thread 0x0000000017dd3800 Exception <a 'sun/nio/fs/WindowsException'> (0x00000000ef3b9900) thrown at [D:\src\AOSP-openjdk-cygwin\jdk8u\hotspot\src\share\vm\prims\jni.cpp, line 710]
Event: 2464.826 Thread 0x0000000017dd3800 Exception <a 'sun/nio/fs/WindowsException'> (0x00000000ef3b9da8) thrown at [D:\src\AOSP-openjdk-cygwin\jdk8u\hotspot\src\share\vm\prims\jni.cpp, line 710]
Event: 2986.609 Thread 0x0000000017dd3800 Exception <a 'sun/nio/fs/WindowsException'> (0x00000000eb176a50) thrown at [D:\src\AOSP-openjdk-cygwin\jdk8u\hotspot\src\share\vm\prims\jni.cpp, line 710]
Event: 2986.609 Thread 0x0000000017dd3800 Exception <a 'sun/nio/fs/WindowsException'> (0x00000000eb176ef8) thrown at [D:\src\AOSP-openjdk-cygwin\jdk8u\hotspot\src\share\vm\prims\jni.cpp, line 710]

Events (10 events):
Event: 2986.795 Executing VM operation: RevokeBias
Event: 2986.795 Executing VM operation: RevokeBias done
Event: 2986.910 Executing VM operation: RevokeBias
Event: 2986.910 Executing VM operation: RevokeBias done
Event: 2986.910 Executing VM operation: RevokeBias
Event: 2986.910 Executing VM operation: RevokeBias done
Event: 2986.915 Executing VM operation: RevokeBias
Event: 2986.915 Executing VM operation: RevokeBias done
Event: 2986.976 Thread 0x0000000017dd2800 DEOPT PACKING pc=0x000000000374cd2a sp=0x00000000380dcd50
Event: 2986.976 Thread 0x0000000017dd2800 DEOPT UNPACKING pc=0x00000000029175d0 sp=0x00000000380dcb78 mode 0


Dynamic libraries:
0x00007ff773fe0000 - 0x00007ff774011000 	C:\Program Files\Android\Android Studio\jre\bin\java.exe
0x00007ffc2f750000 - 0x00007ffc2f93d000 	C:\WINDOWS\SYSTEM32\ntdll.dll
0x00007ffc0f550000 - 0x00007ffc0f563000 	C:\Program Files\AVG\Antivirus\aswhook.dll
0x00007ffc2cb00000 - 0x00007ffc2cbb3000 	C:\WINDOWS\System32\KERNEL32.DLL
0x00007ffc2c0a0000 - 0x00007ffc2c333000 	C:\WINDOWS\System32\KERNELBASE.dll
0x00007ffc2c9b0000 - 0x00007ffc2ca53000 	C:\WINDOWS\System32\ADVAPI32.dll
0x00007ffc2ca60000 - 0x00007ffc2cafe000 	C:\WINDOWS\System32\msvcrt.dll
0x00007ffc2cbc0000 - 0x00007ffc2cc5e000 	C:\WINDOWS\System32\sechost.dll
0x00007ffc2ee80000 - 0x00007ffc2efa2000 	C:\WINDOWS\System32\RPCRT4.dll
0x00007ffc2eae0000 - 0x00007ffc2ec77000 	C:\WINDOWS\System32\USER32.dll
0x00007ffc2b8c0000 - 0x00007ffc2b8e0000 	C:\WINDOWS\System32\win32u.dll
0x00007ffc2f690000 - 0x00007ffc2f6b9000 	C:\WINDOWS\System32\GDI32.dll
0x00007ffc2c680000 - 0x00007ffc2c819000 	C:\WINDOWS\System32\gdi32full.dll
0x00007ffc2c8d0000 - 0x00007ffc2c970000 	C:\WINDOWS\System32\msvcp_win.dll
0x00007ffc2c3a0000 - 0x00007ffc2c49a000 	C:\WINDOWS\System32\ucrtbase.dll
0x00007ffc191e0000 - 0x00007ffc19459000 	C:\WINDOWS\WinSxS\amd64_microsoft.windows.common-controls_6595b64144ccf1df_6.0.17763.973_none_05b245900721eb81\COMCTL32.dll
0x00007ffc2efb0000 - 0x00007ffc2f2dc000 	C:\WINDOWS\System32\combase.dll
0x00007ffc2c850000 - 0x00007ffc2c8ce000 	C:\WINDOWS\System32\bcryptPrimitives.dll
0x00007ffc2c980000 - 0x00007ffc2c9ae000 	C:\WINDOWS\System32\IMM32.DLL
0x0000000065200000 - 0x00000000652d2000 	C:\Program Files\Android\Android Studio\jre\jre\bin\msvcr100.dll
0x00000000653e0000 - 0x0000000065c26000 	C:\Program Files\Android\Android Studio\jre\jre\bin\server\jvm.dll
0x00007ffc2c970000 - 0x00007ffc2c978000 	C:\WINDOWS\System32\PSAPI.DLL
0x00007ffc1d5f0000 - 0x00007ffc1d5f9000 	C:\WINDOWS\SYSTEM32\WSOCK32.dll
0x00007ffc2e5f0000 - 0x00007ffc2e65d000 	C:\WINDOWS\System32\WS2_32.dll
0x00007ffc29370000 - 0x00007ffc29394000 	C:\WINDOWS\SYSTEM32\WINMM.dll
0x00007ffc2a2d0000 - 0x00007ffc2a2da000 	C:\WINDOWS\SYSTEM32\VERSION.dll
0x00007ffc28fe0000 - 0x00007ffc2900d000 	C:\WINDOWS\SYSTEM32\WINMMBASE.dll
0x00007ffc2c050000 - 0x00007ffc2c09a000 	C:\WINDOWS\System32\cfgmgr32.dll
0x00007ffc22590000 - 0x00007ffc2259f000 	C:\Program Files\Android\Android Studio\jre\jre\bin\verify.dll
0x00007ffc1f630000 - 0x00007ffc1f659000 	C:\Program Files\Android\Android Studio\jre\jre\bin\java.dll
0x00007ffc21d20000 - 0x00007ffc21d36000 	C:\Program Files\Android\Android Studio\jre\jre\bin\zip.dll
0x00007ffc2cf90000 - 0x00007ffc2e484000 	C:\WINDOWS\System32\SHELL32.dll
0x00007ffc2f2e0000 - 0x00007ffc2f388000 	C:\WINDOWS\System32\shcore.dll
0x00007ffc2b900000 - 0x00007ffc2c04d000 	C:\WINDOWS\System32\windows.storage.dll
0x00007ffc2b780000 - 0x00007ffc2b7a4000 	C:\WINDOWS\System32\profapi.dll
0x00007ffc2b7b0000 - 0x00007ffc2b80d000 	C:\WINDOWS\System32\powrprof.dll
0x00007ffc2f6c0000 - 0x00007ffc2f712000 	C:\WINDOWS\System32\shlwapi.dll
0x00007ffc2b760000 - 0x00007ffc2b771000 	C:\WINDOWS\System32\kernel.appcore.dll
0x00007ffc2b8e0000 - 0x00007ffc2b8f7000 	C:\WINDOWS\System32\cryptsp.dll
0x00007ffc206a0000 - 0x00007ffc206ba000 	C:\Program Files\Android\Android Studio\jre\jre\bin\net.dll
0x00007ffc1ec50000 - 0x00007ffc1ee27000 	C:\WINDOWS\SYSTEM32\urlmon.dll
0x00007ffc1f2d0000 - 0x00007ffc1f578000 	C:\WINDOWS\SYSTEM32\iertutil.dll
0x00007ffc2b180000 - 0x00007ffc2b18c000 	C:\WINDOWS\SYSTEM32\CRYPTBASE.DLL
0x00007ffc2afb0000 - 0x00007ffc2b017000 	C:\WINDOWS\system32\mswsock.dll
0x00007ffc1f610000 - 0x00007ffc1f623000 	C:\Program Files\Android\Android Studio\jre\jre\bin\nio.dll
0x00007ffc1e960000 - 0x00007ffc1e986000 	C:\Users\basker\.gradle\native\30\windows-amd64\native-platform.dll
0x00007ffc22190000 - 0x00007ffc2219d000 	C:\Program Files\Android\Android Studio\jre\jre\bin\management.dll
0x00007ffc2aad0000 - 0x00007ffc2ab03000 	C:\WINDOWS\system32\rsaenh.dll
0x00007ffc2c820000 - 0x00007ffc2c846000 	C:\WINDOWS\System32\bcrypt.dll
0x00007ffc2b640000 - 0x00007ffc2b668000 	C:\WINDOWS\SYSTEM32\USERENV.dll
0x00007ffc2acd0000 - 0x00007ffc2ad0d000 	C:\WINDOWS\SYSTEM32\IPHLPAPI.DLL
0x00007ffc2e5e0000 - 0x00007ffc2e5e8000 	C:\WINDOWS\System32\NSI.dll
0x00007ffc22950000 - 0x00007ffc22966000 	C:\WINDOWS\SYSTEM32\dhcpcsvc6.DLL
0x00007ffc22b50000 - 0x00007ffc22b6c000 	C:\WINDOWS\SYSTEM32\dhcpcsvc.DLL
0x00007ffc2ad10000 - 0x00007ffc2add6000 	C:\WINDOWS\SYSTEM32\DNSAPI.dll

VM Arguments:
jvm_args: -Xmx1536m -Dfile.encoding=windows-1252 -Duser.country=US -Duser.language=en -Duser.variant 
java_command: org.gradle.launcher.daemon.bootstrap.GradleDaemon 5.6.4
java_class_path (initial): C:\Users\basker\.gradle\wrapper\dists\gradle-5.6.4-all\ankdp27end7byghfw1q2sw75f\gradle-5.6.4\lib\gradle-launcher-5.6.4.jar
Launcher Type: SUN_STANDARD

Environment Variables:
PATH=C:\Program Files (x86)\Common Files\Oracle\Java\javapath;C:\Program Files (x86)\NVIDIA Corporation\PhysX\Common;C:\Program Files (x86)\Intel\iCLS Client\;C:\Program Files\Intel\iCLS Client\;C:\WINDOWS\system32;C:\WINDOWS;C:\WINDOWS\System32\Wbem;C:\WINDOWS\System32\WindowsPowerShell\v1.0\;C:\Program Files\Intel\Intel(R) Management Engine Components\DAL;C:\Program Files\Intel\Intel(R) Management Engine Components\IPT;C:\Program Files (x86)\Intel\Intel(R) Management Engine Components\DAL;C:\Program Files (x86)\Intel\Intel(R) Management Engine Components\IPT;C:\Program Files (x86)\Intel\OpenCL SDK\2.0\bin\x86;C:\Program Files (x86)\Intel\OpenCL SDK\2.0\bin\x64;C:\Program Files\Lenovo\Bluetooth Software\;C:\Program Files\Lenovo\Bluetooth Software\syswow64;C:\WINDOWS\System32\OpenSSH\;C:\Program Files\nodejs\;C:\Users\basker\AppData\Local\Android\Sdk\platforms;C:\Users\basker\AppData\Local\Android\Sdk\platform-tools;C:\Users\basker\.gradle\wrapper\dists\gradle-5.6.4-all\ankdp27end7byghfw1q2sw75f\gradle-5.6.4\bin;C:\Program Files\Git\cmd;C:\Program Files\MySQL\MySQL Shell 8.0\bin\;C:\Users\basker\AppData\Local\Microsoft\WindowsApps;C:\Users\basker\AppData\Roaming\npm;C:\Users\basker\AppData\Local\Programs\Microsoft VS Code\bin;C:\Users\basker\.gradle\wrapper\dists\gradle-5.6.4-all\ankdp27end7byghfw1q2sw75f\gradle-5.6.4\bin;
USERNAME=basker
OS=Windows_NT
PROCESSOR_IDENTIFIER=Intel64 Family 6 Model 58 Stepping 9, GenuineIntel



---------------  S Y S T E M  ---------------

OS: Windows 10.0 , 64 bit Build 17763 (10.0.17763.475)

CPU:total 4 (initial active 4) (2 cores per cpu, 2 threads per core) family 6 model 58 stepping 9, cmov, cx8, fxsr, mmx, sse, sse2, sse3, ssse3, sse4.1, sse4.2, popcnt, avx, aes, clmul, erms, ht, tsc, tscinvbit, tscinv

Memory: 4k page, physical 4056852k(377092k free), swap 5481236k(1248k free)

vm_info: OpenJDK 64-Bit Server VM (25.212-b04) for windows-amd64 JRE (1.8.0_212-release-1586-b04), built by "builder" with MS VC++ 10.0 (VS2010)

time: Wed Jul 29 00:39:47 2020
timezone: India Standard Time
elapsed time: 2987 seconds (0d 0h 49m 47s)

