#
# There is insufficient memory for the Java Runtime Environment to continue.
# Native memory allocation (malloc) failed to allocate 1567696 bytes for Chunk::new
# Possible reasons:
#   The system is out of physical RAM or swap space
#   The process is running with CompressedOops enabled, and the Java Heap may be blocking the growth of the native heap
# Possible solutions:
#   Reduce memory load on the system
#   Increase physical memory or swap space
#   Check if swap backing store is full
#   Decrease Java heap size (-Xmx/-Xms)
#   Decrease number of Java threads
#   Decrease Java thread stack sizes (-Xss)
#   Set larger code cache with -XX:ReservedCodeCacheSize=
#   JVM is running with Unscaled Compressed Oops mode in which the Java heap is
#     placed in the first 4GB address space. The Java Heap base address is the
#     maximum limit for the native heap growth. Please use -XX:HeapBaseMinAddress
#     to set the Java Heap base and to place the Java Heap above 4GB virtual address.
# This output file may be truncated or incomplete.
#
#  Out of Memory Error (allocation.cpp:389), pid=10696, tid=0x0000000000001fd8
#
# JRE version: OpenJDK Runtime Environment (8.0_212-b04) (build 1.8.0_212-release-1586-b04)
# Java VM: OpenJDK 64-Bit Server VM (25.212-b04 mixed mode windows-amd64 compressed oops)
# Failed to write core dump. Minidumps are not enabled by default on client versions of Windows
#

---------------  T H R E A D  ---------------

Current thread (0x0000000016002000):  JavaThread "C2 CompilerThread1" daemon [_thread_in_native, id=8152, stack(0x0000000017770000,0x0000000017870000)]

Stack: [0x0000000017770000,0x0000000017870000]
[error occurred during error reporting (printing stack bounds), id 0xc0000005]

Native frames: (J=compiled Java code, j=interpreted, Vv=VM code, C=native code)


Current CompileTask:
C2:7052207 24297       4       com.sun.tools.javac.parser.JavacParser::classOrInterfaceBodyDeclaration (672 bytes)


---------------  P R O C E S S  ---------------

Java Threads: ( => current thread )
  0x0000000024937800 JavaThread "Cache worker for Java compile cache (C:\Users\basker\Desktop\supermarket\.gradle\5.6.4\javaCompile)" [_thread_blocked, id=8980, stack(0x00000000267f0000,0x00000000268f0000)]
  0x000000002493b800 JavaThread "WorkerExecutor Queue Thread 2" [_thread_blocked, id=1968, stack(0x0000000026140000,0x0000000026240000)]
  0x0000000024938800 JavaThread "stdout" [_thread_in_native, id=3004, stack(0x0000000026380000,0x0000000026480000)]
  0x000000002493a800 JavaThread "stderr" [_thread_in_native, id=9668, stack(0x0000000026280000,0x0000000026380000)]
  0x0000000024939000 JavaThread "pool-14-thread-1" [_thread_blocked, id=7824, stack(0x00000000266f0000,0x00000000267f0000)]
  0x000000002493a000 JavaThread "WorkerExecutor Queue" [_thread_blocked, id=4472, stack(0x0000000026cf0000,0x0000000026df0000)]
  0x0000000024930000 JavaThread "Cache worker for execution history cache (C:\Users\basker\Desktop\supermarket\.gradle\5.6.4\executionHistory)" [_thread_blocked, id=1936, stack(0x0000000026040000,0x0000000026140000)]
  0x0000000024937000 JavaThread "Execution worker for ':' Thread 3" [_thread_blocked, id=6824, stack(0x0000000025f40000,0x0000000026040000)]
  0x0000000024936000 JavaThread "Execution worker for ':' Thread 2" [_thread_in_native, id=6560, stack(0x0000000025c40000,0x0000000025d40000)]
  0x0000000024935000 JavaThread "Execution worker for ':'" [_thread_blocked, id=8460, stack(0x0000000025540000,0x0000000025640000)]
  0x0000000024933800 JavaThread "Cache worker for file content cache (C:\Users\basker\Desktop\supermarket\.gradle\5.6.4\fileContent)" [_thread_blocked, id=5216, stack(0x0000000025440000,0x0000000025540000)]
  0x0000000024931800 JavaThread "Cache worker for Build Output Cleanup Cache (C:\Users\basker\Desktop\supermarket\.gradle\buildOutputCleanup)" [_thread_blocked, id=9748, stack(0x0000000023c20000,0x0000000023d20000)]
  0x0000000024930800 JavaThread "Build operations Thread 4" [_thread_blocked, id=7008, stack(0x0000000023720000,0x0000000023820000)]
  0x000000002492d800 JavaThread "Build operations Thread 3" [_thread_blocked, id=8584, stack(0x00000000232d0000,0x00000000233d0000)]
  0x0000000024934800 JavaThread "Build operations Thread 2" [_thread_blocked, id=6828, stack(0x0000000022bd0000,0x0000000022cd0000)]
  0x0000000024932000 JavaThread "Build operations" [_thread_blocked, id=6672, stack(0x000000001f820000,0x000000001f920000)]
  0x000000002492e800 JavaThread "Cache worker for cache directory md-rule (C:\Users\basker\.gradle\caches\5.6.4\md-rule)" [_thread_blocked, id=9352, stack(0x000000001f020000,0x000000001f120000)]
  0x000000001fa9f000 JavaThread "Cache worker for cache directory md-supplier (C:\Users\basker\.gradle\caches\5.6.4\md-supplier)" [_thread_blocked, id=3332, stack(0x000000001ef20000,0x000000001f020000)]
  0x000000001fa9d000 JavaThread "Cache worker for file hash cache (C:\Users\basker\Desktop\supermarket\.gradle\5.6.4\fileHashes)" [_thread_blocked, id=6148, stack(0x000000001d160000,0x000000001d260000)]
  0x000000001fa9b800 JavaThread "Thread-143" [_thread_blocked, id=8600, stack(0x000000001b890000,0x000000001b990000)]
  0x000000001fa94000 JavaThread "Stdin handler" [_thread_blocked, id=988, stack(0x000000001b790000,0x000000001b890000)]
  0x000000001fa9a800 JavaThread "Asynchronous log dispatcher for DefaultDaemonConnection: socket connection from /127.0.0.1:54486 to /127.0.0.1:55338" [_thread_blocked, id=6476, stack(0x000000001b690000,0x000000001b790000)]
  0x000000001fa93000 JavaThread "Daemon worker Thread 6" [_thread_blocked, id=4736, stack(0x000000001b590000,0x000000001b690000)]
  0x000000001fa9a000 JavaThread "Cancel handler" [_thread_blocked, id=2388, stack(0x000000001b490000,0x000000001b590000)]
  0x000000001fa98800 JavaThread "Handler for socket connection from /127.0.0.1:54486 to /127.0.0.1:55338" [_thread_in_native, id=3664, stack(0x000000001b190000,0x000000001b290000)]
  0x000000001fa91000 JavaThread "Daemon Thread 6" [_thread_blocked, id=9220, stack(0x000000001b090000,0x000000001b190000)]
  0x000000001c7eb000 JavaThread "Cache worker for Java compile cache (C:\Users\basker\.gradle\caches\5.6.4\javaCompile)" [_thread_blocked, id=1140, stack(0x0000000023620000,0x0000000023720000)]
  0x000000001c7e9800 JavaThread "Cache worker for file content cache (C:\Users\basker\.gradle\caches\5.6.4\fileContent)" [_thread_blocked, id=9464, stack(0x0000000022ad0000,0x0000000022bd0000)]
  0x000000001c7ee000 JavaThread "Memory manager" [_thread_blocked, id=4848, stack(0x0000000020940000,0x0000000020a40000)]
  0x000000001c7e3000 JavaThread "Cache worker for execution history cache (C:\Users\basker\.gradle\caches\5.6.4\executionHistory)" [_thread_blocked, id=2888, stack(0x000000001f120000,0x000000001f220000)]
  0x0000000018493800 JavaThread "Cache worker for journal cache (C:\Users\basker\.gradle\caches\journal-1)" [_thread_blocked, id=2536, stack(0x000000001bd90000,0x000000001be90000)]
  0x0000000018491800 JavaThread "File lock request listener" [_thread_in_native, id=11060, stack(0x000000001bc90000,0x000000001bd90000)]
  0x0000000018493000 JavaThread "Cache worker for file hash cache (C:\Users\basker\.gradle\caches\5.6.4\fileHashes)" [_thread_blocked, id=3116, stack(0x000000001bb90000,0x000000001bc90000)]
  0x00000000186e9000 JavaThread "Daemon periodic checks" [_thread_blocked, id=8640, stack(0x000000001af90000,0x000000001b090000)]
  0x00000000186e8800 JavaThread "Incoming local TCP Connector on port 54486" [_thread_in_native, id=3252, stack(0x000000001ad50000,0x000000001ae50000)]
  0x00000000197ff800 JavaThread "Daemon health stats" [_thread_blocked, id=8576, stack(0x000000001a710000,0x000000001a810000)]
  0x0000000016052800 JavaThread "Service Thread" daemon [_thread_blocked, id=10420, stack(0x0000000017970000,0x0000000017a70000)]
  0x0000000016005000 JavaThread "C1 CompilerThread2" daemon [_thread_blocked, id=8316, stack(0x0000000017870000,0x0000000017970000)]
=>0x0000000016002000 JavaThread "C2 CompilerThread1" daemon [_thread_in_native, id=8152, stack(0x0000000017770000,0x0000000017870000)]
  0x0000000015ffe800 JavaThread "C2 CompilerThread0" daemon [_thread_in_native, id=4172, stack(0x0000000017670000,0x0000000017770000)]
  0x0000000016007800 JavaThread "Attach Listener" daemon [_thread_blocked, id=10112, stack(0x0000000017570000,0x0000000017670000)]
  0x0000000016006800 JavaThread "Signal Dispatcher" daemon [_thread_blocked, id=8700, stack(0x0000000017470000,0x0000000017570000)]
  0x000000000268b800 JavaThread "Finalizer" daemon [_thread_blocked, id=6796, stack(0x0000000017270000,0x0000000017370000)]
  0x0000000015fe9000 JavaThread "Reference Handler" daemon [_thread_blocked, id=7548, stack(0x0000000017170000,0x0000000017270000)]
  0x0000000000c9e000 JavaThread "main" [_thread_blocked, id=7220, stack(0x0000000002490000,0x0000000002590000)]

Other Threads:
  0x0000000015fc7000 VMThread [stack: 0x0000000017070000,0x0000000017170000] [id=7444]
  0x0000000016055800 WatcherThread [stack: 0x0000000017a70000,0x0000000017b70000] [id=7164]

VM state:not at safepoint (normal execution)

VM Mutex/Monitor currently owned by a thread: None

heap address: 0x00000000a0000000, size: 1536 MB, Compressed Oops mode: 32-bit
Narrow klass base: 0x0000000000000000, Narrow klass shift: 3
Compressed class space size: 1073741824 Address: 0x0000000100000000

Heap:
 PSYoungGen      total 287744K, used 75412K [0x00000000e0000000, 0x00000000f7480000, 0x0000000100000000)
  eden space 207360K, 30% used [0x00000000e0000000,0x00000000e3e46cc0,0x00000000eca80000)
  from space 80384K, 14% used [0x00000000f2600000,0x00000000f315e5b8,0x00000000f7480000)
  to   space 87040K, 0% used [0x00000000eca80000,0x00000000eca80000,0x00000000f1f80000)
 ParOldGen       total 270848K, used 190417K [0x00000000a0000000, 0x00000000b0880000, 0x00000000e0000000)
  object space 270848K, 70% used [0x00000000a0000000,0x00000000ab9f47a8,0x00000000b0880000)
 Metaspace       used 92092K, capacity 96500K, committed 96640K, reserved 1132544K
  class space    used 11768K, capacity 12615K, committed 12672K, reserved 1048576K

Card table byte_map: [0x0000000011a50000,0x0000000011d60000] byte_map_base: 0x0000000011550000

Marking Bits: (ParMarkBitMap*) 0x00000000759f9f30
 Begin Bits: [0x0000000012360000, 0x0000000013b60000)
 End Bits:   [0x0000000013b60000, 0x0000000015360000)

Polling page: 0x0000000000b00000

CodeCache: size=245760Kb used=68350Kb max_used=68355Kb free=177409Kb
 bounds [0x0000000002690000, 0x0000000006a20000, 0x0000000011690000]
 total_blobs=19023 nmethods=18148 adapters=784
 compilation: enabled

Compilation events (10 events):
Event: 7050.512 Thread 0x0000000016002000 24293       4       com.sun.tools.javac.parser.JavacParser::blockStatements (59 bytes)
Event: 7050.560 Thread 0x0000000016002000 nmethod 24293 0x000000000479d950 code [0x000000000479db20, 0x000000000479e128]
Event: 7050.665 Thread 0x0000000016005000 24294       3       com.sun.tools.javac.parser.JavacParser::classDeclaration (131 bytes)
Event: 7050.668 Thread 0x0000000016005000 nmethod 24294 0x0000000003944610 code [0x0000000003944900, 0x0000000003945a68]
Event: 7050.834 Thread 0x0000000015ffe800 24295       4       com.sun.tools.javac.parser.JavacParser::typeParametersOpt (83 bytes)
Event: 7050.838 Thread 0x0000000015ffe800 nmethod 24295 0x0000000003006a90 code [0x0000000003006be0, 0x0000000003006c78]
Event: 7051.430 Thread 0x0000000016005000 24296       3       com.sun.tools.javac.parser.JavacParser::superSuffix (133 bytes)
Event: 7051.434 Thread 0x0000000016005000 nmethod 24296 0x0000000003942e10 code [0x00000000039430a0, 0x0000000003943e48]
Event: 7051.532 Thread 0x0000000016002000 24297       4       com.sun.tools.javac.parser.JavacParser::classOrInterfaceBodyDeclaration (672 bytes)
Event: 7051.645 Thread 0x0000000015ffe800 24298       4       com.sun.tools.javac.parser.JavacParser::parseStatement (1324 bytes)

GC Heap History (10 events):
Event: 6687.299 GC heap before
{Heap before GC invocations=78 (full 6):
 PSYoungGen      total 247808K, used 167057K [0x00000000e0000000, 0x00000000f5700000, 0x0000000100000000)
  eden space 159744K, 100% used [0x00000000e0000000,0x00000000e9c00000,0x00000000e9c00000)
  from space 88064K, 8% used [0x00000000e9c00000,0x00000000ea3244c8,0x00000000ef200000)
  to   space 84992K, 0% used [0x00000000f0400000,0x00000000f0400000,0x00000000f5700000)
 ParOldGen       total 270848K, used 178367K [0x00000000a0000000, 0x00000000b0880000, 0x00000000e0000000)
  object space 270848K, 65% used [0x00000000a0000000,0x00000000aae2ff58,0x00000000b0880000)
 Metaspace       used 91138K, capacity 95252K, committed 95488K, reserved 1132544K
  class space    used 11655K, capacity 12465K, committed 12544K, reserved 1048576K
Event: 6687.390 GC heap after
Heap after GC invocations=78 (full 6):
 PSYoungGen      total 259072K, used 4178K [0x00000000e0000000, 0x00000000f5180000, 0x0000000100000000)
  eden space 179712K, 0% used [0x00000000e0000000,0x00000000e0000000,0x00000000eaf80000)
  from space 79360K, 5% used [0x00000000f0400000,0x00000000f0814990,0x00000000f5180000)
  to   space 82944K, 0% used [0x00000000eaf80000,0x00000000eaf80000,0x00000000f0080000)
 ParOldGen       total 270848K, used 180742K [0x00000000a0000000, 0x00000000b0880000, 0x00000000e0000000)
  object space 270848K, 66% used [0x00000000a0000000,0x00000000ab081938,0x00000000b0880000)
 Metaspace       used 91138K, capacity 95252K, committed 95488K, reserved 1132544K
  class space    used 11655K, capacity 12465K, committed 12544K, reserved 1048576K
}
Event: 6691.166 GC heap before
{Heap before GC invocations=79 (full 6):
 PSYoungGen      total 259072K, used 181029K [0x00000000e0000000, 0x00000000f5180000, 0x0000000100000000)
  eden space 179712K, 98% used [0x00000000e0000000,0x00000000eacb4b60,0x00000000eaf80000)
  from space 79360K, 5% used [0x00000000f0400000,0x00000000f0814990,0x00000000f5180000)
  to   space 82944K, 0% used [0x00000000eaf80000,0x00000000eaf80000,0x00000000f0080000)
 ParOldGen       total 270848K, used 180742K [0x00000000a0000000, 0x00000000b0880000, 0x00000000e0000000)
  object space 270848K, 66% used [0x00000000a0000000,0x00000000ab081938,0x00000000b0880000)
 Metaspace       used 91220K, capacity 95256K, committed 95488K, reserved 1132544K
  class space    used 11656K, capacity 12465K, committed 12544K, reserved 1048576K
Event: 6691.251 GC heap after
Heap after GC invocations=79 (full 6):
 PSYoungGen      total 262656K, used 1140K [0x00000000e0000000, 0x00000000f6200000, 0x0000000100000000)
  eden space 179712K, 0% used [0x00000000e0000000,0x00000000e0000000,0x00000000eaf80000)
  from space 82944K, 1% used [0x00000000eaf80000,0x00000000eb09d1f8,0x00000000f0080000)
  to   space 80896K, 0% used [0x00000000f1300000,0x00000000f1300000,0x00000000f6200000)
 ParOldGen       total 270848K, used 180862K [0x00000000a0000000, 0x00000000b0880000, 0x00000000e0000000)
  object space 270848K, 66% used [0x00000000a0000000,0x00000000ab09f938,0x00000000b0880000)
 Metaspace       used 91220K, capacity 95256K, committed 95488K, reserved 1132544K
  class space    used 11656K, capacity 12465K, committed 12544K, reserved 1048576K
}
Event: 6692.389 GC heap before
{Heap before GC invocations=80 (full 6):
 PSYoungGen      total 262656K, used 180852K [0x00000000e0000000, 0x00000000f6200000, 0x0000000100000000)
  eden space 179712K, 100% used [0x00000000e0000000,0x00000000eaf80000,0x00000000eaf80000)
  from space 82944K, 1% used [0x00000000eaf80000,0x00000000eb09d1f8,0x00000000f0080000)
  to   space 80896K, 0% used [0x00000000f1300000,0x00000000f1300000,0x00000000f6200000)
 ParOldGen       total 270848K, used 180862K [0x00000000a0000000, 0x00000000b0880000, 0x00000000e0000000)
  object space 270848K, 66% used [0x00000000a0000000,0x00000000ab09f938,0x00000000b0880000)
 Metaspace       used 91265K, capacity 95320K, committed 95488K, reserved 1132544K
  class space    used 11656K, capacity 12465K, committed 12544K, reserved 1048576K
Event: 6692.635 GC heap after
Heap after GC invocations=80 (full 6):
 PSYoungGen      total 267264K, used 76284K [0x00000000e0000000, 0x00000000f8180000, 0x0000000100000000)
  eden space 186368K, 0% used [0x00000000e0000000,0x00000000e0000000,0x00000000eb600000)
  from space 80896K, 94% used [0x00000000f1300000,0x00000000f5d7f008,0x00000000f6200000)
  to   space 95232K, 0% used [0x00000000eb600000,0x00000000eb600000,0x00000000f1300000)
 ParOldGen       total 270848K, used 181833K [0x00000000a0000000, 0x00000000b0880000, 0x00000000e0000000)
  object space 270848K, 67% used [0x00000000a0000000,0x00000000ab1924a0,0x00000000b0880000)
 Metaspace       used 91265K, capacity 95320K, committed 95488K, reserved 1132544K
  class space    used 11656K, capacity 12465K, committed 12544K, reserved 1048576K
}
Event: 6712.431 GC heap before
{Heap before GC invocations=81 (full 6):
 PSYoungGen      total 267264K, used 262652K [0x00000000e0000000, 0x00000000f8180000, 0x0000000100000000)
  eden space 186368K, 100% used [0x00000000e0000000,0x00000000eb600000,0x00000000eb600000)
  from space 80896K, 94% used [0x00000000f1300000,0x00000000f5d7f008,0x00000000f6200000)
  to   space 95232K, 0% used [0x00000000eb600000,0x00000000eb600000,0x00000000f1300000)
 ParOldGen       total 270848K, used 181833K [0x00000000a0000000, 0x00000000b0880000, 0x00000000e0000000)
  object space 270848K, 67% used [0x00000000a0000000,0x00000000ab1924a0,0x00000000b0880000)
 Metaspace       used 91426K, capacity 95492K, committed 95744K, reserved 1132544K
  class space    used 11680K, capacity 12497K, committed 12544K, reserved 1048576K
Event: 6712.908 GC heap after
Heap after GC invocations=81 (full 6):
 PSYoungGen      total 281600K, used 8771K [0x00000000e0000000, 0x00000000f7f00000, 0x0000000100000000)
  eden space 186368K, 0% used [0x00000000e0000000,0x00000000e0000000,0x00000000eb600000)
  from space 95232K, 9% used [0x00000000eb600000,0x00000000ebe90d60,0x00000000f1300000)
  to   space 91136K, 0% used [0x00000000f2600000,0x00000000f2600000,0x00000000f7f00000)
 ParOldGen       total 270848K, used 190305K [0x00000000a0000000, 0x00000000b0880000, 0x00000000e0000000)
  object space 270848K, 70% used [0x00000000a0000000,0x00000000ab9d8768,0x00000000b0880000)
 Metaspace       used 91426K, capacity 95492K, committed 95744K, reserved 1132544K
  class space    used 11680K, capacity 12497K, committed 12544K, reserved 1048576K
}
Event: 7046.523 GC heap before
{Heap before GC invocations=82 (full 6):
 PSYoungGen      total 281600K, used 195139K [0x00000000e0000000, 0x00000000f7f00000, 0x0000000100000000)
  eden space 186368K, 100% used [0x00000000e0000000,0x00000000eb600000,0x00000000eb600000)
  from space 95232K, 9% used [0x00000000eb600000,0x00000000ebe90d60,0x00000000f1300000)
  to   space 91136K, 0% used [0x00000000f2600000,0x00000000f2600000,0x00000000f7f00000)
 ParOldGen       total 270848K, used 190305K [0x00000000a0000000, 0x00000000b0880000, 0x00000000e0000000)
  object space 270848K, 70% used [0x00000000a0000000,0x00000000ab9d8768,0x00000000b0880000)
 Metaspace       used 92052K, capacity 96362K, committed 96640K, reserved 1132544K
  class space    used 11768K, capacity 12614K, committed 12672K, reserved 1048576K
Event: 7046.625 GC heap after
Heap after GC invocations=82 (full 6):
 PSYoungGen      total 287744K, used 11641K [0x00000000e0000000, 0x00000000f7480000, 0x0000000100000000)
  eden space 207360K, 0% used [0x00000000e0000000,0x00000000e0000000,0x00000000eca80000)
  from space 80384K, 14% used [0x00000000f2600000,0x00000000f315e5b8,0x00000000f7480000)
  to   space 87040K, 0% used [0x00000000eca80000,0x00000000eca80000,0x00000000f1f80000)
 ParOldGen       total 270848K, used 190417K [0x00000000a0000000, 0x00000000b0880000, 0x00000000e0000000)
  object space 270848K, 70% used [0x00000000a0000000,0x00000000ab9f47a8,0x00000000b0880000)
 Metaspace       used 92052K, capacity 96362K, committed 96640K, reserved 1132544K
  class space    used 11768K, capacity 12614K, committed 12672K, reserved 1048576K
}

Deoptimization events (10 events):
Event: 6713.458 Thread 0x0000000024931800 Uncommon trap: reason=unstable_if action=reinterpret pc=0x00000000028dc874 method=java.lang.ref.SoftReference.get()Ljava/lang/Object; @ 6
Event: 7002.578 Thread 0x000000001fa93000 Uncommon trap: reason=unstable_if action=reinterpret pc=0x00000000049a9cb0 method=java.lang.ref.SoftReference.get()Ljava/lang/Object; @ 6
Event: 7002.578 Thread 0x000000001fa93000 Uncommon trap: reason=unstable_if action=reinterpret pc=0x0000000003b471dc method=java.util.concurrent.ConcurrentHashMap.replaceNode(Ljava/lang/Object;Ljava/lang/Object;Ljava/lang/Object;)Ljava/lang/Object; @ 136
Event: 7002.579 Thread 0x000000001fa93000 Uncommon trap: reason=unstable_if action=reinterpret pc=0x0000000002e43ff8 method=java.lang.ref.SoftReference.get()Ljava/lang/Object; @ 6
Event: 7004.031 Thread 0x000000001fa9a800 Uncommon trap: reason=unstable_if action=reinterpret pc=0x0000000002f8746c method=com.esotericsoftware.kryo.io.Output.writeVarLong(JZ)I @ 55
Event: 7004.192 Thread 0x000000001fa93000 Uncommon trap: reason=null_check action=make_not_entrant pc=0x00000000029e2720 method=org.gradle.api.internal.collections.CollectionFilter.filter(Ljava/lang/Object;)Ljava/lang/Object; @ 5
Event: 7007.956 Thread 0x0000000024935000 Uncommon trap: reason=class_check action=maybe_recompile pc=0x00000000033660d0 method=com.google.common.collect.StandardTable$RowMap.get(Ljava/lang/Object;)Ljava/util/Map; @ 16
Event: 7007.956 Thread 0x0000000024935000 Uncommon trap: reason=class_check action=maybe_recompile pc=0x00000000033660d0 method=com.google.common.collect.StandardTable$RowMap.get(Ljava/lang/Object;)Ljava/util/Map; @ 16
Event: 7008.152 Thread 0x0000000024935000 Uncommon trap: reason=bimorphic action=maybe_recompile pc=0x0000000005cd7fe0 method=com.sun.org.apache.xerces.internal.dom.CoreDocumentImpl.isKidOK(Lorg/w3c/dom/Node;Lorg/w3c/dom/Node;)Z @ 39
Event: 7008.193 Thread 0x0000000024935000 Uncommon trap: reason=class_check action=maybe_recompile pc=0x0000000006019f6c method=com.sun.org.apache.xerces.internal.dom.NamedNodeMapImpl.getNamedItem(Ljava/lang/String;)Lorg/w3c/dom/Node; @ 28

Classes redefined (0 events):
No events

Internal exceptions (10 events):
Event: 7002.586 Thread 0x000000001fa93000 Exception <a 'java/lang/NoSuchMethodError': <clinit>> (0x00000000e102f3d0) thrown at [D:\src\AOSP-openjdk-cygwin\jdk8u\hotspot\src\share\vm\prims\jni.cpp, line 1614]
Event: 7002.587 Thread 0x000000001fa93000 Exception <a 'java/lang/NoSuchMethodError': <clinit>> (0x00000000e1033508) thrown at [D:\src\AOSP-openjdk-cygwin\jdk8u\hotspot\src\share\vm\prims\jni.cpp, line 1614]
Event: 7002.587 Thread 0x000000001fa93000 Exception <a 'java/lang/NoSuchMethodError': <clinit>> (0x00000000e1034e90) thrown at [D:\src\AOSP-openjdk-cygwin\jdk8u\hotspot\src\share\vm\prims\jni.cpp, line 1614]
Event: 7002.587 Thread 0x000000001fa93000 Exception <a 'java/lang/NoSuchMethodError': <clinit>> (0x00000000e1036390) thrown at [D:\src\AOSP-openjdk-cygwin\jdk8u\hotspot\src\share\vm\prims\jni.cpp, line 1614]
Event: 7002.587 Thread 0x000000001fa93000 Exception <a 'java/lang/NoSuchMethodError': <clinit>> (0x00000000e1037ae0) thrown at [D:\src\AOSP-openjdk-cygwin\jdk8u\hotspot\src\share\vm\prims\jni.cpp, line 1614]
Event: 7002.587 Thread 0x000000001fa93000 Exception <a 'java/lang/NoSuchMethodError': <clinit>> (0x00000000e10390e0) thrown at [D:\src\AOSP-openjdk-cygwin\jdk8u\hotspot\src\share\vm\prims\jni.cpp, line 1614]
Event: 7002.587 Thread 0x000000001fa93000 Exception <a 'java/lang/NoSuchMethodError': <clinit>> (0x00000000e103a580) thrown at [D:\src\AOSP-openjdk-cygwin\jdk8u\hotspot\src\share\vm\prims\jni.cpp, line 1614]
Event: 7004.192 Thread 0x000000001fa93000 Implicit null exception at 0x00000000029e25df to 0x00000000029e270d
Event: 7047.373 Thread 0x000000002493a000 Exception <a 'sun/nio/fs/WindowsException'> (0x00000000e116c9d8) thrown at [D:\src\AOSP-openjdk-cygwin\jdk8u\hotspot\src\share\vm\prims\jni.cpp, line 710]
Event: 7047.373 Thread 0x000000002493a000 Exception <a 'sun/nio/fs/WindowsException'> (0x00000000e116ce80) thrown at [D:\src\AOSP-openjdk-cygwin\jdk8u\hotspot\src\share\vm\prims\jni.cpp, line 710]

Events (10 events):
Event: 7048.381 Thread 0x0000000016005000 flushing nmethod 0x00000000036ae450
Event: 7048.381 Thread 0x0000000016005000 flushing nmethod 0x000000000372aed0
Event: 7048.424 Executing VM operation: RevokeBias
Event: 7048.425 Executing VM operation: RevokeBias done
Event: 7048.425 Executing VM operation: RevokeBias
Event: 7048.425 Executing VM operation: RevokeBias done
Event: 7048.433 Executing VM operation: RevokeBias
Event: 7048.434 Executing VM operation: RevokeBias done
Event: 7048.519 Thread 0x0000000024937800 Thread added: 0x0000000024937800
Event: 7048.536 Thread 0x0000000016005000 flushing nmethod 0x00000000056d6d10


Dynamic libraries:
0x00007ff606880000 - 0x00007ff6068b1000 	C:\Program Files\Android\Android Studio\jre\bin\java.exe
0x00007ffd52500000 - 0x00007ffd526f0000 	C:\WINDOWS\SYSTEM32\ntdll.dll
0x00007ffd42ff0000 - 0x00007ffd43002000 	C:\Program Files\AVG\Antivirus\aswhook.dll
0x00007ffd506e0000 - 0x00007ffd50792000 	C:\WINDOWS\System32\KERNEL32.DLL
0x00007ffd4f590000 - 0x00007ffd4f835000 	C:\WINDOWS\System32\KERNELBASE.dll
0x00007ffd510e0000 - 0x00007ffd51183000 	C:\WINDOWS\System32\ADVAPI32.dll
0x00007ffd51040000 - 0x00007ffd510de000 	C:\WINDOWS\System32\msvcrt.dll
0x00007ffd50ef0000 - 0x00007ffd50f87000 	C:\WINDOWS\System32\sechost.dll
0x00007ffd505c0000 - 0x00007ffd506e0000 	C:\WINDOWS\System32\RPCRT4.dll
0x00007ffd508e0000 - 0x00007ffd50a75000 	C:\WINDOWS\System32\USER32.dll
0x00007ffd4f910000 - 0x00007ffd4f931000 	C:\WINDOWS\System32\win32u.dll
0x00007ffd51210000 - 0x00007ffd51236000 	C:\WINDOWS\System32\GDI32.dll
0x00007ffd50410000 - 0x00007ffd505a6000 	C:\WINDOWS\System32\gdi32full.dll
0x00007ffd4f840000 - 0x00007ffd4f8de000 	C:\WINDOWS\System32\msvcp_win.dll
0x00007ffd4f490000 - 0x00007ffd4f58a000 	C:\WINDOWS\System32\ucrtbase.dll
0x00007ffd39050000 - 0x00007ffd392d4000 	C:\WINDOWS\WinSxS\amd64_microsoft.windows.common-controls_6595b64144ccf1df_6.0.18362.1082_none_9e8193e1e45b25c1\COMCTL32.dll
0x00007ffd52030000 - 0x00007ffd52365000 	C:\WINDOWS\System32\combase.dll
0x00007ffd4f940000 - 0x00007ffd4f9c0000 	C:\WINDOWS\System32\bcryptPrimitives.dll
0x00007ffd52370000 - 0x00007ffd5239e000 	C:\WINDOWS\System32\IMM32.DLL
0x0000000075070000 - 0x0000000075142000 	C:\Program Files\Android\Android Studio\jre\jre\bin\msvcr100.dll
0x0000000075230000 - 0x0000000075a76000 	C:\Program Files\Android\Android Studio\jre\jre\bin\server\jvm.dll
0x00007ffd51600000 - 0x00007ffd51608000 	C:\WINDOWS\System32\PSAPI.DLL
0x00007ffd3f470000 - 0x00007ffd3f479000 	C:\WINDOWS\SYSTEM32\WSOCK32.dll
0x00007ffd51610000 - 0x00007ffd5167f000 	C:\WINDOWS\System32\WS2_32.dll
0x00007ffd4d3c0000 - 0x00007ffd4d3e4000 	C:\WINDOWS\SYSTEM32\WINMM.dll
0x00007ffd4dec0000 - 0x00007ffd4deca000 	C:\WINDOWS\SYSTEM32\VERSION.dll
0x00007ffd4d390000 - 0x00007ffd4d3bd000 	C:\WINDOWS\SYSTEM32\WINMMBASE.dll
0x00007ffd50360000 - 0x00007ffd503aa000 	C:\WINDOWS\System32\cfgmgr32.dll
0x00007ffd4c620000 - 0x00007ffd4c62f000 	C:\Program Files\Android\Android Studio\jre\jre\bin\verify.dll
0x00007ffd44770000 - 0x00007ffd44799000 	C:\Program Files\Android\Android Studio\jre\jre\bin\java.dll
0x00007ffd49ab0000 - 0x00007ffd49ac6000 	C:\Program Files\Android\Android Studio\jre\jre\bin\zip.dll
0x00007ffd51940000 - 0x00007ffd52027000 	C:\WINDOWS\System32\SHELL32.dll
0x00007ffd50f90000 - 0x00007ffd51039000 	C:\WINDOWS\System32\shcore.dll
0x00007ffd4fb30000 - 0x00007ffd502b0000 	C:\WINDOWS\System32\windows.storage.dll
0x00007ffd4f3d0000 - 0x00007ffd4f3f3000 	C:\WINDOWS\System32\profapi.dll
0x00007ffd4f400000 - 0x00007ffd4f44a000 	C:\WINDOWS\System32\powrprof.dll
0x00007ffd4f3c0000 - 0x00007ffd4f3d0000 	C:\WINDOWS\System32\UMPDC.dll
0x00007ffd50820000 - 0x00007ffd50872000 	C:\WINDOWS\System32\shlwapi.dll
0x00007ffd4f470000 - 0x00007ffd4f481000 	C:\WINDOWS\System32\kernel.appcore.dll
0x00007ffd4f9c0000 - 0x00007ffd4f9d7000 	C:\WINDOWS\System32\cryptsp.dll
0x00007ffd49540000 - 0x00007ffd4955a000 	C:\Program Files\Android\Android Studio\jre\jre\bin\net.dll
0x00007ffd48220000 - 0x00007ffd483f6000 	C:\WINDOWS\SYSTEM32\urlmon.dll
0x00007ffd450a0000 - 0x00007ffd45346000 	C:\WINDOWS\SYSTEM32\iertutil.dll
0x00007ffd4ed80000 - 0x00007ffd4ed8c000 	C:\WINDOWS\SYSTEM32\CRYPTBASE.DLL
0x00007ffd4ebb0000 - 0x00007ffd4ec17000 	C:\WINDOWS\system32\mswsock.dll
0x00007ffd44430000 - 0x00007ffd44443000 	C:\Program Files\Android\Android Studio\jre\jre\bin\nio.dll
0x00007ffd37110000 - 0x00007ffd37136000 	C:\Users\basker\.gradle\native\30\windows-amd64\native-platform.dll
0x00007ffd48ea0000 - 0x00007ffd48ead000 	C:\Program Files\Android\Android Studio\jre\jre\bin\management.dll
0x00007ffd4e720000 - 0x00007ffd4e753000 	C:\WINDOWS\system32\rsaenh.dll
0x00007ffd4f8e0000 - 0x00007ffd4f906000 	C:\WINDOWS\System32\bcrypt.dll
0x00007ffd4f2e0000 - 0x00007ffd4f305000 	C:\WINDOWS\SYSTEM32\USERENV.dll
0x00007ffd4e8c0000 - 0x00007ffd4e8fa000 	C:\WINDOWS\SYSTEM32\IPHLPAPI.DLL
0x00007ffd517e0000 - 0x00007ffd517e8000 	C:\WINDOWS\System32\NSI.dll
0x00007ffd480f0000 - 0x00007ffd48106000 	C:\WINDOWS\SYSTEM32\dhcpcsvc6.DLL
0x00007ffd49a80000 - 0x00007ffd49a9c000 	C:\WINDOWS\SYSTEM32\dhcpcsvc.DLL
0x00007ffd4e950000 - 0x00007ffd4ea1b000 	C:\WINDOWS\SYSTEM32\DNSAPI.dll

VM Arguments:
jvm_args: -Xmx1536m -Dfile.encoding=windows-1252 -Duser.country=US -Duser.language=en -Duser.variant 
java_command: org.gradle.launcher.daemon.bootstrap.GradleDaemon 5.6.4
java_class_path (initial): C:\Users\basker\.gradle\wrapper\dists\gradle-5.6.4-all\ankdp27end7byghfw1q2sw75f\gradle-5.6.4\lib\gradle-launcher-5.6.4.jar
Launcher Type: SUN_STANDARD

Environment Variables:
PATH=C:\Program Files (x86)\Common Files\Oracle\Java\javapath;C:\Program Files (x86)\NVIDIA Corporation\PhysX\Common;C:\Program Files (x86)\Intel\iCLS Client\;C:\Program Files\Intel\iCLS Client\;C:\WINDOWS\system32;C:\WINDOWS;C:\WINDOWS\System32\Wbem;C:\WINDOWS\System32\WindowsPowerShell\v1.0\;C:\Program Files\Intel\Intel(R) Management Engine Components\DAL;C:\Program Files\Intel\Intel(R) Management Engine Components\IPT;C:\Program Files (x86)\Intel\Intel(R) Management Engine Components\DAL;C:\Program Files (x86)\Intel\Intel(R) Management Engine Components\IPT;C:\Program Files (x86)\Intel\OpenCL SDK\2.0\bin\x86;C:\Program Files (x86)\Intel\OpenCL SDK\2.0\bin\x64;C:\Program Files\Lenovo\Bluetooth Software\;C:\Program Files\Lenovo\Bluetooth Software\syswow64;C:\WINDOWS\System32\OpenSSH\;C:\Program Files\nodejs\;C:\Users\basker\AppData\Local\Android\Sdk\platforms;C:\Users\basker\AppData\Local\Android\Sdk\platform-tools;C:\Users\basker\.gradle\wrapper\dists\gradle-5.6.4-all\ankdp27end7byghfw1q2sw75f\gradle-5.6.4\bin;C:\Program Files\Git\cmd;C:\Program Files\MySQL\MySQL Shell 8.0\bin\;C:\Users\basker\AppData\Local\Microsoft\WindowsApps;C:\Users\basker\AppData\Roaming\npm;C:\Users\basker\AppData\Local\Programs\Microsoft VS Code\bin;C:\Users\basker\.gradle\wrapper\dists\gradle-5.6.4-all\ankdp27end7byghfw1q2sw75f\gradle-5.6.4\bin;
USERNAME=basker
OS=Windows_NT
PROCESSOR_IDENTIFIER=Intel64 Family 6 Model 58 Stepping 9, GenuineIntel



---------------  S Y S T E M  ---------------

OS: Windows 10.0 , 64 bit Build 18362 (10.0.18362.1082)

CPU:total 4 (initial active 4) (2 cores per cpu, 2 threads per core) family 6 model 58 stepping 9, cmov, cx8, fxsr, mmx, sse, sse2, sse3, ssse3, sse4.1, sse4.2, popcnt, avx, aes, clmul, erms, ht, tsc, tscinvbit, tscinv

Memory: 4k page, physical 4056852k(357684k free), swap 5481220k(4400k free)

vm_info: OpenJDK 64-Bit Server VM (25.212-b04) for windows-amd64 JRE (1.8.0_212-release-1586-b04), built by "builder" with MS VC++ 10.0 (VS2010)

time: Thu Oct 15 15:08:35 2020
timezone: India Standard Time
elapsed time: 7052 seconds (0d 1h 57m 32s)

