#
# There is insufficient memory for the Java Runtime Environment to continue.
# Native memory allocation (malloc) failed to allocate 519696 bytes for Chunk::new
# Possible reasons:
#   The system is out of physical RAM or swap space
#   The process is running with CompressedOops enabled, and the Java Heap may be blocking the growth of the native heap
# Possible solutions:
#   Reduce memory load on the system
#   Increase physical memory or swap space
#   Check if swap backing store is full
#   Decrease Java heap size (-Xmx/-Xms)
#   Decrease number of Java threads
#   Decrease Java thread stack sizes (-Xss)
#   Set larger code cache with -XX:ReservedCodeCacheSize=
#   JVM is running with Unscaled Compressed Oops mode in which the Java heap is
#     placed in the first 4GB address space. The Java Heap base address is the
#     maximum limit for the native heap growth. Please use -XX:HeapBaseMinAddress
#     to set the Java Heap base and to place the Java Heap above 4GB virtual address.
# This output file may be truncated or incomplete.
#
#  Out of Memory Error (allocation.cpp:389), pid=7720, tid=0x0000000000000c34
#
# JRE version: OpenJDK Runtime Environment (8.0_212-b04) (build 1.8.0_212-release-1586-b04)
# Java VM: OpenJDK 64-Bit Server VM (25.212-b04 mixed mode windows-amd64 compressed oops)
# Failed to write core dump. Minidumps are not enabled by default on client versions of Windows
#

---------------  T H R E A D  ---------------

Current thread (0x0000000015c5e800):  JavaThread "C2 CompilerThread1" daemon [_thread_in_native, id=3124, stack(0x00000000173b0000,0x00000000174b0000)]

Stack: [0x00000000173b0000,0x00000000174b0000]
[error occurred during error reporting (printing stack bounds), id 0xc0000005]

Native frames: (J=compiled Java code, j=interpreted, Vv=VM code, C=native code)


Current CompileTask:
C2:  46343 10294   !   4       java.io.ObjectOutputStream::writeObject0 (619 bytes)


---------------  P R O C E S S  ---------------

Java Threads: ( => current thread )
  0x000000001d409000 JavaThread "pool-1-thread-1" [_thread_in_native, id=832, stack(0x0000000028c20000,0x0000000028d20000)]
  0x000000001d407800 JavaThread "ForkJoinPool.commonPool-worker-2" daemon [_thread_blocked, id=5084, stack(0x0000000027060000,0x0000000027160000)]
  0x000000001d407000 JavaThread "ForkJoinPool.commonPool-worker-1" daemon [_thread_blocked, id=5956, stack(0x0000000026f60000,0x0000000027060000)]
  0x000000001d40c000 JavaThread "ForkJoinPool.commonPool-worker-0" daemon [_thread_blocked, id=10936, stack(0x0000000026e60000,0x0000000026f60000)]
  0x000000001d40d000 JavaThread "WorkerExecutor Queue Thread 3" [_thread_blocked, id=7712, stack(0x0000000024460000,0x0000000024560000)]
  0x000000001d405800 JavaThread "WorkerExecutor Queue Thread 2" [_thread_blocked, id=6436, stack(0x0000000023760000,0x0000000023860000)]
  0x000000001bff6000 JavaThread "Cache worker for file content cache (C:\Users\basker\.gradle\caches\5.6.4\fileContent)" [_thread_blocked, id=8888, stack(0x0000000022860000,0x0000000022960000)]
  0x000000001bff5800 JavaThread "Memory manager" [_thread_blocked, id=5296, stack(0x0000000022760000,0x0000000022860000)]
  0x000000001bff4000 JavaThread "Build operations Thread 4" [_thread_blocked, id=2692, stack(0x00000000214c0000,0x00000000215c0000)]
  0x000000001bff9000 JavaThread "Build operations Thread 3" [_thread_blocked, id=2980, stack(0x00000000213c0000,0x00000000214c0000)]
  0x000000001bff8800 JavaThread "Build operations Thread 2" [_thread_blocked, id=3760, stack(0x00000000210a0000,0x00000000211a0000)]
  0x000000001bff7800 JavaThread "Build operations" [_thread_blocked, id=5720, stack(0x0000000020fa0000,0x00000000210a0000)]
  0x000000001998b800 JavaThread "Cache worker for execution history cache (C:\Users\basker\.gradle\caches\5.6.4\executionHistory)" [_thread_blocked, id=10160, stack(0x0000000020ea0000,0x0000000020fa0000)]
  0x0000000019988800 JavaThread "Cache worker for journal cache (C:\Users\basker\.gradle\caches\journal-1)" [_thread_blocked, id=3032, stack(0x000000001b9d0000,0x000000001bad0000)]
  0x0000000019984800 JavaThread "File lock request listener" [_thread_in_native, id=708, stack(0x000000001b8d0000,0x000000001b9d0000)]
  0x00000000196ed000 JavaThread "Cache worker for file hash cache (C:\Users\basker\.gradle\caches\5.6.4\fileHashes)" [_thread_blocked, id=8220, stack(0x000000001b7d0000,0x000000001b8d0000)]
  0x00000000196d4800 JavaThread "Thread-9" [_thread_blocked, id=2936, stack(0x000000001b4d0000,0x000000001b5d0000)]
  0x00000000196f9000 JavaThread "Stdin handler" [_thread_blocked, id=8840, stack(0x000000001b3d0000,0x000000001b4d0000)]
  0x0000000019707000 JavaThread "Asynchronous log dispatcher for DefaultDaemonConnection: socket connection from /127.0.0.1:54602 to /127.0.0.1:54603" [_thread_blocked, id=10156, stack(0x000000001b2d0000,0x000000001b3d0000)]
  0x00000000196ba000 JavaThread "Daemon worker" [_thread_in_native, id=9516, stack(0x000000001b1d0000,0x000000001b2d0000)]
  0x00000000196b8800 JavaThread "Cancel handler" [_thread_blocked, id=8116, stack(0x000000001b0d0000,0x000000001b1d0000)]
  0x000000001968e000 JavaThread "Handler for socket connection from /127.0.0.1:54602 to /127.0.0.1:54603" [_thread_in_native, id=2024, stack(0x000000001add0000,0x000000001aed0000)]
  0x000000001968c000 JavaThread "Daemon" [_thread_blocked, id=9056, stack(0x000000001acd0000,0x000000001add0000)]
  0x0000000017880000 JavaThread "Daemon periodic checks" [_thread_blocked, id=8232, stack(0x000000001abd0000,0x000000001acd0000)]
  0x000000001787d000 JavaThread "Incoming local TCP Connector on port 54602" [_thread_in_native, id=8000, stack(0x000000001a990000,0x000000001aa90000)]
  0x0000000019586000 JavaThread "Daemon health stats" [_thread_blocked, id=6196, stack(0x000000001a350000,0x000000001a450000)]
  0x00000000175d8800 JavaThread "Service Thread" daemon [_thread_blocked, id=4228, stack(0x00000000179b0000,0x0000000017ab0000)]
  0x0000000015c65000 JavaThread "C1 CompilerThread2" daemon [_thread_blocked, id=3880, stack(0x00000000174b0000,0x00000000175b0000)]
=>0x0000000015c5e800 JavaThread "C2 CompilerThread1" daemon [_thread_in_native, id=3124, stack(0x00000000173b0000,0x00000000174b0000)]
  0x0000000015c5b000 JavaThread "C2 CompilerThread0" daemon [_thread_blocked, id=5652, stack(0x00000000172b0000,0x00000000173b0000)]
  0x0000000015c67800 JavaThread "Attach Listener" daemon [_thread_blocked, id=6380, stack(0x00000000171b0000,0x00000000172b0000)]
  0x0000000015c66800 JavaThread "Signal Dispatcher" daemon [_thread_blocked, id=10152, stack(0x00000000170b0000,0x00000000171b0000)]
  0x00000000022eb800 JavaThread "Finalizer" daemon [_thread_blocked, id=9404, stack(0x0000000016eb0000,0x0000000016fb0000)]
  0x0000000015c49000 JavaThread "Reference Handler" daemon [_thread_blocked, id=6248, stack(0x0000000016db0000,0x0000000016eb0000)]
  0x00000000020ee000 JavaThread "main" [_thread_blocked, id=8708, stack(0x00000000020f0000,0x00000000021f0000)]

Other Threads:
  0x0000000015c27000 VMThread [stack: 0x0000000016cb0000,0x0000000016db0000] [id=9532]
  0x00000000175da000 WatcherThread [stack: 0x0000000017ab0000,0x0000000017bb0000] [id=9776]

VM state:not at safepoint (normal execution)

VM Mutex/Monitor currently owned by a thread: None

OutOfMemory and StackOverflow Exception counts:
OutOfMemoryError java_heap_errors=3

heap address: 0x00000000a0000000, size: 1536 MB, Compressed Oops mode: 32-bit
Narrow klass base: 0x0000000000000000, Narrow klass shift: 3
Compressed class space size: 1073741824 Address: 0x0000000100000000

Heap:
 PSYoungGen      total 227328K, used 23199K [0x00000000e0000000, 0x00000000f1c00000, 0x0000000100000000)
  eden space 194048K, 8% used [0x00000000e0000000,0x00000000e1084240,0x00000000ebd80000)
  from space 33280K, 18% used [0x00000000ebd80000,0x00000000ec3a3a40,0x00000000ede00000)
  to   space 32256K, 0% used [0x00000000efc80000,0x00000000efc80000,0x00000000f1c00000)
 ParOldGen       total 138240K, used 53619K [0x00000000a0000000, 0x00000000a8700000, 0x00000000e0000000)
  object space 138240K, 38% used [0x00000000a0000000,0x00000000a345ce40,0x00000000a8700000)
 Metaspace       used 69907K, capacity 72700K, committed 73048K, reserved 1112064K
  class space    used 9605K, capacity 10215K, committed 10328K, reserved 1048576K

Card table byte_map: [0x00000000116b0000,0x00000000119c0000] byte_map_base: 0x00000000111b0000

Marking Bits: (ParMarkBitMap*) 0x000000006d679f30
 Begin Bits: [0x0000000011fc0000, 0x00000000137c0000)
 End Bits:   [0x00000000137c0000, 0x0000000014fc0000)

Polling page: 0x00000000007a0000

CodeCache: size=245760Kb used=27147Kb max_used=27670Kb free=218613Kb
 bounds [0x00000000022f0000, 0x0000000003e20000, 0x00000000112f0000]
 total_blobs=9537 nmethods=8716 adapters=734
 compilation: enabled

Compilation events (10 events):
Event: 46.260 Thread 0x0000000015c65000 nmethod 10314 0x0000000003b2b510 code [0x0000000003b2b660, 0x0000000003b2b7f0]
Event: 46.263 Thread 0x0000000015c65000 10315       3       java.util.concurrent.SynchronousQueue$TransferStack::shouldSpin (30 bytes)
Event: 46.264 Thread 0x0000000015c65000 nmethod 10315 0x0000000003a6a2d0 code [0x0000000003a6a440, 0x0000000003a6a730]
Event: 46.266 Thread 0x0000000015c65000 10316  s!   3       org.gradle.internal.service.DefaultServiceRegistry$ManagedObjectServiceProvider::stop (59 bytes)
Event: 46.268 Thread 0x0000000015c65000 nmethod 10316 0x000000000351a7d0 code [0x000000000351aa00, 0x000000000351b658]
Event: 46.268 Thread 0x0000000015c65000 10317       1       java.util.concurrent.atomic.AtomicReference::compareAndSet (13 bytes)
Event: 46.269 Thread 0x0000000015c65000 nmethod 10317 0x0000000003b5a550 code [0x0000000003b5a6a0, 0x0000000003b5a7f0]
Event: 46.269 Thread 0x0000000015c65000 10318       3       org.gradle.internal.concurrent.CompositeStoppable::<init> (16 bytes)
Event: 46.270 Thread 0x0000000015c65000 nmethod 10318 0x0000000002490450 code [0x00000000024905e0, 0x0000000002490990]
Event: 46.270 Thread 0x0000000015c5b000 nmethod 10311 0x0000000003a74410 code [0x0000000003a74580, 0x0000000003a749e8]

GC Heap History (10 events):
Event: 22.649 GC heap before
{Heap before GC invocations=19 (full 3):
 PSYoungGen      total 153088K, used 136704K [0x00000000e0000000, 0x00000000ec580000, 0x0000000100000000)
  eden space 136704K, 100% used [0x00000000e0000000,0x00000000e8580000,0x00000000e8580000)
  from space 16384K, 0% used [0x00000000e8580000,0x00000000e8580000,0x00000000e9580000)
  to   space 15872K, 0% used [0x00000000eb600000,0x00000000eb600000,0x00000000ec580000)
 ParOldGen       total 89600K, used 32782K [0x00000000a0000000, 0x00000000a5780000, 0x00000000e0000000)
  object space 89600K, 36% used [0x00000000a0000000,0x00000000a2003990,0x00000000a5780000)
 Metaspace       used 59016K, capacity 61240K, committed 61400K, reserved 1101824K
  class space    used 8104K, capacity 8573K, committed 8664K, reserved 1048576K
Event: 22.677 GC heap after
Heap after GC invocations=19 (full 3):
 PSYoungGen      total 177152K, used 10565K [0x00000000e0000000, 0x00000000ec180000, 0x0000000100000000)
  eden space 165376K, 0% used [0x00000000e0000000,0x00000000e0000000,0x00000000ea180000)
  from space 11776K, 89% used [0x00000000eb600000,0x00000000ec0514d8,0x00000000ec180000)
  to   space 16384K, 0% used [0x00000000ea180000,0x00000000ea180000,0x00000000eb180000)
 ParOldGen       total 89600K, used 32790K [0x00000000a0000000, 0x00000000a5780000, 0x00000000e0000000)
  object space 89600K, 36% used [0x00000000a0000000,0x00000000a2005990,0x00000000a5780000)
 Metaspace       used 59016K, capacity 61240K, committed 61400K, reserved 1101824K
  class space    used 8104K, capacity 8573K, committed 8664K, reserved 1048576K
}
Event: 25.676 GC heap before
{Heap before GC invocations=20 (full 3):
 PSYoungGen      total 177152K, used 175941K [0x00000000e0000000, 0x00000000ec180000, 0x0000000100000000)
  eden space 165376K, 100% used [0x00000000e0000000,0x00000000ea180000,0x00000000ea180000)
  from space 11776K, 89% used [0x00000000eb600000,0x00000000ec0514d8,0x00000000ec180000)
  to   space 16384K, 0% used [0x00000000ea180000,0x00000000ea180000,0x00000000eb180000)
 ParOldGen       total 89600K, used 32790K [0x00000000a0000000, 0x00000000a5780000, 0x00000000e0000000)
  object space 89600K, 36% used [0x00000000a0000000,0x00000000a2005990,0x00000000a5780000)
 Metaspace       used 65411K, capacity 68250K, committed 68312K, reserved 1107968K
  class space    used 9065K, capacity 9666K, committed 9688K, reserved 1048576K
Event: 25.786 GC heap after
Heap after GC invocations=20 (full 3):
 PSYoungGen      total 181760K, used 16366K [0x00000000e0000000, 0x00000000efd00000, 0x0000000100000000)
  eden space 165376K, 0% used [0x00000000e0000000,0x00000000e0000000,0x00000000ea180000)
  from space 16384K, 99% used [0x00000000ea180000,0x00000000eb17bad8,0x00000000eb180000)
  to   space 31744K, 0% used [0x00000000ede00000,0x00000000ede00000,0x00000000efd00000)
 ParOldGen       total 89600K, used 68327K [0x00000000a0000000, 0x00000000a5780000, 0x00000000e0000000)
  object space 89600K, 76% used [0x00000000a0000000,0x00000000a42b9f50,0x00000000a5780000)
 Metaspace       used 65411K, capacity 68250K, committed 68312K, reserved 1107968K
  class space    used 9065K, capacity 9666K, committed 9688K, reserved 1048576K
}
Event: 28.345 GC heap before
{Heap before GC invocations=21 (full 3):
 PSYoungGen      total 181760K, used 181742K [0x00000000e0000000, 0x00000000efd00000, 0x0000000100000000)
  eden space 165376K, 100% used [0x00000000e0000000,0x00000000ea180000,0x00000000ea180000)
  from space 16384K, 99% used [0x00000000ea180000,0x00000000eb17bad8,0x00000000eb180000)
  to   space 31744K, 0% used [0x00000000ede00000,0x00000000ede00000,0x00000000efd00000)
 ParOldGen       total 89600K, used 68327K [0x00000000a0000000, 0x00000000a5780000, 0x00000000e0000000)
  object space 89600K, 76% used [0x00000000a0000000,0x00000000a42b9f50,0x00000000a5780000)
 Metaspace       used 68867K, capacity 71874K, committed 72152K, reserved 1112064K
  class space    used 9495K, capacity 10112K, committed 10200K, reserved 1048576K
Event: 28.411 GC heap after
Heap after GC invocations=21 (full 3):
 PSYoungGen      total 225792K, used 20319K [0x00000000e0000000, 0x00000000f0200000, 0x0000000100000000)
  eden space 194048K, 0% used [0x00000000e0000000,0x00000000e0000000,0x00000000ebd80000)
  from space 31744K, 64% used [0x00000000ede00000,0x00000000ef1d7e68,0x00000000efd00000)
  to   space 33280K, 0% used [0x00000000ebd80000,0x00000000ebd80000,0x00000000ede00000)
 ParOldGen       total 89600K, used 77241K [0x00000000a0000000, 0x00000000a5780000, 0x00000000e0000000)
  object space 89600K, 86% used [0x00000000a0000000,0x00000000a4b6e430,0x00000000a5780000)
 Metaspace       used 68867K, capacity 71874K, committed 72152K, reserved 1112064K
  class space    used 9495K, capacity 10112K, committed 10200K, reserved 1048576K
}
Event: 28.411 GC heap before
{Heap before GC invocations=22 (full 4):
 PSYoungGen      total 225792K, used 20319K [0x00000000e0000000, 0x00000000f0200000, 0x0000000100000000)
  eden space 194048K, 0% used [0x00000000e0000000,0x00000000e0000000,0x00000000ebd80000)
  from space 31744K, 64% used [0x00000000ede00000,0x00000000ef1d7e68,0x00000000efd00000)
  to   space 33280K, 0% used [0x00000000ebd80000,0x00000000ebd80000,0x00000000ede00000)
 ParOldGen       total 89600K, used 77241K [0x00000000a0000000, 0x00000000a5780000, 0x00000000e0000000)
  object space 89600K, 86% used [0x00000000a0000000,0x00000000a4b6e430,0x00000000a5780000)
 Metaspace       used 68867K, capacity 71874K, committed 72152K, reserved 1112064K
  class space    used 9495K, capacity 10112K, committed 10200K, reserved 1048576K
Event: 28.612 GC heap after
Heap after GC invocations=22 (full 4):
 PSYoungGen      total 225792K, used 0K [0x00000000e0000000, 0x00000000f0200000, 0x0000000100000000)
  eden space 194048K, 0% used [0x00000000e0000000,0x00000000e0000000,0x00000000ebd80000)
  from space 31744K, 0% used [0x00000000ede00000,0x00000000ede00000,0x00000000efd00000)
  to   space 33280K, 0% used [0x00000000ebd80000,0x00000000ebd80000,0x00000000ede00000)
 ParOldGen       total 138240K, used 53611K [0x00000000a0000000, 0x00000000a8700000, 0x00000000e0000000)
  object space 138240K, 38% used [0x00000000a0000000,0x00000000a345ae40,0x00000000a8700000)
 Metaspace       used 68751K, capacity 71542K, committed 72152K, reserved 1112064K
  class space    used 9456K, capacity 10042K, committed 10200K, reserved 1048576K
}
Event: 44.414 GC heap before
{Heap before GC invocations=23 (full 4):
 PSYoungGen      total 225792K, used 194048K [0x00000000e0000000, 0x00000000f0200000, 0x0000000100000000)
  eden space 194048K, 100% used [0x00000000e0000000,0x00000000ebd80000,0x00000000ebd80000)
  from space 31744K, 0% used [0x00000000ede00000,0x00000000ede00000,0x00000000efd00000)
  to   space 33280K, 0% used [0x00000000ebd80000,0x00000000ebd80000,0x00000000ede00000)
 ParOldGen       total 138240K, used 53611K [0x00000000a0000000, 0x00000000a8700000, 0x00000000e0000000)
  object space 138240K, 38% used [0x00000000a0000000,0x00000000a345ae40,0x00000000a8700000)
 Metaspace       used 69218K, capacity 71960K, committed 72408K, reserved 1112064K
  class space    used 9515K, capacity 10085K, committed 10200K, reserved 1048576K
Event: 44.426 GC heap after
Heap after GC invocations=23 (full 4):
 PSYoungGen      total 227328K, used 6286K [0x00000000e0000000, 0x00000000f1c00000, 0x0000000100000000)
  eden space 194048K, 0% used [0x00000000e0000000,0x00000000e0000000,0x00000000ebd80000)
  from space 33280K, 18% used [0x00000000ebd80000,0x00000000ec3a3a40,0x00000000ede00000)
  to   space 32256K, 0% used [0x00000000efc80000,0x00000000efc80000,0x00000000f1c00000)
 ParOldGen       total 138240K, used 53619K [0x00000000a0000000, 0x00000000a8700000, 0x00000000e0000000)
  object space 138240K, 38% used [0x00000000a0000000,0x00000000a345ce40,0x00000000a8700000)
 Metaspace       used 69218K, capacity 71960K, committed 72408K, reserved 1112064K
  class space    used 9515K, capacity 10085K, committed 10200K, reserved 1048576K
}

Deoptimization events (10 events):
Event: 46.155 Thread 0x00000000196ba000 Uncommon trap: reason=class_check action=maybe_recompile pc=0x00000000024cd960 method=java.lang.String.equals(Ljava/lang/Object;)Z @ 8
Event: 46.156 Thread 0x00000000196ba000 Uncommon trap: reason=class_check action=maybe_recompile pc=0x00000000024cd960 method=java.lang.String.equals(Ljava/lang/Object;)Z @ 8
Event: 46.158 Thread 0x00000000196ba000 Uncommon trap: reason=unstable_if action=reinterpret pc=0x000000000285936c method=org.gradle.internal.io.StreamByteBuffer.prepareRead()I @ 30
Event: 46.213 Thread 0x00000000196ba000 Uncommon trap: reason=unstable_if action=reinterpret pc=0x0000000002442a6c method=org.gradle.internal.io.StreamByteBuffer.prepareRead()I @ 30
Event: 46.213 Thread 0x00000000196ba000 Uncommon trap: reason=bimorphic action=maybe_recompile pc=0x0000000003705818 method=com.google.common.cache.LocalCache$Segment.getEntry(Ljava/lang/Object;I)Lcom/google/common/cache/ReferenceEntry; @ 24
Event: 46.218 Thread 0x00000000196ba000 Uncommon trap: reason=bimorphic action=maybe_recompile pc=0x0000000003705818 method=com.google.common.cache.LocalCache$Segment.getEntry(Ljava/lang/Object;I)Lcom/google/common/cache/ReferenceEntry; @ 24
Event: 46.257 Thread 0x000000001bff7000 Uncommon trap: reason=class_check action=maybe_recompile pc=0x0000000002817eb4 method=java.util.concurrent.locks.ReentrantLock.lock()V @ 4
Event: 46.260 Thread 0x000000001bff3000 Uncommon trap: reason=class_check action=maybe_recompile pc=0x0000000002817eb4 method=java.util.concurrent.locks.ReentrantLock.lock()V @ 4
Event: 46.263 Thread 0x000000001d40a800 Uncommon trap: reason=class_check action=maybe_recompile pc=0x0000000002817eb4 method=java.util.concurrent.locks.ReentrantLock.lock()V @ 4
Event: 46.266 Thread 0x0000000019985800 Uncommon trap: reason=class_check action=maybe_recompile pc=0x0000000002817eb4 method=java.util.concurrent.locks.ReentrantLock.lock()V @ 4

Classes redefined (0 events):
No events

Internal exceptions (10 events):
Event: 28.337 Thread 0x000000001d405800 Exception <a 'sun/nio/fs/WindowsException'> (0x00000000ea12a0b0) thrown at [D:\src\AOSP-openjdk-cygwin\jdk8u\hotspot\src\share\vm\prims\jni.cpp, line 710]
Event: 28.337 Thread 0x000000001d405800 Exception <a 'sun/nio/fs/WindowsException'> (0x00000000ea12a5a8) thrown at [D:\src\AOSP-openjdk-cygwin\jdk8u\hotspot\src\share\vm\prims\jni.cpp, line 710]
Event: 28.617 Thread 0x000000001d405800 Exception <a 'java/lang/NoSuchMethodError': java.lang.Object.lambda$static$0(Lcom/android/apksig/util/RunnablesProvider;)V> (0x00000000e001e1d0) thrown at [D:\src\AOSP-openjdk-cygwin\jdk8u\hotspot\src\share\vm\interpreter\linkResolver.cpp, line 620]
Event: 44.690 Thread 0x000000001d407800 Exception <a 'java/lang/OutOfMemoryError'> (0x00000000e06321e8) thrown at [D:\src\AOSP-openjdk-cygwin\jdk8u\hotspot\src\share\vm\prims\unsafe.cpp, line 618]
Event: 44.697 Thread 0x000000001d407000 Exception <a 'java/lang/OutOfMemoryError'> (0x00000000e05d9438) thrown at [D:\src\AOSP-openjdk-cygwin\jdk8u\hotspot\src\share\vm\prims\unsafe.cpp, line 618]
Event: 44.699 Thread 0x000000001d40c000 Exception <a 'java/lang/OutOfMemoryError'> (0x00000000e0589018) thrown at [D:\src\AOSP-openjdk-cygwin\jdk8u\hotspot\src\share\vm\prims\unsafe.cpp, line 618]
Event: 44.777 Thread 0x000000001d40a000 Exception <a 'java/lang/reflect/InvocationTargetException'> (0x00000000e06e3dd8) thrown at [D:\src\AOSP-openjdk-cygwin\jdk8u\hotspot\src\share\vm\runtime\reflection.cpp, line 1092]
Event: 45.646 Thread 0x00000000196d4800 Exception <a 'java/lang/NoSuchMethodError': <clinit>> (0x00000000e0013d48) thrown at [D:\src\AOSP-openjdk-cygwin\jdk8u\hotspot\src\share\vm\prims\jni.cpp, line 1614]
Event: 45.647 Thread 0x00000000196d4800 Exception <a 'java/lang/NoSuchMethodError': <clinit>> (0x00000000e0b86a78) thrown at [D:\src\AOSP-openjdk-cygwin\jdk8u\hotspot\src\share\vm\prims\jni.cpp, line 1614]
Event: 45.924 Thread 0x00000000196ba000 Exception <a 'sun/nio/fs/WindowsException'> (0x00000000e0853ff0) thrown at [D:\src\AOSP-openjdk-cygwin\jdk8u\hotspot\src\share\vm\prims\jni.cpp, line 710]

Events (10 events):
Event: 46.267 Thread 0x0000000019985800 Thread exited: 0x0000000019985800
Event: 46.268 Thread 0x0000000015c65000 flushing nmethod 0x000000000247fe10
Event: 46.268 Thread 0x0000000015c65000 flushing nmethod 0x0000000002490450
Event: 46.268 Thread 0x0000000015c65000 flushing nmethod 0x0000000002490890
Event: 46.269 Thread 0x0000000015c65000 flushing nmethod 0x0000000002543310
Event: 46.269 Thread 0x0000000015c65000 flushing nmethod 0x00000000025e7450
Event: 46.270 Executing VM operation: RevokeBias
Event: 46.270 Executing VM operation: RevokeBias done
Event: 46.270 Thread 0x0000000019986800 Thread exited: 0x0000000019986800
Event: 46.271 loading class com/sun/jmx/mbeanserver/Repository$ObjectNamePattern


Dynamic libraries:
0x00007ff757f60000 - 0x00007ff757f91000 	C:\Program Files\Android\Android Studio\jre\bin\java.exe
0x00007ff8eab00000 - 0x00007ff8eaced000 	C:\WINDOWS\SYSTEM32\ntdll.dll
0x00007ff8d6850000 - 0x00007ff8d6863000 	C:\Program Files\AVG\Antivirus\aswhook.dll
0x00007ff8e8540000 - 0x00007ff8e85f3000 	C:\WINDOWS\System32\KERNEL32.DLL
0x00007ff8e6bc0000 - 0x00007ff8e6e53000 	C:\WINDOWS\System32\KERNELBASE.dll
0x00007ff8e8de0000 - 0x00007ff8e8e83000 	C:\WINDOWS\System32\ADVAPI32.dll
0x00007ff8e87c0000 - 0x00007ff8e885e000 	C:\WINDOWS\System32\msvcrt.dll
0x00007ff8e7d20000 - 0x00007ff8e7dbe000 	C:\WINDOWS\System32\sechost.dll
0x00007ff8e8410000 - 0x00007ff8e8532000 	C:\WINDOWS\System32\RPCRT4.dll
0x00007ff8ea3d0000 - 0x00007ff8ea567000 	C:\WINDOWS\System32\USER32.dll
0x00007ff8e7c00000 - 0x00007ff8e7c20000 	C:\WINDOWS\System32\win32u.dll
0x00007ff8e8a80000 - 0x00007ff8e8aa9000 	C:\WINDOWS\System32\GDI32.dll
0x00007ff8e7000000 - 0x00007ff8e7199000 	C:\WINDOWS\System32\gdi32full.dll
0x00007ff8e6e60000 - 0x00007ff8e6f00000 	C:\WINDOWS\System32\msvcp_win.dll
0x00007ff8e6f00000 - 0x00007ff8e6ffa000 	C:\WINDOWS\System32\ucrtbase.dll
0x00007ff8d2920000 - 0x00007ff8d2b99000 	C:\WINDOWS\WinSxS\amd64_microsoft.windows.common-controls_6595b64144ccf1df_6.0.17763.973_none_05b245900721eb81\COMCTL32.dll
0x00007ff8e8ab0000 - 0x00007ff8e8ddc000 	C:\WINDOWS\System32\combase.dll
0x00007ff8e71a0000 - 0x00007ff8e721e000 	C:\WINDOWS\System32\bcryptPrimitives.dll
0x00007ff8ea390000 - 0x00007ff8ea3be000 	C:\WINDOWS\System32\IMM32.DLL
0x000000006ccf0000 - 0x000000006cdc2000 	C:\Program Files\Android\Android Studio\jre\jre\bin\msvcr100.dll
0x000000006ceb0000 - 0x000000006d6f6000 	C:\Program Files\Android\Android Studio\jre\jre\bin\server\jvm.dll
0x00007ff8ea3c0000 - 0x00007ff8ea3c8000 	C:\WINDOWS\System32\PSAPI.DLL
0x00007ff8d92c0000 - 0x00007ff8d92c9000 	C:\WINDOWS\SYSTEM32\WSOCK32.dll
0x00007ff8e8970000 - 0x00007ff8e89dd000 	C:\WINDOWS\System32\WS2_32.dll
0x00007ff8e4af0000 - 0x00007ff8e4b14000 	C:\WINDOWS\SYSTEM32\WINMM.dll
0x00007ff8db0c0000 - 0x00007ff8db0ca000 	C:\WINDOWS\SYSTEM32\VERSION.dll
0x00007ff8e4a30000 - 0x00007ff8e4a5d000 	C:\WINDOWS\SYSTEM32\WINMMBASE.dll
0x00007ff8e7cd0000 - 0x00007ff8e7d1a000 	C:\WINDOWS\System32\cfgmgr32.dll
0x00007ff8e6270000 - 0x00007ff8e627f000 	C:\Program Files\Android\Android Studio\jre\jre\bin\verify.dll
0x00007ff8db090000 - 0x00007ff8db0b9000 	C:\Program Files\Android\Android Studio\jre\jre\bin\java.dll
0x00007ff8db070000 - 0x00007ff8db086000 	C:\Program Files\Android\Android Studio\jre\jre\bin\zip.dll
0x00007ff8e8e90000 - 0x00007ff8ea384000 	C:\WINDOWS\System32\SHELL32.dll
0x00007ff8e8860000 - 0x00007ff8e8908000 	C:\WINDOWS\System32\shcore.dll
0x00007ff8e74b0000 - 0x00007ff8e7bfd000 	C:\WINDOWS\System32\windows.storage.dll
0x00007ff8e6b90000 - 0x00007ff8e6bb4000 	C:\WINDOWS\System32\profapi.dll
0x00007ff8e6b10000 - 0x00007ff8e6b6d000 	C:\WINDOWS\System32\powrprof.dll
0x00007ff8ea910000 - 0x00007ff8ea962000 	C:\WINDOWS\System32\shlwapi.dll
0x00007ff8e6af0000 - 0x00007ff8e6b01000 	C:\WINDOWS\System32\kernel.appcore.dll
0x00007ff8e7490000 - 0x00007ff8e74a7000 	C:\WINDOWS\System32\cryptsp.dll
0x00007ff8db000000 - 0x00007ff8db01a000 	C:\Program Files\Android\Android Studio\jre\jre\bin\net.dll
0x00007ff8dd3b0000 - 0x00007ff8dd587000 	C:\WINDOWS\SYSTEM32\urlmon.dll
0x00007ff8de1e0000 - 0x00007ff8de488000 	C:\WINDOWS\SYSTEM32\iertutil.dll
0x00007ff8e60f0000 - 0x00007ff8e60fc000 	C:\WINDOWS\SYSTEM32\CRYPTBASE.DLL
0x00007ff8e5f20000 - 0x00007ff8e5f87000 	C:\WINDOWS\system32\mswsock.dll
0x00007ff8dafe0000 - 0x00007ff8daff3000 	C:\Program Files\Android\Android Studio\jre\jre\bin\nio.dll
0x00007ff8c85e0000 - 0x00007ff8c8606000 	C:\Users\basker\.gradle\native\30\windows-amd64\native-platform.dll
0x00007ff8e3000000 - 0x00007ff8e300d000 	C:\Program Files\Android\Android Studio\jre\jre\bin\management.dll
0x00007ff8e5aa0000 - 0x00007ff8e5ad3000 	C:\WINDOWS\system32\rsaenh.dll
0x00007ff8e7220000 - 0x00007ff8e7246000 	C:\WINDOWS\System32\bcrypt.dll
0x00007ff8e6a20000 - 0x00007ff8e6a48000 	C:\WINDOWS\SYSTEM32\USERENV.dll
0x00007ff8e5c40000 - 0x00007ff8e5c7d000 	C:\WINDOWS\SYSTEM32\IPHLPAPI.DLL
0x00007ff8ea620000 - 0x00007ff8ea628000 	C:\WINDOWS\System32\NSI.dll
0x00007ff8ddbc0000 - 0x00007ff8ddbd6000 	C:\WINDOWS\SYSTEM32\dhcpcsvc6.DLL
0x00007ff8de5a0000 - 0x00007ff8de5bc000 	C:\WINDOWS\SYSTEM32\dhcpcsvc.DLL
0x00007ff8e5c90000 - 0x00007ff8e5d56000 	C:\WINDOWS\SYSTEM32\DNSAPI.dll

VM Arguments:
jvm_args: -Xmx1536m -Dfile.encoding=windows-1252 -Duser.country=US -Duser.language=en -Duser.variant 
java_command: org.gradle.launcher.daemon.bootstrap.GradleDaemon 5.6.4
java_class_path (initial): C:\Users\basker\.gradle\wrapper\dists\gradle-5.6.4-all\ankdp27end7byghfw1q2sw75f\gradle-5.6.4\lib\gradle-launcher-5.6.4.jar
Launcher Type: SUN_STANDARD

Environment Variables:
PATH=C:\Program Files (x86)\Common Files\Oracle\Java\javapath;C:\Program Files (x86)\NVIDIA Corporation\PhysX\Common;C:\Program Files (x86)\Intel\iCLS Client\;C:\Program Files\Intel\iCLS Client\;C:\WINDOWS\system32;C:\WINDOWS;C:\WINDOWS\System32\Wbem;C:\WINDOWS\System32\WindowsPowerShell\v1.0\;C:\Program Files\Intel\Intel(R) Management Engine Components\DAL;C:\Program Files\Intel\Intel(R) Management Engine Components\IPT;C:\Program Files (x86)\Intel\Intel(R) Management Engine Components\DAL;C:\Program Files (x86)\Intel\Intel(R) Management Engine Components\IPT;C:\Program Files (x86)\Intel\OpenCL SDK\2.0\bin\x86;C:\Program Files (x86)\Intel\OpenCL SDK\2.0\bin\x64;C:\Program Files\Lenovo\Bluetooth Software\;C:\Program Files\Lenovo\Bluetooth Software\syswow64;C:\WINDOWS\System32\OpenSSH\;C:\Program Files\nodejs\;C:\Users\basker\AppData\Local\Android\Sdk\platforms;C:\Users\basker\AppData\Local\Android\Sdk\platform-tools;C:\Users\basker\.gradle\wrapper\dists\gradle-5.6.4-all\ankdp27end7byghfw1q2sw75f\gradle-5.6.4\bin;C:\Program Files\Git\cmd;C:\Program Files\MySQL\MySQL Shell 8.0\bin\;C:\Users\basker\AppData\Local\Microsoft\WindowsApps;C:\Users\basker\AppData\Roaming\npm;C:\Users\basker\AppData\Local\Programs\Microsoft VS Code\bin;C:\Users\basker\.gradle\wrapper\dists\gradle-5.6.4-all\ankdp27end7byghfw1q2sw75f\gradle-5.6.4\bin;
USERNAME=basker
OS=Windows_NT
PROCESSOR_IDENTIFIER=Intel64 Family 6 Model 58 Stepping 9, GenuineIntel



---------------  S Y S T E M  ---------------

OS: Windows 10.0 , 64 bit Build 17763 (10.0.17763.475)

CPU:total 4 (initial active 4) (2 cores per cpu, 2 threads per core) family 6 model 58 stepping 9, cmov, cx8, fxsr, mmx, sse, sse2, sse3, ssse3, sse4.1, sse4.2, popcnt, avx, aes, clmul, erms, ht, tsc, tscinvbit, tscinv

Memory: 4k page, physical 4056852k(511832k free), swap 5481212k(5520k free)

vm_info: OpenJDK 64-Bit Server VM (25.212-b04) for windows-amd64 JRE (1.8.0_212-release-1586-b04), built by "builder" with MS VC++ 10.0 (VS2010)

time: Thu Jul 30 12:38:54 2020
timezone: India Standard Time
elapsed time: 46 seconds (0d 0h 0m 46s)

