#
# There is insufficient memory for the Java Runtime Environment to continue.
# Native memory allocation (malloc) failed to allocate 823536 bytes for Chunk::new
# Possible reasons:
#   The system is out of physical RAM or swap space
#   The process is running with CompressedOops enabled, and the Java Heap may be blocking the growth of the native heap
# Possible solutions:
#   Reduce memory load on the system
#   Increase physical memory or swap space
#   Check if swap backing store is full
#   Decrease Java heap size (-Xmx/-Xms)
#   Decrease number of Java threads
#   Decrease Java thread stack sizes (-Xss)
#   Set larger code cache with -XX:ReservedCodeCacheSize=
#   JVM is running with Unscaled Compressed Oops mode in which the Java heap is
#     placed in the first 4GB address space. The Java Heap base address is the
#     maximum limit for the native heap growth. Please use -XX:HeapBaseMinAddress
#     to set the Java Heap base and to place the Java Heap above 4GB virtual address.
# This output file may be truncated or incomplete.
#
#  Out of Memory Error (allocation.cpp:389), pid=9364, tid=0x0000000000001a00
#
# JRE version: OpenJDK Runtime Environment (8.0_212-b04) (build 1.8.0_212-release-1586-b04)
# Java VM: OpenJDK 64-Bit Server VM (25.212-b04 mixed mode windows-amd64 compressed oops)
# Failed to write core dump. Minidumps are not enabled by default on client versions of Windows
#

---------------  T H R E A D  ---------------

Current thread (0x00000000168dc800):  JavaThread "C2 CompilerThread1" daemon [_thread_in_native, id=6656, stack(0x0000000018050000,0x0000000018150000)]

Stack: [0x0000000018050000,0x0000000018150000]
[error occurred during error reporting (printing stack bounds), id 0xc0000005]

Native frames: (J=compiled Java code, j=interpreted, Vv=VM code, C=native code)


Current CompileTask:
C2:3975688 20625   !   4       com.android.ide.common.resources.ResourceSet::createFileAndItemsFromXml (583 bytes)


---------------  P R O C E S S  ---------------

Java Threads: ( => current thread )
  0x000000001d589800 JavaThread "Cache worker for execution history cache (C:\Users\basker\Desktop\supermarket\.gradle\5.6.4\executionHistory)" [_thread_blocked, id=10608, stack(0x0000000038d50000,0x0000000038e50000)]
  0x000000001d57f000 JavaThread "Execution worker for ':' Thread 3" [_thread_blocked, id=4356, stack(0x0000000038c50000,0x0000000038d50000)]
  0x000000001d583000 JavaThread "Execution worker for ':' Thread 2" [_thread_blocked, id=8784, stack(0x0000000038b50000,0x0000000038c50000)]
  0x000000001d582000 JavaThread "Execution worker for ':'" [_thread_blocked, id=7072, stack(0x0000000038a50000,0x0000000038b50000)]
  0x000000001d581800 JavaThread "Cache worker for file content cache (C:\Users\basker\Desktop\supermarket\.gradle\5.6.4\fileContent)" [_thread_blocked, id=2664, stack(0x0000000038950000,0x0000000038a50000)]
  0x000000001d585000 JavaThread "Cache worker for Build Output Cleanup Cache (C:\Users\basker\Desktop\supermarket\.gradle\buildOutputCleanup)" [_thread_blocked, id=10132, stack(0x0000000038850000,0x0000000038950000)]
  0x000000001d57e000 JavaThread "Build operations Thread 4" [_thread_blocked, id=6584, stack(0x0000000038750000,0x0000000038850000)]
  0x000000001d583800 JavaThread "Build operations Thread 3" [_thread_blocked, id=2752, stack(0x0000000038650000,0x0000000038750000)]
  0x000000001d580800 JavaThread "Build operations Thread 2" [_thread_blocked, id=9988, stack(0x0000000038550000,0x0000000038650000)]
  0x000000001a68f800 JavaThread "Build operations" [_thread_blocked, id=6368, stack(0x0000000038450000,0x0000000038550000)]
  0x000000001a68d000 JavaThread "Cache worker for cache directory md-rule (C:\Users\basker\.gradle\caches\5.6.4\md-rule)" [_thread_blocked, id=9588, stack(0x0000000038350000,0x0000000038450000)]
  0x000000001a690000 JavaThread "Cache worker for cache directory md-supplier (C:\Users\basker\.gradle\caches\5.6.4\md-supplier)" [_thread_blocked, id=9220, stack(0x0000000038250000,0x0000000038350000)]
  0x000000001a68e800 JavaThread "Cache worker for file hash cache (C:\Users\basker\Desktop\supermarket\.gradle\5.6.4\fileHashes)" [_thread_blocked, id=3936, stack(0x0000000038150000,0x0000000038250000)]
  0x000000001a685800 JavaThread "Thread-106" [_thread_blocked, id=3760, stack(0x0000000038050000,0x0000000038150000)]
  0x000000001a68c800 JavaThread "Stdin handler" [_thread_blocked, id=8852, stack(0x0000000037f50000,0x0000000038050000)]
  0x000000001a688000 JavaThread "Asynchronous log dispatcher for DefaultDaemonConnection: socket connection from /127.0.0.1:61807 to /127.0.0.1:62186" [_thread_blocked, id=8732, stack(0x0000000037e50000,0x0000000037f50000)]
  0x000000001a685000 JavaThread "Daemon worker Thread 5" [_thread_in_Java, id=1816, stack(0x0000000037d50000,0x0000000037e50000)]
  0x000000001a68b800 JavaThread "Cancel handler" [_thread_blocked, id=4040, stack(0x0000000037c50000,0x0000000037d50000)]
  0x000000001a684000 JavaThread "Handler for socket connection from /127.0.0.1:61807 to /127.0.0.1:62186" [_thread_in_native, id=6896, stack(0x0000000037b50000,0x0000000037c50000)]
  0x000000001a687000 JavaThread "Daemon Thread 5" [_thread_blocked, id=7280, stack(0x0000000037a50000,0x0000000037b50000)]
  0x000000001f360800 JavaThread "Cache worker for Java compile cache (C:\Users\basker\.gradle\caches\5.6.4\javaCompile)" [_thread_blocked, id=9672, stack(0x0000000028c80000,0x0000000028d80000)]
  0x000000001a683800 JavaThread "Cache worker for file content cache (C:\Users\basker\.gradle\caches\5.6.4\fileContent)" [_thread_blocked, id=9116, stack(0x0000000022490000,0x0000000022590000)]
  0x000000001a68a000 JavaThread "Memory manager" [_thread_blocked, id=2508, stack(0x0000000022390000,0x0000000022490000)]
  0x000000001a686800 JavaThread "Cache worker for execution history cache (C:\Users\basker\.gradle\caches\5.6.4\executionHistory)" [_thread_blocked, id=6788, stack(0x0000000020990000,0x0000000020a90000)]
  0x00000000196dd000 JavaThread "Cache worker for journal cache (C:\Users\basker\.gradle\caches\journal-1)" [_thread_blocked, id=6528, stack(0x000000001d640000,0x000000001d740000)]
  0x00000000196dc800 JavaThread "File lock request listener" [_thread_in_native, id=6280, stack(0x000000001c570000,0x000000001c670000)]
  0x00000000193e1800 JavaThread "Cache worker for file hash cache (C:\Users\basker\.gradle\caches\5.6.4\fileHashes)" [_thread_blocked, id=6844, stack(0x000000001c470000,0x000000001c570000)]
  0x0000000018423800 JavaThread "Daemon periodic checks" [_thread_blocked, id=7532, stack(0x000000001b870000,0x000000001b970000)]
  0x000000001a249800 JavaThread "Incoming local TCP Connector on port 61807" [_thread_in_native, id=3716, stack(0x000000001b630000,0x000000001b730000)]
  0x000000001a1e8800 JavaThread "Daemon health stats" [_thread_blocked, id=2528, stack(0x000000001aff0000,0x000000001b0f0000)]
  0x000000001693c000 JavaThread "Service Thread" daemon [_thread_blocked, id=9896, stack(0x0000000018650000,0x0000000018750000)]
  0x0000000018158800 JavaThread "C1 CompilerThread2" daemon [_thread_blocked, id=11004, stack(0x0000000018550000,0x0000000018650000)]
=>0x00000000168dc800 JavaThread "C2 CompilerThread1" daemon [_thread_in_native, id=6656, stack(0x0000000018050000,0x0000000018150000)]
  0x00000000168d9000 JavaThread "C2 CompilerThread0" daemon [_thread_blocked, id=1868, stack(0x0000000017f50000,0x0000000018050000)]
  0x00000000168e6800 JavaThread "Attach Listener" daemon [_thread_blocked, id=1156, stack(0x0000000017e50000,0x0000000017f50000)]
  0x00000000168e5800 JavaThread "Signal Dispatcher" daemon [_thread_blocked, id=10564, stack(0x0000000017d50000,0x0000000017e50000)]
  0x0000000002f6b800 JavaThread "Finalizer" daemon [_thread_blocked, id=9732, stack(0x0000000017b50000,0x0000000017c50000)]
  0x00000000168c9000 JavaThread "Reference Handler" daemon [_thread_blocked, id=8812, stack(0x0000000017a50000,0x0000000017b50000)]
  0x0000000002e6e000 JavaThread "main" [_thread_blocked, id=10088, stack(0x0000000002d00000,0x0000000002e00000)]

Other Threads:
  0x00000000168a6800 VMThread [stack: 0x0000000017950000,0x0000000017a50000] [id=10084]
  0x000000001693e000 WatcherThread [stack: 0x0000000018750000,0x0000000018850000] [id=9648]

VM state:synchronizing (normal execution)

VM Mutex/Monitor currently owned by a thread:  ([mutex/lock_event])
[0x0000000002e6d4f0] Safepoint_lock - owner thread: 0x00000000168a6800
[0x0000000002e6ce70] Threads_lock - owner thread: 0x00000000168a6800

heap address: 0x00000000a0000000, size: 1536 MB, Compressed Oops mode: 32-bit
Narrow klass base: 0x0000000000000000, Narrow klass shift: 3
Compressed class space size: 1073741824 Address: 0x0000000100000000

Heap:
 PSYoungGen      total 339456K, used 287156K [0x00000000e0000000, 0x00000000f8180000, 0x0000000100000000)
  eden space 329216K, 87% used [0x00000000e0000000,0x00000000f186d0a0,0x00000000f4180000)
  from space 10240K, 0% used [0x00000000f5680000,0x00000000f5680000,0x00000000f6080000)
  to   space 32768K, 0% used [0x00000000f6180000,0x00000000f6180000,0x00000000f8180000)
 ParOldGen       total 94208K, used 49246K [0x00000000a0000000, 0x00000000a5c00000, 0x00000000e0000000)
  object space 94208K, 52% used [0x00000000a0000000,0x00000000a3017b10,0x00000000a5c00000)
 Metaspace       used 98010K, capacity 102612K, committed 102976K, reserved 1138688K
  class space    used 12569K, capacity 13532K, committed 13632K, reserved 1048576K

Card table byte_map: [0x0000000012330000,0x0000000012640000] byte_map_base: 0x0000000011e30000

Marking Bits: (ParMarkBitMap*) 0x000000006d679f30
 Begin Bits: [0x0000000012c40000, 0x0000000014440000)
 End Bits:   [0x0000000014440000, 0x0000000015c40000)

Polling page: 0x0000000002e00000

CodeCache: size=245760Kb used=58288Kb max_used=58463Kb free=187471Kb
 bounds [0x0000000002f70000, 0x0000000006900000, 0x0000000011f70000]
 total_blobs=17120 nmethods=16214 adapters=815
 compilation: enabled

Compilation events (10 events):
Event: 3974.993 Thread 0x0000000018158800 20628       3       com.google.common.collect.AbstractMultimap::asMap (23 bytes)
Event: 3974.994 Thread 0x0000000018158800 nmethod 20628 0x0000000005101c10 code [0x0000000005101d80, 0x0000000005102028]
Event: 3975.019 Thread 0x0000000018158800 20629       3       com.google.common.collect.SingletonImmutableSet::copyIntoArray (11 bytes)
Event: 3975.019 Thread 0x0000000018158800 nmethod 20629 0x0000000004245990 code [0x0000000004245b00, 0x0000000004245db0]
Event: 3975.021 Thread 0x00000000168d9000 20630       4       java.lang.ProcessEnvironment$NameComparator::compare (13 bytes)
Event: 3975.022 Thread 0x0000000018158800 20631       3       java.util.Arrays::sort (32 bytes)
Event: 3975.032 Thread 0x00000000168d9000 nmethod 20630 0x0000000003e1be90 code [0x0000000003e1c000, 0x0000000003e1c5d8]
Event: 3975.089 Thread 0x0000000018158800 nmethod 20631 0x00000000038dfc10 code [0x00000000038dfd80, 0x00000000038dffb8]
Event: 3975.089 Thread 0x0000000018158800 20632       3       com.android.ide.common.resources.DataSet::findMatchingSourceFile (120 bytes)
Event: 3975.093 Thread 0x0000000018158800 nmethod 20632 0x0000000005ec3e10 code [0x0000000005ec4120, 0x0000000005ec5988]

GC Heap History (10 events):
Event: 158.768 GC heap before
{Heap before GC invocations=15 (full 3):
 PSYoungGen      total 316928K, used 316900K [0x00000000e0000000, 0x00000000faf00000, 0x0000000100000000)
  eden space 293376K, 100% used [0x00000000e0000000,0x00000000f1e80000,0x00000000f1e80000)
  from space 23552K, 99% used [0x00000000f1e80000,0x00000000f35791a8,0x00000000f3580000)
  to   space 27648K, 0% used [0x00000000f9400000,0x00000000f9400000,0x00000000faf00000)
 ParOldGen       total 75264K, used 34152K [0x00000000a0000000, 0x00000000a4980000, 0x00000000e0000000)
  object space 75264K, 45% used [0x00000000a0000000,0x00000000a215a2f0,0x00000000a4980000)
 Metaspace       used 80210K, capacity 83608K, committed 83968K, reserved 1122304K
  class space    used 10684K, capacity 11397K, committed 11520K, reserved 1048576K
Event: 158.827 GC heap after
Heap after GC invocations=15 (full 3):
 PSYoungGen      total 399360K, used 18878K [0x00000000e0000000, 0x00000000fa900000, 0x0000000100000000)
  eden space 377856K, 0% used [0x00000000e0000000,0x00000000e0000000,0x00000000f7100000)
  from space 21504K, 87% used [0x00000000f9400000,0x00000000fa66fa18,0x00000000fa900000)
  to   space 28672K, 0% used [0x00000000f7100000,0x00000000f7100000,0x00000000f8d00000)
 ParOldGen       total 75264K, used 46036K [0x00000000a0000000, 0x00000000a4980000, 0x00000000e0000000)
  object space 75264K, 61% used [0x00000000a0000000,0x00000000a2cf5130,0x00000000a4980000)
 Metaspace       used 80210K, capacity 83608K, committed 83968K, reserved 1122304K
  class space    used 10684K, capacity 11397K, committed 11520K, reserved 1048576K
}
Event: 455.879 GC heap before
{Heap before GC invocations=16 (full 3):
 PSYoungGen      total 399360K, used 396734K [0x00000000e0000000, 0x00000000fa900000, 0x0000000100000000)
  eden space 377856K, 100% used [0x00000000e0000000,0x00000000f7100000,0x00000000f7100000)
  from space 21504K, 87% used [0x00000000f9400000,0x00000000fa66fa18,0x00000000fa900000)
  to   space 28672K, 0% used [0x00000000f7100000,0x00000000f7100000,0x00000000f8d00000)
 ParOldGen       total 75264K, used 46036K [0x00000000a0000000, 0x00000000a4980000, 0x00000000e0000000)
  object space 75264K, 61% used [0x00000000a0000000,0x00000000a2cf5130,0x00000000a4980000)
 Metaspace       used 87975K, capacity 91852K, committed 92032K, reserved 1128448K
  class space    used 11544K, capacity 12331K, committed 12416K, reserved 1048576K
Event: 455.938 GC heap after
Heap after GC invocations=16 (full 3):
 PSYoungGen      total 376832K, used 15593K [0x00000000e0000000, 0x00000000f9880000, 0x0000000100000000)
  eden space 360960K, 0% used [0x00000000e0000000,0x00000000e0000000,0x00000000f6080000)
  from space 15872K, 98% used [0x00000000f7100000,0x00000000f803a620,0x00000000f8080000)
  to   space 24576K, 0% used [0x00000000f8080000,0x00000000f8080000,0x00000000f9880000)
 ParOldGen       total 75264K, used 52431K [0x00000000a0000000, 0x00000000a4980000, 0x00000000e0000000)
  object space 75264K, 69% used [0x00000000a0000000,0x00000000a3333f40,0x00000000a4980000)
 Metaspace       used 87975K, capacity 91852K, committed 92032K, reserved 1128448K
  class space    used 11544K, capacity 12331K, committed 12416K, reserved 1048576K
}
Event: 2872.091 GC heap before
{Heap before GC invocations=17 (full 3):
 PSYoungGen      total 376832K, used 376553K [0x00000000e0000000, 0x00000000f9880000, 0x0000000100000000)
  eden space 360960K, 100% used [0x00000000e0000000,0x00000000f6080000,0x00000000f6080000)
  from space 15872K, 98% used [0x00000000f7100000,0x00000000f803a620,0x00000000f8080000)
  to   space 24576K, 0% used [0x00000000f8080000,0x00000000f8080000,0x00000000f9880000)
 ParOldGen       total 75264K, used 52431K [0x00000000a0000000, 0x00000000a4980000, 0x00000000e0000000)
  object space 75264K, 69% used [0x00000000a0000000,0x00000000a3333f40,0x00000000a4980000)
 Metaspace       used 88951K, capacity 93036K, committed 93312K, reserved 1130496K
  class space    used 11565K, capacity 12365K, committed 12416K, reserved 1048576K
Event: 2881.795 GC heap after
Heap after GC invocations=17 (full 3):
 PSYoungGen      total 369152K, used 24572K [0x00000000e0000000, 0x00000000f9880000, 0x0000000100000000)
  eden space 344576K, 0% used [0x00000000e0000000,0x00000000e0000000,0x00000000f5080000)
  from space 24576K, 99% used [0x00000000f8080000,0x00000000f987f090,0x00000000f9880000)
  to   space 33792K, 0% used [0x00000000f5680000,0x00000000f5680000,0x00000000f7780000)
 ParOldGen       total 75264K, used 58997K [0x00000000a0000000, 0x00000000a4980000, 0x00000000e0000000)
  object space 75264K, 78% used [0x00000000a0000000,0x00000000a399d750,0x00000000a4980000)
 Metaspace       used 88951K, capacity 93036K, committed 93312K, reserved 1130496K
  class space    used 11565K, capacity 12365K, committed 12416K, reserved 1048576K
}
Event: 3540.010 GC heap before
{Heap before GC invocations=18 (full 3):
 PSYoungGen      total 369152K, used 231295K [0x00000000e0000000, 0x00000000f9880000, 0x0000000100000000)
  eden space 344576K, 59% used [0x00000000e0000000,0x00000000ec9e0b88,0x00000000f5080000)
  from space 24576K, 99% used [0x00000000f8080000,0x00000000f987f090,0x00000000f9880000)
  to   space 33792K, 0% used [0x00000000f5680000,0x00000000f5680000,0x00000000f7780000)
 ParOldGen       total 75264K, used 58997K [0x00000000a0000000, 0x00000000a4980000, 0x00000000e0000000)
  object space 75264K, 78% used [0x00000000a0000000,0x00000000a399d750,0x00000000a4980000)
 Metaspace       used 93866K, capacity 98456K, committed 98496K, reserved 1134592K
  class space    used 12103K, capacity 12969K, committed 12992K, reserved 1048576K
Event: 3540.854 GC heap after
Heap after GC invocations=18 (full 3):
 PSYoungGen      total 339456K, used 10111K [0x00000000e0000000, 0x00000000f8180000, 0x0000000100000000)
  eden space 329216K, 0% used [0x00000000e0000000,0x00000000e0000000,0x00000000f4180000)
  from space 10240K, 98% used [0x00000000f5680000,0x00000000f605fe38,0x00000000f6080000)
  to   space 32768K, 0% used [0x00000000f6180000,0x00000000f6180000,0x00000000f8180000)
 ParOldGen       total 75264K, used 64111K [0x00000000a0000000, 0x00000000a4980000, 0x00000000e0000000)
  object space 75264K, 85% used [0x00000000a0000000,0x00000000a3e9bc50,0x00000000a4980000)
 Metaspace       used 93866K, capacity 98456K, committed 98496K, reserved 1134592K
  class space    used 12103K, capacity 12969K, committed 12992K, reserved 1048576K
}
Event: 3540.854 GC heap before
{Heap before GC invocations=19 (full 4):
 PSYoungGen      total 339456K, used 10111K [0x00000000e0000000, 0x00000000f8180000, 0x0000000100000000)
  eden space 329216K, 0% used [0x00000000e0000000,0x00000000e0000000,0x00000000f4180000)
  from space 10240K, 98% used [0x00000000f5680000,0x00000000f605fe38,0x00000000f6080000)
  to   space 32768K, 0% used [0x00000000f6180000,0x00000000f6180000,0x00000000f8180000)
 ParOldGen       total 75264K, used 64111K [0x00000000a0000000, 0x00000000a4980000, 0x00000000e0000000)
  object space 75264K, 85% used [0x00000000a0000000,0x00000000a3e9bc50,0x00000000a4980000)
 Metaspace       used 93866K, capacity 98456K, committed 98496K, reserved 1134592K
  class space    used 12103K, capacity 12969K, committed 12992K, reserved 1048576K
Event: 3548.942 GC heap after
Heap after GC invocations=19 (full 4):
 PSYoungGen      total 339456K, used 0K [0x00000000e0000000, 0x00000000f8180000, 0x0000000100000000)
  eden space 329216K, 0% used [0x00000000e0000000,0x00000000e0000000,0x00000000f4180000)
  from space 10240K, 0% used [0x00000000f5680000,0x00000000f5680000,0x00000000f6080000)
  to   space 32768K, 0% used [0x00000000f6180000,0x00000000f6180000,0x00000000f8180000)
 ParOldGen       total 94208K, used 49246K [0x00000000a0000000, 0x00000000a5c00000, 0x00000000e0000000)
  object space 94208K, 52% used [0x00000000a0000000,0x00000000a3017b10,0x00000000a5c00000)
 Metaspace       used 93231K, capacity 97016K, committed 98496K, reserved 1134592K
  class space    used 11930K, capacity 12671K, committed 12992K, reserved 1048576K
}

Deoptimization events (10 events):
Event: 3566.052 Thread 0x000000001d581800 Uncommon trap: reason=unstable_if action=reinterpret pc=0x0000000005e3623c method=com.sun.org.apache.xerces.internal.impl.XMLDocumentFragmentScannerImpl.scanEndElement()I @ 136
Event: 3566.481 Thread 0x000000001d581800 Uncommon trap: reason=class_check action=maybe_recompile pc=0x00000000067690c0 method=org.gradle.internal.component.external.model.DefaultModuleComponentIdentifier.getModule()Ljava/lang/String; @ 4
Event: 3566.481 Thread 0x000000001d581800 Uncommon trap: reason=class_check action=maybe_recompile pc=0x00000000067690c0 method=org.gradle.internal.component.external.model.DefaultModuleComponentIdentifier.getModule()Ljava/lang/String; @ 4
Event: 3566.568 Thread 0x000000001d581800 Uncommon trap: reason=class_check action=maybe_recompile pc=0x00000000067690c0 method=org.gradle.internal.component.external.model.DefaultModuleComponentIdentifier.getModule()Ljava/lang/String; @ 4
Event: 3566.568 Thread 0x000000001d581800 Uncommon trap: reason=class_check action=maybe_recompile pc=0x00000000067690c0 method=org.gradle.internal.component.external.model.DefaultModuleComponentIdentifier.getModule()Ljava/lang/String; @ 4
Event: 3567.761 Thread 0x000000001d581800 Uncommon trap: reason=unstable_if action=reinterpret pc=0x0000000005872d84 method=java.lang.ref.SoftReference.get()Ljava/lang/Object; @ 6
Event: 3567.761 Thread 0x000000001d581800 Uncommon trap: reason=unstable_if action=reinterpret pc=0x0000000004ed61e0 method=java.util.concurrent.ConcurrentHashMap.replaceNode(Ljava/lang/Object;Ljava/lang/Object;Ljava/lang/Object;)Ljava/lang/Object; @ 136
Event: 3929.531 Thread 0x000000001a685000 Uncommon trap: reason=null_check action=make_not_entrant pc=0x000000000678aa60 method=org.gradle.api.internal.collections.CollectionFilter.filter(Ljava/lang/Object;)Ljava/lang/Object; @ 5
Event: 3934.433 Thread 0x000000001a685000 Uncommon trap: reason=unstable_if action=reinterpret pc=0x0000000005cda060 method=java.lang.ref.SoftReference.get()Ljava/lang/Object; @ 6
Event: 3970.022 Thread 0x000000001a685000 Uncommon trap: reason=unstable_if action=reinterpret pc=0x00000000031e7900 method=org.gradle.internal.fingerprint.impl.DefaultFileSystemLocationFingerprint.equals(Ljava/lang/Object;)Z @ 8

Classes redefined (0 events):
No events

Internal exceptions (10 events):
Event: 3923.669 Thread 0x000000001a685000 Exception <a 'java/lang/NoSuchMethodError': <clinit>> (0x00000000ebd3ce28) thrown at [D:\src\AOSP-openjdk-cygwin\jdk8u\hotspot\src\share\vm\prims\jni.cpp, line 1614]
Event: 3923.669 Thread 0x000000001a685000 Exception <a 'java/lang/NoSuchMethodError': <clinit>> (0x00000000ebd3e7b0) thrown at [D:\src\AOSP-openjdk-cygwin\jdk8u\hotspot\src\share\vm\prims\jni.cpp, line 1614]
Event: 3923.669 Thread 0x000000001a685000 Exception <a 'java/lang/NoSuchMethodError': <clinit>> (0x00000000ebd3fcb0) thrown at [D:\src\AOSP-openjdk-cygwin\jdk8u\hotspot\src\share\vm\prims\jni.cpp, line 1614]
Event: 3923.669 Thread 0x000000001a685000 Exception <a 'java/lang/NoSuchMethodError': <clinit>> (0x00000000ebd41400) thrown at [D:\src\AOSP-openjdk-cygwin\jdk8u\hotspot\src\share\vm\prims\jni.cpp, line 1614]
Event: 3923.669 Thread 0x000000001a685000 Exception <a 'java/lang/NoSuchMethodError': <clinit>> (0x00000000ebd42a00) thrown at [D:\src\AOSP-openjdk-cygwin\jdk8u\hotspot\src\share\vm\prims\jni.cpp, line 1614]
Event: 3923.670 Thread 0x000000001a685000 Exception <a 'java/lang/NoSuchMethodError': <clinit>> (0x00000000ebd43ea0) thrown at [D:\src\AOSP-openjdk-cygwin\jdk8u\hotspot\src\share\vm\prims\jni.cpp, line 1614]
Event: 3929.530 Thread 0x000000001a685000 Implicit null exception at 0x000000000678a91f to 0x000000000678aa4d
Event: 3934.433 Thread 0x000000001a685000 Implicit null exception at 0x0000000005cd567b to 0x0000000005cda045
Event: 3950.208 Thread 0x000000001a685800 Exception <a 'java/lang/NoSuchMethodError': <clinit>> (0x00000000ebbcd3e8) thrown at [D:\src\AOSP-openjdk-cygwin\jdk8u\hotspot\src\share\vm\prims\jni.cpp, line 1614]
Event: 3970.022 Thread 0x000000001a685000 Implicit null exception at 0x00000000031e761b to 0x00000000031e78ed

Events (10 events):
Event: 3973.304 Thread 0x00000000168d9000 flushing nmethod 0x0000000005ec39d0
Event: 3973.314 Thread 0x00000000168d9000 flushing nmethod 0x00000000065d91d0
Event: 3973.315 Thread 0x00000000168d9000 flushing nmethod 0x0000000006767d50
Event: 3973.315 Thread 0x00000000168d9000 flushing nmethod 0x0000000006768f10
Event: 3973.315 Thread 0x00000000168d9000 flushing nmethod 0x0000000006792750
Event: 3973.315 Thread 0x00000000168d9000 flushing nmethod 0x0000000006817d50
Event: 3973.353 Thread 0x000000001a685000 DEOPT PACKING pc=0x0000000005add9e3 sp=0x0000000037e48d10
Event: 3973.354 Thread 0x000000001a685000 DEOPT UNPACKING pc=0x0000000002fb75d0 sp=0x0000000037e48a90 mode 0
Event: 3975.122 loading class com/android/utils/PositionXmlParser
Event: 3975.122 loading class com/android/utils/PositionXmlParser done


Dynamic libraries:
0x00007ff7d1270000 - 0x00007ff7d12a1000 	C:\Program Files\Android\Android Studio\jre\bin\java.exe
0x00007ff8eab00000 - 0x00007ff8eaced000 	C:\WINDOWS\SYSTEM32\ntdll.dll
0x00007ff8d6850000 - 0x00007ff8d6863000 	C:\Program Files\AVG\Antivirus\aswhook.dll
0x00007ff8e8540000 - 0x00007ff8e85f3000 	C:\WINDOWS\System32\KERNEL32.DLL
0x00007ff8e6bc0000 - 0x00007ff8e6e53000 	C:\WINDOWS\System32\KERNELBASE.dll
0x00007ff8e8de0000 - 0x00007ff8e8e83000 	C:\WINDOWS\System32\ADVAPI32.dll
0x00007ff8e87c0000 - 0x00007ff8e885e000 	C:\WINDOWS\System32\msvcrt.dll
0x00007ff8e7d20000 - 0x00007ff8e7dbe000 	C:\WINDOWS\System32\sechost.dll
0x00007ff8e8410000 - 0x00007ff8e8532000 	C:\WINDOWS\System32\RPCRT4.dll
0x00007ff8ea3d0000 - 0x00007ff8ea567000 	C:\WINDOWS\System32\USER32.dll
0x00007ff8e7c00000 - 0x00007ff8e7c20000 	C:\WINDOWS\System32\win32u.dll
0x00007ff8e8a80000 - 0x00007ff8e8aa9000 	C:\WINDOWS\System32\GDI32.dll
0x00007ff8e7000000 - 0x00007ff8e7199000 	C:\WINDOWS\System32\gdi32full.dll
0x00007ff8e6e60000 - 0x00007ff8e6f00000 	C:\WINDOWS\System32\msvcp_win.dll
0x00007ff8e6f00000 - 0x00007ff8e6ffa000 	C:\WINDOWS\System32\ucrtbase.dll
0x00007ff8d2920000 - 0x00007ff8d2b99000 	C:\WINDOWS\WinSxS\amd64_microsoft.windows.common-controls_6595b64144ccf1df_6.0.17763.973_none_05b245900721eb81\COMCTL32.dll
0x00007ff8e8ab0000 - 0x00007ff8e8ddc000 	C:\WINDOWS\System32\combase.dll
0x00007ff8e71a0000 - 0x00007ff8e721e000 	C:\WINDOWS\System32\bcryptPrimitives.dll
0x00007ff8ea390000 - 0x00007ff8ea3be000 	C:\WINDOWS\System32\IMM32.DLL
0x000000006ccf0000 - 0x000000006cdc2000 	C:\Program Files\Android\Android Studio\jre\jre\bin\msvcr100.dll
0x000000006ceb0000 - 0x000000006d6f6000 	C:\Program Files\Android\Android Studio\jre\jre\bin\server\jvm.dll
0x00007ff8ea3c0000 - 0x00007ff8ea3c8000 	C:\WINDOWS\System32\PSAPI.DLL
0x00007ff8d92c0000 - 0x00007ff8d92c9000 	C:\WINDOWS\SYSTEM32\WSOCK32.dll
0x00007ff8e8970000 - 0x00007ff8e89dd000 	C:\WINDOWS\System32\WS2_32.dll
0x00007ff8e4af0000 - 0x00007ff8e4b14000 	C:\WINDOWS\SYSTEM32\WINMM.dll
0x00007ff8db0c0000 - 0x00007ff8db0ca000 	C:\WINDOWS\SYSTEM32\VERSION.dll
0x00007ff8e4a30000 - 0x00007ff8e4a5d000 	C:\WINDOWS\SYSTEM32\WINMMBASE.dll
0x00007ff8e7cd0000 - 0x00007ff8e7d1a000 	C:\WINDOWS\System32\cfgmgr32.dll
0x00007ff8e3380000 - 0x00007ff8e338f000 	C:\Program Files\Android\Android Studio\jre\jre\bin\verify.dll
0x00007ff8db090000 - 0x00007ff8db0b9000 	C:\Program Files\Android\Android Studio\jre\jre\bin\java.dll
0x00007ff8db070000 - 0x00007ff8db086000 	C:\Program Files\Android\Android Studio\jre\jre\bin\zip.dll
0x00007ff8e8e90000 - 0x00007ff8ea384000 	C:\WINDOWS\System32\SHELL32.dll
0x00007ff8e8860000 - 0x00007ff8e8908000 	C:\WINDOWS\System32\shcore.dll
0x00007ff8e74b0000 - 0x00007ff8e7bfd000 	C:\WINDOWS\System32\windows.storage.dll
0x00007ff8e6b90000 - 0x00007ff8e6bb4000 	C:\WINDOWS\System32\profapi.dll
0x00007ff8e6b10000 - 0x00007ff8e6b6d000 	C:\WINDOWS\System32\powrprof.dll
0x00007ff8ea910000 - 0x00007ff8ea962000 	C:\WINDOWS\System32\shlwapi.dll
0x00007ff8e6af0000 - 0x00007ff8e6b01000 	C:\WINDOWS\System32\kernel.appcore.dll
0x00007ff8e7490000 - 0x00007ff8e74a7000 	C:\WINDOWS\System32\cryptsp.dll
0x00007ff8db050000 - 0x00007ff8db06a000 	C:\Program Files\Android\Android Studio\jre\jre\bin\net.dll
0x00007ff8dd3b0000 - 0x00007ff8dd587000 	C:\WINDOWS\SYSTEM32\urlmon.dll
0x00007ff8de1e0000 - 0x00007ff8de488000 	C:\WINDOWS\SYSTEM32\iertutil.dll
0x00007ff8e60f0000 - 0x00007ff8e60fc000 	C:\WINDOWS\SYSTEM32\CRYPTBASE.DLL
0x00007ff8e5f20000 - 0x00007ff8e5f87000 	C:\WINDOWS\system32\mswsock.dll
0x00007ff8db030000 - 0x00007ff8db043000 	C:\Program Files\Android\Android Studio\jre\jre\bin\nio.dll
0x00007ff8bab50000 - 0x00007ff8bab76000 	C:\Users\basker\.gradle\native\30\windows-amd64\native-platform.dll
0x00007ff8e1a30000 - 0x00007ff8e1a3d000 	C:\Program Files\Android\Android Studio\jre\jre\bin\management.dll
0x00007ff8e5aa0000 - 0x00007ff8e5ad3000 	C:\WINDOWS\system32\rsaenh.dll
0x00007ff8e7220000 - 0x00007ff8e7246000 	C:\WINDOWS\System32\bcrypt.dll
0x00007ff8e6a20000 - 0x00007ff8e6a48000 	C:\WINDOWS\SYSTEM32\USERENV.dll
0x00007ff8e5c40000 - 0x00007ff8e5c7d000 	C:\WINDOWS\SYSTEM32\IPHLPAPI.DLL
0x00007ff8ea620000 - 0x00007ff8ea628000 	C:\WINDOWS\System32\NSI.dll
0x00007ff8ddbc0000 - 0x00007ff8ddbd6000 	C:\WINDOWS\SYSTEM32\dhcpcsvc6.DLL
0x00007ff8de5a0000 - 0x00007ff8de5bc000 	C:\WINDOWS\SYSTEM32\dhcpcsvc.DLL
0x00007ff8e5c90000 - 0x00007ff8e5d56000 	C:\WINDOWS\SYSTEM32\DNSAPI.dll

VM Arguments:
jvm_args: -Xmx1536m -Dfile.encoding=windows-1252 -Duser.country=US -Duser.language=en -Duser.variant 
java_command: org.gradle.launcher.daemon.bootstrap.GradleDaemon 5.6.4
java_class_path (initial): C:\Users\basker\.gradle\wrapper\dists\gradle-5.6.4-all\ankdp27end7byghfw1q2sw75f\gradle-5.6.4\lib\gradle-launcher-5.6.4.jar
Launcher Type: SUN_STANDARD

Environment Variables:
PATH=C:\Program Files (x86)\Common Files\Oracle\Java\javapath;C:\Program Files (x86)\NVIDIA Corporation\PhysX\Common;C:\Program Files (x86)\Intel\iCLS Client\;C:\Program Files\Intel\iCLS Client\;C:\WINDOWS\system32;C:\WINDOWS;C:\WINDOWS\System32\Wbem;C:\WINDOWS\System32\WindowsPowerShell\v1.0\;C:\Program Files\Intel\Intel(R) Management Engine Components\DAL;C:\Program Files\Intel\Intel(R) Management Engine Components\IPT;C:\Program Files (x86)\Intel\Intel(R) Management Engine Components\DAL;C:\Program Files (x86)\Intel\Intel(R) Management Engine Components\IPT;C:\Program Files (x86)\Intel\OpenCL SDK\2.0\bin\x86;C:\Program Files (x86)\Intel\OpenCL SDK\2.0\bin\x64;C:\Program Files\Lenovo\Bluetooth Software\;C:\Program Files\Lenovo\Bluetooth Software\syswow64;C:\WINDOWS\System32\OpenSSH\;C:\Program Files\nodejs\;C:\Users\basker\AppData\Local\Android\Sdk\platforms;C:\Users\basker\AppData\Local\Android\Sdk\platform-tools;C:\Users\basker\.gradle\wrapper\dists\gradle-5.6.4-all\ankdp27end7byghfw1q2sw75f\gradle-5.6.4\bin;C:\Program Files\Git\cmd;C:\Program Files\MySQL\MySQL Shell 8.0\bin\;C:\Users\basker\AppData\Local\Microsoft\WindowsApps;C:\Users\basker\AppData\Roaming\npm;C:\Users\basker\AppData\Local\Programs\Microsoft VS Code\bin;C:\Users\basker\.gradle\wrapper\dists\gradle-5.6.4-all\ankdp27end7byghfw1q2sw75f\gradle-5.6.4\bin;
USERNAME=basker
OS=Windows_NT
PROCESSOR_IDENTIFIER=Intel64 Family 6 Model 58 Stepping 9, GenuineIntel



---------------  S Y S T E M  ---------------

OS: Windows 10.0 , 64 bit Build 17763 (10.0.17763.475)

CPU:total 4 (initial active 4) (2 cores per cpu, 2 threads per core) family 6 model 58 stepping 9, cmov, cx8, fxsr, mmx, sse, sse2, sse3, ssse3, sse4.1, sse4.2, popcnt, avx, aes, clmul, erms, ht, tsc, tscinvbit, tscinv

Memory: 4k page, physical 4056852k(311044k free), swap 5481236k(2976k free)

vm_info: OpenJDK 64-Bit Server VM (25.212-b04) for windows-amd64 JRE (1.8.0_212-release-1586-b04), built by "builder" with MS VC++ 10.0 (VS2010)

time: Thu Jul 30 11:30:34 2020
timezone: India Standard Time
elapsed time: 3976 seconds (0d 1h 6m 16s)

