#
# There is insufficient memory for the Java Runtime Environment to continue.
# Native memory allocation (malloc) failed to allocate 410016 bytes for Chunk::new
# Possible reasons:
#   The system is out of physical RAM or swap space
#   The process is running with CompressedOops enabled, and the Java Heap may be blocking the growth of the native heap
# Possible solutions:
#   Reduce memory load on the system
#   Increase physical memory or swap space
#   Check if swap backing store is full
#   Decrease Java heap size (-Xmx/-Xms)
#   Decrease number of Java threads
#   Decrease Java thread stack sizes (-Xss)
#   Set larger code cache with -XX:ReservedCodeCacheSize=
#   JVM is running with Unscaled Compressed Oops mode in which the Java heap is
#     placed in the first 4GB address space. The Java Heap base address is the
#     maximum limit for the native heap growth. Please use -XX:HeapBaseMinAddress
#     to set the Java Heap base and to place the Java Heap above 4GB virtual address.
# This output file may be truncated or incomplete.
#
#  Out of Memory Error (allocation.cpp:389), pid=8988, tid=0x0000000000000ec8
#
# JRE version: OpenJDK Runtime Environment (8.0_212-b04) (build 1.8.0_212-release-1586-b04)
# Java VM: OpenJDK 64-Bit Server VM (25.212-b04 mixed mode windows-amd64 compressed oops)
# Failed to write core dump. Minidumps are not enabled by default on client versions of Windows
#

---------------  T H R E A D  ---------------

Current thread (0x0000000016609000):  JavaThread "C2 CompilerThread0" daemon [_thread_in_native, id=3784, stack(0x0000000017c70000,0x0000000017d70000)]

Stack: [0x0000000017c70000,0x0000000017d70000]
[error occurred during error reporting (printing stack bounds), id 0xc0000005]

Native frames: (J=compiled Java code, j=interpreted, Vv=VM code, C=native code)


Current CompileTask:
C2: 947586 21103 %     4       org.objectweb.asm.ClassWriter::toByteArray @ 707 (1281 bytes)


---------------  P R O C E S S  ---------------

Java Threads: ( => current thread )
  0x000000001dd0f000 JavaThread "WorkerExecutor Queue Thread 5" [_thread_blocked, id=8936, stack(0x00000000339e0000,0x0000000033ae0000)]
  0x000000001dd15000 JavaThread "stdout" [_thread_in_native, id=5400, stack(0x00000000337e0000,0x00000000338e0000)]
  0x000000001efee800 JavaThread "stderr" [_thread_in_native, id=7216, stack(0x00000000336e0000,0x00000000337e0000)]
  0x000000001efe7000 JavaThread "stdout" [_thread_in_native, id=8108, stack(0x00000000335e0000,0x00000000336e0000)]
  0x000000001efee000 JavaThread "stderr" [_thread_in_native, id=3400, stack(0x00000000334e0000,0x00000000335e0000)]
  0x000000001efed000 JavaThread "stdout" [_thread_in_native, id=9288, stack(0x00000000333e0000,0x00000000334e0000)]
  0x000000001efec800 JavaThread "stderr" [_thread_in_native, id=2616, stack(0x00000000332e0000,0x00000000333e0000)]
  0x000000001efe5000 JavaThread "pool-11-thread-1" [_thread_blocked, id=868, stack(0x00000000331e0000,0x00000000332e0000)]
  0x000000001efeb000 JavaThread "WorkerExecutor Queue Thread 2" [_thread_blocked, id=5572, stack(0x0000000032fe0000,0x00000000330e0000)]
  0x000000001efe2000 JavaThread "Cache worker for execution history cache (C:\Users\basker\Desktop\supermarket\.gradle\5.6.4\executionHistory)" [_thread_blocked, id=4332, stack(0x0000000032de0000,0x0000000032ee0000)]
  0x000000001efe3800 JavaThread "Execution worker for ':' Thread 3" [_thread_blocked, id=4988, stack(0x0000000032ce0000,0x0000000032de0000)]
  0x000000001efe6800 JavaThread "Execution worker for ':' Thread 2" [_thread_in_native, id=10968, stack(0x0000000032be0000,0x0000000032ce0000)]
  0x000000001efe1000 JavaThread "Execution worker for ':'" [_thread_blocked, id=1960, stack(0x0000000032ae0000,0x0000000032be0000)]
  0x000000001efe0800 JavaThread "Cache worker for file content cache (C:\Users\basker\Desktop\supermarket\.gradle\5.6.4\fileContent)" [_thread_blocked, id=5808, stack(0x00000000329e0000,0x0000000032ae0000)]
  0x000000001efe5800 JavaThread "Cache worker for Build Output Cleanup Cache (C:\Users\basker\Desktop\supermarket\.gradle\buildOutputCleanup)" [_thread_blocked, id=6172, stack(0x00000000328e0000,0x00000000329e0000)]
  0x000000001cc18000 JavaThread "Build operations Thread 4" [_thread_blocked, id=8576, stack(0x00000000327e0000,0x00000000328e0000)]
  0x000000001cc19800 JavaThread "Build operations Thread 3" [_thread_blocked, id=5824, stack(0x00000000326e0000,0x00000000327e0000)]
  0x000000001cc17800 JavaThread "Build operations Thread 2" [_thread_blocked, id=2840, stack(0x00000000325e0000,0x00000000326e0000)]
  0x000000001cc16000 JavaThread "Build operations" [_thread_blocked, id=9488, stack(0x00000000324e0000,0x00000000325e0000)]
  0x000000001cc16800 JavaThread "Cache worker for cache directory md-rule (C:\Users\basker\.gradle\caches\5.6.4\md-rule)" [_thread_blocked, id=11120, stack(0x00000000323e0000,0x00000000324e0000)]
  0x000000001cc19000 JavaThread "Cache worker for cache directory md-supplier (C:\Users\basker\.gradle\caches\5.6.4\md-supplier)" [_thread_blocked, id=7652, stack(0x00000000322e0000,0x00000000323e0000)]
  0x000000001cc0e800 JavaThread "Cache worker for file hash cache (C:\Users\basker\Desktop\supermarket\.gradle\5.6.4\fileHashes)" [_thread_blocked, id=9824, stack(0x00000000321e0000,0x00000000322e0000)]
  0x000000001cc15000 JavaThread "Thread-103" [_thread_blocked, id=1828, stack(0x00000000320e0000,0x00000000321e0000)]
  0x000000001cc13000 JavaThread "Asynchronous log dispatcher for DefaultDaemonConnection: socket connection from /127.0.0.1:62199 to /127.0.0.1:62308" [_thread_blocked, id=8144, stack(0x0000000031ee0000,0x0000000031fe0000)]
  0x000000001cc0d800 JavaThread "Daemon worker Thread 4" [_thread_blocked, id=9540, stack(0x0000000031de0000,0x0000000031ee0000)]
  0x000000001cc0b800 JavaThread "Cancel handler" [_thread_blocked, id=3452, stack(0x0000000031ce0000,0x0000000031de0000)]
  0x000000001cc12000 JavaThread "Handler for socket connection from /127.0.0.1:62199 to /127.0.0.1:62308" [_thread_in_native, id=9048, stack(0x0000000031be0000,0x0000000031ce0000)]
  0x000000001cc0d000 JavaThread "Daemon Thread 4" [_thread_blocked, id=10952, stack(0x0000000031ae0000,0x0000000031be0000)]
  0x000000001cc0f000 JavaThread "Cache worker for Java compile cache (C:\Users\basker\.gradle\caches\5.6.4\javaCompile)" [_thread_blocked, id=6520, stack(0x0000000029340000,0x0000000029440000)]
  0x000000001dd12800 JavaThread "Cache worker for file content cache (C:\Users\basker\.gradle\caches\5.6.4\fileContent)" [_thread_blocked, id=8060, stack(0x0000000023170000,0x0000000023270000)]
  0x000000001dd10800 JavaThread "Memory manager" [_thread_blocked, id=3144, stack(0x0000000023070000,0x0000000023170000)]
  0x000000001dd14000 JavaThread "Cache worker for execution history cache (C:\Users\basker\.gradle\caches\5.6.4\executionHistory)" [_thread_blocked, id=10224, stack(0x0000000021870000,0x0000000021970000)]
  0x0000000018c4e800 JavaThread "Cache worker for journal cache (C:\Users\basker\.gradle\caches\journal-1)" [_thread_blocked, id=10380, stack(0x000000001c390000,0x000000001c490000)]
  0x0000000018c4d000 JavaThread "File lock request listener" [_thread_in_native, id=380, stack(0x000000001c290000,0x000000001c390000)]
  0x0000000018c4d800 JavaThread "Cache worker for file hash cache (C:\Users\basker\.gradle\caches\5.6.4\fileHashes)" [_thread_blocked, id=6388, stack(0x000000001c190000,0x000000001c290000)]
  0x0000000019ede800 JavaThread "Daemon periodic checks" [_thread_blocked, id=9508, stack(0x000000001b590000,0x000000001b690000)]
  0x0000000019ecd800 JavaThread "Incoming local TCP Connector on port 62199" [_thread_in_native, id=1548, stack(0x000000001b350000,0x000000001b450000)]
  0x0000000019e33800 JavaThread "Daemon health stats" [_thread_blocked, id=9400, stack(0x000000001ad10000,0x000000001ae10000)]
  0x0000000017f98800 JavaThread "Service Thread" daemon [_thread_blocked, id=8252, stack(0x0000000018370000,0x0000000018470000)]
  0x0000000016613000 JavaThread "C1 CompilerThread2" daemon [_thread_blocked, id=7452, stack(0x0000000017e70000,0x0000000017f70000)]
  0x000000001660c800 JavaThread "C2 CompilerThread1" daemon [_thread_in_native, id=2544, stack(0x0000000017d70000,0x0000000017e70000)]
=>0x0000000016609000 JavaThread "C2 CompilerThread0" daemon [_thread_in_native, id=3784, stack(0x0000000017c70000,0x0000000017d70000)]
  0x0000000016616800 JavaThread "Attach Listener" daemon [_thread_blocked, id=10212, stack(0x0000000017b70000,0x0000000017c70000)]
  0x0000000016615800 JavaThread "Signal Dispatcher" daemon [_thread_blocked, id=9064, stack(0x0000000017a70000,0x0000000017b70000)]
  0x0000000002beb800 JavaThread "Finalizer" daemon [_thread_blocked, id=9556, stack(0x0000000017870000,0x0000000017970000)]
  0x00000000165f9000 JavaThread "Reference Handler" daemon [_thread_blocked, id=1836, stack(0x0000000017770000,0x0000000017870000)]
  0x0000000002c9e000 JavaThread "main" [_thread_blocked, id=5380, stack(0x0000000002970000,0x0000000002a70000)]

Other Threads:
  0x00000000165d6800 VMThread [stack: 0x0000000017670000,0x0000000017770000] [id=9632]
  0x0000000017f99000 WatcherThread [stack: 0x0000000018470000,0x0000000018570000] [id=6008]

VM state:not at safepoint (normal execution)

VM Mutex/Monitor currently owned by a thread: None

heap address: 0x00000000a0000000, size: 1536 MB, Compressed Oops mode: 32-bit
Narrow klass base: 0x0000000000000000, Narrow klass shift: 3
Compressed class space size: 1073741824 Address: 0x0000000100000000

Heap:
 PSYoungGen      total 236032K, used 140998K [0x00000000e0000000, 0x00000000f1280000, 0x0000000100000000)
  eden space 201728K, 63% used [0x00000000e0000000,0x00000000e7c55250,0x00000000ec500000)
  from space 34304K, 39% used [0x00000000ee500000,0x00000000ef25c628,0x00000000f0680000)
  to   space 32768K, 0% used [0x00000000ec500000,0x00000000ec500000,0x00000000ee500000)
 ParOldGen       total 121856K, used 56367K [0x00000000a0000000, 0x00000000a7700000, 0x00000000e0000000)
  object space 121856K, 46% used [0x00000000a0000000,0x00000000a370bea0,0x00000000a7700000)
 Metaspace       used 96235K, capacity 100862K, committed 101184K, reserved 1136640K
  class space    used 12418K, capacity 13350K, committed 13400K, reserved 1048576K

Card table byte_map: [0x0000000012060000,0x0000000012370000] byte_map_base: 0x0000000011b60000

Marking Bits: (ParMarkBitMap*) 0x000000006d679f30
 Begin Bits: [0x0000000012970000, 0x0000000014170000)
 End Bits:   [0x0000000014170000, 0x0000000015970000)

Polling page: 0x0000000001060000

CodeCache: size=245760Kb used=58827Kb max_used=58835Kb free=186932Kb
 bounds [0x0000000002ca0000, 0x0000000006670000, 0x0000000011ca0000]
 total_blobs=17757 nmethods=16872 adapters=795
 compilation: enabled

Compilation events (10 events):
Event: 947.341 Thread 0x000000001660c800 21098       4       java.io.WinNTFileSystem::hashCode (17 bytes)
Event: 947.342 Thread 0x0000000016613000 21099       3       org.gradle.cache.internal.DefaultCacheAccess::useCache (10 bytes)
Event: 947.342 Thread 0x0000000016613000 nmethod 21099 0x000000000664ea50 code [0x000000000664ebe0, 0x000000000664ef08]
Event: 947.346 Thread 0x000000001660c800 nmethod 21098 0x000000000664e510 code [0x000000000664e660, 0x000000000664e828]
Event: 947.435 Thread 0x0000000016609000 21100       4       org.objectweb.asm.MethodVisitor::<init> (66 bytes)
Event: 947.435 Thread 0x0000000016613000 21101       3       org.objectweb.asm.FieldWriter::computeFieldInfoSize (86 bytes)
Event: 947.436 Thread 0x0000000016609000 nmethod 21100 0x000000000619c9d0 code [0x000000000619cb00, 0x000000000619cb98]
Event: 947.436 Thread 0x0000000016613000 nmethod 21101 0x000000000665f7d0 code [0x000000000665f980, 0x000000000665fe98]
Event: 947.437 Thread 0x000000001660c800 21102       4       org.objectweb.asm.ClassReader::accept (1251 bytes)
Event: 947.441 Thread 0x0000000016609000 21103 %     4       org.objectweb.asm.ClassWriter::toByteArray @ 707 (1281 bytes)

GC Heap History (10 events):
Event: 468.061 GC heap before
{Heap before GC invocations=24 (full 3):
 PSYoungGen      total 242688K, used 242418K [0x00000000e0000000, 0x00000000f2b00000, 0x0000000100000000)
  eden space 219136K, 100% used [0x00000000e0000000,0x00000000ed600000,0x00000000ed600000)
  from space 23552K, 98% used [0x00000000f1400000,0x00000000f2abc870,0x00000000f2b00000)
  to   space 32768K, 0% used [0x00000000eeb00000,0x00000000eeb00000,0x00000000f0b00000)
 ParOldGen       total 79360K, used 52117K [0x00000000a0000000, 0x00000000a4d80000, 0x00000000e0000000)
  object space 79360K, 65% used [0x00000000a0000000,0x00000000a32e5790,0x00000000a4d80000)
 Metaspace       used 90200K, capacity 94382K, committed 94552K, reserved 1130496K
  class space    used 11715K, capacity 12538K, committed 12632K, reserved 1048576K
Event: 468.106 GC heap after
Heap after GC invocations=24 (full 3):
 PSYoungGen      total 237568K, used 27349K [0x00000000e0000000, 0x00000000f1480000, 0x0000000100000000)
  eden space 209920K, 0% used [0x00000000e0000000,0x00000000e0000000,0x00000000ecd00000)
  from space 27648K, 98% used [0x00000000eeb00000,0x00000000f05b5628,0x00000000f0600000)
  to   space 14848K, 0% used [0x00000000f0600000,0x00000000f0600000,0x00000000f1480000)
 ParOldGen       total 79360K, used 52133K [0x00000000a0000000, 0x00000000a4d80000, 0x00000000e0000000)
  object space 79360K, 65% used [0x00000000a0000000,0x00000000a32e9790,0x00000000a4d80000)
 Metaspace       used 90200K, capacity 94382K, committed 94552K, reserved 1130496K
  class space    used 11715K, capacity 12538K, committed 12632K, reserved 1048576K
}
Event: 494.663 GC heap before
{Heap before GC invocations=25 (full 3):
 PSYoungGen      total 237568K, used 237269K [0x00000000e0000000, 0x00000000f1480000, 0x0000000100000000)
  eden space 209920K, 100% used [0x00000000e0000000,0x00000000ecd00000,0x00000000ecd00000)
  from space 27648K, 98% used [0x00000000eeb00000,0x00000000f05b5628,0x00000000f0600000)
  to   space 14848K, 0% used [0x00000000f0600000,0x00000000f0600000,0x00000000f1480000)
 ParOldGen       total 79360K, used 52133K [0x00000000a0000000, 0x00000000a4d80000, 0x00000000e0000000)
  object space 79360K, 65% used [0x00000000a0000000,0x00000000a32e9790,0x00000000a4d80000)
 Metaspace       used 90866K, capacity 95204K, committed 95320K, reserved 1132544K
  class space    used 11783K, capacity 12622K, committed 12632K, reserved 1048576K
Event: 494.686 GC heap after
Heap after GC invocations=25 (full 3):
 PSYoungGen      total 215552K, used 13998K [0x00000000e0000000, 0x00000000f1400000, 0x0000000100000000)
  eden space 201216K, 0% used [0x00000000e0000000,0x00000000e0000000,0x00000000ec480000)
  from space 14336K, 97% used [0x00000000f0600000,0x00000000f13ab840,0x00000000f1400000)
  to   space 34304K, 0% used [0x00000000ed100000,0x00000000ed100000,0x00000000ef280000)
 ParOldGen       total 79360K, used 52141K [0x00000000a0000000, 0x00000000a4d80000, 0x00000000e0000000)
  object space 79360K, 65% used [0x00000000a0000000,0x00000000a32eb790,0x00000000a4d80000)
 Metaspace       used 90866K, capacity 95204K, committed 95320K, reserved 1132544K
  class space    used 11783K, capacity 12622K, committed 12632K, reserved 1048576K
}
Event: 498.408 GC heap before
{Heap before GC invocations=26 (full 3):
 PSYoungGen      total 215552K, used 106083K [0x00000000e0000000, 0x00000000f1400000, 0x0000000100000000)
  eden space 201216K, 45% used [0x00000000e0000000,0x00000000e59ed4d0,0x00000000ec480000)
  from space 14336K, 97% used [0x00000000f0600000,0x00000000f13ab840,0x00000000f1400000)
  to   space 34304K, 0% used [0x00000000ed100000,0x00000000ed100000,0x00000000ef280000)
 ParOldGen       total 79360K, used 52141K [0x00000000a0000000, 0x00000000a4d80000, 0x00000000e0000000)
  object space 79360K, 65% used [0x00000000a0000000,0x00000000a32eb790,0x00000000a4d80000)
 Metaspace       used 93628K, capacity 98280K, committed 98496K, reserved 1134592K
  class space    used 12152K, capacity 13004K, committed 13016K, reserved 1048576K
Event: 498.463 GC heap after
Heap after GC invocations=26 (full 3):
 PSYoungGen      total 213504K, used 20073K [0x00000000e0000000, 0x00000000f0680000, 0x0000000100000000)
  eden space 193024K, 0% used [0x00000000e0000000,0x00000000e0000000,0x00000000ebc80000)
  from space 20480K, 98% used [0x00000000ed100000,0x00000000ee49a560,0x00000000ee500000)
  to   space 34304K, 0% used [0x00000000ee500000,0x00000000ee500000,0x00000000f0680000)
 ParOldGen       total 79360K, used 52149K [0x00000000a0000000, 0x00000000a4d80000, 0x00000000e0000000)
  object space 79360K, 65% used [0x00000000a0000000,0x00000000a32ed790,0x00000000a4d80000)
 Metaspace       used 93628K, capacity 98280K, committed 98496K, reserved 1134592K
  class space    used 12152K, capacity 13004K, committed 13016K, reserved 1048576K
}
Event: 498.463 GC heap before
{Heap before GC invocations=27 (full 4):
 PSYoungGen      total 213504K, used 20073K [0x00000000e0000000, 0x00000000f0680000, 0x0000000100000000)
  eden space 193024K, 0% used [0x00000000e0000000,0x00000000e0000000,0x00000000ebc80000)
  from space 20480K, 98% used [0x00000000ed100000,0x00000000ee49a560,0x00000000ee500000)
  to   space 34304K, 0% used [0x00000000ee500000,0x00000000ee500000,0x00000000f0680000)
 ParOldGen       total 79360K, used 52149K [0x00000000a0000000, 0x00000000a4d80000, 0x00000000e0000000)
  object space 79360K, 65% used [0x00000000a0000000,0x00000000a32ed790,0x00000000a4d80000)
 Metaspace       used 93628K, capacity 98280K, committed 98496K, reserved 1134592K
  class space    used 12152K, capacity 13004K, committed 13016K, reserved 1048576K
Event: 498.826 GC heap after
Heap after GC invocations=27 (full 4):
 PSYoungGen      total 213504K, used 0K [0x00000000e0000000, 0x00000000f0680000, 0x0000000100000000)
  eden space 193024K, 0% used [0x00000000e0000000,0x00000000e0000000,0x00000000ebc80000)
  from space 20480K, 0% used [0x00000000ed100000,0x00000000ed100000,0x00000000ee500000)
  to   space 34304K, 0% used [0x00000000ee500000,0x00000000ee500000,0x00000000f0680000)
 ParOldGen       total 121856K, used 56359K [0x00000000a0000000, 0x00000000a7700000, 0x00000000e0000000)
  object space 121856K, 46% used [0x00000000a0000000,0x00000000a3709ea0,0x00000000a7700000)
 Metaspace       used 93279K, capacity 97360K, committed 98496K, reserved 1134592K
  class space    used 12030K, capacity 12790K, committed 13016K, reserved 1048576K
}
Event: 852.214 GC heap before
{Heap before GC invocations=28 (full 4):
 PSYoungGen      total 213504K, used 193024K [0x00000000e0000000, 0x00000000f0680000, 0x0000000100000000)
  eden space 193024K, 100% used [0x00000000e0000000,0x00000000ebc80000,0x00000000ebc80000)
  from space 20480K, 0% used [0x00000000ed100000,0x00000000ed100000,0x00000000ee500000)
  to   space 34304K, 0% used [0x00000000ee500000,0x00000000ee500000,0x00000000f0680000)
 ParOldGen       total 121856K, used 56359K [0x00000000a0000000, 0x00000000a7700000, 0x00000000e0000000)
  object space 121856K, 46% used [0x00000000a0000000,0x00000000a3709ea0,0x00000000a7700000)
 Metaspace       used 96105K, capacity 100756K, committed 100928K, reserved 1136640K
  class space    used 12414K, capacity 13343K, committed 13400K, reserved 1048576K
Event: 852.887 GC heap after
Heap after GC invocations=28 (full 4):
 PSYoungGen      total 236032K, used 13681K [0x00000000e0000000, 0x00000000f1280000, 0x0000000100000000)
  eden space 201728K, 0% used [0x00000000e0000000,0x00000000e0000000,0x00000000ec500000)
  from space 34304K, 39% used [0x00000000ee500000,0x00000000ef25c628,0x00000000f0680000)
  to   space 32768K, 0% used [0x00000000ec500000,0x00000000ec500000,0x00000000ee500000)
 ParOldGen       total 121856K, used 56367K [0x00000000a0000000, 0x00000000a7700000, 0x00000000e0000000)
  object space 121856K, 46% used [0x00000000a0000000,0x00000000a370bea0,0x00000000a7700000)
 Metaspace       used 96105K, capacity 100756K, committed 100928K, reserved 1136640K
  class space    used 12414K, capacity 13343K, committed 13400K, reserved 1048576K
}

Deoptimization events (10 events):
Event: 844.307 Thread 0x000000001cc0d800 Uncommon trap: reason=class_check action=maybe_recompile pc=0x00000000030adb04 method=java.util.Spliterators$ArraySpliterator.tryAdvance(Ljava/util/function/Consumer;)Z @ 49
Event: 844.527 Thread 0x000000001cc0d800 Uncommon trap: reason=class_check action=maybe_recompile pc=0x00000000030adb04 method=java.util.Spliterators$ArraySpliterator.tryAdvance(Ljava/util/function/Consumer;)Z @ 49
Event: 857.273 Thread 0x000000001efe1000 Uncommon trap: reason=speculate_class_check action=maybe_recompile pc=0x0000000005a83054 method=com.sun.org.apache.xerces.internal.dom.ElementNSImpl.getLocalName()Ljava/lang/String; @ 8
Event: 857.273 Thread 0x000000001efe1000 Uncommon trap: reason=speculate_class_check action=maybe_recompile pc=0x0000000005a83054 method=com.sun.org.apache.xerces.internal.dom.ElementNSImpl.getLocalName()Ljava/lang/String; @ 8
Event: 857.274 Thread 0x000000001efe1000 Uncommon trap: reason=speculate_class_check action=maybe_recompile pc=0x0000000005a83054 method=com.sun.org.apache.xerces.internal.dom.ElementNSImpl.getLocalName()Ljava/lang/String; @ 8
Event: 857.274 Thread 0x000000001efe1000 Uncommon trap: reason=speculate_class_check action=maybe_recompile pc=0x0000000005a83054 method=com.sun.org.apache.xerces.internal.dom.ElementNSImpl.getLocalName()Ljava/lang/String; @ 8
Event: 944.748 Thread 0x000000001efeb000 Uncommon trap: reason=array_check action=maybe_recompile pc=0x0000000005b4a598 method=com.google.common.collect.RegularImmutableMap.fromEntryArray(I[Ljava/util/Map$Entry;)Lcom/google/common/collect/ImmutableMap; @ 157
Event: 944.750 Thread 0x000000001efeb000 Uncommon trap: reason=array_check action=maybe_recompile pc=0x0000000005b4a598 method=com.google.common.collect.RegularImmutableMap.fromEntryArray(I[Ljava/util/Map$Entry;)Lcom/google/common/collect/ImmutableMap; @ 157
Event: 944.751 Thread 0x000000001efeb000 Uncommon trap: reason=array_check action=maybe_recompile pc=0x0000000005b4a598 method=com.google.common.collect.RegularImmutableMap.fromEntryArray(I[Ljava/util/Map$Entry;)Lcom/google/common/collect/ImmutableMap; @ 157
Event: 944.755 Thread 0x000000001efeb000 Uncommon trap: reason=array_check action=maybe_recompile pc=0x0000000005b4a598 method=com.google.common.collect.RegularImmutableMap.fromEntryArray(I[Ljava/util/Map$Entry;)Lcom/google/common/collect/ImmutableMap; @ 157

Classes redefined (0 events):
No events

Internal exceptions (10 events):
Event: 502.990 Thread 0x000000001cc15000 Implicit null exception at 0x000000000499d8b5 to 0x000000000499da21
Event: 502.993 Thread 0x000000001cc0d000 Exception <a 'java/lang/NoSuchMethodError': java.lang.Object.lambda$flatMap$2(Ljava/util/function/Function;Ljava/lang/Object;)Lorg/gradle/internal/Try;> (0x00000000e3581e68) thrown at [D:\src\AOSP-openjdk-cygwin\jdk8u\hotspot\src\share\vm\interpreter\link
Event: 502.993 Thread 0x000000001cc15000 Exception <a 'java/lang/NoSuchMethodError': java.lang.Object.lambda$flatMap$2(Ljava/util/function/Function;Ljava/lang/Object;)Lorg/gradle/internal/Try;> (0x00000000e35900c0) thrown at [D:\src\AOSP-openjdk-cygwin\jdk8u\hotspot\src\share\vm\interpreter\link
Event: 502.996 Thread 0x000000001cc15000 Implicit null exception at 0x000000000470ca5d to 0x000000000470cb41
Event: 504.250 Thread 0x000000001efe7000 Exception <a 'java/lang/NoSuchMethodError': java.lang.Object.lambda$flatMap$0(Ljava/lang/Throwable;)Lorg/gradle/api/internal/artifacts/transform/CacheableInvocation;> (0x00000000e49b5d48) thrown at [D:\src\AOSP-openjdk-cygwin\jdk8u\hotspot\src\share\vm\in
Event: 506.318 Thread 0x000000001efe7000 Exception <a 'sun/nio/fs/WindowsException'> (0x00000000e72f5ce0) thrown at [D:\src\AOSP-openjdk-cygwin\jdk8u\hotspot\src\share\vm\prims\jni.cpp, line 710]
Event: 506.324 Thread 0x000000001dd12000 Exception <a 'java/lang/NoSuchMethodError': <clinit>> (0x00000000e73923f8) thrown at [D:\src\AOSP-openjdk-cygwin\jdk8u\hotspot\src\share\vm\prims\jni.cpp, line 1614]
Event: 844.240 Thread 0x000000001cc0d800 Implicit null exception at 0x000000000648abdf to 0x000000000648ad0d
Event: 946.052 Thread 0x000000001efeb000 Exception <a 'sun/nio/fs/WindowsException'> (0x00000000e522d2a0) thrown at [D:\src\AOSP-openjdk-cygwin\jdk8u\hotspot\src\share\vm\prims\jni.cpp, line 710]
Event: 946.052 Thread 0x000000001efeb000 Exception <a 'sun/nio/fs/WindowsException'> (0x00000000e522d748) thrown at [D:\src\AOSP-openjdk-cygwin\jdk8u\hotspot\src\share\vm\prims\jni.cpp, line 710]

Events (10 events):
Event: 945.952 Thread 0x000000001efeb000 DEOPT PACKING pc=0x000000000477a69e sp=0x00000000330ddd60
Event: 945.952 Thread 0x000000001efeb000 DEOPT UNPACKING pc=0x0000000002ce75d0 sp=0x00000000330ddb00 mode 0
Event: 946.072 Thread 0x000000001efeb000 DEOPT PACKING pc=0x000000000480dda0 sp=0x00000000330ddf50
Event: 946.072 Thread 0x000000001efeb000 DEOPT UNPACKING pc=0x0000000002ce75d0 sp=0x00000000330ddd78 mode 0
Event: 946.083 Thread 0x000000001efeb000 DEOPT PACKING pc=0x0000000004609f46 sp=0x00000000330ddec0
Event: 946.083 Thread 0x000000001efeb000 DEOPT UNPACKING pc=0x0000000002ce75d0 sp=0x00000000330ddc38 mode 0
Event: 946.132 Thread 0x000000001efeb000 DEOPT PACKING pc=0x000000000480dda0 sp=0x00000000330ddf50
Event: 946.132 Thread 0x000000001efeb000 DEOPT UNPACKING pc=0x0000000002ce75d0 sp=0x00000000330ddd78 mode 0
Event: 946.187 Thread 0x000000001efeb000 DEOPT PACKING pc=0x0000000004609f46 sp=0x00000000330dde80
Event: 946.187 Thread 0x000000001efeb000 DEOPT UNPACKING pc=0x0000000002ce75d0 sp=0x00000000330ddbf8 mode 0


Dynamic libraries:
0x00007ff7d1270000 - 0x00007ff7d12a1000 	C:\Program Files\Android\Android Studio\jre\bin\java.exe
0x00007ff8eab00000 - 0x00007ff8eaced000 	C:\WINDOWS\SYSTEM32\ntdll.dll
0x00007ff8d6850000 - 0x00007ff8d6863000 	C:\Program Files\AVG\Antivirus\aswhook.dll
0x00007ff8e8540000 - 0x00007ff8e85f3000 	C:\WINDOWS\System32\KERNEL32.DLL
0x00007ff8e6bc0000 - 0x00007ff8e6e53000 	C:\WINDOWS\System32\KERNELBASE.dll
0x00007ff8e8de0000 - 0x00007ff8e8e83000 	C:\WINDOWS\System32\ADVAPI32.dll
0x00007ff8e87c0000 - 0x00007ff8e885e000 	C:\WINDOWS\System32\msvcrt.dll
0x00007ff8e7d20000 - 0x00007ff8e7dbe000 	C:\WINDOWS\System32\sechost.dll
0x00007ff8e8410000 - 0x00007ff8e8532000 	C:\WINDOWS\System32\RPCRT4.dll
0x00007ff8ea3d0000 - 0x00007ff8ea567000 	C:\WINDOWS\System32\USER32.dll
0x00007ff8e7c00000 - 0x00007ff8e7c20000 	C:\WINDOWS\System32\win32u.dll
0x00007ff8e8a80000 - 0x00007ff8e8aa9000 	C:\WINDOWS\System32\GDI32.dll
0x00007ff8e7000000 - 0x00007ff8e7199000 	C:\WINDOWS\System32\gdi32full.dll
0x00007ff8e6e60000 - 0x00007ff8e6f00000 	C:\WINDOWS\System32\msvcp_win.dll
0x00007ff8e6f00000 - 0x00007ff8e6ffa000 	C:\WINDOWS\System32\ucrtbase.dll
0x00007ff8d2920000 - 0x00007ff8d2b99000 	C:\WINDOWS\WinSxS\amd64_microsoft.windows.common-controls_6595b64144ccf1df_6.0.17763.973_none_05b245900721eb81\COMCTL32.dll
0x00007ff8e8ab0000 - 0x00007ff8e8ddc000 	C:\WINDOWS\System32\combase.dll
0x00007ff8e71a0000 - 0x00007ff8e721e000 	C:\WINDOWS\System32\bcryptPrimitives.dll
0x00007ff8ea390000 - 0x00007ff8ea3be000 	C:\WINDOWS\System32\IMM32.DLL
0x000000006ccf0000 - 0x000000006cdc2000 	C:\Program Files\Android\Android Studio\jre\jre\bin\msvcr100.dll
0x000000006ceb0000 - 0x000000006d6f6000 	C:\Program Files\Android\Android Studio\jre\jre\bin\server\jvm.dll
0x00007ff8ea3c0000 - 0x00007ff8ea3c8000 	C:\WINDOWS\System32\PSAPI.DLL
0x00007ff8d92c0000 - 0x00007ff8d92c9000 	C:\WINDOWS\SYSTEM32\WSOCK32.dll
0x00007ff8e8970000 - 0x00007ff8e89dd000 	C:\WINDOWS\System32\WS2_32.dll
0x00007ff8e4af0000 - 0x00007ff8e4b14000 	C:\WINDOWS\SYSTEM32\WINMM.dll
0x00007ff8db0c0000 - 0x00007ff8db0ca000 	C:\WINDOWS\SYSTEM32\VERSION.dll
0x00007ff8e4a30000 - 0x00007ff8e4a5d000 	C:\WINDOWS\SYSTEM32\WINMMBASE.dll
0x00007ff8e7cd0000 - 0x00007ff8e7d1a000 	C:\WINDOWS\System32\cfgmgr32.dll
0x00007ff8e3380000 - 0x00007ff8e338f000 	C:\Program Files\Android\Android Studio\jre\jre\bin\verify.dll
0x00007ff8db090000 - 0x00007ff8db0b9000 	C:\Program Files\Android\Android Studio\jre\jre\bin\java.dll
0x00007ff8db070000 - 0x00007ff8db086000 	C:\Program Files\Android\Android Studio\jre\jre\bin\zip.dll
0x00007ff8e8e90000 - 0x00007ff8ea384000 	C:\WINDOWS\System32\SHELL32.dll
0x00007ff8e8860000 - 0x00007ff8e8908000 	C:\WINDOWS\System32\shcore.dll
0x00007ff8e74b0000 - 0x00007ff8e7bfd000 	C:\WINDOWS\System32\windows.storage.dll
0x00007ff8e6b90000 - 0x00007ff8e6bb4000 	C:\WINDOWS\System32\profapi.dll
0x00007ff8e6b10000 - 0x00007ff8e6b6d000 	C:\WINDOWS\System32\powrprof.dll
0x00007ff8ea910000 - 0x00007ff8ea962000 	C:\WINDOWS\System32\shlwapi.dll
0x00007ff8e6af0000 - 0x00007ff8e6b01000 	C:\WINDOWS\System32\kernel.appcore.dll
0x00007ff8e7490000 - 0x00007ff8e74a7000 	C:\WINDOWS\System32\cryptsp.dll
0x00007ff8db050000 - 0x00007ff8db06a000 	C:\Program Files\Android\Android Studio\jre\jre\bin\net.dll
0x00007ff8dd3b0000 - 0x00007ff8dd587000 	C:\WINDOWS\SYSTEM32\urlmon.dll
0x00007ff8de1e0000 - 0x00007ff8de488000 	C:\WINDOWS\SYSTEM32\iertutil.dll
0x00007ff8e60f0000 - 0x00007ff8e60fc000 	C:\WINDOWS\SYSTEM32\CRYPTBASE.DLL
0x00007ff8e5f20000 - 0x00007ff8e5f87000 	C:\WINDOWS\system32\mswsock.dll
0x00007ff8db030000 - 0x00007ff8db043000 	C:\Program Files\Android\Android Studio\jre\jre\bin\nio.dll
0x00007ff8bab50000 - 0x00007ff8bab76000 	C:\Users\basker\.gradle\native\30\windows-amd64\native-platform.dll
0x00007ff8e1a30000 - 0x00007ff8e1a3d000 	C:\Program Files\Android\Android Studio\jre\jre\bin\management.dll
0x00007ff8e5aa0000 - 0x00007ff8e5ad3000 	C:\WINDOWS\system32\rsaenh.dll
0x00007ff8e7220000 - 0x00007ff8e7246000 	C:\WINDOWS\System32\bcrypt.dll
0x00007ff8e6a20000 - 0x00007ff8e6a48000 	C:\WINDOWS\SYSTEM32\USERENV.dll
0x00007ff8e5c40000 - 0x00007ff8e5c7d000 	C:\WINDOWS\SYSTEM32\IPHLPAPI.DLL
0x00007ff8ea620000 - 0x00007ff8ea628000 	C:\WINDOWS\System32\NSI.dll
0x00007ff8ddbc0000 - 0x00007ff8ddbd6000 	C:\WINDOWS\SYSTEM32\dhcpcsvc6.DLL
0x00007ff8de5a0000 - 0x00007ff8de5bc000 	C:\WINDOWS\SYSTEM32\dhcpcsvc.DLL
0x00007ff8e5c90000 - 0x00007ff8e5d56000 	C:\WINDOWS\SYSTEM32\DNSAPI.dll

VM Arguments:
jvm_args: -Xmx1536m -Dfile.encoding=windows-1252 -Duser.country=US -Duser.language=en -Duser.variant 
java_command: org.gradle.launcher.daemon.bootstrap.GradleDaemon 5.6.4
java_class_path (initial): C:\Users\basker\.gradle\wrapper\dists\gradle-5.6.4-all\ankdp27end7byghfw1q2sw75f\gradle-5.6.4\lib\gradle-launcher-5.6.4.jar
Launcher Type: SUN_STANDARD

Environment Variables:
PATH=C:\Program Files (x86)\Common Files\Oracle\Java\javapath;C:\Program Files (x86)\NVIDIA Corporation\PhysX\Common;C:\Program Files (x86)\Intel\iCLS Client\;C:\Program Files\Intel\iCLS Client\;C:\WINDOWS\system32;C:\WINDOWS;C:\WINDOWS\System32\Wbem;C:\WINDOWS\System32\WindowsPowerShell\v1.0\;C:\Program Files\Intel\Intel(R) Management Engine Components\DAL;C:\Program Files\Intel\Intel(R) Management Engine Components\IPT;C:\Program Files (x86)\Intel\Intel(R) Management Engine Components\DAL;C:\Program Files (x86)\Intel\Intel(R) Management Engine Components\IPT;C:\Program Files (x86)\Intel\OpenCL SDK\2.0\bin\x86;C:\Program Files (x86)\Intel\OpenCL SDK\2.0\bin\x64;C:\Program Files\Lenovo\Bluetooth Software\;C:\Program Files\Lenovo\Bluetooth Software\syswow64;C:\WINDOWS\System32\OpenSSH\;C:\Program Files\nodejs\;C:\Users\basker\AppData\Local\Android\Sdk\platforms;C:\Users\basker\AppData\Local\Android\Sdk\platform-tools;C:\Users\basker\.gradle\wrapper\dists\gradle-5.6.4-all\ankdp27end7byghfw1q2sw75f\gradle-5.6.4\bin;C:\Program Files\Git\cmd;C:\Program Files\MySQL\MySQL Shell 8.0\bin\;C:\Users\basker\AppData\Local\Microsoft\WindowsApps;C:\Users\basker\AppData\Roaming\npm;C:\Users\basker\AppData\Local\Programs\Microsoft VS Code\bin;C:\Users\basker\.gradle\wrapper\dists\gradle-5.6.4-all\ankdp27end7byghfw1q2sw75f\gradle-5.6.4\bin;
USERNAME=basker
OS=Windows_NT
PROCESSOR_IDENTIFIER=Intel64 Family 6 Model 58 Stepping 9, GenuineIntel



---------------  S Y S T E M  ---------------

OS: Windows 10.0 , 64 bit Build 17763 (10.0.17763.475)

CPU:total 4 (initial active 4) (2 cores per cpu, 2 threads per core) family 6 model 58 stepping 9, cmov, cx8, fxsr, mmx, sse, sse2, sse3, ssse3, sse4.1, sse4.2, popcnt, avx, aes, clmul, erms, ht, tsc, tscinvbit, tscinv

Memory: 4k page, physical 4056852k(767460k free), swap 5481236k(1644k free)

vm_info: OpenJDK 64-Bit Server VM (25.212-b04) for windows-amd64 JRE (1.8.0_212-release-1586-b04), built by "builder" with MS VC++ 10.0 (VS2010)

time: Thu Jul 30 11:47:41 2020
timezone: India Standard Time
elapsed time: 948 seconds (0d 0h 15m 48s)

