#
# There is insufficient memory for the Java Runtime Environment to continue.
# Native memory allocation (malloc) failed to allocate 1277296 bytes for Chunk::new
# Possible reasons:
#   The system is out of physical RAM or swap space
#   The process is running with CompressedOops enabled, and the Java Heap may be blocking the growth of the native heap
# Possible solutions:
#   Reduce memory load on the system
#   Increase physical memory or swap space
#   Check if swap backing store is full
#   Decrease Java heap size (-Xmx/-Xms)
#   Decrease number of Java threads
#   Decrease Java thread stack sizes (-Xss)
#   Set larger code cache with -XX:ReservedCodeCacheSize=
#   JVM is running with Unscaled Compressed Oops mode in which the Java heap is
#     placed in the first 4GB address space. The Java Heap base address is the
#     maximum limit for the native heap growth. Please use -XX:HeapBaseMinAddress
#     to set the Java Heap base and to place the Java Heap above 4GB virtual address.
# This output file may be truncated or incomplete.
#
#  Out of Memory Error (allocation.cpp:389), pid=12028, tid=0x0000000000000d9c
#
# JRE version: OpenJDK Runtime Environment (8.0_212-b04) (build 1.8.0_212-release-1586-b04)
# Java VM: OpenJDK 64-Bit Server VM (25.212-b04 mixed mode windows-amd64 compressed oops)
# Failed to write core dump. Minidumps are not enabled by default on client versions of Windows
#

---------------  T H R E A D  ---------------

Current thread (0x0000000016749000):  JavaThread "C2 CompilerThread0" daemon [_thread_in_native, id=3484, stack(0x0000000017da0000,0x0000000017ea0000)]

Stack: [0x0000000017da0000,0x0000000017ea0000]
[error occurred during error reporting (printing stack bounds), id 0xc0000005]

Native frames: (J=compiled Java code, j=interpreted, Vv=VM code, C=native code)


Current CompileTask:
C2:  92183 10530       4       java.net.URLClassLoader$1::run (5 bytes)


---------------  P R O C E S S  ---------------

Java Threads: ( => current thread )
  0x0000000019764800 JavaThread "stdout" [_thread_in_native, id=7388, stack(0x00000000253b0000,0x00000000254b0000)]
  0x0000000019765800 JavaThread "stdout" [_thread_in_native, id=9232, stack(0x00000000252b0000,0x00000000253b0000)]
  0x0000000019761800 JavaThread "stderr" [_thread_in_native, id=4312, stack(0x00000000251b0000,0x00000000252b0000)]
  0x0000000019767000 JavaThread "stdout" [_thread_in_native, id=2244, stack(0x00000000250b0000,0x00000000251b0000)]
  0x0000000019764000 JavaThread "stderr" [_thread_in_native, id=11128, stack(0x0000000024fb0000,0x00000000250b0000)]
  0x0000000019767800 JavaThread "stderr" [_thread_in_native, id=7776, stack(0x0000000024eb0000,0x0000000024fb0000)]
  0x0000000019763000 JavaThread "stdout" [_thread_in_native, id=6332, stack(0x0000000024db0000,0x0000000024eb0000)]
  0x0000000019759000 JavaThread "stderr" [_thread_in_native, id=11056, stack(0x0000000024cb0000,0x0000000024db0000)]
  0x0000000019760000 JavaThread "pool-2-thread-1" [_thread_blocked, id=8488, stack(0x0000000024bb0000,0x0000000024cb0000)]
  0x000000001975b800 JavaThread "MarlinRenderer Disposer" daemon [_thread_blocked, id=10140, stack(0x0000000024860000,0x0000000024960000)]
  0x000000001975f000 JavaThread "Java2D Disposer" daemon [_thread_blocked, id=6464, stack(0x0000000024550000,0x0000000024650000)]
  0x000000001975d800 JavaThread "WorkerExecutor Queue Thread 4" [_thread_blocked, id=7320, stack(0x0000000024450000,0x0000000024550000)]
  0x000000001975a800 JavaThread "WorkerExecutor Queue Thread 3" [_thread_blocked, id=7816, stack(0x0000000024350000,0x0000000024450000)]
  0x000000001975a000 JavaThread "WorkerExecutor Queue Thread 2" [_thread_blocked, id=7400, stack(0x0000000024250000,0x0000000024350000)]
  0x000000001f9d6800 JavaThread "WorkerExecutor Queue" [_thread_blocked, id=11836, stack(0x0000000024150000,0x0000000024250000)]
  0x000000001f9db800 JavaThread "Cache worker for execution history cache (C:\Users\basker\Desktop\supermarket\.gradle\5.6.4\executionHistory)" [_thread_blocked, id=9872, stack(0x0000000023c50000,0x0000000023d50000)]
  0x000000001f9da000 JavaThread "Execution worker for ':' Thread 3" [_thread_blocked, id=6908, stack(0x0000000023950000,0x0000000023a50000)]
  0x000000001f9d9800 JavaThread "Execution worker for ':' Thread 2" [_thread_blocked, id=888, stack(0x0000000023850000,0x0000000023950000)]
  0x000000001f9d8000 JavaThread "Execution worker for ':'" [_thread_blocked, id=7580, stack(0x00000000224f0000,0x00000000225f0000)]
  0x000000001f9d7000 JavaThread "Cache worker for file content cache (C:\Users\basker\Desktop\supermarket\.gradle\5.6.4\fileContent)" [_thread_blocked, id=5880, stack(0x00000000221f0000,0x00000000222f0000)]
  0x000000001f9cf800 JavaThread "Cache worker for file content cache (C:\Users\basker\.gradle\caches\5.6.4\fileContent)" [_thread_blocked, id=10800, stack(0x00000000220f0000,0x00000000221f0000)]
  0x000000001f9d2000 JavaThread "Memory manager" [_thread_blocked, id=9696, stack(0x0000000021ff0000,0x00000000220f0000)]
  0x000000001f9d4000 JavaThread "Cache worker for Build Output Cleanup Cache (C:\Users\basker\Desktop\supermarket\.gradle\buildOutputCleanup)" [_thread_blocked, id=708, stack(0x00000000214f0000,0x00000000215f0000)]
  0x000000001f9d3800 JavaThread "Build operations Thread 4" [_thread_blocked, id=11192, stack(0x0000000020680000,0x0000000020780000)]
  0x000000001f9d2800 JavaThread "Build operations Thread 3" [_thread_blocked, id=10856, stack(0x0000000020580000,0x0000000020680000)]
  0x000000001f9cf000 JavaThread "Build operations Thread 2" [_thread_blocked, id=9800, stack(0x0000000020480000,0x0000000020580000)]
  0x000000001f9d1000 JavaThread "Build operations" [_thread_blocked, id=12104, stack(0x0000000020380000,0x0000000020480000)]
  0x000000001f9ce000 JavaThread "Cache worker for execution history cache (C:\Users\basker\.gradle\caches\5.6.4\executionHistory)" [_thread_blocked, id=8120, stack(0x0000000020bf0000,0x0000000020cf0000)]
  0x00000000190af800 JavaThread "Cache worker for cache directory md-rule (C:\Users\basker\.gradle\caches\5.6.4\md-rule)" [_thread_blocked, id=10088, stack(0x0000000020af0000,0x0000000020bf0000)]
  0x00000000190b5000 JavaThread "Cache worker for cache directory md-supplier (C:\Users\basker\.gradle\caches\5.6.4\md-supplier)" [_thread_blocked, id=1844, stack(0x00000000209f0000,0x0000000020af0000)]
  0x00000000190ae000 JavaThread "Cache worker for file hash cache (C:\Users\basker\Desktop\supermarket\.gradle\5.6.4\fileHashes)" [_thread_blocked, id=1420, stack(0x000000001e660000,0x000000001e760000)]
  0x00000000190b1000 JavaThread "Cache worker for journal cache (C:\Users\basker\.gradle\caches\journal-1)" [_thread_blocked, id=11888, stack(0x000000001c4c0000,0x000000001c5c0000)]
  0x00000000190b0800 JavaThread "File lock request listener" [_thread_in_native, id=10200, stack(0x000000001c3c0000,0x000000001c4c0000)]
  0x00000000190b2000 JavaThread "Cache worker for file hash cache (C:\Users\basker\.gradle\caches\5.6.4\fileHashes)" [_thread_blocked, id=10012, stack(0x000000001c2c0000,0x000000001c3c0000)]
  0x000000001914c000 JavaThread "Thread-9" [_thread_blocked, id=2716, stack(0x000000001bfc0000,0x000000001c0c0000)]
  0x0000000019149000 JavaThread "Asynchronous log dispatcher for DefaultDaemonConnection: socket connection from /127.0.0.1:55882 to /127.0.0.1:55883" [_thread_blocked, id=10528, stack(0x000000001bdc0000,0x000000001bec0000)]
  0x0000000019146000 JavaThread "Daemon worker" [_thread_in_native, id=8360, stack(0x000000001bcc0000,0x000000001bdc0000)]
  0x000000001986e800 JavaThread "Cancel handler" [_thread_blocked, id=6936, stack(0x000000001bbc0000,0x000000001bcc0000)]
  0x00000000197d0000 JavaThread "Handler for socket connection from /127.0.0.1:55882 to /127.0.0.1:55883" [_thread_in_native, id=12108, stack(0x000000001b8c0000,0x000000001b9c0000)]
  0x000000001958d800 JavaThread "Daemon" [_thread_blocked, id=12228, stack(0x000000001b7c0000,0x000000001b8c0000)]
  0x000000001948b800 JavaThread "Daemon periodic checks" [_thread_blocked, id=10328, stack(0x000000001b6c0000,0x000000001b7c0000)]
  0x00000000191a3000 JavaThread "Incoming local TCP Connector on port 55882" [_thread_in_native, id=10080, stack(0x000000001b480000,0x000000001b580000)]
  0x0000000019f0c800 JavaThread "Daemon health stats" [_thread_blocked, id=10100, stack(0x000000001ae40000,0x000000001af40000)]
  0x00000000167ab000 JavaThread "Service Thread" daemon [_thread_blocked, id=7972, stack(0x00000000184a0000,0x00000000185a0000)]
  0x000000001679c000 JavaThread "C1 CompilerThread2" daemon [_thread_blocked, id=11892, stack(0x0000000017fa0000,0x00000000180a0000)]
  0x000000001674c800 JavaThread "C2 CompilerThread1" daemon [_thread_in_native, id=12116, stack(0x0000000017ea0000,0x0000000017fa0000)]
=>0x0000000016749000 JavaThread "C2 CompilerThread0" daemon [_thread_in_native, id=3484, stack(0x0000000017da0000,0x0000000017ea0000)]
  0x0000000016756800 JavaThread "Attach Listener" daemon [_thread_blocked, id=9324, stack(0x0000000017ca0000,0x0000000017da0000)]
  0x0000000016755800 JavaThread "Signal Dispatcher" daemon [_thread_blocked, id=11312, stack(0x0000000017ba0000,0x0000000017ca0000)]
  0x0000000002ddb800 JavaThread "Finalizer" daemon [_thread_blocked, id=4164, stack(0x00000000179a0000,0x0000000017aa0000)]
  0x0000000016739000 JavaThread "Reference Handler" daemon [_thread_blocked, id=7260, stack(0x00000000178a0000,0x00000000179a0000)]
  0x0000000002b8e000 JavaThread "main" [_thread_blocked, id=5352, stack(0x0000000002b90000,0x0000000002c90000)]

Other Threads:
  0x0000000016717000 VMThread [stack: 0x00000000177a0000,0x00000000178a0000] [id=10264]
  0x00000000167ad000 WatcherThread [stack: 0x00000000185a0000,0x00000000186a0000] [id=840]

VM state:not at safepoint (normal execution)

VM Mutex/Monitor currently owned by a thread: None

heap address: 0x00000000a0000000, size: 1536 MB, Compressed Oops mode: 32-bit
Narrow klass base: 0x0000000000000000, Narrow klass shift: 3
Compressed class space size: 1073741824 Address: 0x0000000100000000

Heap:
 PSYoungGen      total 204800K, used 193726K [0x00000000e0000000, 0x00000000efd80000, 0x0000000100000000)
  eden space 187392K, 94% used [0x00000000e0000000,0x00000000eac319d8,0x00000000eb700000)
  from space 17408K, 99% used [0x00000000eb700000,0x00000000ec7fdee0,0x00000000ec800000)
  to   space 25088K, 0% used [0x00000000ee500000,0x00000000ee500000,0x00000000efd80000)
 ParOldGen       total 83456K, used 46652K [0x00000000a0000000, 0x00000000a5180000, 0x00000000e0000000)
  object space 83456K, 55% used [0x00000000a0000000,0x00000000a2d8f220,0x00000000a5180000)
 Metaspace       used 65509K, capacity 67966K, committed 68224K, reserved 1107968K
  class space    used 8740K, capacity 9293K, committed 9344K, reserved 1048576K

Card table byte_map: [0x00000000121a0000,0x00000000124b0000] byte_map_base: 0x0000000011ca0000

Marking Bits: (ParMarkBitMap*) 0x0000000051669f30
 Begin Bits: [0x0000000012ab0000, 0x00000000142b0000)
 End Bits:   [0x00000000142b0000, 0x0000000015ab0000)

Polling page: 0x00000000012a0000

CodeCache: size=245760Kb used=28849Kb max_used=29420Kb free=216910Kb
 bounds [0x0000000002de0000, 0x0000000004ac0000, 0x0000000011de0000]
 total_blobs=9759 nmethods=8844 adapters=828
 compilation: enabled

Compilation events (10 events):
Event: 91.819 Thread 0x0000000016749000 10530       4       java.net.URLClassLoader$1::run (5 bytes)
Event: 91.819 Thread 0x000000001679c000 nmethod 10529 0x0000000004aa24d0 code [0x0000000004aa2720, 0x0000000004aa3438]
Event: 92.053 Thread 0x000000001679c000 10533       3       com.google.protobuf.GeneratedMessageV3$Builder::<init> (17 bytes)
Event: 92.053 Thread 0x000000001679c000 nmethod 10533 0x0000000003a4c590 code [0x0000000003a4c700, 0x0000000003a4c9f0]
Event: 92.054 Thread 0x000000001679c000 10534       3       com.google.protobuf.AbstractMessage$Builder::<init> (5 bytes)
Event: 92.055 Thread 0x000000001679c000 nmethod 10534 0x0000000003b2b8d0 code [0x0000000003b2ba40, 0x0000000003b2bc50]
Event: 92.056 Thread 0x000000001679c000 10535       3       com.google.protobuf.GeneratedMessageV3::<init> (13 bytes)
Event: 92.056 Thread 0x000000001679c000 nmethod 10535 0x0000000003fed010 code [0x0000000003fed180, 0x0000000003fed4b0]
Event: 92.058 Thread 0x000000001679c000 10536       3       com.google.protobuf.GeneratedMessageV3$Builder::onBuilt (12 bytes)
Event: 92.058 Thread 0x000000001679c000 nmethod 10536 0x0000000004096150 code [0x00000000040962c0, 0x0000000004096530]

GC Heap History (10 events):
Event: 31.059 GC heap before
{Heap before GC invocations=16 (full 2):
 PSYoungGen      total 128000K, used 127991K [0x00000000e0000000, 0x00000000eaa80000, 0x0000000100000000)
  eden space 119296K, 100% used [0x00000000e0000000,0x00000000e7480000,0x00000000e7480000)
  from space 8704K, 99% used [0x00000000e7480000,0x00000000e7cfdf60,0x00000000e7d00000)
  to   space 12288K, 0% used [0x00000000e9e80000,0x00000000e9e80000,0x00000000eaa80000)
 ParOldGen       total 51712K, used 23816K [0x00000000a0000000, 0x00000000a3280000, 0x00000000e0000000)
  object space 51712K, 46% used [0x00000000a0000000,0x00000000a17423e8,0x00000000a3280000)
 Metaspace       used 55860K, capacity 57616K, committed 57856K, reserved 1099776K
  class space    used 7697K, capacity 8115K, committed 8192K, reserved 1048576K
Event: 31.091 GC heap after
Heap after GC invocations=16 (full 2):
 PSYoungGen      total 157696K, used 12287K [0x00000000e0000000, 0x00000000eb400000, 0x0000000100000000)
  eden space 145408K, 0% used [0x00000000e0000000,0x00000000e0000000,0x00000000e8e00000)
  from space 12288K, 99% used [0x00000000e9e80000,0x00000000eaa7fc20,0x00000000eaa80000)
  to   space 16896K, 0% used [0x00000000e8e00000,0x00000000e8e00000,0x00000000e9e80000)
 ParOldGen       total 51712K, used 32022K [0x00000000a0000000, 0x00000000a3280000, 0x00000000e0000000)
  object space 51712K, 61% used [0x00000000a0000000,0x00000000a1f45b30,0x00000000a3280000)
 Metaspace       used 55860K, capacity 57616K, committed 57856K, reserved 1099776K
  class space    used 7697K, capacity 8115K, committed 8192K, reserved 1048576K
}
Event: 31.792 GC heap before
{Heap before GC invocations=17 (full 2):
 PSYoungGen      total 157696K, used 43852K [0x00000000e0000000, 0x00000000eb400000, 0x0000000100000000)
  eden space 145408K, 21% used [0x00000000e0000000,0x00000000e1ed3760,0x00000000e8e00000)
  from space 12288K, 99% used [0x00000000e9e80000,0x00000000eaa7fc20,0x00000000eaa80000)
  to   space 16896K, 0% used [0x00000000e8e00000,0x00000000e8e00000,0x00000000e9e80000)
 ParOldGen       total 51712K, used 32022K [0x00000000a0000000, 0x00000000a3280000, 0x00000000e0000000)
  object space 51712K, 61% used [0x00000000a0000000,0x00000000a1f45b30,0x00000000a3280000)
 Metaspace       used 57159K, capacity 59036K, committed 59096K, reserved 1099776K
  class space    used 7885K, capacity 8320K, committed 8320K, reserved 1048576K
Event: 31.814 GC heap after
Heap after GC invocations=17 (full 2):
 PSYoungGen      total 162304K, used 4770K [0x00000000e0000000, 0x00000000edd00000, 0x0000000100000000)
  eden space 145408K, 0% used [0x00000000e0000000,0x00000000e0000000,0x00000000e8e00000)
  from space 16896K, 28% used [0x00000000e8e00000,0x00000000e92a8a28,0x00000000e9e80000)
  to   space 16384K, 0% used [0x00000000ecd00000,0x00000000ecd00000,0x00000000edd00000)
 ParOldGen       total 51712K, used 38089K [0x00000000a0000000, 0x00000000a3280000, 0x00000000e0000000)
  object space 51712K, 73% used [0x00000000a0000000,0x00000000a2532580,0x00000000a3280000)
 Metaspace       used 57159K, capacity 59036K, committed 59096K, reserved 1099776K
  class space    used 7885K, capacity 8320K, committed 8320K, reserved 1048576K
}
Event: 31.814 GC heap before
{Heap before GC invocations=18 (full 3):
 PSYoungGen      total 162304K, used 4770K [0x00000000e0000000, 0x00000000edd00000, 0x0000000100000000)
  eden space 145408K, 0% used [0x00000000e0000000,0x00000000e0000000,0x00000000e8e00000)
  from space 16896K, 28% used [0x00000000e8e00000,0x00000000e92a8a28,0x00000000e9e80000)
  to   space 16384K, 0% used [0x00000000ecd00000,0x00000000ecd00000,0x00000000edd00000)
 ParOldGen       total 51712K, used 38089K [0x00000000a0000000, 0x00000000a3280000, 0x00000000e0000000)
  object space 51712K, 73% used [0x00000000a0000000,0x00000000a2532580,0x00000000a3280000)
 Metaspace       used 57159K, capacity 59036K, committed 59096K, reserved 1099776K
  class space    used 7885K, capacity 8320K, committed 8320K, reserved 1048576K
Event: 32.127 GC heap after
Heap after GC invocations=18 (full 3):
 PSYoungGen      total 162304K, used 0K [0x00000000e0000000, 0x00000000edd00000, 0x0000000100000000)
  eden space 145408K, 0% used [0x00000000e0000000,0x00000000e0000000,0x00000000e8e00000)
  from space 16896K, 0% used [0x00000000e8e00000,0x00000000e8e00000,0x00000000e9e80000)
  to   space 16384K, 0% used [0x00000000ecd00000,0x00000000ecd00000,0x00000000edd00000)
 ParOldGen       total 83456K, used 33192K [0x00000000a0000000, 0x00000000a5180000, 0x00000000e0000000)
  object space 83456K, 39% used [0x00000000a0000000,0x00000000a206a2f8,0x00000000a5180000)
 Metaspace       used 57132K, capacity 58960K, committed 59096K, reserved 1099776K
  class space    used 7877K, capacity 8306K, committed 8320K, reserved 1048576K
}
Event: 36.190 GC heap before
{Heap before GC invocations=19 (full 3):
 PSYoungGen      total 162304K, used 145408K [0x00000000e0000000, 0x00000000edd00000, 0x0000000100000000)
  eden space 145408K, 100% used [0x00000000e0000000,0x00000000e8e00000,0x00000000e8e00000)
  from space 16896K, 0% used [0x00000000e8e00000,0x00000000e8e00000,0x00000000e9e80000)
  to   space 16384K, 0% used [0x00000000ecd00000,0x00000000ecd00000,0x00000000edd00000)
 ParOldGen       total 83456K, used 33192K [0x00000000a0000000, 0x00000000a5180000, 0x00000000e0000000)
  object space 83456K, 39% used [0x00000000a0000000,0x00000000a206a2f8,0x00000000a5180000)
 Metaspace       used 59861K, capacity 62004K, committed 62208K, reserved 1103872K
  class space    used 8223K, capacity 8688K, committed 8704K, reserved 1048576K
Event: 36.212 GC heap after
Heap after GC invocations=19 (full 3):
 PSYoungGen      total 193536K, used 12266K [0x00000000e0000000, 0x00000000ed900000, 0x0000000100000000)
  eden space 181248K, 0% used [0x00000000e0000000,0x00000000e0000000,0x00000000eb100000)
  from space 12288K, 99% used [0x00000000ecd00000,0x00000000ed8fa9b8,0x00000000ed900000)
  to   space 17408K, 0% used [0x00000000eb700000,0x00000000eb700000,0x00000000ec800000)
 ParOldGen       total 83456K, used 33200K [0x00000000a0000000, 0x00000000a5180000, 0x00000000e0000000)
  object space 83456K, 39% used [0x00000000a0000000,0x00000000a206c2f8,0x00000000a5180000)
 Metaspace       used 59861K, capacity 62004K, committed 62208K, reserved 1103872K
  class space    used 8223K, capacity 8688K, committed 8704K, reserved 1048576K
}
Event: 42.486 GC heap before
{Heap before GC invocations=20 (full 3):
 PSYoungGen      total 193536K, used 193514K [0x00000000e0000000, 0x00000000ed900000, 0x0000000100000000)
  eden space 181248K, 100% used [0x00000000e0000000,0x00000000eb100000,0x00000000eb100000)
  from space 12288K, 99% used [0x00000000ecd00000,0x00000000ed8fa9b8,0x00000000ed900000)
  to   space 17408K, 0% used [0x00000000eb700000,0x00000000eb700000,0x00000000ec800000)
 ParOldGen       total 83456K, used 33200K [0x00000000a0000000, 0x00000000a5180000, 0x00000000e0000000)
  object space 83456K, 39% used [0x00000000a0000000,0x00000000a206c2f8,0x00000000a5180000)
 Metaspace       used 63764K, capacity 66070K, committed 66304K, reserved 1105920K
  class space    used 8572K, capacity 9121K, committed 9216K, reserved 1048576K
Event: 42.532 GC heap after
Heap after GC invocations=20 (full 3):
 PSYoungGen      total 204800K, used 17399K [0x00000000e0000000, 0x00000000efd80000, 0x0000000100000000)
  eden space 187392K, 0% used [0x00000000e0000000,0x00000000e0000000,0x00000000eb700000)
  from space 17408K, 99% used [0x00000000eb700000,0x00000000ec7fdee0,0x00000000ec800000)
  to   space 25088K, 0% used [0x00000000ee500000,0x00000000ee500000,0x00000000efd80000)
 ParOldGen       total 83456K, used 46652K [0x00000000a0000000, 0x00000000a5180000, 0x00000000e0000000)
  object space 83456K, 55% used [0x00000000a0000000,0x00000000a2d8f220,0x00000000a5180000)
 Metaspace       used 63764K, capacity 66070K, committed 66304K, reserved 1105920K
  class space    used 8572K, capacity 9121K, committed 9216K, reserved 1048576K
}

Deoptimization events (10 events):
Event: 90.004 Thread 0x000000001f9da000 Uncommon trap: reason=unstable_if action=reinterpret pc=0x00000000037d20f8 method=sun.nio.fs.WindowsPathParser.isSlash(C)Z @ 9
Event: 90.394 Thread 0x000000001f9da000 Uncommon trap: reason=class_check action=maybe_recompile pc=0x00000000048f10c8 method=com.google.gson.stream.JsonWriter.beforeValue()V @ 111
Event: 90.396 Thread 0x000000001f9da000 Uncommon trap: reason=class_check action=maybe_recompile pc=0x00000000048df7e8 method=com.google.gson.stream.JsonWriter.beforeName()V @ 16
Event: 90.396 Thread 0x000000001f9da000 Uncommon trap: reason=class_check action=maybe_recompile pc=0x00000000048df7e8 method=com.google.gson.stream.JsonWriter.beforeName()V @ 16
Event: 90.396 Thread 0x000000001f9da000 Uncommon trap: reason=class_check action=maybe_recompile pc=0x00000000048f9f58 method=com.google.gson.stream.JsonWriter.beforeName()V @ 16
Event: 90.880 Thread 0x000000001f9db800 Uncommon trap: reason=unstable_if action=reinterpret pc=0x00000000041c2578 method=com.esotericsoftware.kryo.io.Output.writeString(Ljava/lang/CharSequence;)V @ 50
Event: 90.880 Thread 0x000000001f9db800 Uncommon trap: reason=unstable_if action=reinterpret pc=0x00000000037e5e98 method=com.esotericsoftware.kryo.io.Output.writeString(Ljava/lang/CharSequence;)V @ 50
Event: 91.719 Thread 0x0000000019146000 Uncommon trap: reason=array_check action=maybe_recompile pc=0x0000000004aa024c method=java.util.TimSort.binarySort([Ljava/lang/Object;IIILjava/util/Comparator;)V @ 193
Event: 91.823 Thread 0x0000000019146000 Uncommon trap: reason=array_check action=maybe_recompile pc=0x0000000004aa024c method=java.util.TimSort.binarySort([Ljava/lang/Object;IIILjava/util/Comparator;)V @ 193
Event: 92.056 Thread 0x0000000019146000 Uncommon trap: reason=null_check action=make_not_entrant pc=0x0000000004a462d8 method=java.lang.Enum.valueOf(Ljava/lang/Class;Ljava/lang/String;)Ljava/lang/Enum; @ 10

Classes redefined (0 events):
No events

Internal exceptions (10 events):
Event: 45.343 Thread 0x000000001f9d9800 Implicit null exception at 0x0000000003a54968 to 0x0000000003a55375
Event: 45.479 Thread 0x000000001f9d9800 Implicit null exception at 0x00000000044eb871 to 0x00000000044e9cf1
Event: 46.364 Thread 0x000000001f9d9800 Implicit null exception at 0x0000000003ac6717 to 0x0000000003ac6ace
Event: 46.364 Thread 0x000000001f9d9800 Exception <a 'java/lang/NoSuchMethodError': <clinit>> (0x00000000e6806f80) thrown at [D:\src\AOSP-openjdk-cygwin\jdk8u\hotspot\src\share\vm\prims\jni.cpp, line 1614]
Event: 46.365 Thread 0x000000001f9d9800 Exception <a 'java/lang/NoSuchMethodError': <clinit>> (0x00000000e6822400) thrown at [D:\src\AOSP-openjdk-cygwin\jdk8u\hotspot\src\share\vm\prims\jni.cpp, line 1614]
Event: 46.365 Thread 0x000000001f9d9800 Exception <a 'java/lang/NoSuchMethodError': <clinit>> (0x00000000e68272e8) thrown at [D:\src\AOSP-openjdk-cygwin\jdk8u\hotspot\src\share\vm\prims\jni.cpp, line 1614]
Event: 46.366 Thread 0x000000001f9d9800 Exception <a 'java/lang/NoSuchMethodError': <clinit>> (0x00000000e6838220) thrown at [D:\src\AOSP-openjdk-cygwin\jdk8u\hotspot\src\share\vm\prims\jni.cpp, line 1614]
Event: 89.041 Thread 0x000000001f9da000 Implicit null exception at 0x0000000003078656 to 0x00000000030789f1
Event: 89.042 Thread 0x000000001f9da000 Implicit null exception at 0x0000000003010596 to 0x0000000003010929
Event: 92.002 Thread 0x0000000019146000 Exception <a 'sun/nio/fs/WindowsException'> (0x00000000ea7b8b18) thrown at [D:\src\AOSP-openjdk-cygwin\jdk8u\hotspot\src\share\vm\prims\jni.cpp, line 710]

Events (10 events):
Event: 92.058 Thread 0x000000001679c000 flushing nmethod 0x00000000043c4ed0
Event: 92.058 Thread 0x000000001679c000 flushing nmethod 0x00000000043e9a10
Event: 92.058 Thread 0x000000001679c000 flushing nmethod 0x00000000043ee610
Event: 92.059 Thread 0x000000001679c000 flushing nmethod 0x00000000044b4ed0
Event: 92.059 Thread 0x000000001679c000 flushing nmethod 0x00000000044c5ad0
Event: 92.059 Thread 0x000000001679c000 flushing nmethod 0x00000000044c6310
Event: 92.059 Thread 0x000000001679c000 flushing nmethod 0x00000000044def50
Event: 92.059 Thread 0x000000001679c000 flushing nmethod 0x00000000044e7f90
Event: 92.059 Thread 0x000000001679c000 flushing nmethod 0x0000000004501c90
Event: 92.059 Thread 0x000000001679c000 flushing nmethod 0x000000000450dd10


Dynamic libraries:
0x00007ff68d790000 - 0x00007ff68d7c1000 	C:\Program Files\Android\Android Studio\jre\bin\java.exe
0x00007ffca61a0000 - 0x00007ffca6390000 	C:\WINDOWS\SYSTEM32\ntdll.dll
0x00007ffc79020000 - 0x00007ffc79032000 	C:\Program Files\AVG\Antivirus\aswhook.dll
0x00007ffca4300000 - 0x00007ffca43b2000 	C:\WINDOWS\System32\KERNEL32.DLL
0x00007ffca3db0000 - 0x00007ffca4055000 	C:\WINDOWS\System32\KERNELBASE.dll
0x00007ffca4d90000 - 0x00007ffca4e33000 	C:\WINDOWS\System32\ADVAPI32.dll
0x00007ffca5360000 - 0x00007ffca53fe000 	C:\WINDOWS\System32\msvcrt.dll
0x00007ffca5470000 - 0x00007ffca5507000 	C:\WINDOWS\System32\sechost.dll
0x00007ffca4b00000 - 0x00007ffca4c20000 	C:\WINDOWS\System32\RPCRT4.dll
0x00007ffca5540000 - 0x00007ffca56d4000 	C:\WINDOWS\System32\USER32.dll
0x00007ffca38b0000 - 0x00007ffca38d1000 	C:\WINDOWS\System32\win32u.dll
0x00007ffca5260000 - 0x00007ffca5286000 	C:\WINDOWS\System32\GDI32.dll
0x00007ffca3a10000 - 0x00007ffca3ba6000 	C:\WINDOWS\System32\gdi32full.dll
0x00007ffca41b0000 - 0x00007ffca424e000 	C:\WINDOWS\System32\msvcp_win.dll
0x00007ffca3cb0000 - 0x00007ffca3daa000 	C:\WINDOWS\System32\ucrtbase.dll
0x00007ffc8dea0000 - 0x00007ffc8e124000 	C:\WINDOWS\WinSxS\amd64_microsoft.windows.common-controls_6595b64144ccf1df_6.0.18362.1139_none_9e7bf2d3e4605ac6\COMCTL32.dll
0x00007ffca4e50000 - 0x00007ffca5185000 	C:\WINDOWS\System32\combase.dll
0x00007ffca38e0000 - 0x00007ffca3960000 	C:\WINDOWS\System32\bcryptPrimitives.dll
0x00007ffca5510000 - 0x00007ffca553e000 	C:\WINDOWS\System32\IMM32.DLL
0x0000000050ce0000 - 0x0000000050db2000 	C:\Program Files\Android\Android Studio\jre\jre\bin\msvcr100.dll
0x0000000050ea0000 - 0x00000000516e6000 	C:\Program Files\Android\Android Studio\jre\jre\bin\server\jvm.dll
0x00007ffca5900000 - 0x00007ffca5908000 	C:\WINDOWS\System32\PSAPI.DLL
0x00007ffc95b70000 - 0x00007ffc95b79000 	C:\WINDOWS\SYSTEM32\WSOCK32.dll
0x00007ffca5190000 - 0x00007ffca51ff000 	C:\WINDOWS\System32\WS2_32.dll
0x00007ffca1050000 - 0x00007ffca1074000 	C:\WINDOWS\SYSTEM32\WINMM.dll
0x00007ffc99ca0000 - 0x00007ffc99caa000 	C:\WINDOWS\SYSTEM32\VERSION.dll
0x00007ffca1020000 - 0x00007ffca104d000 	C:\WINDOWS\SYSTEM32\WINMMBASE.dll
0x00007ffca39c0000 - 0x00007ffca3a0a000 	C:\WINDOWS\System32\cfgmgr32.dll
0x00007ffc96280000 - 0x00007ffc9628f000 	C:\Program Files\Android\Android Studio\jre\jre\bin\verify.dll
0x00007ffc7b390000 - 0x00007ffc7b3b9000 	C:\Program Files\Android\Android Studio\jre\jre\bin\java.dll
0x00007ffc958c0000 - 0x00007ffc958d6000 	C:\Program Files\Android\Android Studio\jre\jre\bin\zip.dll
0x00007ffca5910000 - 0x00007ffca5ff7000 	C:\WINDOWS\System32\SHELL32.dll
0x00007ffca4250000 - 0x00007ffca42f9000 	C:\WINDOWS\System32\shcore.dll
0x00007ffca3130000 - 0x00007ffca38b0000 	C:\WINDOWS\System32\windows.storage.dll
0x00007ffca30e0000 - 0x00007ffca3103000 	C:\WINDOWS\System32\profapi.dll
0x00007ffca3070000 - 0x00007ffca30ba000 	C:\WINDOWS\System32\powrprof.dll
0x00007ffca3060000 - 0x00007ffca3070000 	C:\WINDOWS\System32\UMPDC.dll
0x00007ffca4d30000 - 0x00007ffca4d82000 	C:\WINDOWS\System32\shlwapi.dll
0x00007ffca30c0000 - 0x00007ffca30d1000 	C:\WINDOWS\System32\kernel.appcore.dll
0x00007ffca3c60000 - 0x00007ffca3c77000 	C:\WINDOWS\System32\cryptsp.dll
0x00007ffc817d0000 - 0x00007ffc817ea000 	C:\Program Files\Android\Android Studio\jre\jre\bin\net.dll
0x00007ffc95f90000 - 0x00007ffc96166000 	C:\WINDOWS\SYSTEM32\urlmon.dll
0x00007ffc96290000 - 0x00007ffc96537000 	C:\WINDOWS\SYSTEM32\iertutil.dll
0x00007ffca2a80000 - 0x00007ffca2a8c000 	C:\WINDOWS\SYSTEM32\CRYPTBASE.DLL
0x00007ffca28b0000 - 0x00007ffca2917000 	C:\WINDOWS\system32\mswsock.dll
0x00007ffc7b370000 - 0x00007ffc7b383000 	C:\Program Files\Android\Android Studio\jre\jre\bin\nio.dll
0x00007ffc73a80000 - 0x00007ffc73aa6000 	C:\Users\basker\.gradle\native\30\windows-amd64\native-platform.dll
0x00007ffc96270000 - 0x00007ffc9627d000 	C:\Program Files\Android\Android Studio\jre\jre\bin\management.dll
0x00007ffca23c0000 - 0x00007ffca23f3000 	C:\WINDOWS\system32\rsaenh.dll
0x00007ffca3c80000 - 0x00007ffca3ca6000 	C:\WINDOWS\System32\bcrypt.dll
0x00007ffca2f80000 - 0x00007ffca2fa5000 	C:\WINDOWS\SYSTEM32\USERENV.dll
0x00007ffca25c0000 - 0x00007ffca25fa000 	C:\WINDOWS\SYSTEM32\IPHLPAPI.DLL
0x00007ffca5820000 - 0x00007ffca5828000 	C:\WINDOWS\System32\NSI.dll
0x00007ffc99c10000 - 0x00007ffc99c26000 	C:\WINDOWS\SYSTEM32\dhcpcsvc6.DLL
0x00007ffc9a2d0000 - 0x00007ffc9a2ec000 	C:\WINDOWS\SYSTEM32\dhcpcsvc.DLL
0x00007ffca2610000 - 0x00007ffca26db000 	C:\WINDOWS\SYSTEM32\DNSAPI.dll
0x00007ffc712c0000 - 0x00007ffc7145c000 	C:\Program Files\Android\Android Studio\jre\jre\bin\awt.dll
0x00007ffca5290000 - 0x00007ffca5355000 	C:\WINDOWS\System32\OLEAUT32.dll
0x00007ffca18f0000 - 0x00007ffca191d000 	C:\WINDOWS\SYSTEM32\dwmapi.dll
0x00007ffc9fa30000 - 0x00007ffc9fff0000 	C:\WINDOWS\SYSTEM32\d2d1.dll
0x00007ffca1080000 - 0x00007ffca110f000 	C:\WINDOWS\SYSTEM32\apphelp.dll
0x00007ffca12f0000 - 0x00007ffca1389000 	C:\WINDOWS\system32\uxtheme.dll

VM Arguments:
jvm_args: -Xmx1536m -Dfile.encoding=windows-1252 -Duser.country=US -Duser.language=en -Duser.variant 
java_command: org.gradle.launcher.daemon.bootstrap.GradleDaemon 5.6.4
java_class_path (initial): C:\Users\basker\.gradle\wrapper\dists\gradle-5.6.4-all\ankdp27end7byghfw1q2sw75f\gradle-5.6.4\lib\gradle-launcher-5.6.4.jar
Launcher Type: SUN_STANDARD

Environment Variables:
PATH=C:\Program Files (x86)\Common Files\Oracle\Java\javapath;C:\Program Files (x86)\NVIDIA Corporation\PhysX\Common;C:\Program Files (x86)\Intel\iCLS Client\;C:\Program Files\Intel\iCLS Client\;C:\WINDOWS\system32;C:\WINDOWS;C:\WINDOWS\System32\Wbem;C:\WINDOWS\System32\WindowsPowerShell\v1.0\;C:\Program Files\Intel\Intel(R) Management Engine Components\DAL;C:\Program Files\Intel\Intel(R) Management Engine Components\IPT;C:\Program Files (x86)\Intel\Intel(R) Management Engine Components\DAL;C:\Program Files (x86)\Intel\Intel(R) Management Engine Components\IPT;C:\Program Files (x86)\Intel\OpenCL SDK\2.0\bin\x86;C:\Program Files (x86)\Intel\OpenCL SDK\2.0\bin\x64;C:\Program Files\Lenovo\Bluetooth Software\;C:\Program Files\Lenovo\Bluetooth Software\syswow64;C:\WINDOWS\System32\OpenSSH\;C:\Program Files\nodejs\;C:\Users\basker\AppData\Local\Android\Sdk\platforms;C:\Users\basker\AppData\Local\Android\Sdk\platform-tools;C:\Users\basker\.gradle\wrapper\dists\gradle-5.6.4-all\ankdp27end7byghfw1q2sw75f\gradle-5.6.4\bin;C:\Program Files\Git\cmd;C:\Program Files\MySQL\MySQL Shell 8.0\bin\;C:\Users\basker\AppData\Local\Microsoft\WindowsApps;C:\Users\basker\AppData\Roaming\npm;C:\Users\basker\AppData\Local\Programs\Microsoft VS Code\bin;C:\Users\basker\.gradle\wrapper\dists\gradle-5.6.4-all\ankdp27end7byghfw1q2sw75f\gradle-5.6.4\bin;
USERNAME=basker
OS=Windows_NT
PROCESSOR_IDENTIFIER=Intel64 Family 6 Model 58 Stepping 9, GenuineIntel



---------------  S Y S T E M  ---------------

OS: Windows 10.0 , 64 bit Build 18362 (10.0.18362.1110)

CPU:total 4 (initial active 4) (2 cores per cpu, 2 threads per core) family 6 model 58 stepping 9, cmov, cx8, fxsr, mmx, sse, sse2, sse3, ssse3, sse4.1, sse4.2, popcnt, avx, aes, clmul, erms, ht, tsc, tscinvbit, tscinv

Memory: 4k page, physical 4056852k(371916k free), swap 5481236k(4552k free)

vm_info: OpenJDK 64-Bit Server VM (25.212-b04) for windows-amd64 JRE (1.8.0_212-release-1586-b04), built by "builder" with MS VC++ 10.0 (VS2010)

time: Mon Oct 19 15:56:03 2020
timezone: India Standard Time
elapsed time: 92 seconds (0d 0h 1m 32s)

