#
# There is insufficient memory for the Java Runtime Environment to continue.
# Native memory allocation (malloc) failed to allocate 1048576 bytes for AllocateHeap
# Possible reasons:
#   The system is out of physical RAM or swap space
#   The process is running with CompressedOops enabled, and the Java Heap may be blocking the growth of the native heap
# Possible solutions:
#   Reduce memory load on the system
#   Increase physical memory or swap space
#   Check if swap backing store is full
#   Decrease Java heap size (-Xmx/-Xms)
#   Decrease number of Java threads
#   Decrease Java thread stack sizes (-Xss)
#   Set larger code cache with -XX:ReservedCodeCacheSize=
#   JVM is running with Unscaled Compressed Oops mode in which the Java heap is
#     placed in the first 4GB address space. The Java Heap base address is the
#     maximum limit for the native heap growth. Please use -XX:HeapBaseMinAddress
#     to set the Java Heap base and to place the Java Heap above 4GB virtual address.
# This output file may be truncated or incomplete.
#
#  Out of Memory Error (memory/allocation.inline.hpp:61), pid=9168, tid=0x00000000000029f8
#
# JRE version:  (8.0_212-b04) (build )
# Java VM: OpenJDK 64-Bit Server VM (25.212-b04 mixed mode windows-amd64 compressed oops)
# Failed to write core dump. Minidumps are not enabled by default on client versions of Windows
#

---------------  T H R E A D  ---------------

Current thread (0x00000000021fe800):  JavaThread "Unknown thread" [_thread_in_vm, id=10744, stack(0x0000000002200000,0x0000000002300000)]

Stack: [0x0000000002200000,0x0000000002300000]
[error occurred during error reporting (printing stack bounds), id 0xc0000005]

Native frames: (J=compiled Java code, j=interpreted, Vv=VM code, C=native code)


---------------  P R O C E S S  ---------------

Java Threads: ( => current thread )

Other Threads:

=>0x00000000021fe800 (exited) JavaThread "Unknown thread" [_thread_in_vm, id=10744, stack(0x0000000002200000,0x0000000002300000)]

VM state:not at safepoint (normal execution)

VM Mutex/Monitor currently owned by a thread: None

heap address: 0x00000000c2000000, size: 992 MB, Compressed Oops mode: 32-bit
Narrow klass base: 0x0000000000000000, Narrow klass shift: 3
Compressed class space size: 1073741824 Address: 0x0000000100000000

Heap:
 PSYoungGen      total 18432K, used 317K [0x00000000eb580000, 0x00000000eca00000, 0x0000000100000000)
  eden space 15872K, 2% used [0x00000000eb580000,0x00000000eb5cf5d0,0x00000000ec500000)
  from space 2560K, 0% used [0x00000000ec780000,0x00000000ec780000,0x00000000eca00000)
  to   space 2560K, 0% used [0x00000000ec500000,0x00000000ec500000,0x00000000ec780000)
 ParOldGen       total 42496K, used 0K [0x00000000c2000000, 0x00000000c4980000, 0x00000000eb580000)
  object space 42496K, 0% used [0x00000000c2000000,0x00000000c2000000,0x00000000c4980000)
 Metaspace       used 778K, capacity 4480K, committed 4480K, reserved 1056768K
  class space    used 74K, capacity 384K, committed 384K, reserved 1048576K

Card table byte_map: [0x00000000117f0000,0x00000000119f0000] byte_map_base: 0x00000000111e0000

Marking Bits: (ParMarkBitMap*) 0x0000000052669f30
 Begin Bits: [0x0000000011f40000, 0x0000000012ec0000)
 End Bits:   [0x0000000012ec0000, 0x0000000013e40000)

Polling page: 0x00000000003f0000

CodeCache: size=245760Kb used=328Kb max_used=328Kb free=245431Kb
 bounds [0x0000000002430000, 0x00000000026a0000, 0x0000000011430000]
 total_blobs=57 nmethods=0 adapters=38
 compilation: enabled

Compilation events (0 events):
No events

GC Heap History (0 events):
No events

Deoptimization events (0 events):
No events

Classes redefined (0 events):
No events

Internal exceptions (0 events):
No events

Events (10 events):
Event: 0.595 loading class java/lang/Short
Event: 0.595 loading class java/lang/Short done
Event: 0.595 loading class java/lang/Integer
Event: 0.596 loading class java/lang/Integer done
Event: 0.596 loading class java/lang/Long
Event: 0.596 loading class java/lang/Long done
Event: 0.597 loading class java/lang/NullPointerException
Event: 0.597 loading class java/lang/NullPointerException done
Event: 0.597 loading class java/lang/ArithmeticException
Event: 0.597 loading class java/lang/ArithmeticException done


Dynamic libraries:
0x00007ff607ee0000 - 0x00007ff607f11000 	C:\Program Files\Android\Android Studio\jre\jre\bin\java.exe
0x00007ff8be160000 - 0x00007ff8be350000 	C:\WINDOWS\SYSTEM32\ntdll.dll
0x00007ff8a9fa0000 - 0x00007ff8a9fb2000 	C:\Program Files\AVG\Antivirus\aswhook.dll
0x00007ff8bcde0000 - 0x00007ff8bce92000 	C:\WINDOWS\System32\KERNEL32.DLL
0x00007ff8bbf10000 - 0x00007ff8bc1b5000 	C:\WINDOWS\System32\KERNELBASE.dll
0x00007ff8bcf10000 - 0x00007ff8bcfb3000 	C:\WINDOWS\System32\ADVAPI32.dll
0x00007ff8bd040000 - 0x00007ff8bd0de000 	C:\WINDOWS\System32\msvcrt.dll
0x00007ff8bc4f0000 - 0x00007ff8bc587000 	C:\WINDOWS\System32\sechost.dll
0x00007ff8bd150000 - 0x00007ff8bd270000 	C:\WINDOWS\System32\RPCRT4.dll
0x00007ff8bd270000 - 0x00007ff8bd404000 	C:\WINDOWS\System32\USER32.dll
0x00007ff8bbc80000 - 0x00007ff8bbca1000 	C:\WINDOWS\System32\win32u.dll
0x00007ff8bc4c0000 - 0x00007ff8bc4e6000 	C:\WINDOWS\System32\GDI32.dll
0x00007ff8bb9c0000 - 0x00007ff8bbb56000 	C:\WINDOWS\System32\gdi32full.dll
0x00007ff8bbbe0000 - 0x00007ff8bbc7e000 	C:\WINDOWS\System32\msvcp_win.dll
0x00007ff8bbe10000 - 0x00007ff8bbf0a000 	C:\WINDOWS\System32\ucrtbase.dll
0x00007ff8a57a0000 - 0x00007ff8a5a24000 	C:\WINDOWS\WinSxS\amd64_microsoft.windows.common-controls_6595b64144ccf1df_6.0.18362.1198_none_9e820b57e45ad92f\COMCTL32.dll
0x00007ff8bdcb0000 - 0x00007ff8bdfe5000 	C:\WINDOWS\System32\combase.dll
0x00007ff8bbb60000 - 0x00007ff8bbbe0000 	C:\WINDOWS\System32\bcryptPrimitives.dll
0x00007ff8bcda0000 - 0x00007ff8bcdce000 	C:\WINDOWS\System32\IMM32.DLL
0x0000000052720000 - 0x00000000527f2000 	C:\Program Files\Android\Android Studio\jre\jre\bin\msvcr100.dll
0x0000000051ea0000 - 0x00000000526e6000 	C:\Program Files\Android\Android Studio\jre\jre\bin\server\jvm.dll
0x00007ff8bc270000 - 0x00007ff8bc278000 	C:\WINDOWS\System32\PSAPI.DLL
0x00007ff8aae60000 - 0x00007ff8aae69000 	C:\WINDOWS\SYSTEM32\WSOCK32.dll
0x00007ff8bcea0000 - 0x00007ff8bcf0f000 	C:\WINDOWS\System32\WS2_32.dll
0x00007ff8b8c20000 - 0x00007ff8b8c44000 	C:\WINDOWS\SYSTEM32\WINMM.dll
0x00007ff8b1c80000 - 0x00007ff8b1c8a000 	C:\WINDOWS\SYSTEM32\VERSION.dll
0x00007ff8b8bf0000 - 0x00007ff8b8c1d000 	C:\WINDOWS\SYSTEM32\WINMMBASE.dll
0x00007ff8bbd10000 - 0x00007ff8bbd5a000 	C:\WINDOWS\System32\cfgmgr32.dll
0x00007ff8ade30000 - 0x00007ff8ade3f000 	C:\Program Files\Android\Android Studio\jre\jre\bin\verify.dll
0x00007ff8a9f70000 - 0x00007ff8a9f99000 	C:\Program Files\Android\Android Studio\jre\jre\bin\java.dll
0x00007ff8ac740000 - 0x00007ff8ac756000 	C:\Program Files\Android\Android Studio\jre\jre\bin\zip.dll

VM Arguments:
java_command: org.jetbrains.git4idea.http.GitAskPassApp Username for 'https://github.com': 
java_class_path (initial): C:/Program Files/Android/Android Studio/plugins/git4idea/lib/git4idea-rt.jar;C:/Program Files/Android/Android Studio/lib/xmlrpc-2.0.1.jar;C:/Program Files/Android/Android Studio/lib/commons-codec-1.13.jar;C:/Program Files/Android/Android Studio/lib/util.jar
Launcher Type: SUN_STANDARD

Environment Variables:
PATH=C:\Program Files\Git\mingw64\libexec\git-core;C:\Program Files\Git\mingw64\libexec\git-core;C:\Program Files\Git\mingw64\bin;C:\Program Files\Git\usr\bin;C:\Users\basker\bin;C:\Program Files (x86)\Common Files\Oracle\Java\javapath;C:\Program Files (x86)\NVIDIA Corporation\PhysX\Common;C:\Program Files (x86)\Intel\iCLS Client;C:\Program Files\Intel\iCLS Client;C:\WINDOWS\system32;C:\WINDOWS;C:\WINDOWS\System32\Wbem;C:\WINDOWS\System32\WindowsPowerShell\v1.0;C:\Program Files\Intel\Intel(R) Management Engine Components\DAL;C:\Program Files\Intel\Intel(R) Management Engine Components\IPT;C:\Program Files (x86)\Intel\Intel(R) Management Engine Components\DAL;C:\Program Files (x86)\Intel\Intel(R) Management Engine Components\IPT;C:\Program Files (x86)\Intel\OpenCL SDK\2.0\bin\x86;C:\Program Files (x86)\Intel\OpenCL SDK\2.0\bin\x64;C:\Program Files\Lenovo\Bluetooth Software;C:\Program Files\Lenovo\Bluetooth Software\syswow64;C:\WINDOWS\System32\OpenSSH;C:\Program Files\nodejs;C:\Users\basker\AppData\Local\Android\Sdk\platforms;C:\Users\basker\AppData\Local\Android\Sdk\platform-tools;C:\Users\basker\.gradle\wrapper\dists\gradle-5.6.4-all\ankdp27end7byghfw1q2sw75f\gradle-5.6.4\bin;C:\Program Files\Git\cmd;C:\Program Files\MySQL\MySQL Shell 8.0\bin;C:\Users\basker\AppData\Local\Microsoft\WindowsApps;C:\Users\basker\AppData\Roaming\npm;C:\Users\basker\AppData\Local\Programs\Microsoft VS Code\bin;C:\Users\basker\.gradle\wrapper\dists\gradle-5.6.4-all\ankdp27end7byghfw1q2sw75f\gradle-5.6.4\bin
USERNAME=basker
DISPLAY=:0.0
OS=Windows_NT
PROCESSOR_IDENTIFIER=Intel64 Family 6 Model 58 Stepping 9, GenuineIntel



---------------  S Y S T E M  ---------------

OS: Windows 10.0 , 64 bit Build 18362 (10.0.18362.1110)

CPU:total 4 (initial active 4) (2 cores per cpu, 2 threads per core) family 6 model 58 stepping 9, cmov, cx8, fxsr, mmx, sse, sse2, sse3, ssse3, sse4.1, sse4.2, popcnt, avx, aes, clmul, erms, ht, tsc, tscinvbit, tscinv

Memory: 4k page, physical 4056852k(356520k free), swap 5481236k(5340k free)

vm_info: OpenJDK 64-Bit Server VM (25.212-b04) for windows-amd64 JRE (1.8.0_212-release-1586-b04), built by "builder" with MS VC++ 10.0 (VS2010)

time: Wed Dec 02 12:10:27 2020
timezone: India Standard Time
elapsed time: 0 seconds (0d 0h 0m 0s)

