#
# There is insufficient memory for the Java Runtime Environment to continue.
# Native memory allocation (malloc) failed to allocate 1142656 bytes for Chunk::new
# Possible reasons:
#   The system is out of physical RAM or swap space
#   The process is running with CompressedOops enabled, and the Java Heap may be blocking the growth of the native heap
# Possible solutions:
#   Reduce memory load on the system
#   Increase physical memory or swap space
#   Check if swap backing store is full
#   Decrease Java heap size (-Xmx/-Xms)
#   Decrease number of Java threads
#   Decrease Java thread stack sizes (-Xss)
#   Set larger code cache with -XX:ReservedCodeCacheSize=
#   JVM is running with Unscaled Compressed Oops mode in which the Java heap is
#     placed in the first 4GB address space. The Java Heap base address is the
#     maximum limit for the native heap growth. Please use -XX:HeapBaseMinAddress
#     to set the Java Heap base and to place the Java Heap above 4GB virtual address.
# This output file may be truncated or incomplete.
#
#  Out of Memory Error (allocation.cpp:389), pid=1448, tid=0x00000000000024e0
#
# JRE version: OpenJDK Runtime Environment (8.0_212-b04) (build 1.8.0_212-release-1586-b04)
# Java VM: OpenJDK 64-Bit Server VM (25.212-b04 mixed mode windows-amd64 compressed oops)
# Failed to write core dump. Minidumps are not enabled by default on client versions of Windows
#

---------------  T H R E A D  ---------------

Current thread (0x0000000015f8d000):  JavaThread "C2 CompilerThread0" daemon [_thread_in_native, id=9440, stack(0x00000000175e0000,0x00000000176e0000)]

Stack: [0x00000000175e0000,0x00000000176e0000]
[error occurred during error reporting (printing stack bounds), id 0xc0000005]

Native frames: (J=compiled Java code, j=interpreted, Vv=VM code, C=native code)


Current CompileTask:
C2:  59472 9285       4       com.android.utils.XmlUtils::append (639 bytes)


---------------  P R O C E S S  ---------------

Java Threads: ( => current thread )
  0x000000001fc85800 JavaThread "Java2D Disposer" daemon [_thread_blocked, id=4976, stack(0x00000000242f0000,0x00000000243f0000)]
  0x000000001fc84000 JavaThread "WorkerExecutor Queue Thread 4" [_thread_blocked, id=11092, stack(0x00000000241f0000,0x00000000242f0000)]
  0x000000001fc89000 JavaThread "WorkerExecutor Queue Thread 3" [_thread_in_native, id=9312, stack(0x00000000240f0000,0x00000000241f0000)]
  0x000000001fc87000 JavaThread "WorkerExecutor Queue Thread 2" [_thread_blocked, id=4724, stack(0x0000000023ff0000,0x00000000240f0000)]
  0x000000001939d000 JavaThread "WorkerExecutor Queue" [_thread_blocked, id=11900, stack(0x0000000023cf0000,0x0000000023df0000)]
  0x000000001939f800 JavaThread "Cache worker for execution history cache (C:\Users\basker\Desktop\supermarket\.gradle\5.6.4\executionHistory)" [_thread_blocked, id=1192, stack(0x00000000229a0000,0x0000000022aa0000)]
  0x000000001939b000 JavaThread "Execution worker for ':' Thread 3" [_thread_blocked, id=10816, stack(0x00000000228a0000,0x00000000229a0000)]
  0x00000000193a0000 JavaThread "Execution worker for ':' Thread 2" [_thread_blocked, id=6976, stack(0x00000000227a0000,0x00000000228a0000)]
  0x000000001939e800 JavaThread "Execution worker for ':'" [_thread_blocked, id=9808, stack(0x00000000226a0000,0x00000000227a0000)]
  0x00000000193a1800 JavaThread "Cache worker for file content cache (C:\Users\basker\Desktop\supermarket\.gradle\5.6.4\fileContent)" [_thread_blocked, id=11788, stack(0x0000000020a60000,0x0000000020b60000)]
  0x000000001939e000 JavaThread "Cache worker for file content cache (C:\Users\basker\.gradle\caches\5.6.4\fileContent)" [_thread_blocked, id=8688, stack(0x0000000020960000,0x0000000020a60000)]
  0x0000000019393000 JavaThread "Memory manager" [_thread_blocked, id=2336, stack(0x00000000205a0000,0x00000000206a0000)]
  0x0000000019398800 JavaThread "Cache worker for Build Output Cleanup Cache (C:\Users\basker\Desktop\supermarket\.gradle\buildOutputCleanup)" [_thread_blocked, id=10720, stack(0x000000001ecd0000,0x000000001edd0000)]
  0x000000001939a000 JavaThread "Build operations Thread 4" [_thread_blocked, id=3240, stack(0x000000001e5d0000,0x000000001e6d0000)]
  0x0000000019399800 JavaThread "Build operations Thread 3" [_thread_blocked, id=892, stack(0x000000001e4d0000,0x000000001e5d0000)]
  0x0000000019394800 JavaThread "Build operations Thread 2" [_thread_blocked, id=10312, stack(0x000000001e3d0000,0x000000001e4d0000)]
  0x0000000019394000 JavaThread "Build operations" [_thread_blocked, id=9140, stack(0x000000001e2d0000,0x000000001e3d0000)]
  0x0000000019397000 JavaThread "Cache worker for execution history cache (C:\Users\basker\.gradle\caches\5.6.4\executionHistory)" [_thread_blocked, id=9516, stack(0x000000001dfd0000,0x000000001e0d0000)]
  0x0000000018e7b000 JavaThread "Cache worker for cache directory md-rule (C:\Users\basker\.gradle\caches\5.6.4\md-rule)" [_thread_blocked, id=9772, stack(0x000000001ded0000,0x000000001dfd0000)]
  0x0000000018e7d000 JavaThread "Cache worker for cache directory md-supplier (C:\Users\basker\.gradle\caches\5.6.4\md-supplier)" [_thread_blocked, id=3624, stack(0x000000001ddd0000,0x000000001ded0000)]
  0x0000000018e81000 JavaThread "Cache worker for file hash cache (C:\Users\basker\Desktop\supermarket\.gradle\5.6.4\fileHashes)" [_thread_blocked, id=2192, stack(0x000000001d0d0000,0x000000001d1d0000)]
  0x0000000018e80000 JavaThread "Cache worker for journal cache (C:\Users\basker\.gradle\caches\journal-1)" [_thread_blocked, id=5088, stack(0x000000001bd00000,0x000000001be00000)]
  0x0000000018e7f800 JavaThread "File lock request listener" [_thread_in_native, id=2284, stack(0x000000001bc00000,0x000000001bd00000)]
  0x0000000018e7e800 JavaThread "Cache worker for file hash cache (C:\Users\basker\.gradle\caches\5.6.4\fileHashes)" [_thread_blocked, id=10520, stack(0x000000001bb00000,0x000000001bc00000)]
  0x00000000183a7800 JavaThread "Thread-9" [_thread_blocked, id=11928, stack(0x000000001b800000,0x000000001b900000)]
  0x0000000018a6b000 JavaThread "Stdin handler" [_thread_blocked, id=3840, stack(0x000000001b700000,0x000000001b800000)]
  0x0000000018a6a800 JavaThread "Asynchronous log dispatcher for DefaultDaemonConnection: socket connection from /127.0.0.1:55862 to /127.0.0.1:55863" [_thread_blocked, id=1156, stack(0x000000001b600000,0x000000001b700000)]
  0x0000000018727800 JavaThread "Daemon worker" [_thread_in_native, id=11252, stack(0x000000001b500000,0x000000001b600000)]
  0x00000000185a5000 JavaThread "Cancel handler" [_thread_blocked, id=6024, stack(0x000000001b400000,0x000000001b500000)]
  0x0000000019849800 JavaThread "Handler for socket connection from /127.0.0.1:55862 to /127.0.0.1:55863" [_thread_in_native, id=11148, stack(0x000000001b100000,0x000000001b200000)]
  0x0000000019840800 JavaThread "Daemon" [_thread_blocked, id=10384, stack(0x000000001b000000,0x000000001b100000)]
  0x0000000019831800 JavaThread "Daemon periodic checks" [_thread_blocked, id=3420, stack(0x000000001af00000,0x000000001b000000)]
  0x00000000197d9800 JavaThread "Incoming local TCP Connector on port 55862" [_thread_in_native, id=8772, stack(0x000000001acc0000,0x000000001adc0000)]
  0x00000000196c8800 JavaThread "Daemon health stats" [_thread_blocked, id=9568, stack(0x000000001a680000,0x000000001a780000)]
  0x0000000017908800 JavaThread "Service Thread" daemon [_thread_blocked, id=2748, stack(0x0000000017ce0000,0x0000000017de0000)]
  0x0000000015f9b000 JavaThread "C1 CompilerThread2" daemon [_thread_blocked, id=7520, stack(0x00000000177e0000,0x00000000178e0000)]
  0x0000000015f90000 JavaThread "C2 CompilerThread1" daemon [_thread_blocked, id=2892, stack(0x00000000176e0000,0x00000000177e0000)]
=>0x0000000015f8d000 JavaThread "C2 CompilerThread0" daemon [_thread_in_native, id=9440, stack(0x00000000175e0000,0x00000000176e0000)]
  0x0000000015f97800 JavaThread "Attach Listener" daemon [_thread_blocked, id=9400, stack(0x00000000174e0000,0x00000000175e0000)]
  0x0000000015f96800 JavaThread "Signal Dispatcher" daemon [_thread_blocked, id=10104, stack(0x00000000173e0000,0x00000000174e0000)]
  0x000000000261b800 JavaThread "Finalizer" daemon [_thread_blocked, id=3056, stack(0x00000000171e0000,0x00000000172e0000)]
  0x0000000015f79000 JavaThread "Reference Handler" daemon [_thread_blocked, id=9420, stack(0x00000000170e0000,0x00000000171e0000)]
  0x000000000251e000 JavaThread "main" [_thread_blocked, id=1992, stack(0x0000000002400000,0x0000000002500000)]

Other Threads:
  0x0000000015f57000 VMThread [stack: 0x0000000016fe0000,0x00000000170e0000] [id=3648]
  0x0000000017909000 WatcherThread [stack: 0x0000000017de0000,0x0000000017ee0000] [id=9924]

VM state:not at safepoint (normal execution)

VM Mutex/Monitor currently owned by a thread: None

heap address: 0x00000000a0000000, size: 1536 MB, Compressed Oops mode: 32-bit
Narrow klass base: 0x0000000000000000, Narrow klass shift: 3
Compressed class space size: 1073741824 Address: 0x0000000100000000

Heap:
 PSYoungGen      total 228352K, used 157632K [0x00000000e0000000, 0x00000000f1d00000, 0x0000000100000000)
  eden space 210432K, 66% used [0x00000000e0000000,0x00000000e8877d50,0x00000000ecd80000)
  from space 17920K, 99% used [0x00000000ecd80000,0x00000000edef8360,0x00000000edf00000)
  to   space 21504K, 0% used [0x00000000f0800000,0x00000000f0800000,0x00000000f1d00000)
 ParOldGen       total 91648K, used 37047K [0x00000000a0000000, 0x00000000a5980000, 0x00000000e0000000)
  object space 91648K, 40% used [0x00000000a0000000,0x00000000a242de80,0x00000000a5980000)
 Metaspace       used 66155K, capacity 68454K, committed 68568K, reserved 1107968K
  class space    used 8900K, capacity 9412K, committed 9472K, reserved 1048576K

Card table byte_map: [0x00000000119e0000,0x0000000011cf0000] byte_map_base: 0x00000000114e0000

Marking Bits: (ParMarkBitMap*) 0x0000000051669f30
 Begin Bits: [0x00000000122f0000, 0x0000000013af0000)
 End Bits:   [0x0000000013af0000, 0x00000000152f0000)

Polling page: 0x0000000000ad0000

CodeCache: size=245760Kb used=27129Kb max_used=27129Kb free=218630Kb
 bounds [0x0000000002620000, 0x00000000040c0000, 0x0000000011620000]
 total_blobs=9104 nmethods=8197 adapters=820
 compilation: enabled

Compilation events (10 events):
Event: 59.464 Thread 0x0000000015f9b000 nmethod 9322 0x00000000040b5150 code [0x00000000040b52c0, 0x00000000040b5750]
Event: 59.464 Thread 0x0000000015f9b000 9324       3       sun.java2d.loops.GraphicsPrimitiveMgr::locate (104 bytes)
Event: 59.465 Thread 0x0000000015f9b000 nmethod 9324 0x00000000040b6010 code [0x00000000040b6200, 0x00000000040b6c18]
Event: 59.465 Thread 0x0000000015f9b000 9323       1       sun.java2d.loops.CompositeType::getSuperType (5 bytes)
Event: 59.465 Thread 0x0000000015f9b000 nmethod 9323 0x00000000040b3210 code [0x00000000040b3360, 0x00000000040b3470]
Event: 59.465 Thread 0x0000000015f9b000 9325       1       sun.java2d.loops.SurfaceType::getSuperType (5 bytes)
Event: 59.465 Thread 0x0000000015f9b000 nmethod 9325 0x00000000040b2f50 code [0x00000000040b30a0, 0x00000000040b31b0]
Event: 59.467 Thread 0x0000000015f9b000 9326       3       java.util.ComparableTimSort::mergeLo (656 bytes)
Event: 59.468 Thread 0x0000000015f90000 9329       4       java.io.OutputStream::<init> (5 bytes)
Event: 59.468 Thread 0x0000000015f90000 nmethod 9329 0x00000000040b4ed0 code [0x00000000040b5000, 0x00000000040b5098]

GC Heap History (10 events):
Event: 22.573 GC heap before
{Heap before GC invocations=12 (full 2):
 PSYoungGen      total 175616K, used 11414K [0x00000000e0000000, 0x00000000eba80000, 0x0000000100000000)
  eden space 163840K, 0% used [0x00000000e0000000,0x00000000e0000000,0x00000000ea000000)
  from space 11776K, 96% used [0x00000000eaf00000,0x00000000eba259e8,0x00000000eba80000)
  to   space 13312K, 0% used [0x00000000ea080000,0x00000000ea080000,0x00000000ead80000)
 ParOldGen       total 34304K, used 10782K [0x00000000a0000000, 0x00000000a2180000, 0x00000000e0000000)
  object space 34304K, 31% used [0x00000000a0000000,0x00000000a0a87a30,0x00000000a2180000)
 Metaspace       used 34592K, capacity 35376K, committed 35456K, reserved 1079296K
  class space    used 4740K, capacity 4963K, committed 4992K, reserved 1048576K
Event: 22.647 GC heap after
Heap after GC invocations=12 (full 2):
 PSYoungGen      total 175616K, used 0K [0x00000000e0000000, 0x00000000eba80000, 0x0000000100000000)
  eden space 163840K, 0% used [0x00000000e0000000,0x00000000e0000000,0x00000000ea000000)
  from space 11776K, 0% used [0x00000000eaf00000,0x00000000eaf00000,0x00000000eba80000)
  to   space 13312K, 0% used [0x00000000ea080000,0x00000000ea080000,0x00000000ead80000)
 ParOldGen       total 56320K, used 18281K [0x00000000a0000000, 0x00000000a3700000, 0x00000000e0000000)
  object space 56320K, 32% used [0x00000000a0000000,0x00000000a11da418,0x00000000a3700000)
 Metaspace       used 34581K, capacity 35340K, committed 35456K, reserved 1079296K
  class space    used 4737K, capacity 4957K, committed 4992K, reserved 1048576K
}
Event: 30.548 GC heap before
{Heap before GC invocations=13 (full 2):
 PSYoungGen      total 175616K, used 163840K [0x00000000e0000000, 0x00000000eba80000, 0x0000000100000000)
  eden space 163840K, 100% used [0x00000000e0000000,0x00000000ea000000,0x00000000ea000000)
  from space 11776K, 0% used [0x00000000eaf00000,0x00000000eaf00000,0x00000000eba80000)
  to   space 13312K, 0% used [0x00000000ea080000,0x00000000ea080000,0x00000000ead80000)
 ParOldGen       total 56320K, used 18281K [0x00000000a0000000, 0x00000000a3700000, 0x00000000e0000000)
  object space 56320K, 32% used [0x00000000a0000000,0x00000000a11da418,0x00000000a3700000)
 Metaspace       used 51029K, capacity 52534K, committed 52736K, reserved 1095680K
  class space    used 6947K, capacity 7334K, committed 7424K, reserved 1048576K
Event: 30.575 GC heap after
Heap after GC invocations=13 (full 2):
 PSYoungGen      total 177664K, used 13280K [0x00000000e0000000, 0x00000000ef200000, 0x0000000100000000)
  eden space 164352K, 0% used [0x00000000e0000000,0x00000000e0000000,0x00000000ea080000)
  from space 13312K, 99% used [0x00000000ea080000,0x00000000ead78328,0x00000000ead80000)
  to   space 18432K, 0% used [0x00000000ee000000,0x00000000ee000000,0x00000000ef200000)
 ParOldGen       total 56320K, used 26216K [0x00000000a0000000, 0x00000000a3700000, 0x00000000e0000000)
  object space 56320K, 46% used [0x00000000a0000000,0x00000000a199a198,0x00000000a3700000)
 Metaspace       used 51029K, capacity 52534K, committed 52736K, reserved 1095680K
  class space    used 6947K, capacity 7334K, committed 7424K, reserved 1048576K
}
Event: 35.108 GC heap before
{Heap before GC invocations=14 (full 2):
 PSYoungGen      total 177664K, used 106572K [0x00000000e0000000, 0x00000000ef200000, 0x0000000100000000)
  eden space 164352K, 56% used [0x00000000e0000000,0x00000000e5b1af80,0x00000000ea080000)
  from space 13312K, 99% used [0x00000000ea080000,0x00000000ead78328,0x00000000ead80000)
  to   space 18432K, 0% used [0x00000000ee000000,0x00000000ee000000,0x00000000ef200000)
 ParOldGen       total 56320K, used 26216K [0x00000000a0000000, 0x00000000a3700000, 0x00000000e0000000)
  object space 56320K, 46% used [0x00000000a0000000,0x00000000a199a198,0x00000000a3700000)
 Metaspace       used 57161K, capacity 58968K, committed 59096K, reserved 1099776K
  class space    used 7880K, capacity 8353K, committed 8448K, reserved 1048576K
Event: 35.133 GC heap after
Heap after GC invocations=14 (full 2):
 PSYoungGen      total 227328K, used 9846K [0x00000000e0000000, 0x00000000ef080000, 0x0000000100000000)
  eden space 210432K, 0% used [0x00000000e0000000,0x00000000e0000000,0x00000000ecd80000)
  from space 16896K, 58% used [0x00000000ee000000,0x00000000ee99d9d8,0x00000000ef080000)
  to   space 17920K, 0% used [0x00000000ecd80000,0x00000000ecd80000,0x00000000edf00000)
 ParOldGen       total 56320K, used 36401K [0x00000000a0000000, 0x00000000a3700000, 0x00000000e0000000)
  object space 56320K, 64% used [0x00000000a0000000,0x00000000a238c570,0x00000000a3700000)
 Metaspace       used 57161K, capacity 58968K, committed 59096K, reserved 1099776K
  class space    used 7880K, capacity 8353K, committed 8448K, reserved 1048576K
}
Event: 35.133 GC heap before
{Heap before GC invocations=15 (full 3):
 PSYoungGen      total 227328K, used 9846K [0x00000000e0000000, 0x00000000ef080000, 0x0000000100000000)
  eden space 210432K, 0% used [0x00000000e0000000,0x00000000e0000000,0x00000000ecd80000)
  from space 16896K, 58% used [0x00000000ee000000,0x00000000ee99d9d8,0x00000000ef080000)
  to   space 17920K, 0% used [0x00000000ecd80000,0x00000000ecd80000,0x00000000edf00000)
 ParOldGen       total 56320K, used 36401K [0x00000000a0000000, 0x00000000a3700000, 0x00000000e0000000)
  object space 56320K, 64% used [0x00000000a0000000,0x00000000a238c570,0x00000000a3700000)
 Metaspace       used 57161K, capacity 58968K, committed 59096K, reserved 1099776K
  class space    used 7880K, capacity 8353K, committed 8448K, reserved 1048576K
Event: 35.402 GC heap after
Heap after GC invocations=15 (full 3):
 PSYoungGen      total 227328K, used 0K [0x00000000e0000000, 0x00000000ef080000, 0x0000000100000000)
  eden space 210432K, 0% used [0x00000000e0000000,0x00000000e0000000,0x00000000ecd80000)
  from space 16896K, 0% used [0x00000000ee000000,0x00000000ee000000,0x00000000ef080000)
  to   space 17920K, 0% used [0x00000000ecd80000,0x00000000ecd80000,0x00000000edf00000)
 ParOldGen       total 91648K, used 34988K [0x00000000a0000000, 0x00000000a5980000, 0x00000000e0000000)
  object space 91648K, 38% used [0x00000000a0000000,0x00000000a222b358,0x00000000a5980000)
 Metaspace       used 57161K, capacity 58968K, committed 59096K, reserved 1099776K
  class space    used 7880K, capacity 8353K, committed 8448K, reserved 1048576K
}
Event: 52.398 GC heap before
{Heap before GC invocations=16 (full 3):
 PSYoungGen      total 227328K, used 210432K [0x00000000e0000000, 0x00000000ef080000, 0x0000000100000000)
  eden space 210432K, 100% used [0x00000000e0000000,0x00000000ecd80000,0x00000000ecd80000)
  from space 16896K, 0% used [0x00000000ee000000,0x00000000ee000000,0x00000000ef080000)
  to   space 17920K, 0% used [0x00000000ecd80000,0x00000000ecd80000,0x00000000edf00000)
 ParOldGen       total 91648K, used 34988K [0x00000000a0000000, 0x00000000a5980000, 0x00000000e0000000)
  object space 91648K, 38% used [0x00000000a0000000,0x00000000a222b358,0x00000000a5980000)
 Metaspace       used 63782K, capacity 66046K, committed 66392K, reserved 1105920K
  class space    used 8698K, capacity 9218K, committed 9344K, reserved 1048576K
Event: 52.428 GC heap after
Heap after GC invocations=16 (full 3):
 PSYoungGen      total 228352K, used 17888K [0x00000000e0000000, 0x00000000f1d00000, 0x0000000100000000)
  eden space 210432K, 0% used [0x00000000e0000000,0x00000000e0000000,0x00000000ecd80000)
  from space 17920K, 99% used [0x00000000ecd80000,0x00000000edef8360,0x00000000edf00000)
  to   space 21504K, 0% used [0x00000000f0800000,0x00000000f0800000,0x00000000f1d00000)
 ParOldGen       total 91648K, used 37047K [0x00000000a0000000, 0x00000000a5980000, 0x00000000e0000000)
  object space 91648K, 40% used [0x00000000a0000000,0x00000000a242de80,0x00000000a5980000)
 Metaspace       used 63782K, capacity 66046K, committed 66392K, reserved 1105920K
  class space    used 8698K, capacity 9218K, committed 9344K, reserved 1048576K
}

Deoptimization events (10 events):
Event: 58.712 Thread 0x0000000018727800 Uncommon trap: reason=class_check action=maybe_recompile pc=0x0000000003e0e6e0 method=com.sun.org.apache.xerces.internal.dom.NodeImpl.ownerDocument()Lcom/sun/org/apache/xerces/internal/dom/CoreDocumentImpl; @ 11
Event: 58.712 Thread 0x0000000018727800 Uncommon trap: reason=class_check action=maybe_recompile pc=0x0000000003e0e6e0 method=com.sun.org.apache.xerces.internal.dom.NodeImpl.ownerDocument()Lcom/sun/org/apache/xerces/internal/dom/CoreDocumentImpl; @ 11
Event: 58.712 Thread 0x0000000018727800 Uncommon trap: reason=class_check action=maybe_recompile pc=0x0000000003e0e6e0 method=com.sun.org.apache.xerces.internal.dom.NodeImpl.ownerDocument()Lcom/sun/org/apache/xerces/internal/dom/CoreDocumentImpl; @ 11
Event: 58.712 Thread 0x0000000018727800 Uncommon trap: reason=class_check action=maybe_recompile pc=0x0000000003e0e6e0 method=com.sun.org.apache.xerces.internal.dom.NodeImpl.ownerDocument()Lcom/sun/org/apache/xerces/internal/dom/CoreDocumentImpl; @ 11
Event: 58.721 Thread 0x0000000018727800 Uncommon trap: reason=unstable_if action=reinterpret pc=0x0000000003e11124 method=com.sun.org.apache.xerces.internal.dom.ParentNode.nodeListItem(I)Lorg/w3c/dom/Node; @ 76
Event: 58.721 Thread 0x0000000018727800 Uncommon trap: reason=unstable_if action=reinterpret pc=0x0000000003e11914 method=com.sun.org.apache.xerces.internal.dom.ParentNode.nodeListItem(I)Lorg/w3c/dom/Node; @ 139
Event: 58.893 Thread 0x0000000018727800 Uncommon trap: reason=bimorphic action=maybe_recompile pc=0x0000000003dca950 method=com.sun.org.apache.xerces.internal.dom.AttributeMap.setNamedItem(Lorg/w3c/dom/Node;)Lorg/w3c/dom/Node; @ 4
Event: 58.896 Thread 0x0000000018727800 Uncommon trap: reason=bimorphic action=maybe_recompile pc=0x0000000003dca950 method=com.sun.org.apache.xerces.internal.dom.AttributeMap.setNamedItem(Lorg/w3c/dom/Node;)Lorg/w3c/dom/Node; @ 4
Event: 59.063 Thread 0x0000000018727800 Uncommon trap: reason=null_check action=make_not_entrant pc=0x0000000004037f20 method=com.android.ide.common.resources.NodeUtils.processSingleNodeNamespace(Lorg/w3c/dom/Node;Lorg/w3c/dom/Document;)Z @ 8
Event: 59.307 Thread 0x000000001fc89000 Uncommon trap: reason=unstable_if action=reinterpret pc=0x0000000003b106d8 method=java.io.WinNTFileSystem.prefixLength(Ljava/lang/String;)I @ 42

Classes redefined (0 events):
No events

Internal exceptions (10 events):
Event: 58.245 Thread 0x0000000018727800 Exception <a 'java/lang/NoSuchMethodError': <clinit>> (0x00000000e6773030) thrown at [D:\src\AOSP-openjdk-cygwin\jdk8u\hotspot\src\share\vm\prims\jni.cpp, line 1614]
Event: 58.245 Thread 0x0000000018727800 Exception <a 'java/lang/NoSuchMethodError': <clinit>> (0x00000000e6778200) thrown at [D:\src\AOSP-openjdk-cygwin\jdk8u\hotspot\src\share\vm\prims\jni.cpp, line 1614]
Event: 58.245 Thread 0x0000000018727800 Exception <a 'java/lang/NoSuchMethodError': <clinit>> (0x00000000e677bc50) thrown at [D:\src\AOSP-openjdk-cygwin\jdk8u\hotspot\src\share\vm\prims\jni.cpp, line 1614]
Event: 58.246 Thread 0x0000000018727800 Exception <a 'java/lang/NoSuchMethodError': <clinit>> (0x00000000e6798290) thrown at [D:\src\AOSP-openjdk-cygwin\jdk8u\hotspot\src\share\vm\prims\jni.cpp, line 1614]
Event: 58.247 Thread 0x0000000018727800 Exception <a 'java/lang/NoSuchMethodError': <clinit>> (0x00000000e67b2c10) thrown at [D:\src\AOSP-openjdk-cygwin\jdk8u\hotspot\src\share\vm\prims\jni.cpp, line 1614]
Event: 58.248 Thread 0x0000000018727800 Exception <a 'java/lang/NoSuchMethodError': <clinit>> (0x00000000e67d7af8) thrown at [D:\src\AOSP-openjdk-cygwin\jdk8u\hotspot\src\share\vm\prims\jni.cpp, line 1614]
Event: 58.249 Thread 0x0000000018727800 Exception <a 'java/lang/NoSuchMethodError': <clinit>> (0x00000000e67ee8e8) thrown at [D:\src\AOSP-openjdk-cygwin\jdk8u\hotspot\src\share\vm\prims\jni.cpp, line 1614]
Event: 58.875 Thread 0x000000001fc89000 Exception <a 'java/io/FileNotFoundException'> (0x00000000e755cfb8) thrown at [D:\src\AOSP-openjdk-cygwin\jdk8u\hotspot\src\share\vm\prims\jni.cpp, line 710]
Event: 59.062 Thread 0x0000000018727800 Implicit null exception at 0x00000000040378bb to 0x0000000004037f11
Event: 59.308 Thread 0x000000001fc89000 Exception <a 'java/io/FileNotFoundException'> (0x00000000e7f48888) thrown at [D:\src\AOSP-openjdk-cygwin\jdk8u\hotspot\src\share\vm\prims\jni.cpp, line 710]

Events (10 events):
Event: 59.461 loading class sun/java2d/loops/GraphicsPrimitiveMgr$2 done
Event: 59.461 loading class sun/java2d/loops/GraphicsPrimitiveMgr$PrimitiveSpec
Event: 59.462 loading class sun/java2d/loops/GraphicsPrimitiveMgr$PrimitiveSpec done
Event: 59.464 loading class sun/java2d/loops/DrawGlyphListColor
Event: 59.465 loading class sun/java2d/loops/DrawGlyphListColor done
Event: 59.465 loading class sun/java2d/loops/DrawGlyphListColor$General
Event: 59.466 loading class sun/java2d/loops/DrawGlyphListColor$General done
Event: 59.466 loading class sun/java2d/loops/Blit$GeneralMaskBlit
Event: 59.466 loading class sun/java2d/loops/Blit$GeneralMaskBlit done
Event: 59.467 loading class sun/awt/image/BufferedImageGraphicsConfig


Dynamic libraries:
0x00007ff68d790000 - 0x00007ff68d7c1000 	C:\Program Files\Android\Android Studio\jre\bin\java.exe
0x00007ffca61a0000 - 0x00007ffca6390000 	C:\WINDOWS\SYSTEM32\ntdll.dll
0x00007ffc79020000 - 0x00007ffc79032000 	C:\Program Files\AVG\Antivirus\aswhook.dll
0x00007ffca4300000 - 0x00007ffca43b2000 	C:\WINDOWS\System32\KERNEL32.DLL
0x00007ffca3db0000 - 0x00007ffca4055000 	C:\WINDOWS\System32\KERNELBASE.dll
0x00007ffca4d90000 - 0x00007ffca4e33000 	C:\WINDOWS\System32\ADVAPI32.dll
0x00007ffca5360000 - 0x00007ffca53fe000 	C:\WINDOWS\System32\msvcrt.dll
0x00007ffca5470000 - 0x00007ffca5507000 	C:\WINDOWS\System32\sechost.dll
0x00007ffca4b00000 - 0x00007ffca4c20000 	C:\WINDOWS\System32\RPCRT4.dll
0x00007ffca5540000 - 0x00007ffca56d4000 	C:\WINDOWS\System32\USER32.dll
0x00007ffca38b0000 - 0x00007ffca38d1000 	C:\WINDOWS\System32\win32u.dll
0x00007ffca5260000 - 0x00007ffca5286000 	C:\WINDOWS\System32\GDI32.dll
0x00007ffca3a10000 - 0x00007ffca3ba6000 	C:\WINDOWS\System32\gdi32full.dll
0x00007ffca41b0000 - 0x00007ffca424e000 	C:\WINDOWS\System32\msvcp_win.dll
0x00007ffca3cb0000 - 0x00007ffca3daa000 	C:\WINDOWS\System32\ucrtbase.dll
0x00007ffc8dea0000 - 0x00007ffc8e124000 	C:\WINDOWS\WinSxS\amd64_microsoft.windows.common-controls_6595b64144ccf1df_6.0.18362.1139_none_9e7bf2d3e4605ac6\COMCTL32.dll
0x00007ffca4e50000 - 0x00007ffca5185000 	C:\WINDOWS\System32\combase.dll
0x00007ffca38e0000 - 0x00007ffca3960000 	C:\WINDOWS\System32\bcryptPrimitives.dll
0x00007ffca5510000 - 0x00007ffca553e000 	C:\WINDOWS\System32\IMM32.DLL
0x0000000050ce0000 - 0x0000000050db2000 	C:\Program Files\Android\Android Studio\jre\jre\bin\msvcr100.dll
0x0000000050ea0000 - 0x00000000516e6000 	C:\Program Files\Android\Android Studio\jre\jre\bin\server\jvm.dll
0x00007ffca5900000 - 0x00007ffca5908000 	C:\WINDOWS\System32\PSAPI.DLL
0x00007ffc95b70000 - 0x00007ffc95b79000 	C:\WINDOWS\SYSTEM32\WSOCK32.dll
0x00007ffca5190000 - 0x00007ffca51ff000 	C:\WINDOWS\System32\WS2_32.dll
0x00007ffca1050000 - 0x00007ffca1074000 	C:\WINDOWS\SYSTEM32\WINMM.dll
0x00007ffc99ca0000 - 0x00007ffc99caa000 	C:\WINDOWS\SYSTEM32\VERSION.dll
0x00007ffca1020000 - 0x00007ffca104d000 	C:\WINDOWS\SYSTEM32\WINMMBASE.dll
0x00007ffca39c0000 - 0x00007ffca3a0a000 	C:\WINDOWS\System32\cfgmgr32.dll
0x00007ffc96280000 - 0x00007ffc9628f000 	C:\Program Files\Android\Android Studio\jre\jre\bin\verify.dll
0x00007ffc7b390000 - 0x00007ffc7b3b9000 	C:\Program Files\Android\Android Studio\jre\jre\bin\java.dll
0x00007ffc958c0000 - 0x00007ffc958d6000 	C:\Program Files\Android\Android Studio\jre\jre\bin\zip.dll
0x00007ffca5910000 - 0x00007ffca5ff7000 	C:\WINDOWS\System32\SHELL32.dll
0x00007ffca4250000 - 0x00007ffca42f9000 	C:\WINDOWS\System32\shcore.dll
0x00007ffca3130000 - 0x00007ffca38b0000 	C:\WINDOWS\System32\windows.storage.dll
0x00007ffca30e0000 - 0x00007ffca3103000 	C:\WINDOWS\System32\profapi.dll
0x00007ffca3070000 - 0x00007ffca30ba000 	C:\WINDOWS\System32\powrprof.dll
0x00007ffca3060000 - 0x00007ffca3070000 	C:\WINDOWS\System32\UMPDC.dll
0x00007ffca4d30000 - 0x00007ffca4d82000 	C:\WINDOWS\System32\shlwapi.dll
0x00007ffca30c0000 - 0x00007ffca30d1000 	C:\WINDOWS\System32\kernel.appcore.dll
0x00007ffca3c60000 - 0x00007ffca3c77000 	C:\WINDOWS\System32\cryptsp.dll
0x00007ffc817d0000 - 0x00007ffc817ea000 	C:\Program Files\Android\Android Studio\jre\jre\bin\net.dll
0x00007ffc95f90000 - 0x00007ffc96166000 	C:\WINDOWS\SYSTEM32\urlmon.dll
0x00007ffc96290000 - 0x00007ffc96537000 	C:\WINDOWS\SYSTEM32\iertutil.dll
0x00007ffca2a80000 - 0x00007ffca2a8c000 	C:\WINDOWS\SYSTEM32\CRYPTBASE.DLL
0x00007ffca28b0000 - 0x00007ffca2917000 	C:\WINDOWS\system32\mswsock.dll
0x00007ffc7b370000 - 0x00007ffc7b383000 	C:\Program Files\Android\Android Studio\jre\jre\bin\nio.dll
0x00007ffc73a80000 - 0x00007ffc73aa6000 	C:\Users\basker\.gradle\native\30\windows-amd64\native-platform.dll
0x00007ffc96270000 - 0x00007ffc9627d000 	C:\Program Files\Android\Android Studio\jre\jre\bin\management.dll
0x00007ffca23c0000 - 0x00007ffca23f3000 	C:\WINDOWS\system32\rsaenh.dll
0x00007ffca3c80000 - 0x00007ffca3ca6000 	C:\WINDOWS\System32\bcrypt.dll
0x00007ffca2f80000 - 0x00007ffca2fa5000 	C:\WINDOWS\SYSTEM32\USERENV.dll
0x00007ffca25c0000 - 0x00007ffca25fa000 	C:\WINDOWS\SYSTEM32\IPHLPAPI.DLL
0x00007ffca5820000 - 0x00007ffca5828000 	C:\WINDOWS\System32\NSI.dll
0x00007ffc99c10000 - 0x00007ffc99c26000 	C:\WINDOWS\SYSTEM32\dhcpcsvc6.DLL
0x00007ffc9a2d0000 - 0x00007ffc9a2ec000 	C:\WINDOWS\SYSTEM32\dhcpcsvc.DLL
0x00007ffca2610000 - 0x00007ffca26db000 	C:\WINDOWS\SYSTEM32\DNSAPI.dll
0x00007ffc78d20000 - 0x00007ffc78d44000 	C:\Program Files\Android\Android Studio\jre\jre\bin\sunec.dll
0x00007ffc98300000 - 0x00007ffc9830a000 	C:\Windows\System32\rasadhlp.dll
0x00007ffc998e0000 - 0x00007ffc99957000 	C:\WINDOWS\System32\fwpuclnt.dll
0x00007ffc9c680000 - 0x00007ffc9c68b000 	C:\Program Files\Android\Android Studio\jre\jre\bin\sunmscapi.dll
0x00007ffca4060000 - 0x00007ffca41a9000 	C:\WINDOWS\System32\CRYPT32.dll
0x00007ffca3110000 - 0x00007ffca3122000 	C:\WINDOWS\System32\MSASN1.dll
0x00007ffc712c0000 - 0x00007ffc7145c000 	C:\Program Files\Android\Android Studio\jre\jre\bin\awt.dll
0x00007ffca5290000 - 0x00007ffca5355000 	C:\WINDOWS\System32\OLEAUT32.dll
0x00007ffca18f0000 - 0x00007ffca191d000 	C:\WINDOWS\SYSTEM32\dwmapi.dll
0x00007ffc9fa30000 - 0x00007ffc9fff0000 	C:\WINDOWS\SYSTEM32\d2d1.dll
0x00007ffca1080000 - 0x00007ffca110f000 	C:\WINDOWS\SYSTEM32\apphelp.dll
0x00007ffca12f0000 - 0x00007ffca1389000 	C:\WINDOWS\system32\uxtheme.dll

VM Arguments:
jvm_args: -Xmx1536m -Dfile.encoding=windows-1252 -Duser.country=US -Duser.language=en -Duser.variant 
java_command: org.gradle.launcher.daemon.bootstrap.GradleDaemon 5.6.4
java_class_path (initial): C:\Users\basker\.gradle\wrapper\dists\gradle-5.6.4-all\ankdp27end7byghfw1q2sw75f\gradle-5.6.4\lib\gradle-launcher-5.6.4.jar
Launcher Type: SUN_STANDARD

Environment Variables:
PATH=C:\Program Files (x86)\Common Files\Oracle\Java\javapath;C:\Program Files (x86)\NVIDIA Corporation\PhysX\Common;C:\Program Files (x86)\Intel\iCLS Client\;C:\Program Files\Intel\iCLS Client\;C:\WINDOWS\system32;C:\WINDOWS;C:\WINDOWS\System32\Wbem;C:\WINDOWS\System32\WindowsPowerShell\v1.0\;C:\Program Files\Intel\Intel(R) Management Engine Components\DAL;C:\Program Files\Intel\Intel(R) Management Engine Components\IPT;C:\Program Files (x86)\Intel\Intel(R) Management Engine Components\DAL;C:\Program Files (x86)\Intel\Intel(R) Management Engine Components\IPT;C:\Program Files (x86)\Intel\OpenCL SDK\2.0\bin\x86;C:\Program Files (x86)\Intel\OpenCL SDK\2.0\bin\x64;C:\Program Files\Lenovo\Bluetooth Software\;C:\Program Files\Lenovo\Bluetooth Software\syswow64;C:\WINDOWS\System32\OpenSSH\;C:\Program Files\nodejs\;C:\Users\basker\AppData\Local\Android\Sdk\platforms;C:\Users\basker\AppData\Local\Android\Sdk\platform-tools;C:\Users\basker\.gradle\wrapper\dists\gradle-5.6.4-all\ankdp27end7byghfw1q2sw75f\gradle-5.6.4\bin;C:\Program Files\Git\cmd;C:\Program Files\MySQL\MySQL Shell 8.0\bin\;C:\Users\basker\AppData\Local\Microsoft\WindowsApps;C:\Users\basker\AppData\Roaming\npm;C:\Users\basker\AppData\Local\Programs\Microsoft VS Code\bin;C:\Users\basker\.gradle\wrapper\dists\gradle-5.6.4-all\ankdp27end7byghfw1q2sw75f\gradle-5.6.4\bin;
USERNAME=basker
OS=Windows_NT
PROCESSOR_IDENTIFIER=Intel64 Family 6 Model 58 Stepping 9, GenuineIntel



---------------  S Y S T E M  ---------------

OS: Windows 10.0 , 64 bit Build 18362 (10.0.18362.1110)

CPU:total 4 (initial active 4) (2 cores per cpu, 2 threads per core) family 6 model 58 stepping 9, cmov, cx8, fxsr, mmx, sse, sse2, sse3, ssse3, sse4.1, sse4.2, popcnt, avx, aes, clmul, erms, ht, tsc, tscinvbit, tscinv

Memory: 4k page, physical 4056852k(242080k free), swap 5481236k(5664k free)

vm_info: OpenJDK 64-Bit Server VM (25.212-b04) for windows-amd64 JRE (1.8.0_212-release-1586-b04), built by "builder" with MS VC++ 10.0 (VS2010)

time: Mon Oct 19 15:53:59 2020
timezone: India Standard Time
elapsed time: 59 seconds (0d 0h 0m 59s)

